#
# A fatal error has been detected by the Java Runtime Environment:
#
#  SIGSEGV (0xb) at pc=0x00000001101bff07, pid=21173, tid=0x0000000000004803
#
# JRE version: OpenJDK Runtime Environment (8.0_242) (build 1.8.0_242-release-1644-b3-6222593)
# Java VM: OpenJDK 64-Bit Server VM (25.242-b3-6222593 mixed mode bsd-amd64 compressed oops)
# Problematic frame:
# V  [libjvm.dylib+0x3bff07]  PhaseIdealLoop::recompute_dom_depth()+0x117
#
# Failed to write core dump. Core dumps have been disabled. To enable core dumping, try "ulimit -c unlimited" before starting Java again
#
# If you would like to submit a bug report, please visit:
#   http://bugreport.java.com/bugreport/crash.jsp
#

---------------  T H R E A D  ---------------

Current thread (0x00007fd725813800):  JavaThread "C2 CompilerThread1" daemon [_thread_in_native, id=18435, stack(0x000070000a54c000,0x000070000a64c000)]

siginfo: si_signo: 11 (SIGSEGV), si_code: 1 (SEGV_MAPERR), si_addr: 0x00007fd7d487df10

Registers:
RAX=0x000000002b477bc0, RBX=0x00007fd729849e70, RCX=0x00007fd72769f010, RDX=0x00007fd729849e90
RSP=0x000070000a647f70, RBP=0x000070000a647fa0, RSI=0x0000000000000000, RDI=0x00007fd729849e70
R8 =0x00007fd7247f6f30, R9 =0x00007fd7247f6228, R10=0x0000000000000006, R11=0x00000000000001c0
R12=0x00000000000024c9, R13=0x00000000000002ba, R14=0x000070000a647f74, R15=0x000070000a649000
RIP=0x00000001101bff07, EFLAGS=0x0000000000010293, ERR=0x0000000000000004
  TRAPNO=0x000000000000000e

Top of Stack: (sp=0x000070000a647f70)
0x000070000a647f70:   2b477bc02769f010 00007fd724a8f3d8
0x000070000a647f80:   000070000a64a418 00007fd725d45148
0x000070000a647f90:   000070000a649000 00007fd724a8f318
0x000070000a647fa0:   000070000a6480e0 00000001101c7ce3
0x000070000a647fb0:   00007fd729848500 00007fd7247f6198
0x000070000a647fc0:   00007fd7247f5dd8 00007fd723f07c30
0x000070000a647fd0:   0000700000000010 00007fd729849530
0x000070000a647fe0:   0000000000000008 00007fd723f07c30
0x000070000a647ff0:   00007fd700000004 00007fd729848760
0x000070000a648000:   00007fd700000000 00000001105fc108
0x000070000a648010:   00007fd723f07c30 0000000100000200
0x000070000a648020:   00007fd7298495b0 00000001105fc108
0x000070000a648030:   00007fd723f07c30 00007fd700000100
0x000070000a648040:   00007fd729848780 0000000000000007
0x000070000a648050:   00007fd725d45f78 0000002f25177b30
0x000070000a648060:   00007fd725d44f28 00007fd723f07c30
0x000070000a648070:   0000700000000008 00007fd729849e30
0x000070000a648080:   0000700000000000 00007fd725178a98
0x000070000a648090:   00007fd7247f6240 000070000a648548
0x000070000a6480a0:   00007fd724a8f318 00007fd724a8f3d8
0x000070000a6480b0:   00007fd7242ef050 00007fd7242ef050
0x000070000a6480c0:   000070000a649000 0000000000000000
0x000070000a6480d0:   000070000a648548 000070000a649001
0x000070000a6480e0:   000070000a648120 00000001101b6d42
0x000070000a6480f0:   00007fd725d38e28 00007fd7242ef050
0x000070000a648100:   0000000110600778 000070000a649010
0x000070000a648110:   000070000a648548 000070000a649000
0x000070000a648120:   000070000a648150 00000001101b6edb
0x000070000a648130:   0000000000000060 00007fd7242eeef0
0x000070000a648140:   000070000a648548 000070000a649000
0x000070000a648150:   000070000a648180 00000001101b6e43
0x000070000a648160:   0000000000000060 00007fd7242ef240 

Instructions: (pc=0x00000001101bff07)
0x00000001101bfee7:   e8 58 ba 19 00 49 8b 87 f8 09 00 00 8b 4d d4 48
0x00000001101bfef7:   8b 04 c8 8b 40 28 89 45 d4 49 8b 8f 00 0a 00 00
0x00000001101bff07:   8b 04 81 44 39 e0 74 ce 49 8b 9f 08 0a 00 00 8b
0x00000001101bff17:   0b 85 c9 7e 2b ff c0 48 8b 53 18 8d 71 ff 89 33 

Register to memory mapping:

RAX=0x000000002b477bc0 is an unknown value
RBX=0x00007fd729849e70 is an unknown value
RCX=0x00007fd72769f010 is an unknown value
RDX=0x00007fd729849e90 is an unknown value
RSP=0x000070000a647f70 is pointing into the stack for thread: 0x00007fd725813800
RBP=0x000070000a647fa0 is pointing into the stack for thread: 0x00007fd725813800
RSI=0x0000000000000000 is an unknown value
RDI=0x00007fd729849e70 is an unknown value
R8 =0x00007fd7247f6f30 is an unknown value
R9 =0x00007fd7247f6228 is an unknown value
R10=0x0000000000000006 is an unknown value
R11=0x00000000000001c0 is an unknown value
R12=0x00000000000024c9 is an unknown value
R13=0x00000000000002ba is an unknown value
R14=0x000070000a647f74 is pointing into the stack for thread: 0x00007fd725813800
R15=0x000070000a649000 is pointing into the stack for thread: 0x00007fd725813800


Stack: [0x000070000a54c000,0x000070000a64c000],  sp=0x000070000a647f70,  free space=1007k
Native frames: (J=compiled Java code, j=interpreted, Vv=VM code, C=native code)
V  [libjvm.dylib+0x3bff07]  PhaseIdealLoop::recompute_dom_depth()+0x117
V  [libjvm.dylib+0x3c7ce3]  PhaseIdealLoop::partial_peel(IdealLoopTree*, Node_List&)+0xf1d
V  [libjvm.dylib+0x3b6d42]  IdealLoopTree::iteration_split_impl(PhaseIdealLoop*, Node_List&)+0x14e
V  [libjvm.dylib+0x3b6edb]  IdealLoopTree::iteration_split(PhaseIdealLoop*, Node_List&)+0xbf
V  [libjvm.dylib+0x3b6e43]  IdealLoopTree::iteration_split(PhaseIdealLoop*, Node_List&)+0x27
V  [libjvm.dylib+0x3b6f1d]  IdealLoopTree::iteration_split(PhaseIdealLoop*, Node_List&)+0x101
V  [libjvm.dylib+0x3b6f1d]  IdealLoopTree::iteration_split(PhaseIdealLoop*, Node_List&)+0x101
V  [libjvm.dylib+0x3b6f1d]  IdealLoopTree::iteration_split(PhaseIdealLoop*, Node_List&)+0x101
V  [libjvm.dylib+0x3b6f1d]  IdealLoopTree::iteration_split(PhaseIdealLoop*, Node_List&)+0x101
V  [libjvm.dylib+0x3b6f1d]  IdealLoopTree::iteration_split(PhaseIdealLoop*, Node_List&)+0x101
V  [libjvm.dylib+0x3b6f1d]  IdealLoopTree::iteration_split(PhaseIdealLoop*, Node_List&)+0x101
V  [libjvm.dylib+0x3bf225]  PhaseIdealLoop::build_and_optimize(bool, bool)+0x927
V  [libjvm.dylib+0x198f9a]  Compile::Optimize()+0x932
V  [libjvm.dylib+0x197c1b]  Compile::Compile(ciEnv*, C2Compiler*, ciMethod*, int, bool, bool, bool)+0x85b
V  [libjvm.dylib+0x136b98]  C2Compiler::compile_method(ciEnv*, ciMethod*, int)+0x9e
V  [libjvm.dylib+0x1a3372]  CompileBroker::invoke_compiler_on_method(CompileTask*)+0x634
V  [libjvm.dylib+0x1a2882]  CompileBroker::compiler_thread_loop()+0x268
V  [libjvm.dylib+0x527e84]  JavaThread::thread_main_inner()+0x82
V  [libjvm.dylib+0x527d49]  JavaThread::run()+0x199
V  [libjvm.dylib+0x45b9eb]  java_start(Thread*)+0xfa
C  [libsystem_pthread.dylib+0x6109]  _pthread_start+0x94
C  [libsystem_pthread.dylib+0x1b8b]  thread_start+0xf
C  0x0000000000000000


Current CompileTask:
C2:  18806 2620       4       org.objectweb.asm.Frame::execute (2318 bytes)


---------------  P R O C E S S  ---------------

Java Threads: ( => current thread )
  0x00007fd72b187800 JavaThread "Cache worker for file content cache (/Users/soso/.gradle/caches/6.6-rc-3/fileContent)" [_thread_blocked, id=39939, stack(0x000070000bc91000,0x000070000bd91000)]
  0x00007fd728ffc800 JavaThread "jar transforms" [_thread_blocked, id=40451, stack(0x000070000bb8e000,0x000070000bc8e000)]
  0x00007fd7243a8000 JavaThread "Cache worker for execution history cache (/Users/soso/.gradle/caches/6.6-rc-3/executionHistory)" [_thread_blocked, id=24835, stack(0x000070000ba8b000,0x000070000bb8b000)]
  0x00007fd725e3c800 JavaThread "Cache worker for cache directory md-rule (/Users/soso/.gradle/caches/6.6-rc-3/md-rule)" [_thread_blocked, id=24579, stack(0x000070000b988000,0x000070000ba88000)]
  0x00007fd72b82c800 JavaThread "Cache worker for cache directory md-supplier (/Users/soso/.gradle/caches/6.6-rc-3/md-supplier)" [_thread_blocked, id=40963, stack(0x000070000b885000,0x000070000b985000)]
  0x00007fd7250bf800 JavaThread "Cache worker for checksums cache (/Users/soso/AndroidStudioProjects/RealEstateManager/.gradle/checksums)" [_thread_blocked, id=41219, stack(0x000070000b782000,0x000070000b882000)]
  0x00007fd724754800 JavaThread "Cache worker for file hash cache (/Users/soso/AndroidStudioProjects/RealEstateManager/.gradle/6.6-rc-3/fileHashes)" [_thread_blocked, id=41475, stack(0x000070000b67f000,0x000070000b77f000)]
  0x00007fd725b12800 JavaThread "Cache worker for journal cache (/Users/soso/.gradle/caches/journal-1)" [_thread_blocked, id=23299, stack(0x000070000b57c000,0x000070000b67c000)]
  0x00007fd72590b000 JavaThread "File lock request listener" [_thread_in_native, id=23043, stack(0x000070000b479000,0x000070000b579000)]
  0x00007fd724ae4800 JavaThread "Cache worker for file hash cache (/Users/soso/.gradle/caches/6.6-rc-3/fileHashes)" [_thread_blocked, id=42243, stack(0x000070000b376000,0x000070000b476000)]
  0x00007fd7251ab000 JavaThread "Thread-9" [_thread_blocked, id=42755, stack(0x000070000b273000,0x000070000b373000)]
  0x00007fd7240f1000 JavaThread "Stdin handler" [_thread_blocked, id=22787, stack(0x000070000b170000,0x000070000b270000)]
  0x00007fd72521b800 JavaThread "Asynchronous log dispatcher for DefaultDaemonConnection: socket connection from /127.0.0.1:59231 to /127.0.0.1:59232" [_thread_blocked, id=43267, stack(0x000070000b06d000,0x000070000b16d000)]
  0x00007fd7240ef800 JavaThread "Daemon worker" [_thread_in_vm, id=22019, stack(0x000070000af6a000,0x000070000b06a000)]
  0x00007fd7240ee800 JavaThread "Cancel handler" [_thread_blocked, id=16131, stack(0x000070000ae67000,0x000070000af67000)]
  0x00007fd724096000 JavaThread "Handler for socket connection from /127.0.0.1:59231 to /127.0.0.1:59232" [_thread_in_native, id=15875, stack(0x000070000ad64000,0x000070000ae64000)]
  0x00007fd725149000 JavaThread "Daemon" [_thread_blocked, id=15363, stack(0x000070000ac61000,0x000070000ad61000)]
  0x00007fd72514a000 JavaThread "Daemon periodic checks" [_thread_blocked, id=15107, stack(0x000070000ab5e000,0x000070000ac5e000)]
  0x00007fd7251b9000 JavaThread "Incoming local TCP Connector on port 59231" [_thread_in_native, id=17155, stack(0x000070000aa5b000,0x000070000ab5b000)]
  0x00007fd725b45000 JavaThread "Daemon health stats" [_thread_blocked, id=20487, stack(0x000070000a958000,0x000070000aa58000)]
  0x00007fd725835000 JavaThread "Service Thread" daemon [_thread_blocked, id=17923, stack(0x000070000a752000,0x000070000a852000)]
  0x00007fd725814000 JavaThread "C1 CompilerThread2" daemon [_thread_blocked, id=14083, stack(0x000070000a64f000,0x000070000a74f000)]
=>0x00007fd725813800 JavaThread "C2 CompilerThread1" daemon [_thread_in_native, id=18435, stack(0x000070000a54c000,0x000070000a64c000)]
  0x00007fd72506c000 JavaThread "C2 CompilerThread0" daemon [_thread_in_native, id=13827, stack(0x000070000a449000,0x000070000a549000)]
  0x00007fd72400b800 JavaThread "Signal Dispatcher" daemon [_thread_blocked, id=19203, stack(0x000070000a346000,0x000070000a446000)]
  0x00007fd725048000 JavaThread "Finalizer" daemon [_thread_blocked, id=11523, stack(0x000070000a13d000,0x000070000a23d000)]
  0x00007fd72503f800 JavaThread "Reference Handler" daemon [_thread_blocked, id=21251, stack(0x000070000a03a000,0x000070000a13a000)]
  0x00007fd724008800 JavaThread "main" [_thread_blocked, id=3587, stack(0x0000700009a28000,0x0000700009b28000)]

Other Threads:
  0x00007fd72400a800 VMThread [stack: 0x0000700009f37000,0x000070000a037000] [id=11011]
  0x00007fd72505f000 WatcherThread [stack: 0x000070000a855000,0x000070000a955000] [id=17667]

VM state:not at safepoint (normal execution)

VM Mutex/Monitor currently owned by a thread: None

heap address: 0x0000000740000000, size: 2048 MB, Compressed Oops mode: Zero based, Oop shift amount: 3
Narrow klass base: 0x0000000000000000, Narrow klass shift: 3
Compressed class space size: 1073741824 Address: 0x00000007c0000000

Heap:
 PSYoungGen      total 62464K, used 18755K [0x0000000795580000, 0x000000079b180000, 0x00000007c0000000)
  eden space 51200K, 18% used [0x0000000795580000,0x0000000795efb520,0x0000000798780000)
  from space 11264K, 80% used [0x0000000798780000,0x00000007990558f8,0x0000000799280000)
  to   space 11776K, 0% used [0x000000079a600000,0x000000079a600000,0x000000079b180000)
 ParOldGen       total 59904K, used 8516K [0x0000000740000000, 0x0000000743a80000, 0x0000000795580000)
  object space 59904K, 14% used [0x0000000740000000,0x0000000740851398,0x0000000743a80000)
 Metaspace       used 33513K, capacity 34686K, committed 34944K, reserved 1079296K
  class space    used 4578K, capacity 4868K, committed 4992K, reserved 1048576K

Card table byte_map: [0x0000000111078000,0x0000000111479000] byte_map_base: 0x000000010d678000

Marking Bits: (ParMarkBitMap*) 0x00000001106273f8
 Begin Bits: [0x0000000111724000, 0x0000000113724000)
 End Bits:   [0x0000000113724000, 0x0000000115724000)

Polling page: 0x000000010f54c000

CodeCache: size=245760Kb used=9716Kb max_used=9716Kb free=236043Kb
 bounds [0x00000001198a4000, 0x000000011a234000, 0x00000001288a4000]
 total_blobs=3164 nmethods=2490 adapters=588
 compilation: enabled

Compilation events (10 events):
Event: 18.706 Thread 0x00007fd725814000 nmethod 2635 0x00000001199cd310 code [0x00000001199cd4a0, 0x00000001199cd808]
Event: 18.707 Thread 0x00007fd725814000 2636       3       groovy.lang.MetaClassImpl$1::compare (13 bytes)
Event: 18.708 Thread 0x00007fd725814000 nmethod 2636 0x0000000119c85ad0 code [0x0000000119c85ca0, 0x0000000119c86708]
Event: 18.708 Thread 0x00007fd725814000 2637       3       groovy.lang.MetaClassImpl$1::compare (12 bytes)
Event: 18.709 Thread 0x00007fd725814000 nmethod 2637 0x0000000119c84e50 code [0x0000000119c85000, 0x0000000119c85808]
Event: 18.709 Thread 0x00007fd725814000 2638       3       groovy.lang.MetaClassImpl::inheritedOrPublic (26 bytes)
Event: 18.710 Thread 0x00007fd725814000 nmethod 2638 0x000000011a20c5d0 code [0x000000011a20c760, 0x000000011a20ccb0]
Event: 18.749 Thread 0x00007fd725814000 2639       3       org.gradle.internal.reflect.MutableClassDetails::field (49 bytes)
Event: 18.750 Thread 0x00007fd725814000 nmethod 2639 0x0000000119c84150 code [0x0000000119c84320, 0x0000000119c84b88]
Event: 18.760 Thread 0x00007fd725814000 2641       3       java.util.HashMap::putMapEntries (154 bytes)

GC Heap History (10 events):
Event: 14.247 GC heap before
{Heap before GC invocations=6 (full 0):
 PSYoungGen      total 37888K, used 33593K [0x0000000795580000, 0x0000000799c00000, 0x00000007c0000000)
  eden space 32768K, 86% used [0x0000000795580000,0x00000007971524f8,0x0000000797580000)
  from space 5120K, 99% used [0x0000000797600000,0x0000000797afc030,0x0000000797b00000)
  to   space 10240K, 0% used [0x0000000799200000,0x0000000799200000,0x0000000799c00000)
 ParOldGen       total 87552K, used 8475K [0x0000000740000000, 0x0000000745580000, 0x0000000795580000)
  object space 87552K, 9% used [0x0000000740000000,0x0000000740846ef8,0x0000000745580000)
 Metaspace       used 20427K, capacity 21188K, committed 21296K, reserved 1067008K
  class space    used 2930K, capacity 3126K, committed 3200K, reserved 1048576K
Event: 14.259 GC heap after
Heap after GC invocations=6 (full 0):
 PSYoungGen      total 39936K, used 7509K [0x0000000795580000, 0x0000000799980000, 0x00000007c0000000)
  eden space 32256K, 0% used [0x0000000795580000,0x0000000795580000,0x0000000797500000)
  from space 7680K, 97% used [0x0000000799200000,0x00000007999557b0,0x0000000799980000)
  to   space 10240K, 0% used [0x0000000798580000,0x0000000798580000,0x0000000798f80000)
 ParOldGen       total 87552K, used 8483K [0x0000000740000000, 0x0000000745580000, 0x0000000795580000)
  object space 87552K, 9% used [0x0000000740000000,0x0000000740848ef8,0x0000000745580000)
 Metaspace       used 20427K, capacity 21188K, committed 21296K, reserved 1067008K
  class space    used 2930K, capacity 3126K, committed 3200K, reserved 1048576K
}
Event: 14.259 GC heap before
{Heap before GC invocations=7 (full 1):
 PSYoungGen      total 39936K, used 7509K [0x0000000795580000, 0x0000000799980000, 0x00000007c0000000)
  eden space 32256K, 0% used [0x0000000795580000,0x0000000795580000,0x0000000797500000)
  from space 7680K, 97% used [0x0000000799200000,0x00000007999557b0,0x0000000799980000)
  to   space 10240K, 0% used [0x0000000798580000,0x0000000798580000,0x0000000798f80000)
 ParOldGen       total 87552K, used 8483K [0x0000000740000000, 0x0000000745580000, 0x0000000795580000)
  object space 87552K, 9% used [0x0000000740000000,0x0000000740848ef8,0x0000000745580000)
 Metaspace       used 20427K, capacity 21188K, committed 21296K, reserved 1067008K
  class space    used 2930K, capacity 3126K, committed 3200K, reserved 1048576K
Event: 14.325 GC heap after
Heap after GC invocations=7 (full 1):
 PSYoungGen      total 39936K, used 0K [0x0000000795580000, 0x0000000799980000, 0x00000007c0000000)
  eden space 32256K, 0% used [0x0000000795580000,0x0000000795580000,0x0000000797500000)
  from space 7680K, 0% used [0x0000000799200000,0x0000000799200000,0x0000000799980000)
  to   space 10240K, 0% used [0x0000000798580000,0x0000000798580000,0x0000000798f80000)
 ParOldGen       total 59904K, used 8500K [0x0000000740000000, 0x0000000743a80000, 0x0000000795580000)
  object space 59904K, 14% used [0x0000000740000000,0x000000074084d398,0x0000000743a80000)
 Metaspace       used 20427K, capacity 21188K, committed 21296K, reserved 1067008K
  class space    used 2930K, capacity 3126K, committed 3200K, reserved 1048576K
}
Event: 15.258 GC heap before
{Heap before GC invocations=8 (full 1):
 PSYoungGen      total 39936K, used 32256K [0x0000000795580000, 0x0000000799980000, 0x00000007c0000000)
  eden space 32256K, 100% used [0x0000000795580000,0x0000000797500000,0x0000000797500000)
  from space 7680K, 0% used [0x0000000799200000,0x0000000799200000,0x0000000799980000)
  to   space 10240K, 0% used [0x0000000798580000,0x0000000798580000,0x0000000798f80000)
 ParOldGen       total 59904K, used 8500K [0x0000000740000000, 0x0000000743a80000, 0x0000000795580000)
  object space 59904K, 14% used [0x0000000740000000,0x000000074084d398,0x0000000743a80000)
 Metaspace       used 22532K, capacity 23370K, committed 23552K, reserved 1069056K
  class space    used 3277K, capacity 3493K, committed 3584K, reserved 1048576K
Event: 15.264 GC heap after
Heap after GC invocations=8 (full 1):
 PSYoungGen      total 59392K, used 2776K [0x0000000795580000, 0x0000000799d00000, 0x00000007c0000000)
  eden space 49152K, 0% used [0x0000000795580000,0x0000000795580000,0x0000000798580000)
  from space 10240K, 27% used [0x0000000798580000,0x0000000798836290,0x0000000798f80000)
  to   space 10752K, 0% used [0x0000000799280000,0x0000000799280000,0x0000000799d00000)
 ParOldGen       total 59904K, used 8500K [0x0000000740000000, 0x0000000743a80000, 0x0000000795580000)
  object space 59904K, 14% used [0x0000000740000000,0x000000074084d398,0x0000000743a80000)
 Metaspace       used 22532K, capacity 23370K, committed 23552K, reserved 1069056K
  class space    used 3277K, capacity 3493K, committed 3584K, reserved 1048576K
}
Event: 17.491 GC heap before
{Heap before GC invocations=9 (full 1):
 PSYoungGen      total 59392K, used 51928K [0x0000000795580000, 0x0000000799d00000, 0x00000007c0000000)
  eden space 49152K, 100% used [0x0000000795580000,0x0000000798580000,0x0000000798580000)
  from space 10240K, 27% used [0x0000000798580000,0x0000000798836290,0x0000000798f80000)
  to   space 10752K, 0% used [0x0000000799280000,0x0000000799280000,0x0000000799d00000)
 ParOldGen       total 59904K, used 8500K [0x0000000740000000, 0x0000000743a80000, 0x0000000795580000)
  object space 59904K, 14% used [0x0000000740000000,0x000000074084d398,0x0000000743a80000)
 Metaspace       used 30120K, capacity 31138K, committed 31360K, reserved 1077248K
  class space    used 4136K, capacity 4376K, committed 4480K, reserved 1048576K
Event: 17.505 GC heap after
Heap after GC invocations=9 (full 1):
 PSYoungGen      total 61952K, used 7876K [0x0000000795580000, 0x000000079b800000, 0x00000007c0000000)
  eden space 51200K, 0% used [0x0000000795580000,0x0000000795580000,0x0000000798780000)
  from space 10752K, 73% used [0x0000000799280000,0x0000000799a31040,0x0000000799d00000)
  to   space 11264K, 0% used [0x0000000798780000,0x0000000798780000,0x0000000799280000)
 ParOldGen       total 59904K, used 8508K [0x0000000740000000, 0x0000000743a80000, 0x0000000795580000)
  object space 59904K, 14% used [0x0000000740000000,0x000000074084f398,0x0000000743a80000)
 Metaspace       used 30120K, capacity 31138K, committed 31360K, reserved 1077248K
  class space    used 4136K, capacity 4376K, committed 4480K, reserved 1048576K
}
Event: 18.668 GC heap before
{Heap before GC invocations=10 (full 1):
 PSYoungGen      total 61952K, used 59076K [0x0000000795580000, 0x000000079b800000, 0x00000007c0000000)
  eden space 51200K, 100% used [0x0000000795580000,0x0000000798780000,0x0000000798780000)
  from space 10752K, 73% used [0x0000000799280000,0x0000000799a31040,0x0000000799d00000)
  to   space 11264K, 0% used [0x0000000798780000,0x0000000798780000,0x0000000799280000)
 ParOldGen       total 59904K, used 8508K [0x0000000740000000, 0x0000000743a80000, 0x0000000795580000)
  object space 59904K, 14% used [0x0000000740000000,0x000000074084f398,0x0000000743a80000)
 Metaspace       used 33154K, capacity 34250K, committed 34560K, reserved 1079296K
  class space    used 4514K, capacity 4768K, committed 4864K, reserved 1048576K
Event: 18.681 GC heap after
Heap after GC invocations=10 (full 1):
 PSYoungGen      total 62464K, used 9046K [0x0000000795580000, 0x000000079b180000, 0x00000007c0000000)
  eden space 51200K, 0% used [0x0000000795580000,0x0000000795580000,0x0000000798780000)
  from space 11264K, 80% used [0x0000000798780000,0x00000007990558f8,0x0000000799280000)
  to   space 11776K, 0% used [0x000000079a600000,0x000000079a600000,0x000000079b180000)
 ParOldGen       total 59904K, used 8516K [0x0000000740000000, 0x0000000743a80000, 0x0000000795580000)
  object space 59904K, 14% used [0x0000000740000000,0x0000000740851398,0x0000000743a80000)
 Metaspace       used 33154K, capacity 34250K, committed 34560K, reserved 1079296K
  class space    used 4514K, capacity 4768K, committed 4864K, reserved 1048576K
}

Deoptimization events (10 events):
Event: 17.007 Thread 0x00007fd7240ef800 Uncommon trap: reason=unstable_if action=reinterpret pc=0x0000000119d55db8 method=java.lang.ClassLoader.getClassLoadingLock(Ljava/lang/String;)Ljava/lang/Object; @ 6
Event: 17.507 Thread 0x00007fd72503f800 Uncommon trap: reason=unstable_if action=reinterpret pc=0x0000000119e48040 method=java.lang.ref.Reference.tryHandlePending(Z)Z @ 104
Event: 17.761 Thread 0x00007fd7240ef800 Uncommon trap: reason=unstable_if action=reinterpret pc=0x0000000119e369ec method=java.util.HashMap.getNode(ILjava/lang/Object;)Ljava/util/HashMap$Node; @ 53
Event: 17.761 Thread 0x00007fd7240ef800 Uncommon trap: reason=unstable_if action=reinterpret pc=0x0000000119c80970 method=java.util.HashMap.hash(Ljava/lang/Object;)I @ 1
Event: 17.967 Thread 0x00007fd7240ef800 Uncommon trap: reason=unstable_if action=reinterpret pc=0x000000011a119784 method=org.gradle.internal.reflect.PropertyAccessorType.isGetGetterName(Ljava/lang/String;)Z @ 14
Event: 18.027 Thread 0x00007fd7240ef800 Uncommon trap: reason=unstable_if action=reinterpret pc=0x0000000119f348d0 method=org.objectweb.asm.ByteVector.putShort(I)Lorg/objectweb/asm/ByteVector; @ 13
Event: 18.313 Thread 0x00007fd7240ef800 Uncommon trap: reason=unstable_if action=reinterpret pc=0x000000011a00154c method=java.net.URLClassLoader.defineClass(Ljava/lang/String;Lsun/misc/Resource;)Ljava/lang/Class; @ 21
Event: 18.442 Thread 0x00007fd7240ef800 Uncommon trap: reason=unstable_if action=reinterpret pc=0x000000011a1c19a0 method=org.codehaus.groovy.runtime.metaclass.MetaMethodIndex.addMethodToList(Ljava/lang/Object;Lgroovy/lang/MetaMethod;)Ljava/lang/Object; @ 226
Event: 18.616 Thread 0x00007fd7240ef800 Uncommon trap: reason=range_check action=make_not_entrant pc=0x000000011a18f960 method=java.lang.String.charAt(I)C @ 27
Event: 18.698 Thread 0x00007fd7240ef800 Uncommon trap: reason=unstable_if action=reinterpret pc=0x0000000119cec8d8 method=java.util.WeakHashMap.expungeStaleEntries()V @ 66

Classes redefined (0 events):
No events

Internal exceptions (10 events):
Event: 18.665 Thread 0x00007fd7240ef800 Exception <a 'java/lang/ClassNotFoundException': org/gradle/api/internal/artifacts/repositories/DefaultMavenArtifactRepository_DecoratedBeanInfo> (0x00000007986d71e0) thrown at [/Volumes/Android/buildbot/src/googleplex-android/openjdk/out/hotspot/src/shar
Event: 18.667 Thread 0x00007fd7240ef800 Exception <a 'java/lang/ClassNotFoundException': org/gradle/api/internal/artifacts/repositories/DefaultMavenArtifactRepositoryBeanInfo> (0x0000000798733578) thrown at [/Volumes/Android/buildbot/src/googleplex-android/openjdk/out/hotspot/src/share/vm/class
Event: 18.682 Thread 0x00007fd7240ef800 Exception <a 'java/lang/ClassNotFoundException': org/gradle/api/internal/artifacts/repositories/AbstractAuthenticationSupportedRepositoryBeanInfo> (0x00000007955a40f0) thrown at [/Volumes/Android/buildbot/src/googleplex-android/openjdk/out/hotspot/src/sha
Event: 18.687 Thread 0x00007fd7240ef800 Exception <a 'java/lang/ClassNotFoundException': org/gradle/api/internal/artifacts/repositories/AbstractResolutionAwareArtifactRepositoryBeanInfo> (0x0000000795609960) thrown at [/Volumes/Android/buildbot/src/googleplex-android/openjdk/out/hotspot/src/sha
Event: 18.688 Thread 0x00007fd7240ef800 Exception <a 'java/lang/ClassNotFoundException': org/gradle/api/internal/artifacts/repositories/AbstractArtifactRepositoryBeanInfo> (0x0000000795662680) thrown at [/Volumes/Android/buildbot/src/googleplex-android/openjdk/out/hotspot/src/share/vm/classfile
Event: 18.688 Thread 0x00007fd7240ef800 Exception <a 'java/lang/ClassNotFoundException': org/gradle/api/internal/artifacts/repositories/AbstractArtifactRepositoryCustomizer> (0x00000007956be6e8) thrown at [/Volumes/Android/buildbot/src/googleplex-android/openjdk/out/hotspot/src/share/vm/classfi
Event: 18.693 Thread 0x00007fd7240ef800 Exception <a 'java/lang/ClassNotFoundException': org/gradle/api/internal/artifacts/repositories/AbstractResolutionAwareArtifactRepositoryCustomizer> (0x0000000795746748) thrown at [/Volumes/Android/buildbot/src/googleplex-android/openjdk/out/hotspot/src/s
Event: 18.697 Thread 0x00007fd7240ef800 Exception <a 'java/lang/ClassNotFoundException': org/gradle/api/internal/artifacts/repositories/AbstractAuthenticationSupportedRepositoryCustomizer> (0x00000007957b5c40) thrown at [/Volumes/Android/buildbot/src/googleplex-android/openjdk/out/hotspot/src/s
Event: 18.701 Thread 0x00007fd7240ef800 Exception <a 'java/lang/ClassNotFoundException': org/gradle/api/internal/artifacts/repositories/DefaultMavenArtifactRepositoryCustomizer> (0x000000079582a360) thrown at [/Volumes/Android/buildbot/src/googleplex-android/openjdk/out/hotspot/src/share/vm/cla
Event: 18.704 Thread 0x00007fd7240ef800 Exception <a 'java/lang/ClassNotFoundException': org/gradle/api/internal/artifacts/repositories/DefaultMavenArtifactRepository_DecoratedCustomizer> (0x00000007958b50b8) thrown at [/Volumes/Android/buildbot/src/googleplex-android/openjdk/out/hotspot/src/sh

Events (10 events):
Event: 18.744 loading class org/gradle/api/internal/artifacts/configurations/DefaultConfiguration$ConfigurationFileCollection
Event: 18.744 loading class org/gradle/api/internal/artifacts/configurations/DefaultConfiguration$ConfigurationFileCollection done
Event: 18.749 loading class org/gradle/api/file/FileCollection$AntType
Event: 18.749 loading class org/gradle/api/file/FileCollection$AntType done
Event: 18.750 loading class org/gradle/internal/logging/text/TreeFormatter
Event: 18.750 loading class org/gradle/internal/logging/text/TreeFormatter done
Event: 18.752 loading class org/gradle/api/internal/file/collections/FileSystemMirroringFileTree
Event: 18.752 loading class org/gradle/api/internal/file/collections/FileSystemMirroringFileTree done
Event: 18.757 loading class org/gradle/api/artifacts/ExcludeRule
Event: 18.757 loading class org/gradle/api/artifacts/ExcludeRule done


Dynamic libraries:
0x00007fff37ce6000 	/System/Library/Frameworks/Cocoa.framework/Versions/A/Cocoa
0x00007fff454db000 	/System/Library/Frameworks/Security.framework/Versions/A/Security
0x00007fff36c4b000 	/System/Library/Frameworks/ApplicationServices.framework/Versions/A/ApplicationServices
0x00007fff71ffe000 	/usr/lib/libz.1.dylib
0x00007fff6fac2000 	/usr/lib/libSystem.B.dylib
0x00007fff38b88000 	/System/Library/Frameworks/CoreFoundation.framework/Versions/A/CoreFoundation
0x00007fff3b245000 	/System/Library/Frameworks/Foundation.framework/Versions/C/Foundation
0x00007fff71922000 	/usr/lib/libobjc.A.dylib
0x00007fff35e3b000 	/System/Library/Frameworks/AppKit.framework/Versions/C/AppKit
0x00007fff3866a000 	/System/Library/Frameworks/CoreData.framework/Versions/A/CoreData
0x00007fff69ad8000 	/System/Library/PrivateFrameworks/UIFoundation.framework/Versions/A/UIFoundation
0x00007fff64b6c000 	/System/Library/PrivateFrameworks/RemoteViewServices.framework/Versions/A/RemoteViewServices
0x00007fff6c632000 	/System/Library/PrivateFrameworks/XCTTargetBootstrap.framework/Versions/A/XCTTargetBootstrap
0x00007fff38a55000 	/System/Library/Frameworks/CoreDisplay.framework/Versions/A/CoreDisplay
0x00007fff3e0ff000 	/System/Library/Frameworks/Metal.framework/Versions/A/Metal
0x00007fff52b6f000 	/System/Library/PrivateFrameworks/DesktopServicesPriv.framework/Versions/A/DesktopServicesPriv
0x00007fff70bfd000 	/usr/lib/liblangid.dylib
0x00007fff51e04000 	/System/Library/PrivateFrameworks/CoreSVG.framework/Versions/A/CoreSVG
0x00007fff67cc8000 	/System/Library/PrivateFrameworks/SkyLight.framework/Versions/A/SkyLight
0x00007fff39009000 	/System/Library/Frameworks/CoreGraphics.framework/Versions/A/CoreGraphics
0x00007fff3480f000 	/System/Library/Frameworks/Accelerate.framework/Versions/A/Accelerate
0x00007fff71eef000 	/usr/lib/libxml2.2.dylib
0x00007fff5daf7000 	/System/Library/PrivateFrameworks/IconServices.framework/Versions/A/IconServices
0x00007fff3ba24000 	/System/Library/Frameworks/IOSurface.framework/Versions/A/IOSurface
0x00007fff6f5ec000 	/usr/lib/libDiagnosticMessagesClient.dylib
0x00007fff529c9000 	/System/Library/PrivateFrameworks/DFRFoundation.framework/Versions/A/DFRFoundation
0x00007fff7098c000 	/usr/lib/libicucore.A.dylib
0x00007fff36f7d000 	/System/Library/Frameworks/AudioToolbox.framework/Versions/A/AudioToolbox
0x00007fff37060000 	/System/Library/Frameworks/AudioUnit.framework/Versions/A/AudioUnit
0x00007fff6fcc4000 	/usr/lib/libauto.dylib
0x00007fff52a6b000 	/System/Library/PrivateFrameworks/DataDetectorsCore.framework/Versions/A/DataDetectorsCore
0x00007fff37807000 	/System/Library/Frameworks/Carbon.framework/Versions/A/Frameworks/HIToolbox.framework/Versions/A/HIToolbox
0x00007fff446d7000 	/System/Library/Frameworks/QuartzCore.framework/Versions/A/QuartzCore
0x00007fff37b46000 	/System/Library/Frameworks/Carbon.framework/Versions/A/Frameworks/SpeechRecognition.framework/Versions/A/SpeechRecognition
0x00007fff524dd000 	/System/Library/PrivateFrameworks/CoreUI.framework/Versions/A/CoreUI
0x00007fff380d5000 	/System/Library/Frameworks/CoreAudio.framework/Versions/A/CoreAudio
0x00007fff3af04000 	/System/Library/Frameworks/DiskArbitration.framework/Versions/A/DiskArbitration
0x00007fff5fb47000 	/System/Library/PrivateFrameworks/MultitouchSupport.framework/Versions/A/MultitouchSupport
0x00007fff70853000 	/usr/lib/libenergytrace.dylib
0x00007fff3b97e000 	/System/Library/Frameworks/IOKit.framework/Versions/A/IOKit
0x00007fff39f70000 	/System/Library/Frameworks/CoreServices.framework/Versions/A/CoreServices
0x00007fff61cff000 	/System/Library/PrivateFrameworks/PerformanceAnalysis.framework/Versions/A/PerformanceAnalysis
0x00007fff4370a000 	/System/Library/Frameworks/OpenGL.framework/Versions/A/OpenGL
0x00007fff37cf4000 	/System/Library/Frameworks/ColorSync.framework/Versions/A/ColorSync
0x00007fff3968c000 	/System/Library/Frameworks/CoreImage.framework/Versions/A/CoreImage
0x00007fff3a9e3000 	/System/Library/Frameworks/CoreText.framework/Versions/A/CoreText
0x00007fff3bab4000 	/System/Library/Frameworks/ImageIO.framework/Versions/A/ImageIO
0x00007fff6fda8000 	/usr/lib/libc++.1.dylib
0x00007fff6fe24000 	/usr/lib/libcompression.dylib
0x00007fff6f930000 	/usr/lib/libMobileGestalt.dylib
0x00007fff69842000 	/System/Library/PrivateFrameworks/TextureIO.framework/Versions/A/TextureIO
0x00007fff6fc27000 	/usr/lib/libate.dylib
0x00007fff5dd00000 	/System/Library/PrivateFrameworks/InternationalSupport.framework/Versions/A/InternationalSupport
0x00007fff728bf000 	/usr/lib/system/libcache.dylib
0x00007fff728c5000 	/usr/lib/system/libcommonCrypto.dylib
0x00007fff728d1000 	/usr/lib/system/libcompiler_rt.dylib
0x00007fff728d9000 	/usr/lib/system/libcopyfile.dylib
0x00007fff728e3000 	/usr/lib/system/libcorecrypto.dylib
0x00007fff72a82000 	/usr/lib/system/libdispatch.dylib
0x00007fff72ac3000 	/usr/lib/system/libdyld.dylib
0x00007fff72afa000 	/usr/lib/system/libkeymgr.dylib
0x00007fff72b08000 	/usr/lib/system/liblaunch.dylib
0x00007fff72b09000 	/usr/lib/system/libmacho.dylib
0x00007fff72b0f000 	/usr/lib/system/libquarantine.dylib
0x00007fff72b12000 	/usr/lib/system/libremovefile.dylib
0x00007fff72b14000 	/usr/lib/system/libsystem_asl.dylib
0x00007fff72b2c000 	/usr/lib/system/libsystem_blocks.dylib
0x00007fff72b2d000 	/usr/lib/system/libsystem_c.dylib
0x00007fff72bb5000 	/usr/lib/system/libsystem_configuration.dylib
0x00007fff72bb9000 	/usr/lib/system/libsystem_coreservices.dylib
0x00007fff72bbd000 	/usr/lib/system/libsystem_darwin.dylib
0x00007fff72bc6000 	/usr/lib/system/libsystem_dnssd.dylib
0x00007fff72bce000 	/usr/lib/system/libsystem_featureflags.dylib
0x00007fff72bd0000 	/usr/lib/system/libsystem_info.dylib
0x00007fff72c4b000 	/usr/lib/system/libsystem_m.dylib
0x00007fff72c93000 	/usr/lib/system/libsystem_malloc.dylib
0x00007fff72cbb000 	/usr/lib/system/libsystem_networkextension.dylib
0x00007fff72cc9000 	/usr/lib/system/libsystem_notify.dylib
0x00007fff72ce7000 	/usr/lib/system/libsystem_sandbox.dylib
0x00007fff72cec000 	/usr/lib/system/libsystem_secinit.dylib
0x00007fff72c1e000 	/usr/lib/system/libsystem_kernel.dylib
0x00007fff72cd3000 	/usr/lib/system/libsystem_platform.dylib
0x00007fff72cdc000 	/usr/lib/system/libsystem_pthread.dylib
0x00007fff72cef000 	/usr/lib/system/libsystem_symptoms.dylib
0x00007fff72cf7000 	/usr/lib/system/libsystem_trace.dylib
0x00007fff72d0f000 	/usr/lib/system/libunwind.dylib
0x00007fff72d15000 	/usr/lib/system/libxpc.dylib
0x00007fff6fdfb000 	/usr/lib/libc++abi.dylib
0x00007fff70bff000 	/usr/lib/liblzma.5.dylib
0x00007fff7087a000 	/usr/lib/libfakelink.dylib
0x00007fff6fbb4000 	/usr/lib/libarchive.2.dylib
0x00007fff4658c000 	/System/Library/Frameworks/SystemConfiguration.framework/Versions/A/SystemConfiguration
0x00007fff6f51f000 	/usr/lib/libCRFSuite.dylib
0x00007fff373f7000 	/System/Library/Frameworks/CFNetwork.framework/Versions/A/CFNetwork
0x00007fff6fd8a000 	/usr/lib/libbsm.0.dylib
0x00007fff72afb000 	/usr/lib/system/libkxld.dylib
0x00007fff4c346000 	/System/Library/PrivateFrameworks/AppleFSCompression.framework/Versions/A/AppleFSCompression
0x00007fff70115000 	/usr/lib/libcoretls.dylib
0x00007fff7012c000 	/usr/lib/libcoretls_cfhelpers.dylib
0x00007fff71968000 	/usr/lib/libpam.2.dylib
0x00007fff71a9d000 	/usr/lib/libsqlite3.dylib
0x00007fff71edc000 	/usr/lib/libxar.1.dylib
0x00007fff6fd9b000 	/usr/lib/libbz2.1.0.dylib
0x00007fff7089b000 	/usr/lib/libiconv.2.dylib
0x00007fff6fe11000 	/usr/lib/libcharset.1.dylib
0x00007fff71405000 	/usr/lib/libnetwork.dylib
0x00007fff7196f000 	/usr/lib/libpcap.A.dylib
0x00007fff6fb69000 	/usr/lib/libapple_nghttp2.dylib
0x00007fff3a327000 	/System/Library/Frameworks/CoreServices.framework/Versions/A/Frameworks/FSEvents.framework/Versions/A/FSEvents
0x00007fff39ff7000 	/System/Library/Frameworks/CoreServices.framework/Versions/A/Frameworks/CarbonCore.framework/Versions/A/CarbonCore
0x00007fff3a56b000 	/System/Library/Frameworks/CoreServices.framework/Versions/A/Frameworks/Metadata.framework/Versions/A/Metadata
0x00007fff3a604000 	/System/Library/Frameworks/CoreServices.framework/Versions/A/Frameworks/OSServices.framework/Versions/A/OSServices
0x00007fff3a632000 	/System/Library/Frameworks/CoreServices.framework/Versions/A/Frameworks/SearchKit.framework/Versions/A/SearchKit
0x00007fff39f71000 	/System/Library/Frameworks/CoreServices.framework/Versions/A/Frameworks/AE.framework/Versions/A/AE
0x00007fff3a330000 	/System/Library/Frameworks/CoreServices.framework/Versions/A/Frameworks/LaunchServices.framework/Versions/A/LaunchServices
0x00007fff3a2d9000 	/System/Library/Frameworks/CoreServices.framework/Versions/A/Frameworks/DictionaryServices.framework/Versions/A/DictionaryServices
0x00007fff3a69a000 	/System/Library/Frameworks/CoreServices.framework/Versions/A/Frameworks/SharedFileList.framework/Versions/A/SharedFileList
0x00007fff3f529000 	/System/Library/Frameworks/NetFS.framework/Versions/A/NetFS
0x00007fff60077000 	/System/Library/PrivateFrameworks/NetAuth.framework/Versions/A/NetAuth
0x00007fff6c9ff000 	/System/Library/PrivateFrameworks/login.framework/Versions/A/Frameworks/loginsupport.framework/Versions/A/loginsupport
0x00007fff6930d000 	/System/Library/PrivateFrameworks/TCC.framework/Versions/A/TCC
0x00007fff50f77000 	/System/Library/PrivateFrameworks/CoreNLP.framework/Versions/A/CoreNLP
0x00007fff5f574000 	/System/Library/PrivateFrameworks/MetadataUtilities.framework/Versions/A/MetadataUtilities
0x00007fff70cd7000 	/usr/lib/libmecabra.dylib
0x00007fff70c2f000 	/usr/lib/libmecab.dylib
0x00007fff7088b000 	/usr/lib/libgermantok.dylib
0x00007fff6fb50000 	/usr/lib/libThaiTokenizer.dylib
0x00007fff6f556000 	/usr/lib/libChineseTokenizer.dylib
0x00007fff34827000 	/System/Library/Frameworks/Accelerate.framework/Versions/A/Frameworks/vImage.framework/Versions/A/vImage
0x00007fff35c91000 	/System/Library/Frameworks/Accelerate.framework/Versions/A/Frameworks/vecLib.framework/Versions/A/vecLib
0x00007fff35bce000 	/System/Library/Frameworks/Accelerate.framework/Versions/A/Frameworks/vecLib.framework/Versions/A/libvMisc.dylib
0x00007fff359f6000 	/System/Library/Frameworks/Accelerate.framework/Versions/A/Frameworks/vecLib.framework/Versions/A/libvDSP.dylib
0x00007fff34e7e000 	/System/Library/Frameworks/Accelerate.framework/Versions/A/Frameworks/vecLib.framework/Versions/A/libBLAS.dylib
0x00007fff355ba000 	/System/Library/Frameworks/Accelerate.framework/Versions/A/Frameworks/vecLib.framework/Versions/A/libLAPACK.dylib
0x00007fff35956000 	/System/Library/Frameworks/Accelerate.framework/Versions/A/Frameworks/vecLib.framework/Versions/A/libLinearAlgebra.dylib
0x00007fff359e3000 	/System/Library/Frameworks/Accelerate.framework/Versions/A/Frameworks/vecLib.framework/Versions/A/libSparseBLAS.dylib
0x00007fff3596c000 	/System/Library/Frameworks/Accelerate.framework/Versions/A/Frameworks/vecLib.framework/Versions/A/libQuadrature.dylib
0x00007fff350e6000 	/System/Library/Frameworks/Accelerate.framework/Versions/A/Frameworks/vecLib.framework/Versions/A/libBNNS.dylib
0x00007fff35972000 	/System/Library/Frameworks/Accelerate.framework/Versions/A/Frameworks/vecLib.framework/Versions/A/libSparse.dylib
0x00007fff5e0e8000 	/System/Library/PrivateFrameworks/LanguageModeling.framework/Versions/A/LanguageModeling
0x00007fff50927000 	/System/Library/PrivateFrameworks/CoreEmoji.framework/Versions/A/CoreEmoji
0x00007fff5e206000 	/System/Library/PrivateFrameworks/LinguisticData.framework/Versions/A/LinguisticData
0x00007fff5e1b7000 	/System/Library/PrivateFrameworks/Lexicon.framework/Versions/A/Lexicon
0x00007fff6fe12000 	/usr/lib/libcmph.dylib
0x00007fff42118000 	/System/Library/Frameworks/OpenDirectory.framework/Versions/A/Frameworks/CFOpenDirectory.framework/Versions/A/CFOpenDirectory
0x00007fff42135000 	/System/Library/Frameworks/OpenDirectory.framework/Versions/A/OpenDirectory
0x00007fff4a576000 	/System/Library/PrivateFrameworks/APFS.framework/Versions/A/APFS
0x00007fff45825000 	/System/Library/Frameworks/SecurityFoundation.framework/Versions/A/SecurityFoundation
0x00007fff71ed8000 	/usr/lib/libutil.dylib
0x00007fff51e5c000 	/System/Library/PrivateFrameworks/CoreServicesStore.framework/Versions/A/CoreServicesStore
0x00007fff458dc000 	/System/Library/Frameworks/ServiceManagement.framework/Versions/A/ServiceManagement
0x00007fff4db16000 	/System/Library/PrivateFrameworks/BackgroundTaskManagement.framework/Versions/A/BackgroundTaskManagement
0x00007fff71fd5000 	/usr/lib/libxslt.1.dylib
0x00007fff4c9b9000 	/System/Library/PrivateFrameworks/AppleSystemInfo.framework/Versions/A/AppleSystemInfo
0x00007fff3bccf000 	/System/Library/Frameworks/ImageIO.framework/Versions/A/Resources/libJPEG.dylib
0x00007fff3bf8d000 	/System/Library/Frameworks/ImageIO.framework/Versions/A/Resources/libTIFF.dylib
0x00007fff3bf70000 	/System/Library/Frameworks/ImageIO.framework/Versions/A/Resources/libPng.dylib
0x00007fff3bc11000 	/System/Library/Frameworks/ImageIO.framework/Versions/A/Resources/libGIF.dylib
0x00007fff3bc15000 	/System/Library/Frameworks/ImageIO.framework/Versions/A/Resources/libJP2.dylib
0x00007fff3bf8b000 	/System/Library/Frameworks/ImageIO.framework/Versions/A/Resources/libRadiance.dylib
0x00007fff70854000 	/usr/lib/libexpat.1.dylib
0x00007fff4c4a1000 	/System/Library/PrivateFrameworks/AppleJPEG.framework/Versions/A/AppleJPEG
0x00007fff5515c000 	/System/Library/PrivateFrameworks/FontServices.framework/libFontParser.dylib
0x00007fff6ba01000 	/System/Library/PrivateFrameworks/WatchdogClient.framework/Versions/A/WatchdogClient
0x00007fff5d743000 	/System/Library/PrivateFrameworks/IOAccelerator.framework/Versions/A/IOAccelerator
0x00007fff3e49a000 	/System/Library/Frameworks/MetalPerformanceShaders.framework/Versions/A/MetalPerformanceShaders
0x00007fff59ed9000 	/System/Library/PrivateFrameworks/GPUWrangler.framework/Versions/A/GPUWrangler
0x00007fff5d758000 	/System/Library/PrivateFrameworks/IOPresentment.framework/Versions/A/IOPresentment
0x00007fff529dc000 	/System/Library/PrivateFrameworks/DSExternalDisplay.framework/Versions/A/DSExternalDisplay
0x00007fff42aa9000 	/System/Library/Frameworks/OpenGL.framework/Versions/A/Libraries/libCoreFSCache.dylib
0x00007fff3e1e6000 	/System/Library/Frameworks/MetalPerformanceShaders.framework/Frameworks/MPSCore.framework/Versions/A/MPSCore
0x00007fff3e224000 	/System/Library/Frameworks/MetalPerformanceShaders.framework/Frameworks/MPSImage.framework/Versions/A/MPSImage
0x00007fff3e2eb000 	/System/Library/Frameworks/MetalPerformanceShaders.framework/Frameworks/MPSNeuralNetwork.framework/Versions/A/MPSNeuralNetwork
0x00007fff3e2af000 	/System/Library/Frameworks/MetalPerformanceShaders.framework/Frameworks/MPSMatrix.framework/Versions/A/MPSMatrix
0x00007fff3e44a000 	/System/Library/Frameworks/MetalPerformanceShaders.framework/Frameworks/MPSRayIntersector.framework/Versions/A/MPSRayIntersector
0x00007fff3e2d5000 	/System/Library/Frameworks/MetalPerformanceShaders.framework/Frameworks/MPSNDArray.framework/Versions/A/MPSNDArray
0x00007fff5f5c1000 	/System/Library/PrivateFrameworks/MetalTools.framework/Versions/A/MetalTools
0x00007fff4b750000 	/System/Library/PrivateFrameworks/AggregateDictionary.framework/Versions/A/AggregateDictionary
0x00007fff5036f000 	/System/Library/PrivateFrameworks/CoreAnalytics.framework/Versions/A/CoreAnalytics
0x00007fff4c8d8000 	/System/Library/PrivateFrameworks/AppleSauce.framework/Versions/A/AppleSauce
0x00007fff6f812000 	/usr/lib/libIOReport.dylib
0x00007fff3ab9b000 	/System/Library/Frameworks/CoreVideo.framework/Versions/A/CoreVideo
0x00007fff5b352000 	/System/Library/PrivateFrameworks/GraphVisualizer.framework/Versions/A/GraphVisualizer
0x00007fff546a2000 	/System/Library/PrivateFrameworks/FaceCore.framework/Versions/A/FaceCore
0x00007fff420bf000 	/System/Library/Frameworks/OpenCL.framework/Versions/A/OpenCL
0x00007fff6f634000 	/usr/lib/libFosl_dynamic.dylib
0x00007fff60a97000 	/System/Library/PrivateFrameworks/OTSVG.framework/Versions/A/OTSVG
0x00007fff36d50000 	/System/Library/Frameworks/ApplicationServices.framework/Versions/A/Frameworks/ATS.framework/Versions/A/Resources/libFontRegistry.dylib
0x00007fff5532d000 	/System/Library/PrivateFrameworks/FontServices.framework/libhvf.dylib
0x00007fff42ab4000 	/System/Library/Frameworks/OpenGL.framework/Versions/A/Libraries/libGFXShared.dylib
0x00007fff42c92000 	/System/Library/Frameworks/OpenGL.framework/Versions/A/Libraries/libGLU.dylib
0x00007fff42abd000 	/System/Library/Frameworks/OpenGL.framework/Versions/A/Libraries/libGL.dylib
0x00007fff42ac8000 	/System/Library/Frameworks/OpenGL.framework/Versions/A/Libraries/libGLImage.dylib
0x00007fff42aa6000 	/System/Library/Frameworks/OpenGL.framework/Versions/A/Libraries/libCVMSPluginSupport.dylib
0x00007fff42aaf000 	/System/Library/Frameworks/OpenGL.framework/Versions/A/Libraries/libCoreVMClient.dylib
0x00007fff712a6000 	/usr/lib/libncurses.5.4.dylib
0x00007fff36c4c000 	/System/Library/Frameworks/ApplicationServices.framework/Versions/A/Frameworks/ATS.framework/Versions/A/ATS
0x00007fff36e19000 	/System/Library/Frameworks/ApplicationServices.framework/Versions/A/Frameworks/ColorSyncLegacy.framework/Versions/A/ColorSyncLegacy
0x00007fff36eb7000 	/System/Library/Frameworks/ApplicationServices.framework/Versions/A/Frameworks/HIServices.framework/Versions/A/HIServices
0x00007fff36f0f000 	/System/Library/Frameworks/ApplicationServices.framework/Versions/A/Frameworks/LangAnalysis.framework/Versions/A/LangAnalysis
0x00007fff36f1e000 	/System/Library/Frameworks/ApplicationServices.framework/Versions/A/Frameworks/PrintCore.framework/Versions/A/PrintCore
0x00007fff36f64000 	/System/Library/Frameworks/ApplicationServices.framework/Versions/A/Frameworks/QD.framework/Versions/A/QD
0x00007fff36f6f000 	/System/Library/Frameworks/ApplicationServices.framework/Versions/A/Frameworks/SpeechSynthesis.framework/Versions/A/SpeechSynthesis
0x00007fff36de9000 	/System/Library/Frameworks/ApplicationServices.framework/Versions/A/Frameworks/ATSUI.framework/Versions/A/ATSUI
0x00007fff706ea000 	/usr/lib/libcups.2.dylib
0x00007fff3d535000 	/System/Library/Frameworks/Kerberos.framework/Versions/A/Kerberos
0x00007fff3b677000 	/System/Library/Frameworks/GSS.framework/Versions/A/GSS
0x00007fff71a29000 	/usr/lib/libresolv.9.dylib
0x00007fff5b4ff000 	/System/Library/PrivateFrameworks/Heimdal.framework/Versions/A/Heimdal
0x00007fff3d548000 	/System/Library/Frameworks/Kerberos.framework/Versions/A/Libraries/libHeimdalProxy.dylib
0x00007fff70891000 	/usr/lib/libheimdal-asn1.dylib
0x00007fff4f807000 	/System/Library/PrivateFrameworks/CommonAuth.framework/Versions/A/CommonAuth
0x00007fff4ca56000 	/System/Library/PrivateFrameworks/AssertionServices.framework/Versions/A/AssertionServices
0x00007fff4d5f9000 	/System/Library/PrivateFrameworks/AudioToolboxCore.framework/Versions/A/AudioToolboxCore
0x00007fff6c6af000 	/System/Library/PrivateFrameworks/caulk.framework/Versions/A/caulk
0x00007fff4dbc2000 	/System/Library/PrivateFrameworks/BaseBoard.framework/Versions/A/BaseBoard
0x00007fff64cfa000 	/System/Library/PrivateFrameworks/RunningBoardServices.framework/Versions/A/RunningBoardServices
0x00007fff61d0b000 	/System/Library/PrivateFrameworks/PersistentConnection.framework/Versions/A/PersistentConnection
0x00007fff646f3000 	/System/Library/PrivateFrameworks/ProtocolBuffer.framework/Versions/A/ProtocolBuffer
0x00007fff4f82b000 	/System/Library/PrivateFrameworks/CommonUtilities.framework/Versions/A/CommonUtilities
0x00007fff4dd50000 	/System/Library/PrivateFrameworks/Bom.framework/Versions/A/Bom
0x00007fff6f4e5000 	/usr/lib/libAudioToolboxUtility.dylib
0x00007fff4db20000 	/System/Library/PrivateFrameworks/Backup.framework/Versions/A/Backup
0x00007fff528fd000 	/System/Library/PrivateFrameworks/CrashReporterSupport.framework/Versions/A/CrashReporterSupport
0x00007fff6678c000 	/System/Library/PrivateFrameworks/Sharing.framework/Versions/A/Sharing
0x00007fff4c064000 	/System/Library/PrivateFrameworks/Apple80211.framework/Versions/A/Apple80211
0x00007fff4d83d000 	/System/Library/PrivateFrameworks/AuthKit.framework/Versions/A/AuthKit
0x00007fff5260a000 	/System/Library/PrivateFrameworks/CoreUtils.framework/Versions/A/CoreUtils
0x00007fff3abe0000 	/System/Library/Frameworks/CoreWLAN.framework/Versions/A/CoreWLAN
0x00007fff3b804000 	/System/Library/Frameworks/IOBluetooth.framework/Versions/A/IOBluetooth
0x00007fff5f8c6000 	/System/Library/PrivateFrameworks/MobileKeyBag.framework/Versions/A/MobileKeyBag
0x00007fff5140f000 	/System/Library/PrivateFrameworks/CorePhoneNumbers.framework/Versions/A/CorePhoneNumbers
0x00007fff4c454000 	/System/Library/PrivateFrameworks/AppleIDAuthSupport.framework/Versions/A/AppleIDAuthSupport
0x00007fff3f536000 	/System/Library/Frameworks/Network.framework/Versions/A/Network
0x00007fff5df94000 	/System/Library/PrivateFrameworks/KeychainCircle.framework/Versions/A/KeychainCircle
0x00007fff38631000 	/System/Library/Frameworks/CoreBluetooth.framework/Versions/A/CoreBluetooth
0x00007fff6880b000 	/System/Library/PrivateFrameworks/SpeechRecognitionCore.framework/Versions/A/SpeechRecognitionCore
0x000000010fe00000 	/Applications/Android Studio.app/Contents/jre/jdk/Contents/Home/jre/lib/server/libjvm.dylib
0x00007fff71dab000 	/usr/lib/libstdc++.6.dylib
0x000000010f4f0000 	/Applications/Android Studio.app/Contents/jre/jdk/Contents/Home/jre/lib/libverify.dylib
0x000000010f502000 	/Applications/Android Studio.app/Contents/jre/jdk/Contents/Home/jre/lib/libjava.dylib
0x000000010f596000 	/Applications/Android Studio.app/Contents/jre/jdk/Contents/Home/jre/lib/libzip.dylib
0x0000000118067000 	/Applications/Android Studio.app/Contents/jre/jdk/Contents/Home/jre/lib/libnio.dylib
0x0000000118082000 	/Applications/Android Studio.app/Contents/jre/jdk/Contents/Home/jre/lib/libnet.dylib
0x00000001185d7000 	/Users/soso/.gradle/native/9f2fa17c089eee584f3420100432f77ec4c098959e4bf121a4d6054c26537dfb/osx-amd64/libnative-platform.dylib
0x0000000118920000 	/Applications/Android Studio.app/Contents/jre/jdk/Contents/Home/jre/lib/libmanagement.dylib
0x0000000118f38000 	/Users/soso/.gradle/native/9f2fa17c089eee584f3420100432f77ec4c098959e4bf121a4d6054c26537dfb/osx-amd64/libnative-platform-file-events.dylib

VM Arguments:
jvm_args: -Xmx2048m -Dfile.encoding=UTF-8 -Duser.country=FR -Duser.language=fr -Duser.variant 
java_command: org.gradle.launcher.daemon.bootstrap.GradleDaemon 6.6-rc-3
java_class_path (initial): /Users/soso/.gradle/wrapper/dists/gradle-6.6-rc-3-all/6ukb1n1ggnj6c428kebua5eks/gradle-6.6-rc-3/lib/gradle-launcher-6.6.jar
Launcher Type: SUN_STANDARD

Environment Variables:
PATH=/usr/local/bin:/usr/bin:/bin:/usr/sbin:/sbin
SHELL=/bin/zsh

Signal Handlers:
SIGSEGV: [libjvm.dylib+0x565c43], sa_mask[0]=11111111011111110111111111111111, sa_flags=SA_ONSTACK|SA_RESTART|SA_SIGINFO
SIGBUS: [libjvm.dylib+0x565c43], sa_mask[0]=11111111011111110111111111111111, sa_flags=SA_RESTART|SA_SIGINFO
SIGFPE: [libjvm.dylib+0x45dd9d], sa_mask[0]=11111111011111110111111111111111, sa_flags=SA_RESTART|SA_SIGINFO
SIGPIPE: [libjvm.dylib+0x45dd9d], sa_mask[0]=11111111011111110111111111111111, sa_flags=SA_RESTART|SA_SIGINFO
SIGXFSZ: [libjvm.dylib+0x45dd9d], sa_mask[0]=11111111011111110111111111111111, sa_flags=SA_RESTART|SA_SIGINFO
SIGILL: [libjvm.dylib+0x45dd9d], sa_mask[0]=11111111011111110111111111111111, sa_flags=SA_RESTART|SA_SIGINFO
SIGUSR1: SIG_DFL, sa_mask[0]=00000000000000000000000000000000, sa_flags=none
SIGUSR2: [libjvm.dylib+0x45e69c], sa_mask[0]=00100000000000000000000000000000, sa_flags=SA_RESTART|SA_SIGINFO
SIGHUP: [libjvm.dylib+0x45c8c1], sa_mask[0]=11111111011111110111111111111111, sa_flags=SA_RESTART|SA_SIGINFO
SIGINT: [libjvm.dylib+0x45c8c1], sa_mask[0]=11111111011111110111111111111111, sa_flags=SA_RESTART|SA_SIGINFO
SIGTERM: [libjvm.dylib+0x45c8c1], sa_mask[0]=11111111011111110111111111111111, sa_flags=SA_RESTART|SA_SIGINFO
SIGQUIT: [libjvm.dylib+0x45c8c1], sa_mask[0]=11111111011111110111111111111111, sa_flags=SA_RESTART|SA_SIGINFO


---------------  S Y S T E M  ---------------

OS:Bsduname:Darwin 19.6.0 Darwin Kernel Version 19.6.0: Sun Jul  5 00:43:10 PDT 2020; root:xnu-6153.141.1~9/RELEASE_X86_64 x86_64
rlimit: STACK 8192k, CORE 0k, NPROC 1392, NOFILE 10240, AS infinity
load average:9.24 8.49 7.24

CPU:total 4 (initial active 4) (2 cores per cpu, 2 threads per core) family 6 model 61 stepping 4, cmov, cx8, fxsr, mmx, sse, sse2, sse3, ssse3, sse4.1, sse4.2, popcnt, avx, avx2, aes, clmul, erms, 3dnowpref, lzcnt, ht, tsc, tscinvbit, bmi1, bmi2, adx

Memory: 4k page, physical 8388608k(744788k free)

/proc/meminfo:


vm_info: OpenJDK 64-Bit Server VM (25.242-b3-6222593) for bsd-amd64 JRE (1.8.0_242-release-1644-b3-6222593), built by "android-build" with gcc 4.2.1 Compatible Android (5484270 based on r353983c) Clang 9.0.3 (https://android.googlesource.com/toolchain/clang 745b335211bb9eadfa6aa6301f84715cee4b37c5) (https://android.googlesource.com/toolchain/llvm 60cf23e54e46c807513f7a36d0a7b777920b5881)

time: Wed Sep  9 15:30:22 2020
timezone: CEST
elapsed time: 18 seconds (0d 0h 0m 18s)

