#
# A fatal error has been detected by the Java Runtime Environment:
#
#  SIGSEGV (0xb) at pc=0x000000010f88199c, pid=712, tid=0x0000000000002103
#
# JRE version: OpenJDK Runtime Environment (8.0_242) (build 1.8.0_242-release-1644-b3-6222593)
# Java VM: OpenJDK 64-Bit Server VM (25.242-b3-6222593 mixed mode bsd-amd64 compressed oops)
# Problematic frame:
# V  [libjvm.dylib+0x48199c]
#
# Failed to write core dump. Core dumps have been disabled. To enable core dumping, try "ulimit -c unlimited" before starting Java again
#
# If you would like to submit a bug report, please visit:
#   http://bugreport.java.com/bugreport/crash.jsp
#

---------------  T H R E A D  ---------------

Current thread (0x00007f911500c000):  GCTaskThread [stack: 0x0000700000ecb000,0x0000700000fcb000] [id=8451]

siginfo: si_signo: 11 (SIGSEGV), si_code: 1 (SEGV_MAPERR), si_addr: 0x0000000000000008

Registers:
RAX=0x000000010fc112d8, RBX=0x0000000744d088b0, RCX=0x0000000000026803, RDX=0x00000000009a1101
RSP=0x0000700000fcaca0, RBP=0x0000700000fcacc0, RSI=0x0000000744d0a7e8, RDI=0x0000000000000000
R8 =0x000000000000009a, R9 =0x000000010fc21ffb, R10=0x000000012215c2a0, R11=0x0000000000100000
R12=0x0000000000000080, R13=0x0000000000000080, R14=0x00007f9114c11ff0, R15=0x00007f9114c11ff0
RIP=0x000000010f88199c, EFLAGS=0x0000000000010246, ERR=0x0000000000000004
  TRAPNO=0x000000000000000e

Top of Stack: (sp=0x0000700000fcaca0)
0x0000700000fcaca0:   0000000000000000 0000000744d0a7e8
0x0000700000fcacb0:   0000000744d0a8b0 00007f9114c11ff0
0x0000700000fcacc0:   0000700000fcad30 000000010f847f76
0x0000700000fcacd0:   0000000744b90950 0000000744d0a570
0x0000700000fcace0:   0000000744d0a6a0 000000010f697b33
0x0000700000fcacf0:   0000000744cd1320 0000000744b90950
0x0000700000fcad00:   00000007c23b4820 00007f9114c12030
0x0000700000fcad10:   0000700000fcae48 00007f9114c11ff0
0x0000700000fcad20:   000000010fc112d8 00007f9114c11ff8
0x0000700000fcad30:   0000700000fcade0 000000010f88f904
0x0000700000fcad40:   0000000744d0a6a0 0000000744d92bb0
0x0000700000fcad50:   00007f9114c11ff0 00007f9114c12078
0x0000700000fcad60:   0000700000fcad90 000000010f881a1c
0x0000700000fcad70:   000000000000ca5c 00007f9114c12030
0x0000700000fcad80:   00007f9114c120b0 0000000744b90950
0x0000700000fcad90:   0000700000fcade0 000000010f697b33
0x0000700000fcada0:   000182810000ca5b 0000000000000000
0x0000700000fcadb0:   00000007c0e83b08 0000700000fcae08
0x0000700000fcadc0:   0000700000fcae48 00007f9114c11ff0
0x0000700000fcadd0:   000000010fc21ff9 0000000000000002
0x0000700000fcade0:   0000700000fcae80 000000010f881337
0x0000700000fcadf0:   00007f9120d040f0 000000074a06d7a0
0x0000700000fcae00:   0000700000000200 0000000744d92b98
0x0000700000fcae10:   000000074a06d7a0 00007f9114c120b0
0x0000700000fcae20:   000000010fc22249 000000074a06d7a0
0x0000700000fcae30:   0000700000000400 000000010f6591e0
0x0000700000fcae40:   000000010fc22249 00000002594a28c1
0x0000700000fcae50:   0000700000fcae80 00007f911500c000
0x0000700000fcae60:   00007f9120d040f0 000000010f9cd936
0x0000700000fcae70:   0000000000000000 0000000000000001
0x0000700000fcae80:   0000700000fcaf60 000000010f65a011
0x0000700000fcae90:   000000010fc22100 00007f911500c000 

Instructions: (pc=0x000000010f88199c)
0x000000010f88197c:   00 8a 10 84 d2 74 15 8b 7b 08 48 8d 05 4b f9 38
0x000000010f88198c:   00 8a 48 08 48 d3 e7 48 03 38 eb 04 48 8b 7b 08
0x000000010f88199c:   8b 47 08 85 c0 7e 09 a8 01 75 09 c1 e8 03 eb 45
0x000000010f8819ac:   85 c0 78 0e 48 8b 07 48 89 de ff 90 e8 00 00 00 

Register to memory mapping:

RAX=0x000000010fc112d8: _ZN8Universe13_narrow_klassE+0 in /Applications/Android Studio.app/Contents/jre/jdk/Contents/Home/jre/lib/server/libjvm.dylib at 0x000000010f400000
RBX=0x0000000744d088b0 is pointing into object: 0x0000000744d087f8
[Lorg.antlr.v4.runtime.dfa.DFAState; 
 - klass: 'org/antlr/v4/runtime/dfa/DFAState'[]
 - length: 128
RCX=0x0000000000026803 is an unknown value
RDX=0x00000000009a1101 is an unknown value
RSP=0x0000700000fcaca0 is an unknown value
RBP=0x0000700000fcacc0 is an unknown value
RSI=0x0000000744d0a7e8 is pointing into object: 0x0000000744d0a6a0
[Lorg.antlr.v4.runtime.dfa.DFAState; 
 - klass: 'org/antlr/v4/runtime/dfa/DFAState'[]
 - length: 128
RDI=0x0000000000000000 is an unknown value
R8 =0x000000000000009a is an unknown value
R9 =0x000000010fc21ffb: AssumeMP+0 in /Applications/Android Studio.app/Contents/jre/jdk/Contents/Home/jre/lib/server/libjvm.dylib at 0x000000010f400000
R10=0x000000012215c2a0 is an unknown value
R11=0x0000000000100000 is an unknown value
R12=0x0000000000000080 is an unknown value
R13=0x0000000000000080 is an unknown value
R14=0x00007f9114c11ff0 is an unknown value
R15=0x00007f9114c11ff0 is an unknown value


Stack: [0x0000700000ecb000,0x0000700000fcb000],  sp=0x0000700000fcaca0,  free space=1023k
Native frames: (J=compiled Java code, j=interpreted, Vv=VM code, C=native code)
V  [libjvm.dylib+0x48199c]
V  [libjvm.dylib+0x447f76]
V  [libjvm.dylib+0x48f904]
V  [libjvm.dylib+0x481337]
V  [libjvm.dylib+0x25a011]
V  [libjvm.dylib+0x45b9eb]
C  [libsystem_pthread.dylib+0x6109]  _pthread_start+0x94
C  [libsystem_pthread.dylib+0x1b8b]  thread_start+0xf


---------------  P R O C E S S  ---------------

Java Threads: ( => current thread )
  0x00007f911591e000 JavaThread "WorkerExecutor Queue" [_thread_blocked, id=31783, stack(0x000070000b0ae000,0x000070000b1ae000)]
  0x00007f9120a53800 JavaThread "RMI TCP Connection(573)-127.0.0.1" daemon [_thread_in_native, id=51235, stack(0x000070000afab000,0x000070000b0ab000)]
  0x00007f9115d4b800 JavaThread "RMI RenewClean-[127.0.0.1:17249,org.jetbrains.kotlin.daemon.common.LoopbackNetworkInterface$ClientLoopbackSocketFactory@53e76b24]" daemon [_thread_blocked, id=71279, stack(0x000070000a9c4000,0x000070000aac4000)]
  0x00007f9115d4b000 JavaThread "Cache worker for execution history cache (/Users/soso/AndroidStudioProjects/RealEstateManager/.gradle/6.6-rc-3/executionHistory)" [_thread_blocked, id=59479, stack(0x000070000a8c1000,0x000070000a9c1000)]
  0x00007f9122638000 JavaThread "Execution worker for ':' Thread 3" [_thread_blocked, id=54275, stack(0x000070000a793000,0x000070000a893000)]
  0x00007f9122691000 JavaThread "Execution worker for ':' Thread 2" [_thread_blocked, id=71943, stack(0x000070000a690000,0x000070000a790000)]
  0x00007f9124649800 JavaThread "Execution worker for ':'" [_thread_blocked, id=56091, stack(0x000070000a58d000,0x000070000a68d000)]
  0x00007f910f836000 JavaThread "Cache worker for file content cache (/Users/soso/AndroidStudioProjects/RealEstateManager/.gradle/6.6-rc-3/fileContent)" [_thread_blocked, id=89207, stack(0x000070000a48a000,0x000070000a58a000)]
  0x00007f91165dc000 JavaThread "jar transforms Thread 15070" [_thread_blocked, id=19063, stack(0x000070000a387000,0x000070000a487000)]
  0x00007f91165db800 JavaThread "jar transforms Thread 15069" [_thread_blocked, id=22263, stack(0x000070000a181000,0x000070000a281000)]
  0x00007f911bad1000 JavaThread "jar transforms Thread 15068" [_thread_blocked, id=80167, stack(0x000070000a07e000,0x000070000a17e000)]
  0x00007f910f835800 JavaThread "jar transforms Thread 15067" [_thread_blocked, id=45407, stack(0x0000700009f7b000,0x000070000a07b000)]
  0x00007f911a9cd800 JavaThread "jar transforms Thread 15066" [_thread_blocked, id=125495, stack(0x0000700009e78000,0x0000700009f78000)]
  0x00007f911a9cc800 JavaThread "jar transforms Thread 15065" [_thread_blocked, id=81199, stack(0x0000700009d75000,0x0000700009e75000)]
  0x00007f911a9cc000 JavaThread "jar transforms Thread 15064" [_thread_blocked, id=48995, stack(0x0000700009c72000,0x0000700009d72000)]
  0x00007f910f834800 JavaThread "jar transforms Thread 15063" [_thread_blocked, id=65759, stack(0x0000700009b6f000,0x0000700009c6f000)]
  0x00007f910f834000 JavaThread "jar transforms Thread 15062" [_thread_blocked, id=15211, stack(0x0000700009a6c000,0x0000700009b6c000)]
  0x00007f912453d800 JavaThread "jar transforms Thread 15061" [_thread_blocked, id=41451, stack(0x0000700009969000,0x0000700009a69000)]
  0x00007f912453c800 JavaThread "jar transforms Thread 15060" [_thread_blocked, id=63159, stack(0x0000700009866000,0x0000700009966000)]
  0x00007f9124121000 JavaThread "jar transforms Thread 15059" [_thread_blocked, id=27967, stack(0x0000700009763000,0x0000700009863000)]
  0x00007f9124120800 JavaThread "jar transforms Thread 15058" [_thread_blocked, id=78127, stack(0x0000700009660000,0x0000700009760000)]
  0x00007f912465a000 JavaThread "jar transforms Thread 15057" [_thread_blocked, id=73751, stack(0x000070000955d000,0x000070000965d000)]
  0x00007f9124659800 JavaThread "jar transforms Thread 15056" [_thread_blocked, id=84019, stack(0x000070000945a000,0x000070000955a000)]
  0x00007f910f833000 JavaThread "jar transforms Thread 15055" [_thread_blocked, id=126279, stack(0x0000700009357000,0x0000700009457000)]
  0x00007f91165da800 JavaThread "jar transforms Thread 15054" [_thread_blocked, id=92951, stack(0x0000700009254000,0x0000700009354000)]
  0x00007f911d720800 JavaThread "jar transforms Thread 15053" [_thread_blocked, id=92015, stack(0x0000700009151000,0x0000700009251000)]
  0x00007f91159ff800 JavaThread "jar transforms Thread 15052" [_thread_blocked, id=27223, stack(0x000070000904e000,0x000070000914e000)]
  0x00007f91165da000 JavaThread "jar transforms Thread 15051" [_thread_blocked, id=94831, stack(0x0000700008f4b000,0x000070000904b000)]
  0x00007f91159fe800 JavaThread "jar transforms Thread 15050" [_thread_blocked, id=122687, stack(0x0000700008e48000,0x0000700008f48000)]
  0x00007f91165d9000 JavaThread "jar transforms Thread 15049" [_thread_blocked, id=79531, stack(0x0000700008d45000,0x0000700008e45000)]
  0x00007f91159fe000 JavaThread "jar transforms Thread 15048" [_thread_blocked, id=28775, stack(0x0000700008c42000,0x0000700008d42000)]
  0x00007f91159fd000 JavaThread "jar transforms Thread 15047" [_thread_blocked, id=70307, stack(0x0000700008b3f000,0x0000700008c3f000)]
  0x00007f910feb7000 JavaThread "jar transforms Thread 15046" [_thread_blocked, id=63311, stack(0x0000700008a3c000,0x0000700008b3c000)]
  0x00007f910feb6000 JavaThread "jar transforms Thread 15045" [_thread_blocked, id=127267, stack(0x0000700008939000,0x0000700008a39000)]
  0x00007f911587d000 JavaThread "jar transforms Thread 15044" [_thread_blocked, id=23843, stack(0x0000700008836000,0x0000700008936000)]
  0x00007f9124307800 JavaThread "jar transforms Thread 15043" [_thread_blocked, id=48191, stack(0x0000700008733000,0x0000700008833000)]
  0x00007f911587c800 JavaThread "jar transforms Thread 15042" [_thread_blocked, id=66623, stack(0x0000700008630000,0x0000700008730000)]
  0x00007f91165d8800 JavaThread "jar transforms Thread 15041" [_thread_blocked, id=62315, stack(0x000070000852d000,0x000070000862d000)]
  0x00007f91165d7800 JavaThread "jar transforms Thread 15040" [_thread_blocked, id=37431, stack(0x000070000842a000,0x000070000852a000)]
  0x00007f9124306800 JavaThread "jar transforms Thread 15039" [_thread_blocked, id=69203, stack(0x0000700008327000,0x0000700008427000)]
  0x00007f911a642800 JavaThread "jar transforms Thread 15038" [_thread_blocked, id=78963, stack(0x0000700008224000,0x0000700008324000)]
  0x00007f91165d7000 JavaThread "jar transforms Thread 15037" [_thread_blocked, id=36711, stack(0x0000700008121000,0x0000700008221000)]
  0x00007f9120ff1000 JavaThread "jar transforms Thread 15036" [_thread_blocked, id=30623, stack(0x000070000801e000,0x000070000811e000)]
  0x00007f9120ff0000 JavaThread "jar transforms Thread 15035" [_thread_blocked, id=58607, stack(0x0000700007f1b000,0x000070000801b000)]
  0x00007f9120fef800 JavaThread "jar transforms Thread 15034" [_thread_blocked, id=97291, stack(0x0000700007e18000,0x0000700007f18000)]
  0x00007f9120fee800 JavaThread "jar transforms Thread 15033" [_thread_blocked, id=45867, stack(0x0000700007d15000,0x0000700007e15000)]
  0x00007f9120fee000 JavaThread "jar transforms Thread 15032" [_thread_blocked, id=55587, stack(0x0000700007c12000,0x0000700007d12000)]
  0x00007f911bd03800 JavaThread "jar transforms Thread 15031" [_thread_blocked, id=43955, stack(0x0000700007b0f000,0x0000700007c0f000)]
  0x00007f911a642000 JavaThread "jar transforms Thread 15030" [_thread_blocked, id=68911, stack(0x0000700007a0c000,0x0000700007b0c000)]
  0x00007f911a64e800 JavaThread "jar transforms Thread 15029" [_thread_blocked, id=54843, stack(0x0000700007909000,0x0000700007a09000)]
  0x00007f911a64d800 JavaThread "jar transforms Thread 15028" [_thread_blocked, id=57399, stack(0x0000700007806000,0x0000700007906000)]
  0x00007f9120fed000 JavaThread "jar transforms Thread 15027" [_thread_blocked, id=39995, stack(0x0000700007703000,0x0000700007803000)]
  0x00007f9120fec800 JavaThread "jar transforms Thread 15026" [_thread_blocked, id=46887, stack(0x0000700007600000,0x0000700007700000)]
  0x00007f910fc98800 JavaThread "jar transforms Thread 15025" [_thread_blocked, id=82695, stack(0x00007000074fd000,0x00007000075fd000)]
  0x00007f910fc98000 JavaThread "jar transforms Thread 15024" [_thread_blocked, id=79215, stack(0x00007000073fa000,0x00007000074fa000)]
  0x00007f911a5f8000 JavaThread "jar transforms Thread 15023" [_thread_blocked, id=97027, stack(0x00007000072f7000,0x00007000073f7000)]
  0x00007f911a5f7800 JavaThread "jar transforms Thread 15022" [_thread_blocked, id=59923, stack(0x00007000071f4000,0x00007000072f4000)]
  0x00007f9120feb800 JavaThread "jar transforms Thread 15021" [_thread_blocked, id=26679, stack(0x00007000070f1000,0x00007000071f1000)]
  0x00007f9120feb000 JavaThread "jar transforms Thread 15020" [_thread_blocked, id=77835, stack(0x0000700006fee000,0x00007000070ee000)]
  0x00007f911bc1b000 JavaThread "jar transforms Thread 15019" [_thread_blocked, id=71803, stack(0x0000700006eeb000,0x0000700006feb000)]
  0x00007f911d78b800 JavaThread "jar transforms Thread 15018" [_thread_blocked, id=46595, stack(0x0000700006de8000,0x0000700006ee8000)]
  0x00007f911d56f800 JavaThread "jar transforms Thread 15017" [_thread_blocked, id=21791, stack(0x0000700006ce5000,0x0000700006de5000)]
  0x00007f9120fea000 JavaThread "jar transforms Thread 15016" [_thread_blocked, id=45179, stack(0x0000700006be2000,0x0000700006ce2000)]
  0x00007f9116d2f000 JavaThread "jar transforms Thread 15015" [_thread_blocked, id=59259, stack(0x0000700006adf000,0x0000700006bdf000)]
  0x00007f9115078000 JavaThread "jar transforms Thread 15014" [_thread_blocked, id=57891, stack(0x00007000069dc000,0x0000700006adc000)]
  0x00007f9115161800 JavaThread "jar transforms Thread 15013" [_thread_blocked, id=63623, stack(0x00007000068d9000,0x00007000069d9000)]
  0x00007f911d341800 JavaThread "jar transforms Thread 15012" [_thread_blocked, id=70771, stack(0x00007000067d6000,0x00007000068d6000)]
  0x00007f9115744000 JavaThread "jar transforms Thread 15011" [_thread_blocked, id=88963, stack(0x00007000066d3000,0x00007000067d3000)]
  0x00007f911d364800 JavaThread "jar transforms Thread 15010" [_thread_blocked, id=49823, stack(0x00007000065d0000,0x00007000066d0000)]
  0x00007f912434b000 JavaThread "jar transforms Thread 15009" [_thread_blocked, id=47851, stack(0x00007000064cd000,0x00007000065cd000)]
  0x00007f9116d2e800 JavaThread "jar transforms Thread 15008" [_thread_blocked, id=82491, stack(0x00007000063ca000,0x00007000064ca000)]
  0x00007f91166c5000 JavaThread "jar transforms Thread 15007" [_thread_blocked, id=96407, stack(0x00007000062c7000,0x00007000063c7000)]
  0x00007f91166c4800 JavaThread "jar transforms Thread 15006" [_thread_blocked, id=28399, stack(0x00007000061c4000,0x00007000062c4000)]
  0x00007f9120a69800 JavaThread "jar transforms Thread 15005" [_thread_blocked, id=39615, stack(0x00007000060c1000,0x00007000061c1000)]
  0x00007f911a795000 JavaThread "jar transforms Thread 15004" [_thread_blocked, id=29463, stack(0x0000700005fbe000,0x00007000060be000)]
  0x00007f9120a68800 JavaThread "jar transforms Thread 15003" [_thread_blocked, id=65207, stack(0x0000700005ebb000,0x0000700005fbb000)]
  0x00007f9116878000 JavaThread "jar transforms Thread 15002" [_thread_blocked, id=48739, stack(0x0000700005db8000,0x0000700005eb8000)]
  0x00007f9116877800 JavaThread "jar transforms Thread 15001" [_thread_blocked, id=19775, stack(0x0000700005cb5000,0x0000700005db5000)]
  0x00007f9120e1e800 JavaThread "jar transforms Thread 15000" [_thread_blocked, id=74059, stack(0x0000700005bb2000,0x0000700005cb2000)]
  0x00007f9120e1d800 JavaThread "jar transforms Thread 14999" [_thread_blocked, id=50603, stack(0x0000700005aaf000,0x0000700005baf000)]
  0x00007f911d136000 JavaThread "jar transforms Thread 14998" [_thread_blocked, id=75279, stack(0x00007000059ac000,0x0000700005aac000)]
  0x00007f9116bb6000 JavaThread "jar transforms Thread 14997" [_thread_blocked, id=94479, stack(0x00007000058a9000,0x00007000059a9000)]
  0x00007f911a794800 JavaThread "jar transforms Thread 14996" [_thread_blocked, id=50227, stack(0x00007000057a6000,0x00007000058a6000)]
  0x00007f911a3ae000 JavaThread "jar transforms Thread 14995" [_thread_blocked, id=56355, stack(0x00007000056a3000,0x00007000057a3000)]
  0x00007f9116bb5800 JavaThread "jar transforms Thread 14994" [_thread_blocked, id=129543, stack(0x00007000055a0000,0x00007000056a0000)]
  0x00007f911a3ad000 JavaThread "jar transforms Thread 14993" [_thread_blocked, id=37935, stack(0x000070000549d000,0x000070000559d000)]
  0x00007f911a473000 JavaThread "jar transforms Thread 14992" [_thread_blocked, id=40363, stack(0x000070000539a000,0x000070000549a000)]
  0x00007f911a472800 JavaThread "jar transforms Thread 14991" [_thread_blocked, id=83767, stack(0x0000700005297000,0x0000700005397000)]
  0x00007f91209ae800 JavaThread "jar transforms Thread 14990" [_thread_blocked, id=122883, stack(0x0000700005194000,0x0000700005294000)]
  0x00007f910ff49800 JavaThread "jar transforms Thread 14989" [_thread_blocked, id=93219, stack(0x0000700005091000,0x0000700005191000)]
  0x00007f910ff49000 JavaThread "jar transforms Thread 14988" [_thread_blocked, id=82263, stack(0x0000700004f8e000,0x000070000508e000)]
  0x00007f9115f35800 JavaThread "jar transforms Thread 14987" [_thread_blocked, id=77319, stack(0x0000700004e8b000,0x0000700004f8b000)]
  0x00007f911517b000 JavaThread "jar transforms Thread 14986" [_thread_blocked, id=25951, stack(0x0000700004d88000,0x0000700004e88000)]
  0x00007f91153b5000 JavaThread "jar transforms Thread 14985" [_thread_blocked, id=126991, stack(0x0000700004c85000,0x0000700004d85000)]
  0x00007f911d199000 JavaThread "jar transforms Thread 14984" [_thread_blocked, id=60959, stack(0x0000700004b82000,0x0000700004c82000)]
  0x00007f911d124800 JavaThread "jar transforms Thread 14983" [_thread_blocked, id=47387, stack(0x0000700004a7f000,0x0000700004b7f000)]
  0x00007f911a59e800 JavaThread "jar transforms Thread 14982" [_thread_blocked, id=126143, stack(0x000070000497c000,0x0000700004a7c000)]
  0x00007f9115e31000 JavaThread "jar transforms Thread 14981" [_thread_blocked, id=59675, stack(0x0000700004879000,0x0000700004979000)]
  0x00007f910f88f800 JavaThread "jar transforms Thread 14980" [_thread_blocked, id=69831, stack(0x0000700004776000,0x0000700004876000)]
  0x00007f910ffa8000 JavaThread "jar transforms Thread 14979" [_thread_blocked, id=61803, stack(0x0000700004673000,0x0000700004773000)]
  0x00007f911a72e000 JavaThread "jar transforms Thread 14978" [_thread_blocked, id=33339, stack(0x0000700004570000,0x0000700004670000)]
  0x00007f910fc9b800 JavaThread "jar transforms Thread 14977" [_thread_blocked, id=33779, stack(0x000070000446d000,0x000070000456d000)]
  0x00007f91167f7800 JavaThread "jar transforms Thread 14976" [_thread_blocked, id=55907, stack(0x000070000436a000,0x000070000446a000)]
  0x00007f91208e4000 JavaThread "jar transforms Thread 14975" [_thread_blocked, id=53287, stack(0x0000700004267000,0x0000700004367000)]
  0x00007f911642c000 JavaThread "jar transforms Thread 14974" [_thread_blocked, id=46447, stack(0x0000700004164000,0x0000700004264000)]
  0x00007f911686e800 JavaThread "jar transforms Thread 14973" [_thread_blocked, id=94103, stack(0x0000700004061000,0x0000700004161000)]
  0x00007f9116441000 JavaThread "jar transforms Thread 14972" [_thread_blocked, id=85079, stack(0x0000700003f5e000,0x000070000405e000)]
  0x00007f9120a65800 JavaThread "jar transforms Thread 14971" [_thread_blocked, id=25147, stack(0x0000700003e5b000,0x0000700003f5b000)]
  0x00007f9116e39000 JavaThread "jar transforms Thread 14970" [_thread_blocked, id=64439, stack(0x0000700003d58000,0x0000700003e58000)]
  0x00007f912434a000 JavaThread "jar transforms Thread 14969" [_thread_blocked, id=49451, stack(0x0000700003c55000,0x0000700003d55000)]
  0x00007f912478e000 JavaThread "jar transforms Thread 14968" [_thread_blocked, id=32403, stack(0x0000700003b52000,0x0000700003c52000)]
  0x00007f912478d000 JavaThread "jar transforms Thread 14967" [_thread_blocked, id=85607, stack(0x0000700003a4f000,0x0000700003b4f000)]
  0x00007f91244f1800 JavaThread "jar transforms Thread 14966" [_thread_blocked, id=125239, stack(0x000070000394c000,0x0000700003a4c000)]
  0x00007f91244f1000 JavaThread "jar transforms Thread 14965" [_thread_blocked, id=122079, stack(0x0000700003849000,0x0000700003949000)]
  0x00007f912469c800 JavaThread "jar transforms Thread 14964" [_thread_blocked, id=56939, stack(0x0000700003746000,0x0000700003846000)]
  0x00007f911a08c000 JavaThread "jar transforms Thread 14963" [_thread_blocked, id=127531, stack(0x0000700003643000,0x0000700003743000)]
  0x00007f910f8e7800 JavaThread "jar transforms Thread 14962" [_thread_blocked, id=91007, stack(0x0000700003540000,0x0000700003640000)]
  0x00007f9115373800 JavaThread "jar transforms Thread 14961" [_thread_blocked, id=15767, stack(0x000070000343d000,0x000070000353d000)]
  0x00007f912469c000 JavaThread "Build operations Thread 4" [_thread_blocked, id=33163, stack(0x000070000333a000,0x000070000343a000)]
  0x00007f911a8eb000 JavaThread "Build operations Thread 3" [_thread_blocked, id=35579, stack(0x0000700003031000,0x0000700003131000)]
  0x00007f9124138000 JavaThread "Build operations Thread 2" [_thread_blocked, id=75531, stack(0x0000700002f2e000,0x000070000302e000)]
  0x00007f911a883800 JavaThread "Build operations" [_thread_blocked, id=122223, stack(0x0000700002e2b000,0x0000700002f2b000)]
  0x00007f911aea4000 JavaThread "Cache worker for Build Output Cleanup Cache (/Users/soso/AndroidStudioProjects/RealEstateManager/.gradle/buildOutputCleanup)" [_thread_blocked, id=15387, stack(0x0000700002d28000,0x0000700002e28000)]
  0x00007f911d4d3000 JavaThread "Cache worker for cache directory md-rule (/Users/soso/.gradle/caches/6.6-rc-3/md-rule)" [_thread_blocked, id=121819, stack(0x0000700002c25000,0x0000700002d25000)]
  0x00007f911aca3000 JavaThread "Cache worker for cache directory md-supplier (/Users/soso/.gradle/caches/6.6-rc-3/md-supplier)" [_thread_blocked, id=89503, stack(0x0000700002b22000,0x0000700002c22000)]
  0x00007f911d4cb800 JavaThread "Cache worker for checksums cache (/Users/soso/AndroidStudioProjects/RealEstateManager/.gradle/checksums)" [_thread_blocked, id=67691, stack(0x0000700002a1f000,0x0000700002b1f000)]
  0x00007f911d2ba000 JavaThread "Cache worker for file hash cache (/Users/soso/AndroidStudioProjects/RealEstateManager/.gradle/6.6-rc-3/fileHashes)" [_thread_blocked, id=27755, stack(0x000070000291c000,0x0000700002a1c000)]
  0x00007f9116612000 JavaThread "Thread-19720" [_thread_blocked, id=30223, stack(0x0000700002819000,0x0000700002919000)]
  0x00007f91163f2800 JavaThread "Stdin handler" [_thread_blocked, id=34903, stack(0x000070000240d000,0x000070000250d000)]
  0x00007f9116d9a000 JavaThread "Asynchronous log dispatcher for DefaultDaemonConnection: socket connection from /127.0.0.1:49760 to /127.0.0.1:59540" [_thread_blocked, id=76523, stack(0x0000700002104000,0x0000700002204000)]
  0x00007f9122326000 JavaThread "Daemon worker Thread 119" [_thread_blocked, id=78791, stack(0x0000700002001000,0x0000700002101000)]
  0x00007f912469b000 JavaThread "Cancel handler" [_thread_blocked, id=90847, stack(0x0000700001efe000,0x0000700001ffe000)]
  0x00007f9115521000 JavaThread "Handler for socket connection from /127.0.0.1:49760 to /127.0.0.1:59540" [_thread_in_native, id=123759, stack(0x0000700001dfb000,0x0000700001efb000)]
  0x00007f9116ee2000 JavaThread "Daemon Thread 119" [_thread_blocked, id=125851, stack(0x0000700001cf8000,0x0000700001df8000)]
  0x00007f9116b81800 JavaThread "RMI Reaper" [_thread_blocked, id=50935, stack(0x000070000aea8000,0x000070000afa8000)]
  0x00007f911d9dc800 JavaThread "GC Daemon" daemon [_thread_blocked, id=68615, stack(0x000070000aac7000,0x000070000abc7000)]
  0x00007f9116c62800 JavaThread "Cache worker for Java compile cache (/Users/soso/.gradle/caches/6.6-rc-3/javaCompile)" [_thread_blocked, id=95759, stack(0x0000700002207000,0x0000700002307000)]
  0x00007f911a014800 JavaThread "RMI TCP Accept-0" daemon [_thread_in_native, id=96515, stack(0x000070000bbfa000,0x000070000bcfa000)]
  0x00007f9115c7d000 JavaThread "RMI Scheduler(0)" daemon [_thread_blocked, id=95239, stack(0x000070000b8f1000,0x000070000b9f1000)]
  0x00007f91166d6000 JavaThread "process reaper" daemon [_thread_in_native, id=130055, stack(0x000070000a896000,0x000070000a8be000)]
  0x00007f911a44a000 JavaThread "MarlinRenderer Disposer" daemon [_thread_blocked, id=128775, stack(0x000070000ada5000,0x000070000aea5000)]
  0x00007f911d2a1800 JavaThread "Java2D Disposer" daemon [_thread_blocked, id=128519, stack(0x000070000aca2000,0x000070000ada2000)]
  0x00007f911dd8f000 JavaThread "AWT-AppKit" daemon [_thread_in_native, id=775, stack(0x00007ffee092e000,0x00007ffee112e000)]
  0x00007f9116a2a800 JavaThread "Memory manager" [_thread_blocked, id=87555, stack(0x000070000a284000,0x000070000a384000)]
  0x00007f911529b800 JavaThread "Cache worker for file content cache (/Users/soso/.gradle/caches/6.6-rc-3/fileContent)" [_thread_blocked, id=38403, stack(0x0000700003237000,0x0000700003337000)]
  0x00007f911d1df000 JavaThread "Cache worker for execution history cache (/Users/soso/.gradle/caches/6.6-rc-3/executionHistory)" [_thread_blocked, id=25347, stack(0x0000700003134000,0x0000700003234000)]
  0x00007f91153ff800 JavaThread "Cache worker for journal cache (/Users/soso/.gradle/caches/journal-1)" [_thread_blocked, id=41731, stack(0x0000700002716000,0x0000700002816000)]
  0x00007f9115da9800 JavaThread "File lock request listener" [_thread_in_native, id=42243, stack(0x0000700002613000,0x0000700002713000)]
  0x00007f9116c87800 JavaThread "Cache worker for file hash cache (/Users/soso/.gradle/caches/6.6-rc-3/fileHashes)" [_thread_blocked, id=23043, stack(0x0000700002510000,0x0000700002610000)]
  0x00007f91152ab000 JavaThread "Daemon periodic checks" [_thread_blocked, id=42499, stack(0x000070000230a000,0x000070000240a000)]
  0x00007f9116c77800 JavaThread "Incoming local TCP Connector on port 49760" [_thread_in_native, id=16643, stack(0x0000700001bf5000,0x0000700001cf5000)]
  0x00007f9116271800 JavaThread "Daemon health stats" [_thread_blocked, id=19211, stack(0x0000700001af2000,0x0000700001bf2000)]
  0x00007f9115819000 JavaThread "Service Thread" daemon [_thread_blocked, id=17411, stack(0x00007000018ec000,0x00007000019ec000)]
  0x00007f9116062000 JavaThread "C1 CompilerThread2" daemon [_thread_blocked, id=17923, stack(0x00007000017e9000,0x00007000018e9000)]
  0x00007f9116820800 JavaThread "C2 CompilerThread1" daemon [_thread_blocked, id=18435, stack(0x00007000016e6000,0x00007000017e6000)]
  0x00007f911502d000 JavaThread "C2 CompilerThread0" daemon [_thread_blocked, id=13571, stack(0x00007000015e3000,0x00007000016e3000)]
  0x00007f911581b800 JavaThread "Signal Dispatcher" daemon [_thread_blocked, id=13059, stack(0x00007000014e0000,0x00007000015e0000)]
  0x00007f9116025800 JavaThread "Finalizer" daemon [_thread_blocked, id=11779, stack(0x00007000012d7000,0x00007000013d7000)]
  0x00007f9116023000 JavaThread "Reference Handler" daemon [_thread_blocked, id=21507, stack(0x00007000011d4000,0x00007000012d4000)]
  0x00007f911680b800 JavaThread "main" [_thread_blocked, id=3075, stack(0x0000700000bc2000,0x0000700000cc2000)]

Other Threads:
  0x00007f9116816800 VMThread [stack: 0x00007000010d1000,0x00007000011d1000] [id=11267]
  0x00007f911581e800 WatcherThread [stack: 0x00007000019ef000,0x0000700001aef000] [id=14083]

=>0x00007f911500c000 (exited) GCTaskThread [stack: 0x0000700000ecb000,0x0000700000fcb000] [id=8451]

VM state:at safepoint (normal execution)

VM Mutex/Monitor currently owned by a thread:  ([mutex/lock_event])
[0x00007f9114c06090] Threads_lock - owner thread: 0x00007f9116816800
[0x00007f9114c06590] Heap_lock - owner thread: 0x00007f9124649800

heap address: 0x0000000740000000, size: 2048 MB, Compressed Oops mode: Zero based, Oop shift amount: 3
Narrow klass base: 0x0000000000000000, Narrow klass shift: 3
Compressed class space size: 1073741824 Address: 0x00000007c0000000

Heap:
 PSYoungGen      total 565248K, used 28748K [0x0000000795580000, 0x00000007bf500000, 0x00000007c0000000)
  eden space 439296K, 0% used [0x0000000795580000,0x0000000795580000,0x00000007b0280000)
  from space 125952K, 22% used [0x00000007b7980000,0x00000007b9593200,0x00000007bf480000)
  to   space 121856K, 0% used [0x00000007b0280000,0x00000007b0280000,0x00000007b7980000)
 ParOldGen       total 614400K, used 546760K [0x0000000740000000, 0x0000000765800000, 0x0000000795580000)
  object space 614400K, 88% used [0x0000000740000000,0x00000007615f2188,0x0000000765800000)
 Metaspace       used 784618K, capacity 801236K, committed 801448K, reserved 1755136K
  class space    used 91746K, capacity 94812K, committed 94888K, reserved 1048576K

Card table byte_map: [0x000000011f97c000,0x000000011fd7d000] byte_map_base: 0x000000011bf7c000

Marking Bits: (ParMarkBitMap*) 0x000000010fc273f8
 Begin Bits: [0x0000000120028000, 0x0000000122028000)
 End Bits:   [0x0000000122028000, 0x0000000124028000)

Polling page: 0x000000010eb62000

CodeCache: size=245760Kb used=227073Kb max_used=227111Kb free=18687Kb
 bounds [0x00000001105bc000, 0x000000011e53c000, 0x000000011f5bc000]
 total_blobs=67176 nmethods=65991 adapters=1093
 compilation: enabled

Compilation events (10 events):
Event: 41969.768 Thread 0x00007f9116820800 97729       4       com.google.wireless.android.sdk.stats.GradleBuildMemorySample$Builder::build (19 bytes)
Event: 41969.777 Thread 0x00007f9116820800 nmethod 97729 0x0000000115c144d0 code [0x0000000115c14640, 0x0000000115c14858]
Event: 41969.809 Thread 0x00007f9116820800 97730   !   4       sun.reflect.GeneratedMethodAccessor40::invoke (61 bytes)
Event: 41969.813 Thread 0x00007f9116820800 nmethod 97730 0x0000000116a21a50 code [0x0000000116a21ba0, 0x0000000116a21c98]
Event: 41970.000 Thread 0x00007f911502d000 nmethod 97727 0x000000011e524050 code [0x000000011e524680, 0x000000011e528338]
Event: 41970.310 Thread 0x00007f9116820800 97731       4       org.gradle.internal.reflect.DefaultTypeValidationContext::withoutRootType (10 bytes)
Event: 41970.317 Thread 0x00007f9116820800 nmethod 97731 0x000000011238f950 code [0x000000011238fac0, 0x000000011238fcb8]
Event: 41974.307 Thread 0x00007f911502d000 97732       4       com.sun.tools.javac.parser.JavadocTokenizer::processComment (37 bytes)
Event: 41974.314 Thread 0x00007f9116820800 97733       4       com.sun.tools.javac.parser.JavacParser::<init> (350 bytes)
Event: 41974.314 Thread 0x00007f911502d000 nmethod 97732 0x0000000113832190 code [0x0000000113832320, 0x0000000113832788]

GC Heap History (10 events):
Event: 41815.923 GC heap after
Heap after GC invocations=429 (full 29):
 PSYoungGen      total 556544K, used 8944K [0x0000000795580000, 0x00000007bfe00000, 0x00000007c0000000)
  eden space 419328K, 0% used [0x0000000795580000,0x0000000795580000,0x00000007aef00000)
  from space 137216K, 6% used [0x00000007b7800000,0x00000007b80bc090,0x00000007bfe00000)
  to   space 138752K, 0% used [0x00000007aef00000,0x00000007aef00000,0x00000007b7680000)
 ParOldGen       total 614400K, used 457898K [0x0000000740000000, 0x0000000765800000, 0x0000000795580000)
  object space 614400K, 74% used [0x0000000740000000,0x000000075bf2aa10,0x0000000765800000)
 Metaspace       used 783756K, capacity 799982K, committed 801192K, reserved 1755136K
  class space    used 91630K, capacity 94595K, committed 94888K, reserved 1048576K
}
Event: 41861.885 GC heap before
{Heap before GC invocations=430 (full 29):
 PSYoungGen      total 556544K, used 428272K [0x0000000795580000, 0x00000007bfe00000, 0x00000007c0000000)
  eden space 419328K, 100% used [0x0000000795580000,0x00000007aef00000,0x00000007aef00000)
  from space 137216K, 6% used [0x00000007b7800000,0x00000007b80bc090,0x00000007bfe00000)
  to   space 138752K, 0% used [0x00000007aef00000,0x00000007aef00000,0x00000007b7680000)
 ParOldGen       total 614400K, used 457898K [0x0000000740000000, 0x0000000765800000, 0x0000000795580000)
  object space 614400K, 74% used [0x0000000740000000,0x000000075bf2aa10,0x0000000765800000)
 Metaspace       used 783759K, capacity 799982K, committed 801192K, reserved 1755136K
  class space    used 91630K, capacity 94595K, committed 94888K, reserved 1048576K
Event: 41861.919 GC heap after
Heap after GC invocations=430 (full 29):
 PSYoungGen      total 440320K, used 20656K [0x0000000795580000, 0x00000007bf980000, 0x00000007c0000000)
  eden space 419328K, 0% used [0x0000000795580000,0x0000000795580000,0x00000007aef00000)
  from space 20992K, 98% used [0x00000007aef00000,0x00000007b032c010,0x00000007b0380000)
  to   space 134656K, 0% used [0x00000007b7600000,0x00000007b7600000,0x00000007bf980000)
 ParOldGen       total 614400K, used 457962K [0x0000000740000000, 0x0000000765800000, 0x0000000795580000)
  object space 614400K, 74% used [0x0000000740000000,0x000000075bf3aa30,0x0000000765800000)
 Metaspace       used 783759K, capacity 799982K, committed 801192K, reserved 1755136K
  class space    used 91630K, capacity 94595K, committed 94888K, reserved 1048576K
}
Event: 41865.867 GC heap before
{Heap before GC invocations=431 (full 29):
 PSYoungGen      total 440320K, used 439984K [0x0000000795580000, 0x00000007bf980000, 0x00000007c0000000)
  eden space 419328K, 100% used [0x0000000795580000,0x00000007aef00000,0x00000007aef00000)
  from space 20992K, 98% used [0x00000007aef00000,0x00000007b032c010,0x00000007b0380000)
  to   space 134656K, 0% used [0x00000007b7600000,0x00000007b7600000,0x00000007bf980000)
 ParOldGen       total 614400K, used 457962K [0x0000000740000000, 0x0000000765800000, 0x0000000795580000)
  object space 614400K, 74% used [0x0000000740000000,0x000000075bf3aa30,0x0000000765800000)
 Metaspace       used 783981K, capacity 800308K, committed 801192K, reserved 1755136K
  class space    used 91666K, capacity 94668K, committed 94888K, reserved 1048576K
Event: 41865.975 GC heap after
Heap after GC invocations=431 (full 29):
 PSYoungGen      total 563200K, used 55019K [0x0000000795580000, 0x00000007c0000000, 0x00000007c0000000)
  eden space 428544K, 0% used [0x0000000795580000,0x0000000795580000,0x00000007af800000)
  from space 134656K, 40% used [0x00000007b7600000,0x00000007babbac58,0x00000007bf980000)
  to   space 129024K, 0% used [0x00000007af800000,0x00000007af800000,0x00000007b7600000)
 ParOldGen       total 614400K, used 474877K [0x0000000740000000, 0x0000000765800000, 0x0000000795580000)
  object space 614400K, 77% used [0x0000000740000000,0x000000075cfbf470,0x0000000765800000)
 Metaspace       used 783981K, capacity 800308K, committed 801192K, reserved 1755136K
  class space    used 91666K, capacity 94668K, committed 94888K, reserved 1048576K
}
Event: 41869.969 GC heap before
{Heap before GC invocations=432 (full 29):
 PSYoungGen      total 563200K, used 483563K [0x0000000795580000, 0x00000007c0000000, 0x00000007c0000000)
  eden space 428544K, 100% used [0x0000000795580000,0x00000007af800000,0x00000007af800000)
  from space 134656K, 40% used [0x00000007b7600000,0x00000007babbac58,0x00000007bf980000)
  to   space 129024K, 0% used [0x00000007af800000,0x00000007af800000,0x00000007b7600000)
 ParOldGen       total 614400K, used 474877K [0x0000000740000000, 0x0000000765800000, 0x0000000795580000)
  object space 614400K, 77% used [0x0000000740000000,0x000000075cfbf470,0x0000000765800000)
 Metaspace       used 784013K, capacity 800314K, committed 801192K, reserved 1755136K
  class space    used 91667K, capacity 94669K, committed 94888K, reserved 1048576K
Event: 41870.158 GC heap after
Heap after GC invocations=432 (full 29):
 PSYoungGen      total 557568K, used 61878K [0x0000000795580000, 0x00000007bf480000, 0x00000007c0000000)
  eden space 428544K, 0% used [0x0000000795580000,0x0000000795580000,0x00000007af800000)
  from space 129024K, 47% used [0x00000007af800000,0x00000007b346db00,0x00000007b7600000)
  to   space 125952K, 0% used [0x00000007b7980000,0x00000007b7980000,0x00000007bf480000)
 ParOldGen       total 614400K, used 522208K [0x0000000740000000, 0x0000000765800000, 0x0000000795580000)
  object space 614400K, 84% used [0x0000000740000000,0x000000075fdf83e0,0x0000000765800000)
 Metaspace       used 784013K, capacity 800314K, committed 801192K, reserved 1755136K
  class space    used 91667K, capacity 94669K, committed 94888K, reserved 1048576K
}
Event: 41974.365 GC heap before
{Heap before GC invocations=433 (full 29):
 PSYoungGen      total 557568K, used 490422K [0x0000000795580000, 0x00000007bf480000, 0x00000007c0000000)
  eden space 428544K, 100% used [0x0000000795580000,0x00000007af800000,0x00000007af800000)
  from space 129024K, 47% used [0x00000007af800000,0x00000007b346db00,0x00000007b7600000)
  to   space 125952K, 0% used [0x00000007b7980000,0x00000007b7980000,0x00000007bf480000)
 ParOldGen       total 614400K, used 522208K [0x0000000740000000, 0x0000000765800000, 0x0000000795580000)
  object space 614400K, 84% used [0x0000000740000000,0x000000075fdf83e0,0x0000000765800000)
 Metaspace       used 784618K, capacity 801236K, committed 801448K, reserved 1755136K
  class space    used 91746K, capacity 94812K, committed 94888K, reserved 1048576K
Event: 41975.089 GC heap after
Heap after GC invocations=433 (full 29):
 PSYoungGen      total 565248K, used 28748K [0x0000000795580000, 0x00000007bf500000, 0x00000007c0000000)
  eden space 439296K, 0% used [0x0000000795580000,0x0000000795580000,0x00000007b0280000)
  from space 125952K, 22% used [0x00000007b7980000,0x00000007b9593200,0x00000007bf480000)
  to   space 121856K, 0% used [0x00000007b0280000,0x00000007b0280000,0x00000007b7980000)
 ParOldGen       total 614400K, used 546760K [0x0000000740000000, 0x0000000765800000, 0x0000000795580000)
  object space 614400K, 88% used [0x0000000740000000,0x00000007615f2188,0x0000000765800000)
 Metaspace       used 784618K, capacity 801236K, committed 801448K, reserved 1755136K
  class space    used 91746K, capacity 94812K, committed 94888K, reserved 1048576K
}
Event: 41975.089 GC heap before
{Heap before GC invocations=434 (full 30):
 PSYoungGen      total 565248K, used 28748K [0x0000000795580000, 0x00000007bf500000, 0x00000007c0000000)
  eden space 439296K, 0% used [0x0000000795580000,0x0000000795580000,0x00000007b0280000)
  from space 125952K, 22% used [0x00000007b7980000,0x00000007b9593200,0x00000007bf480000)
  to   space 121856K, 0% used [0x00000007b0280000,0x00000007b0280000,0x00000007b7980000)
 ParOldGen       total 614400K, used 546760K [0x0000000740000000, 0x0000000765800000, 0x0000000795580000)
  object space 614400K, 88% used [0x0000000740000000,0x00000007615f2188,0x0000000765800000)
 Metaspace       used 784618K, capacity 801236K, committed 801448K, reserved 1755136K
  class space    used 91746K, capacity 94812K, committed 94888K, reserved 1048576K

Deoptimization events (10 events):
Event: 41659.986 Thread 0x00007f9119614800 Uncommon trap: reason=class_check action=maybe_recompile pc=0x000000011e332d10 method=org.antlr.v4.runtime.atn.PredictionContext.merge(Lorg/antlr/v4/runtime/atn/PredictionContext;Lorg/antlr/v4/runtime/atn/PredictionContext;ZLorg/antlr/v4/runtime/misc/Doub
Event: 41659.986 Thread 0x00007f9119614800 Uncommon trap: reason=class_check action=maybe_recompile pc=0x000000011e332d10 method=org.antlr.v4.runtime.atn.PredictionContext.merge(Lorg/antlr/v4/runtime/atn/PredictionContext;Lorg/antlr/v4/runtime/atn/PredictionContext;ZLorg/antlr/v4/runtime/misc/Doub
Event: 41659.987 Thread 0x00007f9119614800 Uncommon trap: reason=class_check action=maybe_recompile pc=0x000000011e332d10 method=org.antlr.v4.runtime.atn.PredictionContext.merge(Lorg/antlr/v4/runtime/atn/PredictionContext;Lorg/antlr/v4/runtime/atn/PredictionContext;ZLorg/antlr/v4/runtime/misc/Doub
Event: 41659.987 Thread 0x00007f9119614800 Uncommon trap: reason=class_check action=maybe_recompile pc=0x000000011e332d10 method=org.antlr.v4.runtime.atn.PredictionContext.merge(Lorg/antlr/v4/runtime/atn/PredictionContext;Lorg/antlr/v4/runtime/atn/PredictionContext;ZLorg/antlr/v4/runtime/misc/Doub
Event: 41784.270 Thread 0x00007f9124120800 Uncommon trap: reason=unstable_if action=reinterpret pc=0x0000000114ab9978 method=java.util.concurrent.ConcurrentHashMap.fullAddCount(JZ)V @ 358
Event: 41799.845 Thread 0x00007f911d735000 Uncommon trap: reason=speculate_class_check action=maybe_recompile pc=0x000000011e30be20 method=org.jetbrains.kotlin.protobuf.GeneratedMessageLite$ExtendableMessage.verifyExtensionContainingType(Lorg/jetbrains/kotlin/protobuf/GeneratedMessageLite$Generate
Event: 41799.846 Thread 0x00007f911d735000 Uncommon trap: reason=speculate_class_check action=maybe_recompile pc=0x000000011e30be20 method=org.jetbrains.kotlin.protobuf.GeneratedMessageLite$ExtendableMessage.verifyExtensionContainingType(Lorg/jetbrains/kotlin/protobuf/GeneratedMessageLite$Generate
Event: 41799.846 Thread 0x00007f911d735000 Uncommon trap: reason=speculate_class_check action=maybe_recompile pc=0x000000011e30be20 method=org.jetbrains.kotlin.protobuf.GeneratedMessageLite$ExtendableMessage.verifyExtensionContainingType(Lorg/jetbrains/kotlin/protobuf/GeneratedMessageLite$Generate
Event: 41799.847 Thread 0x00007f911d735000 Uncommon trap: reason=speculate_class_check action=maybe_recompile pc=0x000000011e30be20 method=org.jetbrains.kotlin.protobuf.GeneratedMessageLite$ExtendableMessage.verifyExtensionContainingType(Lorg/jetbrains/kotlin/protobuf/GeneratedMessageLite$Generate
Event: 41810.248 Thread 0x00007f9116e39000 Uncommon trap: reason=unstable_if action=reinterpret pc=0x000000011c78419c method=java.util.concurrent.ConcurrentHashMap.computeIfAbsent(Ljava/lang/Object;Ljava/util/function/Function;)Ljava/lang/Object; @ 456

Classes redefined (0 events):
No events

Internal exceptions (10 events):
Event: 41974.200 Thread 0x00007f911591e000 Exception <a 'java/security/PrivilegedActionException'> (0x00000007addd4018) thrown at [/Volumes/Android/buildbot/src/googleplex-android/openjdk/out/hotspot/src/share/vm/prims/jvm.cpp, line 1502]
Event: 41974.200 Thread 0x00007f911591e000 Exception <a 'java/security/PrivilegedActionException'> (0x00000007addd4410) thrown at [/Volumes/Android/buildbot/src/googleplex-android/openjdk/out/hotspot/src/share/vm/prims/jvm.cpp, line 1502]
Event: 41974.200 Thread 0x00007f911591e000 Exception <a 'java/security/PrivilegedActionException'> (0x00000007addd5a38) thrown at [/Volumes/Android/buildbot/src/googleplex-android/openjdk/out/hotspot/src/share/vm/prims/jvm.cpp, line 1502]
Event: 41974.200 Thread 0x00007f911591e000 Exception <a 'java/security/PrivilegedActionException'> (0x00000007addd5e30) thrown at [/Volumes/Android/buildbot/src/googleplex-android/openjdk/out/hotspot/src/share/vm/prims/jvm.cpp, line 1502]
Event: 41974.201 Thread 0x00007f911591e000 Exception <a 'java/security/PrivilegedActionException'> (0x00000007addd72e8) thrown at [/Volumes/Android/buildbot/src/googleplex-android/openjdk/out/hotspot/src/share/vm/prims/jvm.cpp, line 1502]
Event: 41974.201 Thread 0x00007f911591e000 Exception <a 'java/security/PrivilegedActionException'> (0x00000007addd76e0) thrown at [/Volumes/Android/buildbot/src/googleplex-android/openjdk/out/hotspot/src/share/vm/prims/jvm.cpp, line 1502]
Event: 41974.201 Thread 0x00007f911591e000 Exception <a 'java/security/PrivilegedActionException'> (0x00000007addd8c30) thrown at [/Volumes/Android/buildbot/src/googleplex-android/openjdk/out/hotspot/src/share/vm/prims/jvm.cpp, line 1502]
Event: 41974.204 Thread 0x00007f911591e000 Exception <a 'java/security/PrivilegedActionException'> (0x00000007addd9028) thrown at [/Volumes/Android/buildbot/src/googleplex-android/openjdk/out/hotspot/src/share/vm/prims/jvm.cpp, line 1502]
Event: 41974.204 Thread 0x00007f911591e000 Exception <a 'java/security/PrivilegedActionException'> (0x00000007addda628) thrown at [/Volumes/Android/buildbot/src/googleplex-android/openjdk/out/hotspot/src/share/vm/prims/jvm.cpp, line 1502]
Event: 41974.204 Thread 0x00007f911591e000 Exception <a 'java/security/PrivilegedActionException'> (0x00000007adddaa20) thrown at [/Volumes/Android/buildbot/src/googleplex-android/openjdk/out/hotspot/src/share/vm/prims/jvm.cpp, line 1502]

Events (10 events):
Event: 41974.159 loading class android/databinding/tool/writer/JavaFileWriter done
Event: 41974.165 loading class android/databinding/tool/writer/AnnotationJavaFileWriter
Event: 41974.165 loading class android/databinding/tool/writer/AnnotationJavaFileWriter done
Event: 41974.221 Executing VM operation: RevokeBias
Event: 41974.222 Executing VM operation: RevokeBias done
Event: 41974.225 Executing VM operation: RevokeBias
Event: 41974.226 Executing VM operation: RevokeBias done
Event: 41974.316 Thread 0x00007f911502d000 flushing nmethod 0x00000001137ddd50
Event: 41974.317 Thread 0x00007f911502d000 flushing nmethod 0x0000000113916dd0
Event: 41974.358 Executing VM operation: ParallelGCFailedAllocation


Dynamic libraries:
0x00007fff3465f000 	/System/Library/Frameworks/Cocoa.framework/Versions/A/Cocoa
0x00007fff41e54000 	/System/Library/Frameworks/Security.framework/Versions/A/Security
0x00007fff335c4000 	/System/Library/Frameworks/ApplicationServices.framework/Versions/A/ApplicationServices
0x00007fff6e977000 	/usr/lib/libz.1.dylib
0x00007fff6c43b000 	/usr/lib/libSystem.B.dylib
0x00007fff35501000 	/System/Library/Frameworks/CoreFoundation.framework/Versions/A/CoreFoundation
0x00007fff37bbe000 	/System/Library/Frameworks/Foundation.framework/Versions/C/Foundation
0x00007fff6e29b000 	/usr/lib/libobjc.A.dylib
0x00007fff327b4000 	/System/Library/Frameworks/AppKit.framework/Versions/C/AppKit
0x00007fff34fe3000 	/System/Library/Frameworks/CoreData.framework/Versions/A/CoreData
0x00007fff66451000 	/System/Library/PrivateFrameworks/UIFoundation.framework/Versions/A/UIFoundation
0x00007fff614e5000 	/System/Library/PrivateFrameworks/RemoteViewServices.framework/Versions/A/RemoteViewServices
0x00007fff68fab000 	/System/Library/PrivateFrameworks/XCTTargetBootstrap.framework/Versions/A/XCTTargetBootstrap
0x00007fff353ce000 	/System/Library/Frameworks/CoreDisplay.framework/Versions/A/CoreDisplay
0x00007fff3aa78000 	/System/Library/Frameworks/Metal.framework/Versions/A/Metal
0x00007fff4f4e8000 	/System/Library/PrivateFrameworks/DesktopServicesPriv.framework/Versions/A/DesktopServicesPriv
0x00007fff6d576000 	/usr/lib/liblangid.dylib
0x00007fff4e77d000 	/System/Library/PrivateFrameworks/CoreSVG.framework/Versions/A/CoreSVG
0x00007fff64641000 	/System/Library/PrivateFrameworks/SkyLight.framework/Versions/A/SkyLight
0x00007fff35982000 	/System/Library/Frameworks/CoreGraphics.framework/Versions/A/CoreGraphics
0x00007fff31188000 	/System/Library/Frameworks/Accelerate.framework/Versions/A/Accelerate
0x00007fff6e868000 	/usr/lib/libxml2.2.dylib
0x00007fff5a470000 	/System/Library/PrivateFrameworks/IconServices.framework/Versions/A/IconServices
0x00007fff3839d000 	/System/Library/Frameworks/IOSurface.framework/Versions/A/IOSurface
0x00007fff6bf65000 	/usr/lib/libDiagnosticMessagesClient.dylib
0x00007fff4f342000 	/System/Library/PrivateFrameworks/DFRFoundation.framework/Versions/A/DFRFoundation
0x00007fff6d305000 	/usr/lib/libicucore.A.dylib
0x00007fff338f6000 	/System/Library/Frameworks/AudioToolbox.framework/Versions/A/AudioToolbox
0x00007fff339d9000 	/System/Library/Frameworks/AudioUnit.framework/Versions/A/AudioUnit
0x00007fff6c63d000 	/usr/lib/libauto.dylib
0x00007fff4f3e4000 	/System/Library/PrivateFrameworks/DataDetectorsCore.framework/Versions/A/DataDetectorsCore
0x00007fff34180000 	/System/Library/Frameworks/Carbon.framework/Versions/A/Frameworks/HIToolbox.framework/Versions/A/HIToolbox
0x00007fff41050000 	/System/Library/Frameworks/QuartzCore.framework/Versions/A/QuartzCore
0x00007fff344bf000 	/System/Library/Frameworks/Carbon.framework/Versions/A/Frameworks/SpeechRecognition.framework/Versions/A/SpeechRecognition
0x00007fff4ee56000 	/System/Library/PrivateFrameworks/CoreUI.framework/Versions/A/CoreUI
0x00007fff34a4e000 	/System/Library/Frameworks/CoreAudio.framework/Versions/A/CoreAudio
0x00007fff3787d000 	/System/Library/Frameworks/DiskArbitration.framework/Versions/A/DiskArbitration
0x00007fff5c4c0000 	/System/Library/PrivateFrameworks/MultitouchSupport.framework/Versions/A/MultitouchSupport
0x00007fff6d1cc000 	/usr/lib/libenergytrace.dylib
0x00007fff382f7000 	/System/Library/Frameworks/IOKit.framework/Versions/A/IOKit
0x00007fff368e9000 	/System/Library/Frameworks/CoreServices.framework/Versions/A/CoreServices
0x00007fff5e678000 	/System/Library/PrivateFrameworks/PerformanceAnalysis.framework/Versions/A/PerformanceAnalysis
0x00007fff40083000 	/System/Library/Frameworks/OpenGL.framework/Versions/A/OpenGL
0x00007fff3466d000 	/System/Library/Frameworks/ColorSync.framework/Versions/A/ColorSync
0x00007fff36005000 	/System/Library/Frameworks/CoreImage.framework/Versions/A/CoreImage
0x00007fff3735c000 	/System/Library/Frameworks/CoreText.framework/Versions/A/CoreText
0x00007fff3842d000 	/System/Library/Frameworks/ImageIO.framework/Versions/A/ImageIO
0x00007fff6c721000 	/usr/lib/libc++.1.dylib
0x00007fff6c79d000 	/usr/lib/libcompression.dylib
0x00007fff6c2a9000 	/usr/lib/libMobileGestalt.dylib
0x00007fff661bb000 	/System/Library/PrivateFrameworks/TextureIO.framework/Versions/A/TextureIO
0x00007fff6c5a0000 	/usr/lib/libate.dylib
0x00007fff5a679000 	/System/Library/PrivateFrameworks/InternationalSupport.framework/Versions/A/InternationalSupport
0x00007fff6f238000 	/usr/lib/system/libcache.dylib
0x00007fff6f23e000 	/usr/lib/system/libcommonCrypto.dylib
0x00007fff6f24a000 	/usr/lib/system/libcompiler_rt.dylib
0x00007fff6f252000 	/usr/lib/system/libcopyfile.dylib
0x00007fff6f25c000 	/usr/lib/system/libcorecrypto.dylib
0x00007fff6f3fb000 	/usr/lib/system/libdispatch.dylib
0x00007fff6f43c000 	/usr/lib/system/libdyld.dylib
0x00007fff6f473000 	/usr/lib/system/libkeymgr.dylib
0x00007fff6f481000 	/usr/lib/system/liblaunch.dylib
0x00007fff6f482000 	/usr/lib/system/libmacho.dylib
0x00007fff6f488000 	/usr/lib/system/libquarantine.dylib
0x00007fff6f48b000 	/usr/lib/system/libremovefile.dylib
0x00007fff6f48d000 	/usr/lib/system/libsystem_asl.dylib
0x00007fff6f4a5000 	/usr/lib/system/libsystem_blocks.dylib
0x00007fff6f4a6000 	/usr/lib/system/libsystem_c.dylib
0x00007fff6f52e000 	/usr/lib/system/libsystem_configuration.dylib
0x00007fff6f532000 	/usr/lib/system/libsystem_coreservices.dylib
0x00007fff6f536000 	/usr/lib/system/libsystem_darwin.dylib
0x00007fff6f53f000 	/usr/lib/system/libsystem_dnssd.dylib
0x00007fff6f547000 	/usr/lib/system/libsystem_featureflags.dylib
0x00007fff6f549000 	/usr/lib/system/libsystem_info.dylib
0x00007fff6f5c4000 	/usr/lib/system/libsystem_m.dylib
0x00007fff6f60c000 	/usr/lib/system/libsystem_malloc.dylib
0x00007fff6f634000 	/usr/lib/system/libsystem_networkextension.dylib
0x00007fff6f642000 	/usr/lib/system/libsystem_notify.dylib
0x00007fff6f660000 	/usr/lib/system/libsystem_sandbox.dylib
0x00007fff6f665000 	/usr/lib/system/libsystem_secinit.dylib
0x00007fff6f597000 	/usr/lib/system/libsystem_kernel.dylib
0x00007fff6f64c000 	/usr/lib/system/libsystem_platform.dylib
0x00007fff6f655000 	/usr/lib/system/libsystem_pthread.dylib
0x00007fff6f668000 	/usr/lib/system/libsystem_symptoms.dylib
0x00007fff6f670000 	/usr/lib/system/libsystem_trace.dylib
0x00007fff6f688000 	/usr/lib/system/libunwind.dylib
0x00007fff6f68e000 	/usr/lib/system/libxpc.dylib
0x00007fff6c774000 	/usr/lib/libc++abi.dylib
0x00007fff6d578000 	/usr/lib/liblzma.5.dylib
0x00007fff6d1f3000 	/usr/lib/libfakelink.dylib
0x00007fff6c52d000 	/usr/lib/libarchive.2.dylib
0x00007fff42f05000 	/System/Library/Frameworks/SystemConfiguration.framework/Versions/A/SystemConfiguration
0x00007fff6be98000 	/usr/lib/libCRFSuite.dylib
0x00007fff33d70000 	/System/Library/Frameworks/CFNetwork.framework/Versions/A/CFNetwork
0x00007fff6c703000 	/usr/lib/libbsm.0.dylib
0x00007fff6f474000 	/usr/lib/system/libkxld.dylib
0x00007fff48cbf000 	/System/Library/PrivateFrameworks/AppleFSCompression.framework/Versions/A/AppleFSCompression
0x00007fff6ca8e000 	/usr/lib/libcoretls.dylib
0x00007fff6caa5000 	/usr/lib/libcoretls_cfhelpers.dylib
0x00007fff6e2e1000 	/usr/lib/libpam.2.dylib
0x00007fff6e416000 	/usr/lib/libsqlite3.dylib
0x00007fff6e855000 	/usr/lib/libxar.1.dylib
0x00007fff6c714000 	/usr/lib/libbz2.1.0.dylib
0x00007fff6d214000 	/usr/lib/libiconv.2.dylib
0x00007fff6c78a000 	/usr/lib/libcharset.1.dylib
0x00007fff6dd7e000 	/usr/lib/libnetwork.dylib
0x00007fff6e2e8000 	/usr/lib/libpcap.A.dylib
0x00007fff6c4e2000 	/usr/lib/libapple_nghttp2.dylib
0x00007fff36ca0000 	/System/Library/Frameworks/CoreServices.framework/Versions/A/Frameworks/FSEvents.framework/Versions/A/FSEvents
0x00007fff36970000 	/System/Library/Frameworks/CoreServices.framework/Versions/A/Frameworks/CarbonCore.framework/Versions/A/CarbonCore
0x00007fff36ee4000 	/System/Library/Frameworks/CoreServices.framework/Versions/A/Frameworks/Metadata.framework/Versions/A/Metadata
0x00007fff36f7d000 	/System/Library/Frameworks/CoreServices.framework/Versions/A/Frameworks/OSServices.framework/Versions/A/OSServices
0x00007fff36fab000 	/System/Library/Frameworks/CoreServices.framework/Versions/A/Frameworks/SearchKit.framework/Versions/A/SearchKit
0x00007fff368ea000 	/System/Library/Frameworks/CoreServices.framework/Versions/A/Frameworks/AE.framework/Versions/A/AE
0x00007fff36ca9000 	/System/Library/Frameworks/CoreServices.framework/Versions/A/Frameworks/LaunchServices.framework/Versions/A/LaunchServices
0x00007fff36c52000 	/System/Library/Frameworks/CoreServices.framework/Versions/A/Frameworks/DictionaryServices.framework/Versions/A/DictionaryServices
0x00007fff37013000 	/System/Library/Frameworks/CoreServices.framework/Versions/A/Frameworks/SharedFileList.framework/Versions/A/SharedFileList
0x00007fff3bea2000 	/System/Library/Frameworks/NetFS.framework/Versions/A/NetFS
0x00007fff5c9f0000 	/System/Library/PrivateFrameworks/NetAuth.framework/Versions/A/NetAuth
0x00007fff69378000 	/System/Library/PrivateFrameworks/login.framework/Versions/A/Frameworks/loginsupport.framework/Versions/A/loginsupport
0x00007fff65c86000 	/System/Library/PrivateFrameworks/TCC.framework/Versions/A/TCC
0x00007fff4d8f0000 	/System/Library/PrivateFrameworks/CoreNLP.framework/Versions/A/CoreNLP
0x00007fff5beed000 	/System/Library/PrivateFrameworks/MetadataUtilities.framework/Versions/A/MetadataUtilities
0x00007fff6d650000 	/usr/lib/libmecabra.dylib
0x00007fff6d5a8000 	/usr/lib/libmecab.dylib
0x00007fff6d204000 	/usr/lib/libgermantok.dylib
0x00007fff6c4c9000 	/usr/lib/libThaiTokenizer.dylib
0x00007fff6becf000 	/usr/lib/libChineseTokenizer.dylib
0x00007fff311a0000 	/System/Library/Frameworks/Accelerate.framework/Versions/A/Frameworks/vImage.framework/Versions/A/vImage
0x00007fff3260a000 	/System/Library/Frameworks/Accelerate.framework/Versions/A/Frameworks/vecLib.framework/Versions/A/vecLib
0x00007fff32547000 	/System/Library/Frameworks/Accelerate.framework/Versions/A/Frameworks/vecLib.framework/Versions/A/libvMisc.dylib
0x00007fff3236f000 	/System/Library/Frameworks/Accelerate.framework/Versions/A/Frameworks/vecLib.framework/Versions/A/libvDSP.dylib
0x00007fff317f7000 	/System/Library/Frameworks/Accelerate.framework/Versions/A/Frameworks/vecLib.framework/Versions/A/libBLAS.dylib
0x00007fff31f33000 	/System/Library/Frameworks/Accelerate.framework/Versions/A/Frameworks/vecLib.framework/Versions/A/libLAPACK.dylib
0x00007fff322cf000 	/System/Library/Frameworks/Accelerate.framework/Versions/A/Frameworks/vecLib.framework/Versions/A/libLinearAlgebra.dylib
0x00007fff3235c000 	/System/Library/Frameworks/Accelerate.framework/Versions/A/Frameworks/vecLib.framework/Versions/A/libSparseBLAS.dylib
0x00007fff322e5000 	/System/Library/Frameworks/Accelerate.framework/Versions/A/Frameworks/vecLib.framework/Versions/A/libQuadrature.dylib
0x00007fff31a5f000 	/System/Library/Frameworks/Accelerate.framework/Versions/A/Frameworks/vecLib.framework/Versions/A/libBNNS.dylib
0x00007fff322eb000 	/System/Library/Frameworks/Accelerate.framework/Versions/A/Frameworks/vecLib.framework/Versions/A/libSparse.dylib
0x00007fff5aa61000 	/System/Library/PrivateFrameworks/LanguageModeling.framework/Versions/A/LanguageModeling
0x00007fff4d2a0000 	/System/Library/PrivateFrameworks/CoreEmoji.framework/Versions/A/CoreEmoji
0x00007fff5ab7f000 	/System/Library/PrivateFrameworks/LinguisticData.framework/Versions/A/LinguisticData
0x00007fff5ab30000 	/System/Library/PrivateFrameworks/Lexicon.framework/Versions/A/Lexicon
0x00007fff6c78b000 	/usr/lib/libcmph.dylib
0x00007fff3ea91000 	/System/Library/Frameworks/OpenDirectory.framework/Versions/A/Frameworks/CFOpenDirectory.framework/Versions/A/CFOpenDirectory
0x00007fff3eaae000 	/System/Library/Frameworks/OpenDirectory.framework/Versions/A/OpenDirectory
0x00007fff46eef000 	/System/Library/PrivateFrameworks/APFS.framework/Versions/A/APFS
0x00007fff4219e000 	/System/Library/Frameworks/SecurityFoundation.framework/Versions/A/SecurityFoundation
0x00007fff6e851000 	/usr/lib/libutil.dylib
0x00007fff4e7d5000 	/System/Library/PrivateFrameworks/CoreServicesStore.framework/Versions/A/CoreServicesStore
0x00007fff42255000 	/System/Library/Frameworks/ServiceManagement.framework/Versions/A/ServiceManagement
0x00007fff4a48f000 	/System/Library/PrivateFrameworks/BackgroundTaskManagement.framework/Versions/A/BackgroundTaskManagement
0x00007fff6e94e000 	/usr/lib/libxslt.1.dylib
0x00007fff49332000 	/System/Library/PrivateFrameworks/AppleSystemInfo.framework/Versions/A/AppleSystemInfo
0x00007fff38648000 	/System/Library/Frameworks/ImageIO.framework/Versions/A/Resources/libJPEG.dylib
0x00007fff38906000 	/System/Library/Frameworks/ImageIO.framework/Versions/A/Resources/libTIFF.dylib
0x00007fff388e9000 	/System/Library/Frameworks/ImageIO.framework/Versions/A/Resources/libPng.dylib
0x00007fff3858a000 	/System/Library/Frameworks/ImageIO.framework/Versions/A/Resources/libGIF.dylib
0x00007fff3858e000 	/System/Library/Frameworks/ImageIO.framework/Versions/A/Resources/libJP2.dylib
0x00007fff38904000 	/System/Library/Frameworks/ImageIO.framework/Versions/A/Resources/libRadiance.dylib
0x00007fff6d1cd000 	/usr/lib/libexpat.1.dylib
0x00007fff48e1a000 	/System/Library/PrivateFrameworks/AppleJPEG.framework/Versions/A/AppleJPEG
0x00007fff51ad5000 	/System/Library/PrivateFrameworks/FontServices.framework/libFontParser.dylib
0x00007fff6837a000 	/System/Library/PrivateFrameworks/WatchdogClient.framework/Versions/A/WatchdogClient
0x00007fff5a0bc000 	/System/Library/PrivateFrameworks/IOAccelerator.framework/Versions/A/IOAccelerator
0x00007fff3ae13000 	/System/Library/Frameworks/MetalPerformanceShaders.framework/Versions/A/MetalPerformanceShaders
0x00007fff56852000 	/System/Library/PrivateFrameworks/GPUWrangler.framework/Versions/A/GPUWrangler
0x00007fff5a0d1000 	/System/Library/PrivateFrameworks/IOPresentment.framework/Versions/A/IOPresentment
0x00007fff4f355000 	/System/Library/PrivateFrameworks/DSExternalDisplay.framework/Versions/A/DSExternalDisplay
0x00007fff3f422000 	/System/Library/Frameworks/OpenGL.framework/Versions/A/Libraries/libCoreFSCache.dylib
0x00007fff3ab5f000 	/System/Library/Frameworks/MetalPerformanceShaders.framework/Frameworks/MPSCore.framework/Versions/A/MPSCore
0x00007fff3ab9d000 	/System/Library/Frameworks/MetalPerformanceShaders.framework/Frameworks/MPSImage.framework/Versions/A/MPSImage
0x00007fff3ac64000 	/System/Library/Frameworks/MetalPerformanceShaders.framework/Frameworks/MPSNeuralNetwork.framework/Versions/A/MPSNeuralNetwork
0x00007fff3ac28000 	/System/Library/Frameworks/MetalPerformanceShaders.framework/Frameworks/MPSMatrix.framework/Versions/A/MPSMatrix
0x00007fff3adc3000 	/System/Library/Frameworks/MetalPerformanceShaders.framework/Frameworks/MPSRayIntersector.framework/Versions/A/MPSRayIntersector
0x00007fff3ac4e000 	/System/Library/Frameworks/MetalPerformanceShaders.framework/Frameworks/MPSNDArray.framework/Versions/A/MPSNDArray
0x00007fff5bf3a000 	/System/Library/PrivateFrameworks/MetalTools.framework/Versions/A/MetalTools
0x00007fff480c9000 	/System/Library/PrivateFrameworks/AggregateDictionary.framework/Versions/A/AggregateDictionary
0x00007fff4cce8000 	/System/Library/PrivateFrameworks/CoreAnalytics.framework/Versions/A/CoreAnalytics
0x00007fff49251000 	/System/Library/PrivateFrameworks/AppleSauce.framework/Versions/A/AppleSauce
0x00007fff6c18b000 	/usr/lib/libIOReport.dylib
0x00007fff37514000 	/System/Library/Frameworks/CoreVideo.framework/Versions/A/CoreVideo
0x00007fff57ccb000 	/System/Library/PrivateFrameworks/GraphVisualizer.framework/Versions/A/GraphVisualizer
0x00007fff5101b000 	/System/Library/PrivateFrameworks/FaceCore.framework/Versions/A/FaceCore
0x00007fff3ea38000 	/System/Library/Frameworks/OpenCL.framework/Versions/A/OpenCL
0x00007fff6bfad000 	/usr/lib/libFosl_dynamic.dylib
0x00007fff5d410000 	/System/Library/PrivateFrameworks/OTSVG.framework/Versions/A/OTSVG
0x00007fff336c9000 	/System/Library/Frameworks/ApplicationServices.framework/Versions/A/Frameworks/ATS.framework/Versions/A/Resources/libFontRegistry.dylib
0x00007fff51ca6000 	/System/Library/PrivateFrameworks/FontServices.framework/libhvf.dylib
0x00007fff3f42d000 	/System/Library/Frameworks/OpenGL.framework/Versions/A/Libraries/libGFXShared.dylib
0x00007fff3f60b000 	/System/Library/Frameworks/OpenGL.framework/Versions/A/Libraries/libGLU.dylib
0x00007fff3f436000 	/System/Library/Frameworks/OpenGL.framework/Versions/A/Libraries/libGL.dylib
0x00007fff3f441000 	/System/Library/Frameworks/OpenGL.framework/Versions/A/Libraries/libGLImage.dylib
0x00007fff3f41f000 	/System/Library/Frameworks/OpenGL.framework/Versions/A/Libraries/libCVMSPluginSupport.dylib
0x00007fff3f428000 	/System/Library/Frameworks/OpenGL.framework/Versions/A/Libraries/libCoreVMClient.dylib
0x00007fff6dc1f000 	/usr/lib/libncurses.5.4.dylib
0x00007fff335c5000 	/System/Library/Frameworks/ApplicationServices.framework/Versions/A/Frameworks/ATS.framework/Versions/A/ATS
0x00007fff33792000 	/System/Library/Frameworks/ApplicationServices.framework/Versions/A/Frameworks/ColorSyncLegacy.framework/Versions/A/ColorSyncLegacy
0x00007fff33830000 	/System/Library/Frameworks/ApplicationServices.framework/Versions/A/Frameworks/HIServices.framework/Versions/A/HIServices
0x00007fff33888000 	/System/Library/Frameworks/ApplicationServices.framework/Versions/A/Frameworks/LangAnalysis.framework/Versions/A/LangAnalysis
0x00007fff33897000 	/System/Library/Frameworks/ApplicationServices.framework/Versions/A/Frameworks/PrintCore.framework/Versions/A/PrintCore
0x00007fff338dd000 	/System/Library/Frameworks/ApplicationServices.framework/Versions/A/Frameworks/QD.framework/Versions/A/QD
0x00007fff338e8000 	/System/Library/Frameworks/ApplicationServices.framework/Versions/A/Frameworks/SpeechSynthesis.framework/Versions/A/SpeechSynthesis
0x00007fff33762000 	/System/Library/Frameworks/ApplicationServices.framework/Versions/A/Frameworks/ATSUI.framework/Versions/A/ATSUI
0x00007fff6d063000 	/usr/lib/libcups.2.dylib
0x00007fff39eae000 	/System/Library/Frameworks/Kerberos.framework/Versions/A/Kerberos
0x00007fff37ff0000 	/System/Library/Frameworks/GSS.framework/Versions/A/GSS
0x00007fff6e3a2000 	/usr/lib/libresolv.9.dylib
0x00007fff57e78000 	/System/Library/PrivateFrameworks/Heimdal.framework/Versions/A/Heimdal
0x00007fff39ec1000 	/System/Library/Frameworks/Kerberos.framework/Versions/A/Libraries/libHeimdalProxy.dylib
0x00007fff6d20a000 	/usr/lib/libheimdal-asn1.dylib
0x00007fff4c180000 	/System/Library/PrivateFrameworks/CommonAuth.framework/Versions/A/CommonAuth
0x00007fff493cf000 	/System/Library/PrivateFrameworks/AssertionServices.framework/Versions/A/AssertionServices
0x00007fff49f72000 	/System/Library/PrivateFrameworks/AudioToolboxCore.framework/Versions/A/AudioToolboxCore
0x00007fff69028000 	/System/Library/PrivateFrameworks/caulk.framework/Versions/A/caulk
0x00007fff4a53b000 	/System/Library/PrivateFrameworks/BaseBoard.framework/Versions/A/BaseBoard
0x00007fff61673000 	/System/Library/PrivateFrameworks/RunningBoardServices.framework/Versions/A/RunningBoardServices
0x00007fff5e684000 	/System/Library/PrivateFrameworks/PersistentConnection.framework/Versions/A/PersistentConnection
0x00007fff6106c000 	/System/Library/PrivateFrameworks/ProtocolBuffer.framework/Versions/A/ProtocolBuffer
0x00007fff4c1a4000 	/System/Library/PrivateFrameworks/CommonUtilities.framework/Versions/A/CommonUtilities
0x00007fff4a6c9000 	/System/Library/PrivateFrameworks/Bom.framework/Versions/A/Bom
0x00007fff6be5e000 	/usr/lib/libAudioToolboxUtility.dylib
0x00007fff4a499000 	/System/Library/PrivateFrameworks/Backup.framework/Versions/A/Backup
0x00007fff4f276000 	/System/Library/PrivateFrameworks/CrashReporterSupport.framework/Versions/A/CrashReporterSupport
0x00007fff63105000 	/System/Library/PrivateFrameworks/Sharing.framework/Versions/A/Sharing
0x00007fff489dd000 	/System/Library/PrivateFrameworks/Apple80211.framework/Versions/A/Apple80211
0x00007fff4a1b6000 	/System/Library/PrivateFrameworks/AuthKit.framework/Versions/A/AuthKit
0x00007fff4ef83000 	/System/Library/PrivateFrameworks/CoreUtils.framework/Versions/A/CoreUtils
0x00007fff37559000 	/System/Library/Frameworks/CoreWLAN.framework/Versions/A/CoreWLAN
0x00007fff3817d000 	/System/Library/Frameworks/IOBluetooth.framework/Versions/A/IOBluetooth
0x00007fff5c23f000 	/System/Library/PrivateFrameworks/MobileKeyBag.framework/Versions/A/MobileKeyBag
0x00007fff4dd88000 	/System/Library/PrivateFrameworks/CorePhoneNumbers.framework/Versions/A/CorePhoneNumbers
0x00007fff48dcd000 	/System/Library/PrivateFrameworks/AppleIDAuthSupport.framework/Versions/A/AppleIDAuthSupport
0x00007fff3beaf000 	/System/Library/Frameworks/Network.framework/Versions/A/Network
0x00007fff5a90d000 	/System/Library/PrivateFrameworks/KeychainCircle.framework/Versions/A/KeychainCircle
0x00007fff34faa000 	/System/Library/Frameworks/CoreBluetooth.framework/Versions/A/CoreBluetooth
0x00007fff65184000 	/System/Library/PrivateFrameworks/SpeechRecognitionCore.framework/Versions/A/SpeechRecognitionCore
0x000000010f400000 	/Applications/Android Studio.app/Contents/jre/jdk/Contents/Home/jre/lib/server/libjvm.dylib
0x00007fff6e724000 	/usr/lib/libstdc++.6.dylib
0x000000010eb06000 	/Applications/Android Studio.app/Contents/jre/jdk/Contents/Home/jre/lib/libverify.dylib
0x000000010eb18000 	/Applications/Android Studio.app/Contents/jre/jdk/Contents/Home/jre/lib/libjava.dylib
0x000000010ebac000 	/Applications/Android Studio.app/Contents/jre/jdk/Contents/Home/jre/lib/libzip.dylib
0x000000012678c000 	/Applications/Android Studio.app/Contents/jre/jdk/Contents/Home/jre/lib/libnio.dylib
0x00000001267a7000 	/Applications/Android Studio.app/Contents/jre/jdk/Contents/Home/jre/lib/libnet.dylib
0x0000000126cf2000 	/Users/soso/.gradle/native/9f2fa17c089eee584f3420100432f77ec4c098959e4bf121a4d6054c26537dfb/osx-amd64/libnative-platform.dylib
0x000000012703b000 	/Applications/Android Studio.app/Contents/jre/jdk/Contents/Home/jre/lib/libmanagement.dylib
0x0000000127653000 	/Users/soso/.gradle/native/9f2fa17c089eee584f3420100432f77ec4c098959e4bf121a4d6054c26537dfb/osx-amd64/libnative-platform-file-events.dylib
0x000000012c792000 	/Applications/Android Studio.app/Contents/jre/jdk/Contents/Home/jre/lib/libawt.dylib
0x000000012c853000 	/Applications/Android Studio.app/Contents/jre/jdk/Contents/Home/jre/lib/libmlib_image.dylib
0x00007fff39e98000 	/System/Library/Frameworks/JavaVM.framework/Versions/A/Frameworks/JavaNativeFoundation.framework/Versions/A/JavaNativeFoundation
0x00007fff39ea1000 	/System/Library/Frameworks/JavaVM.framework/Versions/A/Frameworks/JavaRuntimeSupport.framework/Versions/A/JavaRuntimeSupport
0x00007fff39ea9000 	/System/Library/Frameworks/JavaVM.framework/Versions/A/JavaVM
0x00007fff5a724000 	/System/Library/PrivateFrameworks/JavaLaunching.framework/Versions/A/JavaLaunching
0x00007fff3417b000 	/System/Library/Frameworks/Carbon.framework/Versions/A/Carbon
0x00007fff4ed28000 	/System/Library/PrivateFrameworks/CoreSymbolication.framework/Versions/A/CoreSymbolication
0x00007fff3417c000 	/System/Library/Frameworks/Carbon.framework/Versions/A/Frameworks/CommonPanels.framework/Versions/A/CommonPanels
0x00007fff34475000 	/System/Library/Frameworks/Carbon.framework/Versions/A/Frameworks/Help.framework/Versions/A/Help
0x00007fff34479000 	/System/Library/Frameworks/Carbon.framework/Versions/A/Frameworks/ImageCapture.framework/Versions/A/ImageCapture
0x00007fff34480000 	/System/Library/Frameworks/Carbon.framework/Versions/A/Frameworks/OpenScripting.framework/Versions/A/OpenScripting
0x00007fff3447f000 	/System/Library/Frameworks/Carbon.framework/Versions/A/Frameworks/Ink.framework/Versions/A/Ink
0x00007fff344bb000 	/System/Library/Frameworks/Carbon.framework/Versions/A/Frameworks/Print.framework/Versions/A/Print
0x00007fff344bc000 	/System/Library/Frameworks/Carbon.framework/Versions/A/Frameworks/SecurityHI.framework/Versions/A/SecurityHI
0x00007fff4f4aa000 	/System/Library/PrivateFrameworks/DebugSymbols.framework/Versions/A/DebugSymbols
0x000000012c919000 	/Applications/Android Studio.app/Contents/jre/jdk/Contents/Home/jre/lib/libawt_lwawt.dylib
0x000000012ca08000 	/Applications/Android Studio.app/Contents/jre/jdk/Contents/Home/jre/lib/libosxapp.dylib
0x00007fff37a59000 	/System/Library/Frameworks/ExceptionHandling.framework/Versions/A/ExceptionHandling
0x000000012d230000 	/private/var/folders/nk/77tzydc5271b4jt6909jb9m80000gn/T/native-platform2625540316305355141dir/libnative-platform.dylib
0x000000012eaf7000 	/private/var/folders/nk/77tzydc5271b4jt6909jb9m80000gn/T/room-52bb7c5d-0014-4243-a69a-e1c4c00ae00b/sqlite-3.25.2-85782df4-f402-490e-933b-16ee61acc646-libsqlitejdbc.jnilib
0x0000000130089000 	/private/var/folders/nk/77tzydc5271b4jt6909jb9m80000gn/T/room-3fff1b9e-6e04-412d-9f4b-b8316524ec95/sqlite-3.25.2-9827e68e-415a-4be8-be33-3c5131bfc0c4-libsqlitejdbc.jnilib
0x0000000130e19000 	/private/var/folders/nk/77tzydc5271b4jt6909jb9m80000gn/T/room-2949b31d-475e-47f6-bcd2-269dfc9fc136/sqlite-3.25.2-61cbd5ae-18de-4c94-974d-bb5e7ed844f1-libsqlitejdbc.jnilib
0x0000000131baa000 	/private/var/folders/nk/77tzydc5271b4jt6909jb9m80000gn/T/room-d366d2c0-5089-4d01-9a83-4dab9cbb530c/sqlite-3.25.2-9b06e1e3-9f47-4565-a44f-00e8e6ab2f0a-libsqlitejdbc.jnilib
0x000000013293a000 	/private/var/folders/nk/77tzydc5271b4jt6909jb9m80000gn/T/room-61bbefd2-5595-4ffb-b03d-6402cc4dc4e6/sqlite-3.25.2-501d9ba1-85d8-4740-a1f9-ec56818072f4-libsqlitejdbc.jnilib
0x00000001334ca000 	/private/var/folders/nk/77tzydc5271b4jt6909jb9m80000gn/T/room-645811de-d3ca-48c3-89cb-0a3f1d25fb73/sqlite-3.25.2-4315716f-690d-4cb4-aa4d-4d710095ee38-libsqlitejdbc.jnilib
0x000000013405a000 	/private/var/folders/nk/77tzydc5271b4jt6909jb9m80000gn/T/room-e56300a5-b8ea-45fe-a7a6-59ce5ba8df4c/sqlite-3.25.2-e166c1d5-0f54-4d27-8dd9-a8f5dadb0233-libsqlitejdbc.jnilib
0x0000000134dea000 	/private/var/folders/nk/77tzydc5271b4jt6909jb9m80000gn/T/room-f36413de-4c46-4021-b764-59edb3612738/sqlite-3.25.2-24ea538a-1025-44c0-b03e-eec34438f11f-libsqlitejdbc.jnilib
0x000000013597a000 	/private/var/folders/nk/77tzydc5271b4jt6909jb9m80000gn/T/room-e0ec76fb-4c11-4877-9198-8d2d6435d99f/sqlite-3.25.2-520e577b-0c59-4c16-bea3-3e4ecbc87e2d-libsqlitejdbc.jnilib
0x000000013650a000 	/private/var/folders/nk/77tzydc5271b4jt6909jb9m80000gn/T/room-2790d733-d9f3-4fb1-a955-6500f43ebe79/sqlite-3.25.2-87370896-d805-4f36-a136-4771b994c4eb-libsqlitejdbc.jnilib
0x000000013709a000 	/private/var/folders/nk/77tzydc5271b4jt6909jb9m80000gn/T/room-e65ec047-bd17-4b40-bbf8-7503d705cc64/sqlite-3.25.2-9248d82d-7953-423a-b657-f2c1f52acc3d-libsqlitejdbc.jnilib
0x0000000137e2a000 	/private/var/folders/nk/77tzydc5271b4jt6909jb9m80000gn/T/room-9db1b1c4-674a-4f3b-a9da-cd5818229295/sqlite-3.25.2-d8713cf3-bc3c-4eb5-9ba4-3b05cc8e8d4f-libsqlitejdbc.jnilib
0x00000001387ba000 	/private/var/folders/nk/77tzydc5271b4jt6909jb9m80000gn/T/room-08554dcf-f9fe-4f81-a4b1-4785e81eed5e/sqlite-3.25.2-f8fd63d7-0e92-4dc1-954b-63feaa3491b3-libsqlitejdbc.jnilib
0x000000013934a000 	/private/var/folders/nk/77tzydc5271b4jt6909jb9m80000gn/T/room-df297f98-e292-4ea5-b994-3a59cf2430e6/sqlite-3.25.2-d9cc37b7-2913-41d4-9492-9a416903a333-libsqlitejdbc.jnilib
0x000000013a0da000 	/private/var/folders/nk/77tzydc5271b4jt6909jb9m80000gn/T/room-661a1bbb-1dd2-41f7-ba4e-43c78b8edffd/sqlite-3.25.2-9916e407-3925-43de-989b-79e057d81824-libsqlitejdbc.jnilib
0x000000013ac6a000 	/private/var/folders/nk/77tzydc5271b4jt6909jb9m80000gn/T/room-e48e2db3-6bff-4833-b6ea-6f27993b0d94/sqlite-3.25.2-a570e74b-4158-4287-b1d2-123dba038363-libsqlitejdbc.jnilib
0x000000013b7fb000 	/private/var/folders/nk/77tzydc5271b4jt6909jb9m80000gn/T/room-3f50a543-6c4a-42a0-bc88-ceb6d2320f7f/sqlite-3.25.2-e9711439-dfa5-4982-b49a-57ccee418d72-libsqlitejdbc.jnilib
0x000000013c38b000 	/private/var/folders/nk/77tzydc5271b4jt6909jb9m80000gn/T/room-ee77559f-8d12-4dfa-8e4d-64ab4525481f/sqlite-3.25.2-566540e1-b635-4c86-aca7-5a09c88b55e3-libsqlitejdbc.jnilib
0x000000013cf1b000 	/private/var/folders/nk/77tzydc5271b4jt6909jb9m80000gn/T/room-71348f9e-9f1f-4d4c-9603-0c7fc6723c16/sqlite-3.25.2-cce5388e-4983-45ea-bb5e-31de2192a249-libsqlitejdbc.jnilib
0x000000013daab000 	/private/var/folders/nk/77tzydc5271b4jt6909jb9m80000gn/T/room-4c5bf068-d1d1-4240-a287-c421530bc783/sqlite-3.25.2-be9a8722-5faa-423e-91c1-67756e098e83-libsqlitejdbc.jnilib
0x000000013e63b000 	/private/var/folders/nk/77tzydc5271b4jt6909jb9m80000gn/T/room-b9d1a91b-c80e-46b2-ae08-12b8f6866c7f/sqlite-3.25.2-3e211226-116d-4028-99ee-c4afb8886069-libsqlitejdbc.jnilib
0x000000013f1cb000 	/private/var/folders/nk/77tzydc5271b4jt6909jb9m80000gn/T/room-865a8d80-0232-4047-8cde-7c2102900cf9/sqlite-3.25.2-ecabadbe-f96b-4649-b7e4-98816a7e4f1a-libsqlitejdbc.jnilib
0x000000013fd5b000 	/private/var/folders/nk/77tzydc5271b4jt6909jb9m80000gn/T/room-6b99021c-7599-4bba-8d0a-9661293736cb/sqlite-3.25.2-6777e6fd-77de-4d2b-b683-56374653c419-libsqlitejdbc.jnilib
0x00000001408eb000 	/private/var/folders/nk/77tzydc5271b4jt6909jb9m80000gn/T/room-2d2bd83e-9121-4b41-8af4-77f78476c176/sqlite-3.25.2-068a55d5-4ac5-48a0-bea6-4aace926d059-libsqlitejdbc.jnilib
0x000000014147b000 	/private/var/folders/nk/77tzydc5271b4jt6909jb9m80000gn/T/room-888e4746-937f-47c9-8e40-862439feb8b4/sqlite-3.25.2-5eb68e72-a6da-4c97-9cae-36adc0427a7d-libsqlitejdbc.jnilib
0x000000014200b000 	/private/var/folders/nk/77tzydc5271b4jt6909jb9m80000gn/T/room-ccb75675-4d94-4229-aa1b-0c430fe14f80/sqlite-3.25.2-a20379fd-692b-4791-bd77-02b86311a372-libsqlitejdbc.jnilib
0x0000000142b9b000 	/private/var/folders/nk/77tzydc5271b4jt6909jb9m80000gn/T/room-4b4925ae-4703-431a-9b53-bb5be455893a/sqlite-3.25.2-041efe0b-1049-4468-a579-08e9875982cd-libsqlitejdbc.jnilib
0x000000014372b000 	/private/var/folders/nk/77tzydc5271b4jt6909jb9m80000gn/T/room-61ba043c-b05b-4fc5-99b2-aa09bd71e565/sqlite-3.25.2-51e16f8e-fd64-4633-bfef-f551f7e84b5c-libsqlitejdbc.jnilib
0x00000001442bb000 	/private/var/folders/nk/77tzydc5271b4jt6909jb9m80000gn/T/room-38db706c-ece0-4ae3-89a1-2df159204caa/sqlite-3.25.2-157eb385-34f8-4ed0-8034-e845696bfddb-libsqlitejdbc.jnilib
0x0000000144e4b000 	/private/var/folders/nk/77tzydc5271b4jt6909jb9m80000gn/T/room-3fa3824f-8792-420b-956f-2dcc476662b8/sqlite-3.25.2-4f6e1e98-f809-47f1-8ede-3b7cb846dc6e-libsqlitejdbc.jnilib
0x00000001457db000 	/private/var/folders/nk/77tzydc5271b4jt6909jb9m80000gn/T/room-868fe9c7-29e5-47f9-a409-5ac3539dddc3/sqlite-3.25.2-4aabf3c1-28d1-4f84-a1a1-00d37997a582-libsqlitejdbc.jnilib
0x000000014656b000 	/private/var/folders/nk/77tzydc5271b4jt6909jb9m80000gn/T/room-6112f033-bf40-488f-8f16-ba2d1cc28ea1/sqlite-3.25.2-1be4b93e-7576-4739-a7e9-9d41666f1f24-libsqlitejdbc.jnilib
0x0000000146efb000 	/private/var/folders/nk/77tzydc5271b4jt6909jb9m80000gn/T/room-899c0b19-e2f5-4b25-af00-f565dac528dc/sqlite-3.25.2-34610f0d-c0b9-4d68-92a6-9d3d16e4b2e0-libsqlitejdbc.jnilib
0x00000001492d2000 	/private/var/folders/nk/77tzydc5271b4jt6909jb9m80000gn/T/room-fb57d047-7315-4dbb-aabb-ef489b30bc40/sqlite-3.25.2-3243b392-19b6-48a3-b87d-c73956e9c3a1-libsqlitejdbc.jnilib
0x0000000149e62000 	/private/var/folders/nk/77tzydc5271b4jt6909jb9m80000gn/T/room-1f9f2c32-90dd-4bef-84b5-768082e4e160/sqlite-3.25.2-8de0e485-4849-4902-adcd-17387a384f25-libsqlitejdbc.jnilib
0x000000014a9f2000 	/private/var/folders/nk/77tzydc5271b4jt6909jb9m80000gn/T/room-a9a91583-8e23-4bdf-be7a-0f57ea2c5107/sqlite-3.25.2-6228e0de-879e-4eab-9e6a-54b0f2447b46-libsqlitejdbc.jnilib
0x0000000147e9e000 	/private/var/folders/nk/77tzydc5271b4jt6909jb9m80000gn/T/room-70402664-ce87-4e6b-9450-11c98aa81646/sqlite-3.25.2-35692fdc-8b7e-4f49-842e-99aac03de5df-libsqlitejdbc.jnilib
0x000000014b582000 	/private/var/folders/nk/77tzydc5271b4jt6909jb9m80000gn/T/room-7cf71e4a-3d85-401c-836f-3399a4a1ec74/sqlite-3.25.2-00c5129f-efd6-478d-96b7-e834c77c24ba-libsqlitejdbc.jnilib
0x000000014c112000 	/private/var/folders/nk/77tzydc5271b4jt6909jb9m80000gn/T/room-83484ee3-2fac-4f28-af6f-bb31a3ba21e7/sqlite-3.25.2-5cf5a630-aff9-40de-b97e-8a18c0f44749-libsqlitejdbc.jnilib
0x000000014cca2000 	/private/var/folders/nk/77tzydc5271b4jt6909jb9m80000gn/T/room-470d063d-18fa-41f5-b1e6-2589ba363145/sqlite-3.25.2-8b54d98f-af0f-4904-9edc-86ce66ee4c58-libsqlitejdbc.jnilib
0x000000014d832000 	/private/var/folders/nk/77tzydc5271b4jt6909jb9m80000gn/T/room-dc914c7e-8edf-4ff5-be75-dd14af80e0ad/sqlite-3.25.2-0288ea82-24ba-4a79-bbc0-50447104490a-libsqlitejdbc.jnilib
0x000000014e3c2000 	/private/var/folders/nk/77tzydc5271b4jt6909jb9m80000gn/T/room-32b13f25-0917-467e-85fc-ca897bf1541c/sqlite-3.25.2-2bee6d45-7876-41bd-ab3e-345f7b238b5b-libsqlitejdbc.jnilib
0x000000014830e000 	/Applications/Android Studio.app/Contents/jre/jdk/Contents/Home/jre/lib/libsunec.dylib
0x000000014f152000 	/private/var/folders/nk/77tzydc5271b4jt6909jb9m80000gn/T/room-efc1dd91-fd35-4540-8493-a8c9c47f5239/sqlite-3.25.2-da9a0a91-91ef-40e5-949d-213f650d132e-libsqlitejdbc.jnilib
0x000000012dbf2000 	/Users/soso/Library/Caches/AndroidStudio4.0/tmp/jna4634952126466355676.tmp
0x0000000153604000 	/private/var/folders/nk/77tzydc5271b4jt6909jb9m80000gn/T/room-e4268462-4c04-4284-90de-7900134801e8/sqlite-3.25.2-89561355-2b0d-4f59-882b-4dc81949794f-libsqlitejdbc.jnilib
0x0000000153d94000 	/private/var/folders/nk/77tzydc5271b4jt6909jb9m80000gn/T/room-fb507040-ed45-46e0-b875-26980526ef1c/sqlite-3.25.2-8f54091f-bc05-4647-a06c-5790453d07e4-libsqlitejdbc.jnilib
0x0000000154d24000 	/private/var/folders/nk/77tzydc5271b4jt6909jb9m80000gn/T/room-2d469c44-2fb0-41fb-8a6c-ccfaca2806cb/sqlite-3.25.2-22a3fcd5-5e3f-4172-8de5-3fac12ce571b-libsqlitejdbc.jnilib
0x00000001554b4000 	/private/var/folders/nk/77tzydc5271b4jt6909jb9m80000gn/T/room-7621329e-78a8-4053-b1aa-ecededd1834d/sqlite-3.25.2-b452b353-2d55-411c-88e4-bb76daefef5b-libsqlitejdbc.jnilib
0x0000000156844000 	/private/var/folders/nk/77tzydc5271b4jt6909jb9m80000gn/T/room-8d904026-79c1-43bf-85ff-faaae51781b9/sqlite-3.25.2-8d34b61b-cd4e-4e35-b792-672e8d166da0-libsqlitejdbc.jnilib
0x0000000156dd4000 	/private/var/folders/nk/77tzydc5271b4jt6909jb9m80000gn/T/room-ebbd8b58-290d-4e56-8788-c170d989be1c/sqlite-3.25.2-838e3e02-8567-453a-9277-33c0c7c39c27-libsqlitejdbc.jnilib
0x0000000157d64000 	/private/var/folders/nk/77tzydc5271b4jt6909jb9m80000gn/T/room-5831e5de-5572-44a3-bafa-c208beee546a/sqlite-3.25.2-b1dd4567-fee8-40b0-b94b-22e167c8b8a7-libsqlitejdbc.jnilib
0x00000001588f4000 	/private/var/folders/nk/77tzydc5271b4jt6909jb9m80000gn/T/room-aef75c23-c9fa-4490-811c-346618c5d8cc/sqlite-3.25.2-8b94e1eb-610a-4a83-b189-af88407cf9c0-libsqlitejdbc.jnilib

VM Arguments:
jvm_args: -Xmx2048m -Dfile.encoding=UTF-8 -Duser.country=FR -Duser.language=fr -Duser.variant 
java_command: org.gradle.launcher.daemon.bootstrap.GradleDaemon 6.6-rc-3
java_class_path (initial): /Users/soso/.gradle/wrapper/dists/gradle-6.6-rc-3-all/6ukb1n1ggnj6c428kebua5eks/gradle-6.6-rc-3/lib/gradle-launcher-6.6.jar
Launcher Type: SUN_STANDARD

Environment Variables:
PATH=/usr/local/bin:/usr/bin:/bin:/usr/sbin:/sbin
SHELL=/bin/zsh

Signal Handlers:
SIGSEGV: [libjvm.dylib+0x565c43], sa_mask[0]=11111111011111110111111111111111, sa_flags=SA_ONSTACK|SA_RESTART|SA_SIGINFO
SIGBUS: [libjvm.dylib+0x565c43], sa_mask[0]=11111111011111110111111111111111, sa_flags=SA_RESTART|SA_SIGINFO
SIGFPE: [libjvm.dylib+0x45dd9d], sa_mask[0]=11111111011111110111111111111111, sa_flags=SA_RESTART|SA_SIGINFO
SIGPIPE: [libjvm.dylib+0x45dd9d], sa_mask[0]=11111111011111110111111111111111, sa_flags=SA_RESTART|SA_SIGINFO
SIGXFSZ: [libjvm.dylib+0x45dd9d], sa_mask[0]=11111111011111110111111111111111, sa_flags=SA_RESTART|SA_SIGINFO
SIGILL: [libjvm.dylib+0x45dd9d], sa_mask[0]=11111111011111110111111111111111, sa_flags=SA_RESTART|SA_SIGINFO
SIGUSR1: SIG_DFL, sa_mask[0]=00000000000000000000000000000000, sa_flags=none
SIGUSR2: [libjvm.dylib+0x45e69c], sa_mask[0]=00100000000000000000000000000000, sa_flags=SA_RESTART|SA_SIGINFO
SIGHUP: [libjvm.dylib+0x45c8c1], sa_mask[0]=11111111011111110111111111111111, sa_flags=SA_RESTART|SA_SIGINFO
SIGINT: [libjvm.dylib+0x45c8c1], sa_mask[0]=11111111011111110111111111111111, sa_flags=SA_RESTART|SA_SIGINFO
SIGTERM: [libjvm.dylib+0x45c8c1], sa_mask[0]=11111111011111110111111111111111, sa_flags=SA_RESTART|SA_SIGINFO
SIGQUIT: [libjvm.dylib+0x45c8c1], sa_mask[0]=11111111011111110111111111111111, sa_flags=SA_RESTART|SA_SIGINFO


---------------  S Y S T E M  ---------------

OS:Bsduname:Darwin 19.6.0 Darwin Kernel Version 19.6.0: Sun Jul  5 00:43:10 PDT 2020; root:xnu-6153.141.1~9/RELEASE_X86_64 x86_64
rlimit: STACK 8192k, CORE 0k, NPROC 1392, NOFILE 10240, AS infinity
load average:3.67 5.58 6.19

CPU:total 4 (initial active 4) (2 cores per cpu, 2 threads per core) family 6 model 61 stepping 4, cmov, cx8, fxsr, mmx, sse, sse2, sse3, ssse3, sse4.1, sse4.2, popcnt, avx, avx2, aes, clmul, erms, 3dnowpref, lzcnt, ht, tsc, tscinvbit, bmi1, bmi2, adx

Memory: 4k page, physical 8388608k(22356k free)

/proc/meminfo:


vm_info: OpenJDK 64-Bit Server VM (25.242-b3-6222593) for bsd-amd64 JRE (1.8.0_242-release-1644-b3-6222593), built by "android-build" with gcc 4.2.1 Compatible Android (5484270 based on r353983c) Clang 9.0.3 (https://android.googlesource.com/toolchain/clang 745b335211bb9eadfa6aa6301f84715cee4b37c5) (https://android.googlesource.com/toolchain/llvm 60cf23e54e46c807513f7a36d0a7b777920b5881)

time: Sun Sep 20 13:18:33 2020
timezone: CEST
elapsed time: 41975 seconds (0d 11h 39m 35s)

