#
# A fatal error has been detected by the Java Runtime Environment:
#
#  SIGSEGV (0xb) at pc=0x000000010f17e99c, pid=15437, tid=0x0000000000005303
#
# JRE version: OpenJDK Runtime Environment (8.0_242) (build 1.8.0_242-release-1644-b3-6222593)
# Java VM: OpenJDK 64-Bit Server VM (25.242-b3-6222593 mixed mode bsd-amd64 compressed oops)
# Problematic frame:
# V  [libjvm.dylib+0x48199c]
#
# Failed to write core dump. Core dumps have been disabled. To enable core dumping, try "ulimit -c unlimited" before starting Java again
#
# If you would like to submit a bug report, please visit:
#   http://bugreport.java.com/bugreport/crash.jsp
#

---------------  T H R E A D  ---------------

Current thread (0x00007fc262021000):  VMThread [stack: 0x000070000a77d000,0x000070000a87d000] [id=21251]

siginfo: si_signo: 11 (SIGSEGV), si_code: 1 (SEGV_MAPERR), si_addr: 0x0000000000000070

Registers:
RAX=0x000000010f50e2d8, RBX=0x0000000746e47820, RCX=0x0000000000037203, RDX=0x0000000000dc8f01
RSP=0x000070000a87c520, RBP=0x000070000a87c540, RSI=0x000000074665e648, RDI=0x0000000000000068
R8 =0x00000000000000dc, R9 =0x000000010f51effb, R10=0x00000001217da1e0, R11=0x0000000000080000
R12=0x000000074665ec70, R13=0x00007fc260e188f0, R14=0x00007fc260e188f0, R15=0x00007fc260e188f8
RIP=0x000000010f17e99c, EFLAGS=0x0000000000010202, ERR=0x0000000000000004
  TRAPNO=0x000000000000000e

Top of Stack: (sp=0x000070000a87c520)
0x000070000a87c520:   0000000000000076 000000074665e648
0x000070000a87c530:   000000010f50e2d8 00007fc260e188f8
0x000070000a87c540:   000070000a87c5f0 000000010f18ca5a
0x000070000a87c550:   0000000746e657d0 0000000000002f5e
0x000070000a87c560:   000000074665ac60 00007fc260e18978
0x000070000a87c570:   000000074665ac60 0000000000000e00
0x000070000a87c580:   000000074665ac60 00007fc260e18930
0x000070000a87c590:   00007fc260e189b0 0000000746e657d0
0x000070000a87c5a0:   ffffffffffffffff 0000000000001000
0x000070000a87c5b0:   000002b600000000 0000000000000006
0x000070000a87c5c0:   0000700000000e00 0000000000000000
0x000070000a87c5d0:   0000000000000000 0000000000000000
0x000070000a87c5e0:   000000010f51eff8 000070000a87c628
0x000070000a87c5f0:   000070000a87c6b0 000000010f19e40e
0x000070000a87c600:   00007fc260d0a500 00007fc251dcd400
0x000070000a87c610:   00007fc251dcf210 00007fc251dd53e8
0x000070000a87c620:   00000000000083b0 00007fc260e17dd8
0x000070000a87c630:   000000074f05bcd0 000000074f05bcb8
0x000070000a87c640:   0000000000000000 000000074f05bcd0
0x000070000a87c650:   000000074f05bcb8 000000074f05bcc4
0x000070000a87c660:   000000074f103040 000070000a87c888
0x000070000a87c670:   000000010f524570 000070000a87c8a0
0x000070000a87c680:   000000010f524570 0000000000000003
0x000070000a87c690:   000070000a87c888 00007fc260e17dd8
0x000070000a87c6a0:   000070000a87c8a0 0000000000000e40
0x000070000a87c6b0:   000070000a87c740 000000010f19d869
0x000070000a87c6c0:   000000010f524478 000000000000006b
0x000070000a87c6d0:   000070000a87c710 000000010ef57265
0x000070000a87c6e0:   000000010f4eb348 00007fc260e17c60
0x000070000a87c6f0:   0000700000000000 000070000a87c888
0x000070000a87c700:   0000000000000000 000000010f524570
0x000070000a87c710:   00007fc260e17d90 0000000000000000 

Instructions: (pc=0x000000010f17e99c)
0x000000010f17e97c:   00 8a 10 84 d2 74 15 8b 7b 08 48 8d 05 4b f9 38
0x000000010f17e98c:   00 8a 48 08 48 d3 e7 48 03 38 eb 04 48 8b 7b 08
0x000000010f17e99c:   8b 47 08 85 c0 7e 09 a8 01 75 09 c1 e8 03 eb 45
0x000000010f17e9ac:   85 c0 78 0e 48 8b 07 48 89 de ff 90 e8 00 00 00 

Register to memory mapping:

RAX=0x000000010f50e2d8: _ZN8Universe13_narrow_klassE+0 in /Applications/Android Studio.app/Contents/jre/jdk/Contents/Home/jre/lib/server/libjvm.dylib at 0x000000010ecfd000
RBX=0x0000000746e47820 is pointing into object: 0x0000000746e477f0
[C 
 - klass: {type array char}
 - length: 18
RCX=0x0000000000037203 is an unknown value
RDX=0x0000000000dc8f01 is an unknown value
RSP=0x000070000a87c520 is an unknown value
RBP=0x000070000a87c540 is an unknown value
RSI=0x000000074665e648 is pointing into object: 0x000000074665ac60
[Lcom.sun.tools.javac.file.ZipFileIndex$Entry; 
 - klass: 'com/sun/tools/javac/file/ZipFileIndex$Entry'[]
 - length: 12126
RDI=0x0000000000000068 is an unknown value
R8 =0x00000000000000dc is an unknown value
R9 =0x000000010f51effb: AssumeMP+0 in /Applications/Android Studio.app/Contents/jre/jdk/Contents/Home/jre/lib/server/libjvm.dylib at 0x000000010ecfd000
R10=0x00000001217da1e0 is an unknown value
R11=0x0000000000080000 is an unknown value
R12=0x000000074665ec70 is pointing into object: 0x000000074665ac60
[Lcom.sun.tools.javac.file.ZipFileIndex$Entry; 
 - klass: 'com/sun/tools/javac/file/ZipFileIndex$Entry'[]
 - length: 12126
R13=0x00007fc260e188f0 is an unknown value
R14=0x00007fc260e188f0 is an unknown value
R15=0x00007fc260e188f8 is an unknown value


Stack: [0x000070000a77d000,0x000070000a87d000],  sp=0x000070000a87c520,  free space=1021k
Native frames: (J=compiled Java code, j=interpreted, Vv=VM code, C=native code)
V  [libjvm.dylib+0x48199c]
V  [libjvm.dylib+0x48fa5a]
V  [libjvm.dylib+0x4a140e]
V  [libjvm.dylib+0x4a0869]
V  [libjvm.dylib+0x4a04ed]
V  [libjvm.dylib+0x497590]
V  [libjvm.dylib+0x496b9a]
V  [libjvm.dylib+0x49ae13]
V  [libjvm.dylib+0x47049d]
V  [libjvm.dylib+0x566721]
V  [libjvm.dylib+0x576260]
V  [libjvm.dylib+0x575c39]
V  [libjvm.dylib+0x575681]
V  [libjvm.dylib+0x5754bd]
V  [libjvm.dylib+0x45b9eb]
C  [libsystem_pthread.dylib+0x6109]  _pthread_start+0x94
C  [libsystem_pthread.dylib+0x1b8b]  thread_start+0xf

VM_Operation (0x0000700013c34f10): ParallelGCFailedAllocation, mode: safepoint, requested by thread 0x00007fc262083000


---------------  P R O C E S S  ---------------

Java Threads: ( => current thread )
  0x00007fc262f0f000 JavaThread "Cache worker for execution history cache (/Users/soso/AndroidStudioProjects/RealEstateManager/.gradle/6.6-rc-3/executionHistory)" [_thread_blocked, id=50463, stack(0x0000700014451000,0x0000700014551000)]
  0x00007fc262fb8000 JavaThread "Execution worker for ':' Thread 3" [_thread_blocked, id=58723, stack(0x0000700014045000,0x0000700014145000)]
  0x00007fc262f2a800 JavaThread "Execution worker for ':' Thread 2" [_thread_blocked, id=41735, stack(0x0000700013e3f000,0x0000700013f3f000)]
  0x00007fc262b2a800 JavaThread "Execution worker for ':'" [_thread_blocked, id=79175, stack(0x0000700013d3c000,0x0000700013e3c000)]
  0x00007fc269c92000 JavaThread "Cache worker for file content cache (/Users/soso/AndroidStudioProjects/RealEstateManager/.gradle/6.6-rc-3/fileContent)" [_thread_blocked, id=93447, stack(0x0000700013c39000,0x0000700013d39000)]
  0x00007fc262083000 JavaThread "Build operations Thread 4" [_thread_blocked, id=89239, stack(0x0000700013b36000,0x0000700013c36000)]
  0x00007fc26245f800 JavaThread "Build operations Thread 3" [_thread_blocked, id=35167, stack(0x000070000c9e6000,0x000070000cae6000)]
  0x00007fc262300000 JavaThread "Build operations Thread 2" [_thread_blocked, id=16155, stack(0x000070000c6dd000,0x000070000c7dd000)]
  0x00007fc268882800 JavaThread "Build operations" [_thread_blocked, id=47215, stack(0x000070000c5da000,0x000070000c6da000)]
  0x00007fc262d62800 JavaThread "Cache worker for Build Output Cleanup Cache (/Users/soso/AndroidStudioProjects/RealEstateManager/.gradle/buildOutputCleanup)" [_thread_blocked, id=46751, stack(0x000070000c4d7000,0x000070000c5d7000)]
  0x00007fc262fd8000 JavaThread "Cache worker for cache directory md-rule (/Users/soso/.gradle/caches/6.6-rc-3/md-rule)" [_thread_blocked, id=55471, stack(0x000070000c3d4000,0x000070000c4d4000)]
  0x00007fc26df86800 JavaThread "Cache worker for cache directory md-supplier (/Users/soso/.gradle/caches/6.6-rc-3/md-supplier)" [_thread_blocked, id=59555, stack(0x000070000c2d1000,0x000070000c3d1000)]
  0x00007fc2617ef000 JavaThread "Cache worker for checksums cache (/Users/soso/AndroidStudioProjects/RealEstateManager/.gradle/checksums)" [_thread_blocked, id=123243, stack(0x000070000c1ce000,0x000070000c2ce000)]
  0x00007fc2626dc000 JavaThread "Cache worker for file hash cache (/Users/soso/AndroidStudioProjects/RealEstateManager/.gradle/6.6-rc-3/fileHashes)" [_thread_blocked, id=62279, stack(0x000070000c0cb000,0x000070000c1cb000)]
  0x00007fc251fcd000 JavaThread "Thread-4585" [_thread_blocked, id=63507, stack(0x000070000bfc8000,0x000070000c0c8000)]
  0x00007fc26df56000 JavaThread "Stdin handler" [_thread_blocked, id=82595, stack(0x000070000bec5000,0x000070000bfc5000)]
  0x00007fc26135f800 JavaThread "Asynchronous log dispatcher for DefaultDaemonConnection: socket connection from /127.0.0.1:65424 to /127.0.0.1:56410" [_thread_blocked, id=29027, stack(0x000070000bab9000,0x000070000bbb9000)]
  0x00007fc251fcc800 JavaThread "Cancel handler" [_thread_blocked, id=91667, stack(0x000070000b8b3000,0x000070000b9b3000)]
  0x00007fc251fcb800 JavaThread "Handler for socket connection from /127.0.0.1:65424 to /127.0.0.1:56410" [_thread_in_native, id=11571, stack(0x000070000b6ad000,0x000070000b7ad000)]
  0x00007fc261b7a000 JavaThread "RMI TCP Connection(117)-127.0.0.1" daemon [_thread_in_native, id=75599, stack(0x000070000b5aa000,0x000070000b6aa000)]
  0x00007fc26d5bd000 JavaThread "RMI TCP Connection(idle)" daemon [_thread_blocked, id=60855, stack(0x0000700014f72000,0x0000700015072000)]
  0x00007fc262253000 JavaThread "RMI RenewClean-[127.0.0.1:17057,org.jetbrains.kotlin.daemon.common.LoopbackNetworkInterface$ClientLoopbackSocketFactory@59263f0a]" daemon [_thread_blocked, id=97079, stack(0x0000700014b66000,0x0000700014c66000)]
  0x00007fc26dc86800 JavaThread "RMI TCP Connection(idle)" daemon [_thread_blocked, id=124567, stack(0x0000700015178000,0x0000700015278000)]
  0x00007fc26dc86000 JavaThread "RMI TCP Connection(idle)" daemon [_thread_blocked, id=72319, stack(0x0000700015075000,0x0000700015175000)]
  0x00007fc251bdd800 JavaThread "process reaper" daemon [_thread_blocked, id=44299, stack(0x000070000ab34000,0x000070000ab5c000)]
  0x00007fc2689fc800 JavaThread "process reaper" daemon [_thread_blocked, id=36723, stack(0x000070000ab09000,0x000070000ab31000)]
  0x00007fc266a50000 JavaThread "jar transforms Thread 3410" [_thread_blocked, id=37499, stack(0x0000700013a33000,0x0000700013b33000)]
  0x00007fc26213c000 JavaThread "jar transforms Thread 3409" [_thread_blocked, id=74623, stack(0x000070001382d000,0x000070001392d000)]
  0x00007fc26d1b3800 JavaThread "jar transforms Thread 3408" [_thread_blocked, id=40707, stack(0x000070001372a000,0x000070001382a000)]
  0x00007fc2621bc000 JavaThread "jar transforms Thread 3407" [_thread_blocked, id=59783, stack(0x0000700013627000,0x0000700013727000)]
  0x00007fc26258c800 JavaThread "jar transforms Thread 3406" [_thread_blocked, id=70791, stack(0x0000700013524000,0x0000700013624000)]
  0x00007fc26db8e800 JavaThread "jar transforms Thread 3405" [_thread_blocked, id=124687, stack(0x0000700013421000,0x0000700013521000)]
  0x00007fc268afd000 JavaThread "jar transforms Thread 3404" [_thread_blocked, id=121379, stack(0x000070001331e000,0x000070001341e000)]
  0x00007fc268afc000 JavaThread "jar transforms Thread 3403" [_thread_blocked, id=124931, stack(0x000070001321b000,0x000070001331b000)]
  0x00007fc262fe5000 JavaThread "jar transforms Thread 3402" [_thread_blocked, id=31107, stack(0x0000700013118000,0x0000700013218000)]
  0x00007fc262fe4800 JavaThread "jar transforms Thread 3401" [_thread_blocked, id=87047, stack(0x0000700013015000,0x0000700013115000)]
  0x00007fc266a4f000 JavaThread "jar transforms Thread 3400" [_thread_blocked, id=57991, stack(0x0000700012f12000,0x0000700013012000)]
  0x00007fc266a4e800 JavaThread "jar transforms Thread 3399" [_thread_blocked, id=54927, stack(0x0000700012e0f000,0x0000700012f0f000)]
  0x00007fc266a4d800 JavaThread "jar transforms Thread 3398" [_thread_blocked, id=77999, stack(0x0000700012d0c000,0x0000700012e0c000)]
  0x00007fc266a4d000 JavaThread "jar transforms Thread 3397" [_thread_blocked, id=78863, stack(0x0000700012c09000,0x0000700012d09000)]
  0x00007fc266a4c000 JavaThread "jar transforms Thread 3396" [_thread_blocked, id=93267, stack(0x0000700012b06000,0x0000700012c06000)]
  0x00007fc266b61800 JavaThread "jar transforms Thread 3395" [_thread_blocked, id=31239, stack(0x0000700012a03000,0x0000700012b03000)]
  0x00007fc266b60800 JavaThread "jar transforms Thread 3394" [_thread_blocked, id=94051, stack(0x0000700012900000,0x0000700012a00000)]
  0x00007fc266d95800 JavaThread "jar transforms Thread 3393" [_thread_blocked, id=37763, stack(0x00007000127fd000,0x00007000128fd000)]
  0x00007fc266d95000 JavaThread "jar transforms Thread 3392" [_thread_blocked, id=56187, stack(0x00007000126fa000,0x00007000127fa000)]
  0x00007fc251ce0800 JavaThread "jar transforms Thread 3391" [_thread_blocked, id=45675, stack(0x00007000125f7000,0x00007000126f7000)]
  0x00007fc266ff9800 JavaThread "jar transforms Thread 3390" [_thread_blocked, id=90371, stack(0x00007000124f4000,0x00007000125f4000)]
  0x00007fc26d1bb800 JavaThread "jar transforms Thread 3389" [_thread_blocked, id=11795, stack(0x00007000123f1000,0x00007000124f1000)]
  0x00007fc2611e6800 JavaThread "jar transforms Thread 3388" [_thread_blocked, id=32127, stack(0x00007000122ee000,0x00007000123ee000)]
  0x00007fc267add800 JavaThread "jar transforms Thread 3387" [_thread_blocked, id=32599, stack(0x00007000121eb000,0x00007000122eb000)]
  0x00007fc2624d5000 JavaThread "jar transforms Thread 3386" [_thread_blocked, id=91987, stack(0x00007000120e8000,0x00007000121e8000)]
  0x00007fc26bba5000 JavaThread "jar transforms Thread 3385" [_thread_blocked, id=65295, stack(0x0000700011fe5000,0x00007000120e5000)]
  0x00007fc261990000 JavaThread "jar transforms Thread 3384" [_thread_blocked, id=74827, stack(0x0000700011ee2000,0x0000700011fe2000)]
  0x00007fc26bf9c000 JavaThread "jar transforms Thread 3383" [_thread_blocked, id=85583, stack(0x0000700011ddf000,0x0000700011edf000)]
  0x00007fc2618b4800 JavaThread "jar transforms Thread 3382" [_thread_blocked, id=23179, stack(0x0000700011cdc000,0x0000700011ddc000)]
  0x00007fc266b6c000 JavaThread "jar transforms Thread 3381" [_thread_blocked, id=16935, stack(0x0000700011bd9000,0x0000700011cd9000)]
  0x00007fc266c4e000 JavaThread "jar transforms Thread 3380" [_thread_blocked, id=40079, stack(0x0000700011ad6000,0x0000700011bd6000)]
  0x00007fc266c57800 JavaThread "jar transforms Thread 3379" [_thread_blocked, id=95851, stack(0x00007000119d3000,0x0000700011ad3000)]
  0x00007fc266af2800 JavaThread "jar transforms Thread 3378" [_thread_blocked, id=47675, stack(0x00007000118d0000,0x00007000119d0000)]
  0x00007fc266a79000 JavaThread "jar transforms Thread 3377" [_thread_blocked, id=78459, stack(0x00007000117cd000,0x00007000118cd000)]
  0x00007fc261e72000 JavaThread "jar transforms Thread 3376" [_thread_blocked, id=34115, stack(0x00007000116ca000,0x00007000117ca000)]
  0x00007fc26bcf9800 JavaThread "jar transforms Thread 3375" [_thread_blocked, id=127299, stack(0x00007000115c7000,0x00007000116c7000)]
  0x00007fc2613de800 JavaThread "jar transforms Thread 3374" [_thread_blocked, id=60931, stack(0x00007000114c4000,0x00007000115c4000)]
  0x00007fc2622d9800 JavaThread "jar transforms Thread 3373" [_thread_blocked, id=127611, stack(0x00007000113c1000,0x00007000114c1000)]
  0x00007fc2625e5000 JavaThread "jar transforms Thread 3372" [_thread_blocked, id=125559, stack(0x00007000112be000,0x00007000113be000)]
  0x00007fc26207e000 JavaThread "jar transforms Thread 3371" [_thread_blocked, id=54399, stack(0x00007000111bb000,0x00007000112bb000)]
  0x00007fc26bf3c800 JavaThread "jar transforms Thread 3370" [_thread_blocked, id=93803, stack(0x00007000110b8000,0x00007000111b8000)]
  0x00007fc26276c800 JavaThread "jar transforms Thread 3369" [_thread_blocked, id=126779, stack(0x0000700010fb5000,0x00007000110b5000)]
  0x00007fc261f0b800 JavaThread "jar transforms Thread 3368" [_thread_blocked, id=36927, stack(0x0000700010eb2000,0x0000700010fb2000)]
  0x00007fc26bef2000 JavaThread "jar transforms Thread 3367" [_thread_blocked, id=53007, stack(0x0000700010daf000,0x0000700010eaf000)]
  0x00007fc26d1b2000 JavaThread "jar transforms Thread 3366" [_thread_blocked, id=94499, stack(0x0000700010cac000,0x0000700010dac000)]
  0x00007fc26d4b3800 JavaThread "jar transforms Thread 3365" [_thread_blocked, id=128335, stack(0x0000700010ba9000,0x0000700010ca9000)]
  0x00007fc26bb0e800 JavaThread "jar transforms Thread 3364" [_thread_blocked, id=76935, stack(0x0000700010aa6000,0x0000700010ba6000)]
  0x00007fc2618e8000 JavaThread "jar transforms Thread 3363" [_thread_blocked, id=57427, stack(0x00007000109a3000,0x0000700010aa3000)]
  0x00007fc26bf9d800 JavaThread "jar transforms Thread 3362" [_thread_blocked, id=38927, stack(0x00007000108a0000,0x00007000109a0000)]
  0x00007fc26bfff000 JavaThread "jar transforms Thread 3361" [_thread_blocked, id=95583, stack(0x000070001079d000,0x000070001089d000)]
  0x00007fc26ba0e000 JavaThread "jar transforms Thread 3360" [_thread_blocked, id=77199, stack(0x000070001069a000,0x000070001079a000)]
  0x00007fc26bade000 JavaThread "jar transforms Thread 3359" [_thread_blocked, id=29815, stack(0x0000700010597000,0x0000700010697000)]
  0x00007fc261dc5800 JavaThread "jar transforms Thread 3358" [_thread_blocked, id=82055, stack(0x0000700010494000,0x0000700010594000)]
  0x00007fc26dd59800 JavaThread "jar transforms Thread 3357" [_thread_blocked, id=96563, stack(0x0000700010391000,0x0000700010491000)]
  0x00007fc26dd58800 JavaThread "jar transforms Thread 3356" [_thread_blocked, id=24411, stack(0x000070001028e000,0x000070001038e000)]
  0x00007fc268886800 JavaThread "jar transforms Thread 3355" [_thread_blocked, id=60179, stack(0x000070001018b000,0x000070001028b000)]
  0x00007fc268885800 JavaThread "jar transforms Thread 3354" [_thread_blocked, id=129643, stack(0x0000700010088000,0x0000700010188000)]
  0x00007fc268d15800 JavaThread "jar transforms Thread 3353" [_thread_blocked, id=89875, stack(0x000070000ff85000,0x0000700010085000)]
  0x00007fc268d15000 JavaThread "jar transforms Thread 3352" [_thread_blocked, id=67975, stack(0x000070000fe82000,0x000070000ff82000)]
  0x00007fc266d15000 JavaThread "jar transforms Thread 3351" [_thread_blocked, id=72571, stack(0x000070000fd7f000,0x000070000fe7f000)]
  0x00007fc266f8b000 JavaThread "jar transforms Thread 3350" [_thread_blocked, id=33403, stack(0x000070000fc7c000,0x000070000fd7c000)]
  0x00007fc2669b9800 JavaThread "jar transforms Thread 3349" [_thread_blocked, id=43027, stack(0x000070000fb79000,0x000070000fc79000)]
  0x00007fc262d91800 JavaThread "jar transforms Thread 3348" [_thread_blocked, id=59971, stack(0x000070000fa76000,0x000070000fb76000)]
  0x00007fc262d90800 JavaThread "jar transforms Thread 3347" [_thread_blocked, id=52607, stack(0x000070000f973000,0x000070000fa73000)]
  0x00007fc268c4d000 JavaThread "jar transforms Thread 3346" [_thread_blocked, id=124255, stack(0x000070000f870000,0x000070000f970000)]
  0x00007fc26d9d6800 JavaThread "jar transforms Thread 3345" [_thread_blocked, id=65935, stack(0x000070000f76d000,0x000070000f86d000)]
  0x00007fc26bc6b800 JavaThread "jar transforms Thread 3344" [_thread_blocked, id=127875, stack(0x000070000f66a000,0x000070000f76a000)]
  0x00007fc262387800 JavaThread "jar transforms Thread 3343" [_thread_blocked, id=79931, stack(0x000070000f567000,0x000070000f667000)]
  0x00007fc26893d000 JavaThread "jar transforms Thread 3342" [_thread_blocked, id=53883, stack(0x000070000f464000,0x000070000f564000)]
  0x00007fc262361800 JavaThread "jar transforms Thread 3341" [_thread_blocked, id=128123, stack(0x000070000f361000,0x000070000f461000)]
  0x00007fc261f9c000 JavaThread "jar transforms Thread 3340" [_thread_blocked, id=84539, stack(0x000070000f25e000,0x000070000f35e000)]
  0x00007fc26bbd7000 JavaThread "jar transforms Thread 3339" [_thread_blocked, id=45855, stack(0x000070000f15b000,0x000070000f25b000)]
  0x00007fc26bdde800 JavaThread "jar transforms Thread 3338" [_thread_blocked, id=48503, stack(0x000070000f058000,0x000070000f158000)]
  0x00007fc26bfe3800 JavaThread "jar transforms Thread 3337" [_thread_blocked, id=56707, stack(0x000070000ef55000,0x000070000f055000)]
  0x00007fc262385000 JavaThread "jar transforms Thread 3336" [_thread_blocked, id=75171, stack(0x000070000ee52000,0x000070000ef52000)]
  0x00007fc26192b000 JavaThread "jar transforms Thread 3335" [_thread_blocked, id=96823, stack(0x000070000ed4f000,0x000070000ee4f000)]
  0x00007fc261927800 JavaThread "jar transforms Thread 3334" [_thread_blocked, id=96111, stack(0x000070000ec4c000,0x000070000ed4c000)]
  0x00007fc26bb0a800 JavaThread "jar transforms Thread 3333" [_thread_blocked, id=92995, stack(0x000070000eb49000,0x000070000ec49000)]
  0x00007fc262766800 JavaThread "jar transforms Thread 3332" [_thread_blocked, id=50311, stack(0x000070000ea46000,0x000070000eb46000)]
  0x00007fc262790800 JavaThread "jar transforms Thread 3331" [_thread_blocked, id=125315, stack(0x000070000e943000,0x000070000ea43000)]
  0x00007fc26bddb000 JavaThread "jar transforms Thread 3330" [_thread_blocked, id=50999, stack(0x000070000e840000,0x000070000e940000)]
  0x00007fc262699000 JavaThread "jar transforms Thread 3329" [_thread_blocked, id=43643, stack(0x000070000e73d000,0x000070000e83d000)]
  0x00007fc26260a800 JavaThread "jar transforms Thread 3328" [_thread_blocked, id=83323, stack(0x000070000e63a000,0x000070000e73a000)]
  0x00007fc26b8a6000 JavaThread "jar transforms Thread 3327" [_thread_blocked, id=86355, stack(0x000070000e537000,0x000070000e637000)]
  0x00007fc268980000 JavaThread "jar transforms Thread 3326" [_thread_blocked, id=36111, stack(0x000070000e434000,0x000070000e534000)]
  0x00007fc2688c6800 JavaThread "jar transforms Thread 3325" [_thread_blocked, id=37235, stack(0x000070000e331000,0x000070000e431000)]
  0x00007fc262920800 JavaThread "jar transforms Thread 3324" [_thread_blocked, id=71039, stack(0x000070000e22e000,0x000070000e32e000)]
  0x00007fc2688eb800 JavaThread "jar transforms Thread 3323" [_thread_blocked, id=33675, stack(0x000070000e12b000,0x000070000e22b000)]
  0x00007fc262fda800 JavaThread "jar transforms Thread 3322" [_thread_blocked, id=122743, stack(0x000070000e028000,0x000070000e128000)]
  0x00007fc262e84800 JavaThread "jar transforms Thread 3321" [_thread_blocked, id=69895, stack(0x000070000df25000,0x000070000e025000)]
  0x00007fc262e6b800 JavaThread "jar transforms Thread 3320" [_thread_blocked, id=44655, stack(0x000070000de22000,0x000070000df22000)]
  0x00007fc262f3c800 JavaThread "jar transforms Thread 3319" [_thread_blocked, id=90947, stack(0x000070000dd1f000,0x000070000de1f000)]
  0x00007fc262e29800 JavaThread "jar transforms Thread 3318" [_thread_blocked, id=73631, stack(0x000070000dc1c000,0x000070000dd1c000)]
  0x00007fc2625ca000 JavaThread "jar transforms Thread 3317" [_thread_blocked, id=31607, stack(0x000070000db19000,0x000070000dc19000)]
  0x00007fc2625bb000 JavaThread "jar transforms Thread 3316" [_thread_blocked, id=28795, stack(0x000070000da16000,0x000070000db16000)]
  0x00007fc262edd800 JavaThread "jar transforms Thread 3315" [_thread_blocked, id=84091, stack(0x000070000d913000,0x000070000da13000)]
  0x00007fc262d1e000 JavaThread "jar transforms Thread 3314" [_thread_blocked, id=48903, stack(0x000070000d810000,0x000070000d910000)]
  0x00007fc26257f800 JavaThread "jar transforms Thread 3313" [_thread_blocked, id=24963, stack(0x000070000d70d000,0x000070000d80d000)]
  0x00007fc2625c6000 JavaThread "jar transforms Thread 3312" [_thread_blocked, id=52347, stack(0x000070000d60a000,0x000070000d70a000)]
  0x00007fc262e57800 JavaThread "jar transforms Thread 3311" [_thread_blocked, id=88959, stack(0x000070000d507000,0x000070000d607000)]
  0x00007fc262e43000 JavaThread "jar transforms Thread 3310" [_thread_blocked, id=46963, stack(0x000070000d404000,0x000070000d504000)]
  0x00007fc2613ed000 JavaThread "jar transforms Thread 3309" [_thread_blocked, id=96359, stack(0x000070000d301000,0x000070000d401000)]
  0x00007fc2688ed000 JavaThread "jar transforms Thread 3308" [_thread_blocked, id=68651, stack(0x000070000d1fe000,0x000070000d2fe000)]
  0x00007fc268a16800 JavaThread "jar transforms Thread 3307" [_thread_blocked, id=88135, stack(0x000070000d0fb000,0x000070000d1fb000)]
  0x00007fc26249a000 JavaThread "jar transforms Thread 3306" [_thread_blocked, id=121899, stack(0x000070000cff8000,0x000070000d0f8000)]
  0x00007fc26254f800 JavaThread "jar transforms Thread 3305" [_thread_blocked, id=25987, stack(0x000070000cef5000,0x000070000cff5000)]
  0x00007fc2621c8000 JavaThread "jar transforms Thread 3304" [_thread_blocked, id=90159, stack(0x000070000cdf2000,0x000070000cef2000)]
  0x00007fc262474800 JavaThread "jar transforms Thread 3303" [_thread_blocked, id=121135, stack(0x000070000ccef000,0x000070000cdef000)]
  0x00007fc26216c000 JavaThread "jar transforms Thread 3302" [_thread_blocked, id=43427, stack(0x000070000cbec000,0x000070000ccec000)]
  0x00007fc262080000 JavaThread "jar transforms Thread 3301" [_thread_blocked, id=82799, stack(0x000070000cae9000,0x000070000cbe9000)]
  0x00007fc261d71800 JavaThread "Daemon worker Thread 26" [_thread_blocked, id=46351, stack(0x000070000b7b0000,0x000070000b8b0000)]
  0x00007fc268d0d800 JavaThread "Daemon Thread 26" [_thread_blocked, id=22367, stack(0x000070000b4a7000,0x000070000b5a7000)]
  0x00007fc261046800 JavaThread "RMI RenewClean-[127.0.0.1:17057,org.jetbrains.kotlin.daemon.common.LoopbackNetworkInterface$ClientLoopbackSocketFactory@609c3b49]" daemon [_thread_blocked, id=65543, stack(0x0000700014554000,0x0000700014654000)]
  0x00007fc26de81800 JavaThread "Cache worker for Java compile cache (/Users/soso/.gradle/caches/6.6-rc-3/javaCompile)" [_thread_blocked, id=55587, stack(0x000070000b9b6000,0x000070000bab6000)]
  0x00007fc266c4f800 JavaThread "MarlinRenderer Disposer" daemon [_thread_blocked, id=34331, stack(0x000070001485d000,0x000070001495d000)]
  0x00007fc26982a800 JavaThread "Java2D Disposer" daemon [_thread_blocked, id=56347, stack(0x000070001475a000,0x000070001485a000)]
  0x00007fc266cc6800 JavaThread "AWT-AppKit" daemon [_thread_in_native, id=775, stack(0x00007ffee12eb000,0x00007ffee1aeb000)]
  0x00007fc267ddf800 JavaThread "RMI Reaper" [_thread_blocked, id=130315, stack(0x000070001434e000,0x000070001444e000)]
  0x00007fc26761d000 JavaThread "RMI TCP Accept-0" daemon [_thread_in_native, id=67339, stack(0x000070001424b000,0x000070001434b000)]
  0x00007fc26718f800 JavaThread "GC Daemon" daemon [_thread_blocked, id=129291, stack(0x0000700014148000,0x0000700014248000)]
  0x00007fc26715d000 JavaThread "RMI Scheduler(0)" daemon [_thread_blocked, id=68371, stack(0x0000700013f42000,0x0000700014042000)]
  0x00007fc26483c000 JavaThread "Memory manager" [_thread_blocked, id=130819, stack(0x0000700013930000,0x0000700013a30000)]
  0x00007fc2698b3800 JavaThread "Cache worker for file content cache (/Users/soso/.gradle/caches/6.6-rc-3/fileContent)" [_thread_blocked, id=27139, stack(0x000070000c8e3000,0x000070000c9e3000)]
  0x00007fc262be8800 JavaThread "Cache worker for execution history cache (/Users/soso/.gradle/caches/6.6-rc-3/executionHistory)" [_thread_blocked, id=26627, stack(0x000070000c7e0000,0x000070000c8e0000)]
  0x00007fc261225000 JavaThread "Cache worker for journal cache (/Users/soso/.gradle/caches/journal-1)" [_thread_blocked, id=24067, stack(0x000070000bdc2000,0x000070000bec2000)]
  0x00007fc262401800 JavaThread "File lock request listener" [_thread_in_native, id=23555, stack(0x000070000bcbf000,0x000070000bdbf000)]
  0x00007fc261c33800 JavaThread "Cache worker for file hash cache (/Users/soso/.gradle/caches/6.6-rc-3/fileHashes)" [_thread_blocked, id=42243, stack(0x000070000bbbc000,0x000070000bcbc000)]
  0x00007fc262139800 JavaThread "Daemon periodic checks" [_thread_blocked, id=15619, stack(0x000070000b3a4000,0x000070000b4a4000)]
  0x00007fc261605000 JavaThread "Incoming local TCP Connector on port 65424" [_thread_in_native, id=15107, stack(0x000070000b2a1000,0x000070000b3a1000)]
  0x00007fc262d35000 JavaThread "Daemon health stats" [_thread_blocked, id=14851, stack(0x000070000b19e000,0x000070000b29e000)]
  0x00007fc262039000 JavaThread "Service Thread" daemon [_thread_blocked, id=14083, stack(0x000070000af98000,0x000070000b098000)]
  0x00007fc26101b000 JavaThread "C1 CompilerThread2" daemon [_thread_blocked, id=13571, stack(0x000070000ae95000,0x000070000af95000)]
  0x00007fc262038000 JavaThread "C2 CompilerThread1" daemon [_thread_blocked, id=13315, stack(0x000070000ad92000,0x000070000ae92000)]
  0x00007fc26101a800 JavaThread "C2 CompilerThread0" daemon [_thread_blocked, id=18179, stack(0x000070000ac8f000,0x000070000ad8f000)]
  0x00007fc261019800 JavaThread "Signal Dispatcher" daemon [_thread_blocked, id=18691, stack(0x000070000ab8c000,0x000070000ac8c000)]
  0x00007fc262824800 JavaThread "Finalizer" daemon [_thread_blocked, id=20739, stack(0x000070000a983000,0x000070000aa83000)]
  0x00007fc26182a800 JavaThread "Reference Handler" daemon [_thread_blocked, id=11267, stack(0x000070000a880000,0x000070000a980000)]
  0x00007fc262809000 JavaThread "main" [_thread_blocked, id=4099, stack(0x000070000a26e000,0x000070000a36e000)]

Other Threads:
=>0x00007fc262021000 VMThread [stack: 0x000070000a77d000,0x000070000a87d000] [id=21251]
  0x00007fc26203b800 WatcherThread [stack: 0x000070000b09b000,0x000070000b19b000] [id=14595]

VM state:at safepoint (normal execution)

VM Mutex/Monitor currently owned by a thread:  ([mutex/lock_event])
[0x00007fc260d06940] Threads_lock - owner thread: 0x00007fc262021000
[0x00007fc260d06e40] Heap_lock - owner thread: 0x00007fc262083000

heap address: 0x0000000740000000, size: 2048 MB, Compressed Oops mode: Zero based, Oop shift amount: 3
Narrow klass base: 0x0000000000000000, Narrow klass shift: 3
Compressed class space size: 1073741824 Address: 0x00000007c0000000

Heap:
 PSYoungGen      total 562176K, used 30951K [0x0000000795580000, 0x00000007c0000000, 0x00000007c0000000)
  eden space 425472K, 0% used [0x0000000795580000,0x0000000795580000,0x00000007af500000)
  from space 136704K, 22% used [0x00000007af500000,0x00000007b1339f98,0x00000007b7a80000)
  to   space 129536K, 0% used [0x00000007b8180000,0x00000007b8180000,0x00000007c0000000)
 ParOldGen       total 347136K, used 333739K [0x0000000740000000, 0x0000000755300000, 0x0000000795580000)
  object space 347136K, 96% used [0x0000000740000000,0x00000007545ead30,0x0000000755300000)
 Metaspace       used 246951K, capacity 258126K, committed 258840K, reserved 1275904K
  class space    used 29370K, capacity 31377K, committed 31528K, reserved 1048576K

Card table byte_map: [0x000000011ef75000,0x000000011f376000] byte_map_base: 0x000000011b575000

Marking Bits: (ParMarkBitMap*) 0x000000010f5243f8
 Begin Bits: [0x000000011f621000, 0x0000000121621000)
 End Bits:   [0x0000000121621000, 0x0000000123621000)

Polling page: 0x000000010e1a5000

CodeCache: size=245760Kb used=137131Kb max_used=137581Kb free=108628Kb
 bounds [0x000000010fbb5000, 0x00000001182e5000, 0x000000011ebb5000]
 total_blobs=40029 nmethods=38950 adapters=989
 compilation: enabled

Compilation events (10 events):
Event: 8987.240 Thread 0x00007fc26101a800 nmethod 54042 0x00000001136159d0 code [0x0000000113615b40, 0x0000000113615de8]
Event: 8987.247 Thread 0x00007fc262038000 nmethod 54040 0x00000001129af090 code [0x00000001129af2a0, 0x00000001129afd28]
Event: 8987.464 Thread 0x00007fc26101a800 54043       4       org.gradle.api.internal.tasks.DefaultTaskInputs$6::visitInputProperty (16 bytes)
Event: 8987.473 Thread 0x00007fc26101a800 nmethod 54043 0x0000000111fdfb50 code [0x0000000111fdfce0, 0x0000000111fdfee8]
Event: 8987.691 Thread 0x00007fc26101b000 54044       3       org.gradle.internal.nativeintegration.processenvironment.NativePlatformBackedProcessEnvironment::getPid (14 bytes)
Event: 8987.692 Thread 0x00007fc26101b000 nmethod 54044 0x0000000112fbee10 code [0x0000000112fbef80, 0x0000000112fbf1d8]
Event: 8987.701 Thread 0x00007fc26101b000 54045       3       net.rubygrapefruit.platform.internal.WrapperProcess::getProcessId (10 bytes)
Event: 8987.701 Thread 0x00007fc26101b000 nmethod 54045 0x0000000111451450 code [0x00000001114515c0, 0x00000001114517e8]
Event: 8987.711 Thread 0x00007fc26101b000 54046       3       net.rubygrapefruit.platform.internal.DefaultProcess::getProcessId (4 bytes)
Event: 8987.712 Thread 0x00007fc26101b000 nmethod 54046 0x00000001121687d0 code [0x0000000112168940, 0x0000000112168ac8]

GC Heap History (10 events):
Event: 8762.672 GC heap after
Heap after GC invocations=103 (full 8):
 PSYoungGen      total 565248K, used 37837K [0x0000000795580000, 0x00000007bf680000, 0x00000007c0000000)
  eden space 441344K, 0% used [0x0000000795580000,0x0000000795580000,0x00000007b0480000)
  from space 123904K, 30% used [0x00000007b0480000,0x00000007b2973720,0x00000007b7d80000)
  to   space 115712K, 0% used [0x00000007b8580000,0x00000007b8580000,0x00000007bf680000)
 ParOldGen       total 347136K, used 252333K [0x0000000740000000, 0x0000000755300000, 0x0000000795580000)
  object space 347136K, 72% used [0x0000000740000000,0x000000074f66b4a8,0x0000000755300000)
 Metaspace       used 235117K, capacity 246274K, committed 246936K, reserved 1265664K
  class space    used 28020K, capacity 29995K, committed 30120K, reserved 1048576K
}
Event: 8831.027 GC heap before
{Heap before GC invocations=104 (full 8):
 PSYoungGen      total 565248K, used 479181K [0x0000000795580000, 0x00000007bf680000, 0x00000007c0000000)
  eden space 441344K, 100% used [0x0000000795580000,0x00000007b0480000,0x00000007b0480000)
  from space 123904K, 30% used [0x00000007b0480000,0x00000007b2973720,0x00000007b7d80000)
  to   space 115712K, 0% used [0x00000007b8580000,0x00000007b8580000,0x00000007bf680000)
 ParOldGen       total 347136K, used 252333K [0x0000000740000000, 0x0000000755300000, 0x0000000795580000)
  object space 347136K, 72% used [0x0000000740000000,0x000000074f66b4a8,0x0000000755300000)
 Metaspace       used 235138K, capacity 246274K, committed 246936K, reserved 1265664K
  class space    used 28020K, capacity 29995K, committed 30120K, reserved 1048576K
Event: 8831.079 GC heap after
Heap after GC invocations=104 (full 8):
 PSYoungGen      total 569344K, used 12576K [0x0000000795580000, 0x00000007bf100000, 0x00000007c0000000)
  eden space 459264K, 0% used [0x0000000795580000,0x0000000795580000,0x00000007b1600000)
  from space 110080K, 11% used [0x00000007b8580000,0x00000007b91c8000,0x00000007bf100000)
  to   space 112128K, 0% used [0x00000007b1600000,0x00000007b1600000,0x00000007b8380000)
 ParOldGen       total 347136K, used 253812K [0x0000000740000000, 0x0000000755300000, 0x0000000795580000)
  object space 347136K, 73% used [0x0000000740000000,0x000000074f7dd288,0x0000000755300000)
 Metaspace       used 235138K, capacity 246274K, committed 246936K, reserved 1265664K
  class space    used 28020K, capacity 29995K, committed 30120K, reserved 1048576K
}
Event: 8938.199 GC heap before
{Heap before GC invocations=105 (full 8):
 PSYoungGen      total 569344K, used 471840K [0x0000000795580000, 0x00000007bf100000, 0x00000007c0000000)
  eden space 459264K, 100% used [0x0000000795580000,0x00000007b1600000,0x00000007b1600000)
  from space 110080K, 11% used [0x00000007b8580000,0x00000007b91c8000,0x00000007bf100000)
  to   space 112128K, 0% used [0x00000007b1600000,0x00000007b1600000,0x00000007b8380000)
 ParOldGen       total 347136K, used 253812K [0x0000000740000000, 0x0000000755300000, 0x0000000795580000)
  object space 347136K, 73% used [0x0000000740000000,0x000000074f7dd288,0x0000000755300000)
 Metaspace       used 235188K, capacity 246304K, committed 246936K, reserved 1265664K
  class space    used 28025K, capacity 29999K, committed 30120K, reserved 1048576K
Event: 8938.285 GC heap after
Heap after GC invocations=105 (full 8):
 PSYoungGen      total 571392K, used 15063K [0x0000000795580000, 0x00000007bf900000, 0x00000007c0000000)
  eden space 459264K, 0% used [0x0000000795580000,0x0000000795580000,0x00000007b1600000)
  from space 112128K, 13% used [0x00000007b1600000,0x00000007b24b5cf0,0x00000007b8380000)
  to   space 107520K, 0% used [0x00000007b9000000,0x00000007b9000000,0x00000007bf900000)
 ParOldGen       total 347136K, used 254570K [0x0000000740000000, 0x0000000755300000, 0x0000000795580000)
  object space 347136K, 73% used [0x0000000740000000,0x000000074f89a888,0x0000000755300000)
 Metaspace       used 235188K, capacity 246304K, committed 246936K, reserved 1265664K
  class space    used 28025K, capacity 29999K, committed 30120K, reserved 1048576K
}
Event: 8944.400 GC heap before
{Heap before GC invocations=106 (full 8):
 PSYoungGen      total 571392K, used 474327K [0x0000000795580000, 0x00000007bf900000, 0x00000007c0000000)
  eden space 459264K, 100% used [0x0000000795580000,0x00000007b1600000,0x00000007b1600000)
  from space 112128K, 13% used [0x00000007b1600000,0x00000007b24b5cf0,0x00000007b8380000)
  to   space 107520K, 0% used [0x00000007b9000000,0x00000007b9000000,0x00000007bf900000)
 ParOldGen       total 347136K, used 254570K [0x0000000740000000, 0x0000000755300000, 0x0000000795580000)
  object space 347136K, 73% used [0x0000000740000000,0x000000074f89a888,0x0000000755300000)
 Metaspace       used 246628K, capacity 257820K, committed 258456K, reserved 1275904K
  class space    used 29344K, capacity 31336K, committed 31400K, reserved 1048576K
Event: 8944.999 GC heap after
Heap after GC invocations=106 (full 8):
 PSYoungGen      total 532992K, used 107515K [0x0000000795580000, 0x00000007c0000000, 0x00000007c0000000)
  eden space 425472K, 0% used [0x0000000795580000,0x0000000795580000,0x00000007af500000)
  from space 107520K, 99% used [0x00000007b9000000,0x00000007bf8fef20,0x00000007bf900000)
  to   space 136704K, 0% used [0x00000007af500000,0x00000007af500000,0x00000007b7a80000)
 ParOldGen       total 347136K, used 278342K [0x0000000740000000, 0x0000000755300000, 0x0000000795580000)
  object space 347136K, 80% used [0x0000000740000000,0x0000000750fd1b50,0x0000000755300000)
 Metaspace       used 246628K, capacity 257820K, committed 258456K, reserved 1275904K
  class space    used 29344K, capacity 31336K, committed 31400K, reserved 1048576K
}
Event: 8987.726 GC heap before
{Heap before GC invocations=107 (full 8):
 PSYoungGen      total 532992K, used 532987K [0x0000000795580000, 0x00000007c0000000, 0x00000007c0000000)
  eden space 425472K, 100% used [0x0000000795580000,0x00000007af500000,0x00000007af500000)
  from space 107520K, 99% used [0x00000007b9000000,0x00000007bf8fef20,0x00000007bf900000)
  to   space 136704K, 0% used [0x00000007af500000,0x00000007af500000,0x00000007b7a80000)
 ParOldGen       total 347136K, used 278342K [0x0000000740000000, 0x0000000755300000, 0x0000000795580000)
  object space 347136K, 80% used [0x0000000740000000,0x0000000750fd1b50,0x0000000755300000)
 Metaspace       used 246951K, capacity 258126K, committed 258840K, reserved 1275904K
  class space    used 29370K, capacity 31377K, committed 31528K, reserved 1048576K
Event: 8988.510 GC heap after
Heap after GC invocations=107 (full 8):
 PSYoungGen      total 562176K, used 30951K [0x0000000795580000, 0x00000007c0000000, 0x00000007c0000000)
  eden space 425472K, 0% used [0x0000000795580000,0x0000000795580000,0x00000007af500000)
  from space 136704K, 22% used [0x00000007af500000,0x00000007b1339f98,0x00000007b7a80000)
  to   space 129536K, 0% used [0x00000007b8180000,0x00000007b8180000,0x00000007c0000000)
 ParOldGen       total 347136K, used 333739K [0x0000000740000000, 0x0000000755300000, 0x0000000795580000)
  object space 347136K, 96% used [0x0000000740000000,0x00000007545ead30,0x0000000755300000)
 Metaspace       used 246951K, capacity 258126K, committed 258840K, reserved 1275904K
  class space    used 29370K, capacity 31377K, committed 31528K, reserved 1048576K
}
Event: 8988.511 GC heap before
{Heap before GC invocations=108 (full 9):
 PSYoungGen      total 562176K, used 30951K [0x0000000795580000, 0x00000007c0000000, 0x00000007c0000000)
  eden space 425472K, 0% used [0x0000000795580000,0x0000000795580000,0x00000007af500000)
  from space 136704K, 22% used [0x00000007af500000,0x00000007b1339f98,0x00000007b7a80000)
  to   space 129536K, 0% used [0x00000007b8180000,0x00000007b8180000,0x00000007c0000000)
 ParOldGen       total 347136K, used 333739K [0x0000000740000000, 0x0000000755300000, 0x0000000795580000)
  object space 347136K, 96% used [0x0000000740000000,0x00000007545ead30,0x0000000755300000)
 Metaspace       used 246951K, capacity 258126K, committed 258840K, reserved 1275904K
  class space    used 29370K, capacity 31377K, committed 31528K, reserved 1048576K

Deoptimization events (10 events):
Event: 8939.956 Thread 0x00007fc268ff2800 Uncommon trap: reason=unstable_if action=reinterpret pc=0x0000000111eb9b8c method=org.sqlite.SQLiteJDBCLoader.contentsEquals(Ljava/io/InputStream;Ljava/io/InputStream;)Z @ 39
Event: 8940.487 Thread 0x00007fc268ff2800 Uncommon trap: reason=unstable_if action=reinterpret pc=0x00000001166edc20 method=org.antlr.v4.runtime.atn.ATNState.addTransition(ILorg/antlr/v4/runtime/atn/Transition;)V @ 115
Event: 8942.857 Thread 0x00007fc268ff2800 Uncommon trap: reason=unstable_if action=reinterpret pc=0x00000001117ae734 method=com.google.gson.stream.JsonReader.nextNonWhitespace(Z)I @ 61
Event: 8944.070 Thread 0x00007fc268ff2800 Uncommon trap: reason=unstable_if action=reinterpret pc=0x0000000118093988 method=android.databinding.tool.reflection.SdkUtil$ApiChecker.buildFullLookup()V @ 49
Event: 8954.757 Thread 0x00007fc26db90000 Uncommon trap: reason=array_check action=maybe_recompile pc=0x00000001118648a0 method=java.util.ComparableTimSort.mergeLo(IIII)V @ 371
Event: 8954.757 Thread 0x00007fc26db90000 Uncommon trap: reason=array_check action=maybe_recompile pc=0x00000001118648a0 method=java.util.ComparableTimSort.mergeLo(IIII)V @ 371
Event: 8955.111 Thread 0x00007fc26db90000 Uncommon trap: reason=class_check action=maybe_recompile pc=0x000000011572b9f8 method=org.gradle.api.internal.tasks.compile.incremental.deps.ClassSetAnalysisData.getDependents(Ljava/lang/String;)Lorg/gradle/api/internal/tasks/compile/incremental/deps/Depe
Event: 8956.460 Thread 0x00007fc261d71800 Uncommon trap: reason=class_check action=maybe_recompile pc=0x0000000115731a40 method=java.util.Collections$SetFromMap.size()I @ 4
Event: 8956.590 Thread 0x00007fc268ff2800 Uncommon trap: reason=unstable_if action=reinterpret pc=0x000000011418d640 method=com.android.tools.r8.utils.g0.D()Lcom/android/tools/r8/utils/h0; @ 41
Event: 8957.516 Thread 0x00007fc26bf9a800 Uncommon trap: reason=unstable_if action=reinterpret pc=0x000000011436422c method=java.math.MutableBigInteger.mul(ILjava/math/MutableBigInteger;)V @ 12

Classes redefined (0 events):
No events

Internal exceptions (10 events):
Event: 8956.763 Thread 0x00007fc26bf9a800 Exception <a 'sun/nio/fs/UnixException'> (0x00000007a6a0f088) thrown at [/Volumes/Android/buildbot/src/googleplex-android/openjdk/out/hotspot/src/share/vm/prims/jni.cpp, line 710]
Event: 8956.764 Thread 0x00007fc26bf9a800 Exception <a 'sun/nio/fs/UnixException'> (0x00000007a6a18a40) thrown at [/Volumes/Android/buildbot/src/googleplex-android/openjdk/out/hotspot/src/share/vm/prims/jni.cpp, line 710]
Event: 8956.765 Thread 0x00007fc26bf9a800 Exception <a 'sun/nio/fs/UnixException'> (0x00000007a6a20938) thrown at [/Volumes/Android/buildbot/src/googleplex-android/openjdk/out/hotspot/src/share/vm/prims/jni.cpp, line 710]
Event: 8956.766 Thread 0x00007fc26bf9a800 Exception <a 'sun/nio/fs/UnixException'> (0x00000007a6a2aec0) thrown at [/Volumes/Android/buildbot/src/googleplex-android/openjdk/out/hotspot/src/share/vm/prims/jni.cpp, line 710]
Event: 8956.768 Thread 0x00007fc26bf9a800 Exception <a 'sun/nio/fs/UnixException'> (0x00000007a6bf80f0) thrown at [/Volumes/Android/buildbot/src/googleplex-android/openjdk/out/hotspot/src/share/vm/prims/jni.cpp, line 710]
Event: 8956.769 Thread 0x00007fc26bf9a800 Exception <a 'sun/nio/fs/UnixException'> (0x00000007a6c41f00) thrown at [/Volumes/Android/buildbot/src/googleplex-android/openjdk/out/hotspot/src/share/vm/prims/jni.cpp, line 710]
Event: 8956.770 Thread 0x00007fc26bf9a800 Exception <a 'sun/nio/fs/UnixException'> (0x00000007a6d5ddd8) thrown at [/Volumes/Android/buildbot/src/googleplex-android/openjdk/out/hotspot/src/share/vm/prims/jni.cpp, line 710]
Event: 8956.775 Thread 0x00007fc26bf9a800 Exception <a 'sun/nio/fs/UnixException'> (0x00000007a6da7c50) thrown at [/Volumes/Android/buildbot/src/googleplex-android/openjdk/out/hotspot/src/share/vm/prims/jni.cpp, line 710]
Event: 8956.776 Thread 0x00007fc26bf9a800 Exception <a 'sun/nio/fs/UnixException'> (0x00000007a6df11e8) thrown at [/Volumes/Android/buildbot/src/googleplex-android/openjdk/out/hotspot/src/share/vm/prims/jni.cpp, line 710]
Event: 8957.350 Thread 0x00007fc2670a6000 Exception <a 'sun/nio/fs/UnixException'> (0x00000007ab174a88) thrown at [/Volumes/Android/buildbot/src/googleplex-android/openjdk/out/hotspot/src/share/vm/prims/jni.cpp, line 710]

Events (10 events):
Event: 8987.697 Executing VM operation: RevokeBias done
Event: 8987.700 Thread 0x00007fc26101b000 flushing nmethod 0x00000001168f4250
Event: 8987.702 Thread 0x00007fc26101b000 flushing nmethod 0x0000000116aaa590
Event: 8987.706 Thread 0x00007fc26101b000 flushing nmethod 0x00000001171798d0
Event: 8987.710 Thread 0x00007fc26101b000 flushing nmethod 0x00000001175f1610
Event: 8987.711 Thread 0x00007fc26101b000 flushing nmethod 0x000000011764c450
Event: 8987.711 Thread 0x00007fc26101b000 flushing nmethod 0x0000000117674450
Event: 8987.716 Thread 0x00007fc26101b000 flushing nmethod 0x0000000117bb1490
Event: 8987.717 Thread 0x00007fc26101b000 flushing nmethod 0x0000000117c48250
Event: 8987.723 Executing VM operation: ParallelGCFailedAllocation


Dynamic libraries:
0x00007fff3465f000 	/System/Library/Frameworks/Cocoa.framework/Versions/A/Cocoa
0x00007fff41e54000 	/System/Library/Frameworks/Security.framework/Versions/A/Security
0x00007fff335c4000 	/System/Library/Frameworks/ApplicationServices.framework/Versions/A/ApplicationServices
0x00007fff6e977000 	/usr/lib/libz.1.dylib
0x00007fff6c43b000 	/usr/lib/libSystem.B.dylib
0x00007fff35501000 	/System/Library/Frameworks/CoreFoundation.framework/Versions/A/CoreFoundation
0x00007fff37bbe000 	/System/Library/Frameworks/Foundation.framework/Versions/C/Foundation
0x00007fff6e29b000 	/usr/lib/libobjc.A.dylib
0x00007fff327b4000 	/System/Library/Frameworks/AppKit.framework/Versions/C/AppKit
0x00007fff34fe3000 	/System/Library/Frameworks/CoreData.framework/Versions/A/CoreData
0x00007fff66451000 	/System/Library/PrivateFrameworks/UIFoundation.framework/Versions/A/UIFoundation
0x00007fff614e5000 	/System/Library/PrivateFrameworks/RemoteViewServices.framework/Versions/A/RemoteViewServices
0x00007fff68fab000 	/System/Library/PrivateFrameworks/XCTTargetBootstrap.framework/Versions/A/XCTTargetBootstrap
0x00007fff353ce000 	/System/Library/Frameworks/CoreDisplay.framework/Versions/A/CoreDisplay
0x00007fff3aa78000 	/System/Library/Frameworks/Metal.framework/Versions/A/Metal
0x00007fff4f4e8000 	/System/Library/PrivateFrameworks/DesktopServicesPriv.framework/Versions/A/DesktopServicesPriv
0x00007fff6d576000 	/usr/lib/liblangid.dylib
0x00007fff4e77d000 	/System/Library/PrivateFrameworks/CoreSVG.framework/Versions/A/CoreSVG
0x00007fff64641000 	/System/Library/PrivateFrameworks/SkyLight.framework/Versions/A/SkyLight
0x00007fff35982000 	/System/Library/Frameworks/CoreGraphics.framework/Versions/A/CoreGraphics
0x00007fff31188000 	/System/Library/Frameworks/Accelerate.framework/Versions/A/Accelerate
0x00007fff6e868000 	/usr/lib/libxml2.2.dylib
0x00007fff5a470000 	/System/Library/PrivateFrameworks/IconServices.framework/Versions/A/IconServices
0x00007fff3839d000 	/System/Library/Frameworks/IOSurface.framework/Versions/A/IOSurface
0x00007fff6bf65000 	/usr/lib/libDiagnosticMessagesClient.dylib
0x00007fff4f342000 	/System/Library/PrivateFrameworks/DFRFoundation.framework/Versions/A/DFRFoundation
0x00007fff6d305000 	/usr/lib/libicucore.A.dylib
0x00007fff338f6000 	/System/Library/Frameworks/AudioToolbox.framework/Versions/A/AudioToolbox
0x00007fff339d9000 	/System/Library/Frameworks/AudioUnit.framework/Versions/A/AudioUnit
0x00007fff6c63d000 	/usr/lib/libauto.dylib
0x00007fff4f3e4000 	/System/Library/PrivateFrameworks/DataDetectorsCore.framework/Versions/A/DataDetectorsCore
0x00007fff34180000 	/System/Library/Frameworks/Carbon.framework/Versions/A/Frameworks/HIToolbox.framework/Versions/A/HIToolbox
0x00007fff41050000 	/System/Library/Frameworks/QuartzCore.framework/Versions/A/QuartzCore
0x00007fff344bf000 	/System/Library/Frameworks/Carbon.framework/Versions/A/Frameworks/SpeechRecognition.framework/Versions/A/SpeechRecognition
0x00007fff4ee56000 	/System/Library/PrivateFrameworks/CoreUI.framework/Versions/A/CoreUI
0x00007fff34a4e000 	/System/Library/Frameworks/CoreAudio.framework/Versions/A/CoreAudio
0x00007fff3787d000 	/System/Library/Frameworks/DiskArbitration.framework/Versions/A/DiskArbitration
0x00007fff5c4c0000 	/System/Library/PrivateFrameworks/MultitouchSupport.framework/Versions/A/MultitouchSupport
0x00007fff6d1cc000 	/usr/lib/libenergytrace.dylib
0x00007fff382f7000 	/System/Library/Frameworks/IOKit.framework/Versions/A/IOKit
0x00007fff368e9000 	/System/Library/Frameworks/CoreServices.framework/Versions/A/CoreServices
0x00007fff5e678000 	/System/Library/PrivateFrameworks/PerformanceAnalysis.framework/Versions/A/PerformanceAnalysis
0x00007fff40083000 	/System/Library/Frameworks/OpenGL.framework/Versions/A/OpenGL
0x00007fff3466d000 	/System/Library/Frameworks/ColorSync.framework/Versions/A/ColorSync
0x00007fff36005000 	/System/Library/Frameworks/CoreImage.framework/Versions/A/CoreImage
0x00007fff3735c000 	/System/Library/Frameworks/CoreText.framework/Versions/A/CoreText
0x00007fff3842d000 	/System/Library/Frameworks/ImageIO.framework/Versions/A/ImageIO
0x00007fff6c721000 	/usr/lib/libc++.1.dylib
0x00007fff6c79d000 	/usr/lib/libcompression.dylib
0x00007fff6c2a9000 	/usr/lib/libMobileGestalt.dylib
0x00007fff661bb000 	/System/Library/PrivateFrameworks/TextureIO.framework/Versions/A/TextureIO
0x00007fff6c5a0000 	/usr/lib/libate.dylib
0x00007fff5a679000 	/System/Library/PrivateFrameworks/InternationalSupport.framework/Versions/A/InternationalSupport
0x00007fff6f238000 	/usr/lib/system/libcache.dylib
0x00007fff6f23e000 	/usr/lib/system/libcommonCrypto.dylib
0x00007fff6f24a000 	/usr/lib/system/libcompiler_rt.dylib
0x00007fff6f252000 	/usr/lib/system/libcopyfile.dylib
0x00007fff6f25c000 	/usr/lib/system/libcorecrypto.dylib
0x00007fff6f3fb000 	/usr/lib/system/libdispatch.dylib
0x00007fff6f43c000 	/usr/lib/system/libdyld.dylib
0x00007fff6f473000 	/usr/lib/system/libkeymgr.dylib
0x00007fff6f481000 	/usr/lib/system/liblaunch.dylib
0x00007fff6f482000 	/usr/lib/system/libmacho.dylib
0x00007fff6f488000 	/usr/lib/system/libquarantine.dylib
0x00007fff6f48b000 	/usr/lib/system/libremovefile.dylib
0x00007fff6f48d000 	/usr/lib/system/libsystem_asl.dylib
0x00007fff6f4a5000 	/usr/lib/system/libsystem_blocks.dylib
0x00007fff6f4a6000 	/usr/lib/system/libsystem_c.dylib
0x00007fff6f52e000 	/usr/lib/system/libsystem_configuration.dylib
0x00007fff6f532000 	/usr/lib/system/libsystem_coreservices.dylib
0x00007fff6f536000 	/usr/lib/system/libsystem_darwin.dylib
0x00007fff6f53f000 	/usr/lib/system/libsystem_dnssd.dylib
0x00007fff6f547000 	/usr/lib/system/libsystem_featureflags.dylib
0x00007fff6f549000 	/usr/lib/system/libsystem_info.dylib
0x00007fff6f5c4000 	/usr/lib/system/libsystem_m.dylib
0x00007fff6f60c000 	/usr/lib/system/libsystem_malloc.dylib
0x00007fff6f634000 	/usr/lib/system/libsystem_networkextension.dylib
0x00007fff6f642000 	/usr/lib/system/libsystem_notify.dylib
0x00007fff6f660000 	/usr/lib/system/libsystem_sandbox.dylib
0x00007fff6f665000 	/usr/lib/system/libsystem_secinit.dylib
0x00007fff6f597000 	/usr/lib/system/libsystem_kernel.dylib
0x00007fff6f64c000 	/usr/lib/system/libsystem_platform.dylib
0x00007fff6f655000 	/usr/lib/system/libsystem_pthread.dylib
0x00007fff6f668000 	/usr/lib/system/libsystem_symptoms.dylib
0x00007fff6f670000 	/usr/lib/system/libsystem_trace.dylib
0x00007fff6f688000 	/usr/lib/system/libunwind.dylib
0x00007fff6f68e000 	/usr/lib/system/libxpc.dylib
0x00007fff6c774000 	/usr/lib/libc++abi.dylib
0x00007fff6d578000 	/usr/lib/liblzma.5.dylib
0x00007fff6d1f3000 	/usr/lib/libfakelink.dylib
0x00007fff6c52d000 	/usr/lib/libarchive.2.dylib
0x00007fff42f05000 	/System/Library/Frameworks/SystemConfiguration.framework/Versions/A/SystemConfiguration
0x00007fff6be98000 	/usr/lib/libCRFSuite.dylib
0x00007fff33d70000 	/System/Library/Frameworks/CFNetwork.framework/Versions/A/CFNetwork
0x00007fff6c703000 	/usr/lib/libbsm.0.dylib
0x00007fff6f474000 	/usr/lib/system/libkxld.dylib
0x00007fff48cbf000 	/System/Library/PrivateFrameworks/AppleFSCompression.framework/Versions/A/AppleFSCompression
0x00007fff6ca8e000 	/usr/lib/libcoretls.dylib
0x00007fff6caa5000 	/usr/lib/libcoretls_cfhelpers.dylib
0x00007fff6e2e1000 	/usr/lib/libpam.2.dylib
0x00007fff6e416000 	/usr/lib/libsqlite3.dylib
0x00007fff6e855000 	/usr/lib/libxar.1.dylib
0x00007fff6c714000 	/usr/lib/libbz2.1.0.dylib
0x00007fff6d214000 	/usr/lib/libiconv.2.dylib
0x00007fff6c78a000 	/usr/lib/libcharset.1.dylib
0x00007fff6dd7e000 	/usr/lib/libnetwork.dylib
0x00007fff6e2e8000 	/usr/lib/libpcap.A.dylib
0x00007fff6c4e2000 	/usr/lib/libapple_nghttp2.dylib
0x00007fff36ca0000 	/System/Library/Frameworks/CoreServices.framework/Versions/A/Frameworks/FSEvents.framework/Versions/A/FSEvents
0x00007fff36970000 	/System/Library/Frameworks/CoreServices.framework/Versions/A/Frameworks/CarbonCore.framework/Versions/A/CarbonCore
0x00007fff36ee4000 	/System/Library/Frameworks/CoreServices.framework/Versions/A/Frameworks/Metadata.framework/Versions/A/Metadata
0x00007fff36f7d000 	/System/Library/Frameworks/CoreServices.framework/Versions/A/Frameworks/OSServices.framework/Versions/A/OSServices
0x00007fff36fab000 	/System/Library/Frameworks/CoreServices.framework/Versions/A/Frameworks/SearchKit.framework/Versions/A/SearchKit
0x00007fff368ea000 	/System/Library/Frameworks/CoreServices.framework/Versions/A/Frameworks/AE.framework/Versions/A/AE
0x00007fff36ca9000 	/System/Library/Frameworks/CoreServices.framework/Versions/A/Frameworks/LaunchServices.framework/Versions/A/LaunchServices
0x00007fff36c52000 	/System/Library/Frameworks/CoreServices.framework/Versions/A/Frameworks/DictionaryServices.framework/Versions/A/DictionaryServices
0x00007fff37013000 	/System/Library/Frameworks/CoreServices.framework/Versions/A/Frameworks/SharedFileList.framework/Versions/A/SharedFileList
0x00007fff3bea2000 	/System/Library/Frameworks/NetFS.framework/Versions/A/NetFS
0x00007fff5c9f0000 	/System/Library/PrivateFrameworks/NetAuth.framework/Versions/A/NetAuth
0x00007fff69378000 	/System/Library/PrivateFrameworks/login.framework/Versions/A/Frameworks/loginsupport.framework/Versions/A/loginsupport
0x00007fff65c86000 	/System/Library/PrivateFrameworks/TCC.framework/Versions/A/TCC
0x00007fff4d8f0000 	/System/Library/PrivateFrameworks/CoreNLP.framework/Versions/A/CoreNLP
0x00007fff5beed000 	/System/Library/PrivateFrameworks/MetadataUtilities.framework/Versions/A/MetadataUtilities
0x00007fff6d650000 	/usr/lib/libmecabra.dylib
0x00007fff6d5a8000 	/usr/lib/libmecab.dylib
0x00007fff6d204000 	/usr/lib/libgermantok.dylib
0x00007fff6c4c9000 	/usr/lib/libThaiTokenizer.dylib
0x00007fff6becf000 	/usr/lib/libChineseTokenizer.dylib
0x00007fff311a0000 	/System/Library/Frameworks/Accelerate.framework/Versions/A/Frameworks/vImage.framework/Versions/A/vImage
0x00007fff3260a000 	/System/Library/Frameworks/Accelerate.framework/Versions/A/Frameworks/vecLib.framework/Versions/A/vecLib
0x00007fff32547000 	/System/Library/Frameworks/Accelerate.framework/Versions/A/Frameworks/vecLib.framework/Versions/A/libvMisc.dylib
0x00007fff3236f000 	/System/Library/Frameworks/Accelerate.framework/Versions/A/Frameworks/vecLib.framework/Versions/A/libvDSP.dylib
0x00007fff317f7000 	/System/Library/Frameworks/Accelerate.framework/Versions/A/Frameworks/vecLib.framework/Versions/A/libBLAS.dylib
0x00007fff31f33000 	/System/Library/Frameworks/Accelerate.framework/Versions/A/Frameworks/vecLib.framework/Versions/A/libLAPACK.dylib
0x00007fff322cf000 	/System/Library/Frameworks/Accelerate.framework/Versions/A/Frameworks/vecLib.framework/Versions/A/libLinearAlgebra.dylib
0x00007fff3235c000 	/System/Library/Frameworks/Accelerate.framework/Versions/A/Frameworks/vecLib.framework/Versions/A/libSparseBLAS.dylib
0x00007fff322e5000 	/System/Library/Frameworks/Accelerate.framework/Versions/A/Frameworks/vecLib.framework/Versions/A/libQuadrature.dylib
0x00007fff31a5f000 	/System/Library/Frameworks/Accelerate.framework/Versions/A/Frameworks/vecLib.framework/Versions/A/libBNNS.dylib
0x00007fff322eb000 	/System/Library/Frameworks/Accelerate.framework/Versions/A/Frameworks/vecLib.framework/Versions/A/libSparse.dylib
0x00007fff5aa61000 	/System/Library/PrivateFrameworks/LanguageModeling.framework/Versions/A/LanguageModeling
0x00007fff4d2a0000 	/System/Library/PrivateFrameworks/CoreEmoji.framework/Versions/A/CoreEmoji
0x00007fff5ab7f000 	/System/Library/PrivateFrameworks/LinguisticData.framework/Versions/A/LinguisticData
0x00007fff5ab30000 	/System/Library/PrivateFrameworks/Lexicon.framework/Versions/A/Lexicon
0x00007fff6c78b000 	/usr/lib/libcmph.dylib
0x00007fff3ea91000 	/System/Library/Frameworks/OpenDirectory.framework/Versions/A/Frameworks/CFOpenDirectory.framework/Versions/A/CFOpenDirectory
0x00007fff3eaae000 	/System/Library/Frameworks/OpenDirectory.framework/Versions/A/OpenDirectory
0x00007fff46eef000 	/System/Library/PrivateFrameworks/APFS.framework/Versions/A/APFS
0x00007fff4219e000 	/System/Library/Frameworks/SecurityFoundation.framework/Versions/A/SecurityFoundation
0x00007fff6e851000 	/usr/lib/libutil.dylib
0x00007fff4e7d5000 	/System/Library/PrivateFrameworks/CoreServicesStore.framework/Versions/A/CoreServicesStore
0x00007fff42255000 	/System/Library/Frameworks/ServiceManagement.framework/Versions/A/ServiceManagement
0x00007fff4a48f000 	/System/Library/PrivateFrameworks/BackgroundTaskManagement.framework/Versions/A/BackgroundTaskManagement
0x00007fff6e94e000 	/usr/lib/libxslt.1.dylib
0x00007fff49332000 	/System/Library/PrivateFrameworks/AppleSystemInfo.framework/Versions/A/AppleSystemInfo
0x00007fff38648000 	/System/Library/Frameworks/ImageIO.framework/Versions/A/Resources/libJPEG.dylib
0x00007fff38906000 	/System/Library/Frameworks/ImageIO.framework/Versions/A/Resources/libTIFF.dylib
0x00007fff388e9000 	/System/Library/Frameworks/ImageIO.framework/Versions/A/Resources/libPng.dylib
0x00007fff3858a000 	/System/Library/Frameworks/ImageIO.framework/Versions/A/Resources/libGIF.dylib
0x00007fff3858e000 	/System/Library/Frameworks/ImageIO.framework/Versions/A/Resources/libJP2.dylib
0x00007fff38904000 	/System/Library/Frameworks/ImageIO.framework/Versions/A/Resources/libRadiance.dylib
0x00007fff6d1cd000 	/usr/lib/libexpat.1.dylib
0x00007fff48e1a000 	/System/Library/PrivateFrameworks/AppleJPEG.framework/Versions/A/AppleJPEG
0x00007fff51ad5000 	/System/Library/PrivateFrameworks/FontServices.framework/libFontParser.dylib
0x00007fff6837a000 	/System/Library/PrivateFrameworks/WatchdogClient.framework/Versions/A/WatchdogClient
0x00007fff5a0bc000 	/System/Library/PrivateFrameworks/IOAccelerator.framework/Versions/A/IOAccelerator
0x00007fff3ae13000 	/System/Library/Frameworks/MetalPerformanceShaders.framework/Versions/A/MetalPerformanceShaders
0x00007fff56852000 	/System/Library/PrivateFrameworks/GPUWrangler.framework/Versions/A/GPUWrangler
0x00007fff5a0d1000 	/System/Library/PrivateFrameworks/IOPresentment.framework/Versions/A/IOPresentment
0x00007fff4f355000 	/System/Library/PrivateFrameworks/DSExternalDisplay.framework/Versions/A/DSExternalDisplay
0x00007fff3f422000 	/System/Library/Frameworks/OpenGL.framework/Versions/A/Libraries/libCoreFSCache.dylib
0x00007fff3ab5f000 	/System/Library/Frameworks/MetalPerformanceShaders.framework/Frameworks/MPSCore.framework/Versions/A/MPSCore
0x00007fff3ab9d000 	/System/Library/Frameworks/MetalPerformanceShaders.framework/Frameworks/MPSImage.framework/Versions/A/MPSImage
0x00007fff3ac64000 	/System/Library/Frameworks/MetalPerformanceShaders.framework/Frameworks/MPSNeuralNetwork.framework/Versions/A/MPSNeuralNetwork
0x00007fff3ac28000 	/System/Library/Frameworks/MetalPerformanceShaders.framework/Frameworks/MPSMatrix.framework/Versions/A/MPSMatrix
0x00007fff3adc3000 	/System/Library/Frameworks/MetalPerformanceShaders.framework/Frameworks/MPSRayIntersector.framework/Versions/A/MPSRayIntersector
0x00007fff3ac4e000 	/System/Library/Frameworks/MetalPerformanceShaders.framework/Frameworks/MPSNDArray.framework/Versions/A/MPSNDArray
0x00007fff5bf3a000 	/System/Library/PrivateFrameworks/MetalTools.framework/Versions/A/MetalTools
0x00007fff480c9000 	/System/Library/PrivateFrameworks/AggregateDictionary.framework/Versions/A/AggregateDictionary
0x00007fff4cce8000 	/System/Library/PrivateFrameworks/CoreAnalytics.framework/Versions/A/CoreAnalytics
0x00007fff49251000 	/System/Library/PrivateFrameworks/AppleSauce.framework/Versions/A/AppleSauce
0x00007fff6c18b000 	/usr/lib/libIOReport.dylib
0x00007fff37514000 	/System/Library/Frameworks/CoreVideo.framework/Versions/A/CoreVideo
0x00007fff57ccb000 	/System/Library/PrivateFrameworks/GraphVisualizer.framework/Versions/A/GraphVisualizer
0x00007fff5101b000 	/System/Library/PrivateFrameworks/FaceCore.framework/Versions/A/FaceCore
0x00007fff3ea38000 	/System/Library/Frameworks/OpenCL.framework/Versions/A/OpenCL
0x00007fff6bfad000 	/usr/lib/libFosl_dynamic.dylib
0x00007fff5d410000 	/System/Library/PrivateFrameworks/OTSVG.framework/Versions/A/OTSVG
0x00007fff336c9000 	/System/Library/Frameworks/ApplicationServices.framework/Versions/A/Frameworks/ATS.framework/Versions/A/Resources/libFontRegistry.dylib
0x00007fff51ca6000 	/System/Library/PrivateFrameworks/FontServices.framework/libhvf.dylib
0x00007fff3f42d000 	/System/Library/Frameworks/OpenGL.framework/Versions/A/Libraries/libGFXShared.dylib
0x00007fff3f60b000 	/System/Library/Frameworks/OpenGL.framework/Versions/A/Libraries/libGLU.dylib
0x00007fff3f436000 	/System/Library/Frameworks/OpenGL.framework/Versions/A/Libraries/libGL.dylib
0x00007fff3f441000 	/System/Library/Frameworks/OpenGL.framework/Versions/A/Libraries/libGLImage.dylib
0x00007fff3f41f000 	/System/Library/Frameworks/OpenGL.framework/Versions/A/Libraries/libCVMSPluginSupport.dylib
0x00007fff3f428000 	/System/Library/Frameworks/OpenGL.framework/Versions/A/Libraries/libCoreVMClient.dylib
0x00007fff6dc1f000 	/usr/lib/libncurses.5.4.dylib
0x00007fff335c5000 	/System/Library/Frameworks/ApplicationServices.framework/Versions/A/Frameworks/ATS.framework/Versions/A/ATS
0x00007fff33792000 	/System/Library/Frameworks/ApplicationServices.framework/Versions/A/Frameworks/ColorSyncLegacy.framework/Versions/A/ColorSyncLegacy
0x00007fff33830000 	/System/Library/Frameworks/ApplicationServices.framework/Versions/A/Frameworks/HIServices.framework/Versions/A/HIServices
0x00007fff33888000 	/System/Library/Frameworks/ApplicationServices.framework/Versions/A/Frameworks/LangAnalysis.framework/Versions/A/LangAnalysis
0x00007fff33897000 	/System/Library/Frameworks/ApplicationServices.framework/Versions/A/Frameworks/PrintCore.framework/Versions/A/PrintCore
0x00007fff338dd000 	/System/Library/Frameworks/ApplicationServices.framework/Versions/A/Frameworks/QD.framework/Versions/A/QD
0x00007fff338e8000 	/System/Library/Frameworks/ApplicationServices.framework/Versions/A/Frameworks/SpeechSynthesis.framework/Versions/A/SpeechSynthesis
0x00007fff33762000 	/System/Library/Frameworks/ApplicationServices.framework/Versions/A/Frameworks/ATSUI.framework/Versions/A/ATSUI
0x00007fff6d063000 	/usr/lib/libcups.2.dylib
0x00007fff39eae000 	/System/Library/Frameworks/Kerberos.framework/Versions/A/Kerberos
0x00007fff37ff0000 	/System/Library/Frameworks/GSS.framework/Versions/A/GSS
0x00007fff6e3a2000 	/usr/lib/libresolv.9.dylib
0x00007fff57e78000 	/System/Library/PrivateFrameworks/Heimdal.framework/Versions/A/Heimdal
0x00007fff39ec1000 	/System/Library/Frameworks/Kerberos.framework/Versions/A/Libraries/libHeimdalProxy.dylib
0x00007fff6d20a000 	/usr/lib/libheimdal-asn1.dylib
0x00007fff4c180000 	/System/Library/PrivateFrameworks/CommonAuth.framework/Versions/A/CommonAuth
0x00007fff493cf000 	/System/Library/PrivateFrameworks/AssertionServices.framework/Versions/A/AssertionServices
0x00007fff49f72000 	/System/Library/PrivateFrameworks/AudioToolboxCore.framework/Versions/A/AudioToolboxCore
0x00007fff69028000 	/System/Library/PrivateFrameworks/caulk.framework/Versions/A/caulk
0x00007fff4a53b000 	/System/Library/PrivateFrameworks/BaseBoard.framework/Versions/A/BaseBoard
0x00007fff61673000 	/System/Library/PrivateFrameworks/RunningBoardServices.framework/Versions/A/RunningBoardServices
0x00007fff5e684000 	/System/Library/PrivateFrameworks/PersistentConnection.framework/Versions/A/PersistentConnection
0x00007fff6106c000 	/System/Library/PrivateFrameworks/ProtocolBuffer.framework/Versions/A/ProtocolBuffer
0x00007fff4c1a4000 	/System/Library/PrivateFrameworks/CommonUtilities.framework/Versions/A/CommonUtilities
0x00007fff4a6c9000 	/System/Library/PrivateFrameworks/Bom.framework/Versions/A/Bom
0x00007fff6be5e000 	/usr/lib/libAudioToolboxUtility.dylib
0x00007fff4a499000 	/System/Library/PrivateFrameworks/Backup.framework/Versions/A/Backup
0x00007fff4f276000 	/System/Library/PrivateFrameworks/CrashReporterSupport.framework/Versions/A/CrashReporterSupport
0x00007fff63105000 	/System/Library/PrivateFrameworks/Sharing.framework/Versions/A/Sharing
0x00007fff489dd000 	/System/Library/PrivateFrameworks/Apple80211.framework/Versions/A/Apple80211
0x00007fff4a1b6000 	/System/Library/PrivateFrameworks/AuthKit.framework/Versions/A/AuthKit
0x00007fff4ef83000 	/System/Library/PrivateFrameworks/CoreUtils.framework/Versions/A/CoreUtils
0x00007fff37559000 	/System/Library/Frameworks/CoreWLAN.framework/Versions/A/CoreWLAN
0x00007fff3817d000 	/System/Library/Frameworks/IOBluetooth.framework/Versions/A/IOBluetooth
0x00007fff5c23f000 	/System/Library/PrivateFrameworks/MobileKeyBag.framework/Versions/A/MobileKeyBag
0x00007fff4dd88000 	/System/Library/PrivateFrameworks/CorePhoneNumbers.framework/Versions/A/CorePhoneNumbers
0x00007fff48dcd000 	/System/Library/PrivateFrameworks/AppleIDAuthSupport.framework/Versions/A/AppleIDAuthSupport
0x00007fff3beaf000 	/System/Library/Frameworks/Network.framework/Versions/A/Network
0x00007fff5a90d000 	/System/Library/PrivateFrameworks/KeychainCircle.framework/Versions/A/KeychainCircle
0x00007fff34faa000 	/System/Library/Frameworks/CoreBluetooth.framework/Versions/A/CoreBluetooth
0x00007fff65184000 	/System/Library/PrivateFrameworks/SpeechRecognitionCore.framework/Versions/A/SpeechRecognitionCore
0x000000010ecfd000 	/Applications/Android Studio.app/Contents/jre/jdk/Contents/Home/jre/lib/server/libjvm.dylib
0x00007fff6e724000 	/usr/lib/libstdc++.6.dylib
0x000000010e149000 	/Applications/Android Studio.app/Contents/jre/jdk/Contents/Home/jre/lib/libverify.dylib
0x000000010e15b000 	/Applications/Android Studio.app/Contents/jre/jdk/Contents/Home/jre/lib/libjava.dylib
0x000000010e1ef000 	/Applications/Android Studio.app/Contents/jre/jdk/Contents/Home/jre/lib/libzip.dylib
0x000000010ea45000 	/Applications/Android Studio.app/Contents/jre/jdk/Contents/Home/jre/lib/libnio.dylib
0x000000010ea60000 	/Applications/Android Studio.app/Contents/jre/jdk/Contents/Home/jre/lib/libnet.dylib
0x0000000126335000 	/Users/soso/.gradle/native/9f2fa17c089eee584f3420100432f77ec4c098959e4bf121a4d6054c26537dfb/osx-amd64/libnative-platform.dylib
0x000000012667e000 	/Applications/Android Studio.app/Contents/jre/jdk/Contents/Home/jre/lib/libmanagement.dylib
0x0000000126c96000 	/Users/soso/.gradle/native/9f2fa17c089eee584f3420100432f77ec4c098959e4bf121a4d6054c26537dfb/osx-amd64/libnative-platform-file-events.dylib
0x000000012cbde000 	/Applications/Android Studio.app/Contents/jre/jdk/Contents/Home/jre/lib/libawt.dylib
0x000000012cc9f000 	/Applications/Android Studio.app/Contents/jre/jdk/Contents/Home/jre/lib/libmlib_image.dylib
0x00007fff39e98000 	/System/Library/Frameworks/JavaVM.framework/Versions/A/Frameworks/JavaNativeFoundation.framework/Versions/A/JavaNativeFoundation
0x00007fff39ea1000 	/System/Library/Frameworks/JavaVM.framework/Versions/A/Frameworks/JavaRuntimeSupport.framework/Versions/A/JavaRuntimeSupport
0x00007fff39ea9000 	/System/Library/Frameworks/JavaVM.framework/Versions/A/JavaVM
0x00007fff5a724000 	/System/Library/PrivateFrameworks/JavaLaunching.framework/Versions/A/JavaLaunching
0x00007fff3417b000 	/System/Library/Frameworks/Carbon.framework/Versions/A/Carbon
0x00007fff4ed28000 	/System/Library/PrivateFrameworks/CoreSymbolication.framework/Versions/A/CoreSymbolication
0x00007fff3417c000 	/System/Library/Frameworks/Carbon.framework/Versions/A/Frameworks/CommonPanels.framework/Versions/A/CommonPanels
0x00007fff34475000 	/System/Library/Frameworks/Carbon.framework/Versions/A/Frameworks/Help.framework/Versions/A/Help
0x00007fff34479000 	/System/Library/Frameworks/Carbon.framework/Versions/A/Frameworks/ImageCapture.framework/Versions/A/ImageCapture
0x00007fff34480000 	/System/Library/Frameworks/Carbon.framework/Versions/A/Frameworks/OpenScripting.framework/Versions/A/OpenScripting
0x00007fff3447f000 	/System/Library/Frameworks/Carbon.framework/Versions/A/Frameworks/Ink.framework/Versions/A/Ink
0x00007fff344bb000 	/System/Library/Frameworks/Carbon.framework/Versions/A/Frameworks/Print.framework/Versions/A/Print
0x00007fff344bc000 	/System/Library/Frameworks/Carbon.framework/Versions/A/Frameworks/SecurityHI.framework/Versions/A/SecurityHI
0x00007fff4f4aa000 	/System/Library/PrivateFrameworks/DebugSymbols.framework/Versions/A/DebugSymbols
0x000000012cd65000 	/Applications/Android Studio.app/Contents/jre/jdk/Contents/Home/jre/lib/libawt_lwawt.dylib
0x000000012ce54000 	/Applications/Android Studio.app/Contents/jre/jdk/Contents/Home/jre/lib/libosxapp.dylib
0x00007fff37a59000 	/System/Library/Frameworks/ExceptionHandling.framework/Versions/A/ExceptionHandling
0x000000012e735000 	/private/var/folders/nk/77tzydc5271b4jt6909jb9m80000gn/T/room-2c3beb68-50d2-496b-bb71-c4faf824e7e1/sqlite-3.25.2-95b2c124-aee5-4206-8fff-27dfffe22277-libsqlitejdbc.jnilib
0x000000012fac5000 	/private/var/folders/nk/77tzydc5271b4jt6909jb9m80000gn/T/room-49cc2e8b-cb20-4073-9f60-82f211592770/sqlite-3.25.2-e98f4d0f-7cf1-4a6c-bc3f-ec37cdf6cf19-libsqlitejdbc.jnilib
0x0000000130655000 	/private/var/folders/nk/77tzydc5271b4jt6909jb9m80000gn/T/room-37c5d319-7621-4a22-aeb7-28ed9ae1973c/sqlite-3.25.2-9c984bdd-e944-41fe-bee9-d998bf76100d-libsqlitejdbc.jnilib
0x0000000132c2d000 	/private/var/folders/nk/77tzydc5271b4jt6909jb9m80000gn/T/room-1bd750ab-2ae9-4dd5-aca1-bed28bc31199/sqlite-3.25.2-f198d6cd-7972-4191-83c6-ce84b9a6719a-libsqlitejdbc.jnilib
0x0000000131b33000 	/private/var/folders/nk/77tzydc5271b4jt6909jb9m80000gn/T/room-15e9c897-d5be-424b-91b9-01b68a9e3d8a/sqlite-3.25.2-322338ea-0907-4257-9d2f-b4090a66e3fe-libsqlitejdbc.jnilib
0x0000000133bbd000 	/private/var/folders/nk/77tzydc5271b4jt6909jb9m80000gn/T/room-ca908bcd-d748-4075-909e-9c24a96c2aee/sqlite-3.25.2-40d57cc0-b1c7-471b-baef-319d08e4f39a-libsqlitejdbc.jnilib
0x000000013474d000 	/private/var/folders/nk/77tzydc5271b4jt6909jb9m80000gn/T/room-20e2d62a-bd3c-4e73-85f9-87e289307598/sqlite-3.25.2-5c21ca02-6dff-4244-b2ae-6db60eaae0dd-libsqlitejdbc.jnilib
0x00000001352dd000 	/private/var/folders/nk/77tzydc5271b4jt6909jb9m80000gn/T/room-8ae16a93-e2e6-485e-bb02-d64ca2881644/sqlite-3.25.2-c51d0bda-8bcf-473a-b107-a3c5c0404d4e-libsqlitejdbc.jnilib
0x0000000135e6d000 	/private/var/folders/nk/77tzydc5271b4jt6909jb9m80000gn/T/room-8ca3cbdb-d700-41b9-ae80-57514fde5016/sqlite-3.25.2-ff1e5660-9820-4b2f-8479-cb4771a55c64-libsqlitejdbc.jnilib
0x0000000136bfd000 	/private/var/folders/nk/77tzydc5271b4jt6909jb9m80000gn/T/room-d04b6d4d-275c-4ec7-af98-5d94d2173028/sqlite-3.25.2-ac3848c1-c91e-495e-b519-a99910cec6fd-libsqlitejdbc.jnilib

VM Arguments:
jvm_args: -Xmx2048m -Dfile.encoding=UTF-8 -Duser.country=FR -Duser.language=fr -Duser.variant 
java_command: org.gradle.launcher.daemon.bootstrap.GradleDaemon 6.6-rc-3
java_class_path (initial): /Users/soso/.gradle/wrapper/dists/gradle-6.6-rc-3-all/6ukb1n1ggnj6c428kebua5eks/gradle-6.6-rc-3/lib/gradle-launcher-6.6.jar
Launcher Type: SUN_STANDARD

Environment Variables:
PATH=/usr/local/bin:/usr/bin:/bin:/usr/sbin:/sbin
SHELL=/bin/zsh

Signal Handlers:
SIGSEGV: [libjvm.dylib+0x565c43], sa_mask[0]=11111111011111110111111111111111, sa_flags=SA_ONSTACK|SA_RESTART|SA_SIGINFO
SIGBUS: [libjvm.dylib+0x565c43], sa_mask[0]=11111111011111110111111111111111, sa_flags=SA_RESTART|SA_SIGINFO
SIGFPE: [libjvm.dylib+0x45dd9d], sa_mask[0]=11111111011111110111111111111111, sa_flags=SA_RESTART|SA_SIGINFO
SIGPIPE: [libjvm.dylib+0x45dd9d], sa_mask[0]=11111111011111110111111111111111, sa_flags=SA_RESTART|SA_SIGINFO
SIGXFSZ: [libjvm.dylib+0x45dd9d], sa_mask[0]=11111111011111110111111111111111, sa_flags=SA_RESTART|SA_SIGINFO
SIGILL: [libjvm.dylib+0x45dd9d], sa_mask[0]=11111111011111110111111111111111, sa_flags=SA_RESTART|SA_SIGINFO
SIGUSR1: SIG_DFL, sa_mask[0]=00000000000000000000000000000000, sa_flags=none
SIGUSR2: [libjvm.dylib+0x45e69c], sa_mask[0]=00100000000000000000000000000000, sa_flags=SA_RESTART|SA_SIGINFO
SIGHUP: [libjvm.dylib+0x45c8c1], sa_mask[0]=11111111011111110111111111111111, sa_flags=SA_RESTART|SA_SIGINFO
SIGINT: [libjvm.dylib+0x45c8c1], sa_mask[0]=11111111011111110111111111111111, sa_flags=SA_RESTART|SA_SIGINFO
SIGTERM: [libjvm.dylib+0x45c8c1], sa_mask[0]=11111111011111110111111111111111, sa_flags=SA_RESTART|SA_SIGINFO
SIGQUIT: [libjvm.dylib+0x45c8c1], sa_mask[0]=11111111011111110111111111111111, sa_flags=SA_RESTART|SA_SIGINFO


---------------  S Y S T E M  ---------------

OS:Bsduname:Darwin 19.6.0 Darwin Kernel Version 19.6.0: Sun Jul  5 00:43:10 PDT 2020; root:xnu-6153.141.1~9/RELEASE_X86_64 x86_64
rlimit: STACK 8192k, CORE 0k, NPROC 1392, NOFILE 10240, AS infinity
load average:5.22 4.24 3.86

CPU:total 4 (initial active 4) (2 cores per cpu, 2 threads per core) family 6 model 61 stepping 4, cmov, cx8, fxsr, mmx, sse, sse2, sse3, ssse3, sse4.1, sse4.2, popcnt, avx, avx2, aes, clmul, erms, 3dnowpref, lzcnt, ht, tsc, tscinvbit, bmi1, bmi2, adx

Memory: 4k page, physical 8388608k(144100k free)

/proc/meminfo:


vm_info: OpenJDK 64-Bit Server VM (25.242-b3-6222593) for bsd-amd64 JRE (1.8.0_242-release-1644-b3-6222593), built by "android-build" with gcc 4.2.1 Compatible Android (5484270 based on r353983c) Clang 9.0.3 (https://android.googlesource.com/toolchain/clang 745b335211bb9eadfa6aa6301f84715cee4b37c5) (https://android.googlesource.com/toolchain/llvm 60cf23e54e46c807513f7a36d0a7b777920b5881)

time: Mon Sep 21 12:25:00 2020
timezone: CEST
elapsed time: 8989 seconds (0d 2h 29m 49s)

