#
# A fatal error has been detected by the Java Runtime Environment:
#
#  SIGSEGV (0xb) at pc=0x0000000102602418, pid=22129, tid=0x0000000000003503
#
# JRE version: OpenJDK Runtime Environment (8.0_242) (build 1.8.0_242-release-1644-b3-6222593)
# Java VM: OpenJDK 64-Bit Server VM (25.242-b3-6222593 mixed mode bsd-amd64 compressed oops)
# Problematic frame:
# V  [libjvm.dylib+0x2418]
#
# Failed to write core dump. Core dumps have been disabled. To enable core dumping, try "ulimit -c unlimited" before starting Java again
#
# If you would like to submit a bug report, please visit:
#   http://bugreport.java.com/bugreport/crash.jsp
#

---------------  T H R E A D  ---------------

Current thread (0x00007fc580027000):  JavaThread "C2 CompilerThread1" daemon [_thread_in_native, id=13571, stack(0x000070000b7e1000,0x000070000b8e1000)]

siginfo: si_signo: 11 (SIGSEGV), si_code: 1 (SEGV_MAPERR), si_addr: 0x00007fc98242400c

Registers:
RAX=0x00000000ffffffff, RBX=0x0000000116f50568, RCX=0x00007fc582424010, RDX=0x000070000b8df368
RSP=0x000070000b8dd540, RBP=0x000070000b8dd9a0, RSI=0x000070000b8dd9b8, RDI=0x00007fc583eb2580
R8 =0x0000000000000034, R9 =0x0000000000000004, R10=0x0000000000000007, R11=0x0000000000000004
R12=0x000070000b8dda60, R13=0x00007fc583eb2580, R14=0x000070000b8e0128, R15=0x00007fc583eb2580
RIP=0x0000000102602418, EFLAGS=0x0000000000010202, ERR=0x0000000000000004
  TRAPNO=0x000000000000000e

Top of Stack: (sp=0x000070000b8dd540)
0x000070000b8dd540:   0000000000007fd8 0000000000000000
0x000070000b8dd550:   00007fc57f9e7200 000070000b8df4a8
0x000070000b8dd560:   000070000b8dd580 0000000102699c42
0x000070000b8dd570:   000070000b8df4f0 000070000b8dea18
0x000070000b8dd580:   000070000b8e0128 000070000b8de000
0x000070000b8dd590:   000070000b8dea18 000070000b8df4a8
0x000070000b8dd5a0:   000070000b8df540 0000000102798776
0x000070000b8dd5b0:   0000000000000006 0000000102df7e90
0x000070000b8dd5c0:   0000700000000005 000070000b8e0128
0x000070000b8dd5d0:   000070000b8e02c0 000070000b8e02c0
0x000070000b8dd5e0:   0000000000002000 00007fc582442010
0x000070000b8dd5f0:   0000000000000000 000070000b8e0218
0x000070000b8dd600:   0000000000002000 00007fc5836bb010
0x000070000b8dd610:   0000000000000000 0000000000000000
0x000070000b8dd620:   0000000000000000 0000000000000000
0x000070000b8dd630:   0000000000000000 0000000000000000
0x000070000b8dd640:   0000000000000000 0000000000000000
0x000070000b8dd650:   0000000000000000 0000000000000000
0x000070000b8dd660:   0000000000000000 0000000000000000
0x000070000b8dd670:   0000000000000000 0000000000000000
0x000070000b8dd680:   0000000000000000 0000000000000000
0x000070000b8dd690:   0000000000000000 0000000000000000
0x000070000b8dd6a0:   0000000000000000 0000000000000000
0x000070000b8dd6b0:   000070000b8dd768 000070000b8dd6d0
0x000070000b8dd6c0:   0000000000000004 ffffffffffffffff
0x000070000b8dd6d0:   00000000ffffffff 0000000102df8a90
0x000070000b8dd6e0:   0000000000000000 000070000b8dd758
0x000070000b8dd6f0:   000070000b8dd710 0000000102aaa36e
0x000070000b8dd700:   0000000102df8b48 0000000116f50518
0x000070000b8dd710:   000070000b8dd740 0000000102aa981c
0x000070000b8dd720:   000000000000c000 000070000b8dd838
0x000070000b8dd730:   00000000f80000ed 000070000b8dd958 

Instructions: (pc=0x0000000102602418)
0x00000001026023f8:   49 89 fd 48 8b 05 ce 5f 76 00 48 8b 00 48 89 45
0x0000000102602408:   d0 48 8b 47 08 48 8b 40 08 48 8b 4a 18 8b 40 28
0x0000000102602418:   44 0f bf 04 81 0f bf 5c 81 02 45 31 e4 4c 63 cb
0x0000000102602428:   8b 47 28 44 0f bf 1c 81 44 0f bf 54 81 02 49 63 

Register to memory mapping:

RAX=0x00000000ffffffff is an unknown value
RBX=0x0000000116f50568 is at code_begin+1224 in 
[CodeBlob (0x0000000116f50050)]
Framesize: 0
BufferBlob (0x0000000116f50050) used for Compile::scratch_buffer
RCX=0x00007fc582424010 is an unknown value
RDX=0x000070000b8df368 is pointing into the stack for thread: 0x00007fc580027000
RSP=0x000070000b8dd540 is pointing into the stack for thread: 0x00007fc580027000
RBP=0x000070000b8dd9a0 is pointing into the stack for thread: 0x00007fc580027000
RSI=0x000070000b8dd9b8 is pointing into the stack for thread: 0x00007fc580027000
RDI=0x00007fc583eb2580 is an unknown value
R8 =0x0000000000000034 is an unknown value
R9 =0x0000000000000004 is an unknown value
R10=0x0000000000000007 is an unknown value
R11=0x0000000000000004 is an unknown value
R12=0x000070000b8dda60 is pointing into the stack for thread: 0x00007fc580027000
R13=0x00007fc583eb2580 is an unknown value
R14=0x000070000b8e0128 is pointing into the stack for thread: 0x00007fc580027000
R15=0x00007fc583eb2580 is an unknown value


Stack: [0x000070000b7e1000,0x000070000b8e1000],  sp=0x000070000b8dd540,  free space=1009k
Native frames: (J=compiled Java code, j=interpreted, Vv=VM code, C=native code)
V  [libjvm.dylib+0x2418]
V  [libjvm.dylib+0x197392]
V  [libjvm.dylib+0x4669f6]
V  [libjvm.dylib+0x46553b]
V  [libjvm.dylib+0x4652bd]
V  [libjvm.dylib+0x199347]
V  [libjvm.dylib+0x197cb7]
V  [libjvm.dylib+0x136b98]
V  [libjvm.dylib+0x1a3372]
V  [libjvm.dylib+0x1a2882]
V  [libjvm.dylib+0x527e84]
V  [libjvm.dylib+0x527d49]
V  [libjvm.dylib+0x45b9eb]
C  [libsystem_pthread.dylib+0x6109]  _pthread_start+0x94
C  [libsystem_pthread.dylib+0x1b8b]  thread_start+0xf
C  0x0000000000000000


Current CompileTask:
C2:10708899 47357       4       com.sun.tools.javac.code.Types$SignatureGenerator::assembleSig (506 bytes)


---------------  P R O C E S S  ---------------

Java Threads: ( => current thread )
  0x00007fc587013000 JavaThread "Cache worker for Java compile cache (/Users/soso/AndroidStudioProjects/RealEstateManager/.gradle/6.6-rc-3/javaCompile)" [_thread_in_native, id=24183, stack(0x000070000c405000,0x000070000c505000)]
  0x00007fc587756000 JavaThread "WorkerExecutor Queue Thread 9" [_thread_blocked, id=27215, stack(0x000070001612c000,0x000070001622c000)]
  0x00007fc58ba20800 JavaThread "WorkerExecutor Queue Thread 8" [_thread_blocked, id=16139, stack(0x0000700016029000,0x0000700016129000)]
  0x00007fc585761000 JavaThread "RMI TCP Connection(idle)" daemon [_thread_blocked, id=59507, stack(0x00007000151a9000,0x00007000152a9000)]
  0x00007fc57f92e000 JavaThread "RMI TCP Connection(126)-127.0.0.1" daemon [_thread_in_native, id=32367, stack(0x00007000150a6000,0x00007000151a6000)]
  0x00007fc580627000 JavaThread "WorkerExecutor Queue Thread 6" [_thread_blocked, id=70043, stack(0x0000700014a94000,0x0000700014b94000)]
  0x00007fc589961800 JavaThread "stdout" [_thread_in_native, id=37451, stack(0x0000700015e23000,0x0000700015f23000)]
  0x00007fc58725c800 JavaThread "stderr" [_thread_in_native, id=128103, stack(0x0000700015d20000,0x0000700015e20000)]
  0x00007fc58bed8000 JavaThread "process reaper" daemon [_thread_in_native, id=121891, stack(0x0000700015cf5000,0x0000700015d1d000)]
  0x00007fc585898000 JavaThread "stdout" [_thread_in_native, id=47187, stack(0x0000700015aef000,0x0000700015bef000)]
  0x00007fc58bed7000 JavaThread "stderr" [_thread_in_native, id=56599, stack(0x00007000159ec000,0x0000700015aec000)]
  0x00007fc58bed6800 JavaThread "process reaper" daemon [_thread_in_native, id=66935, stack(0x00007000159c1000,0x00007000159e9000)]
  0x00007fc580534000 JavaThread "stdout" [_thread_in_native, id=127083, stack(0x00007000158be000,0x00007000159be000)]
  0x00007fc580533800 JavaThread "stderr" [_thread_in_native, id=83547, stack(0x00007000157bb000,0x00007000158bb000)]
  0x00007fc589960800 JavaThread "stdout" [_thread_in_native, id=84779, stack(0x00007000156b8000,0x00007000157b8000)]
  0x00007fc5899ff000 JavaThread "stderr" [_thread_in_native, id=127603, stack(0x00007000155b5000,0x00007000156b5000)]
  0x00007fc58062d000 JavaThread "process reaper" daemon [_thread_in_native, id=54895, stack(0x000070000b5ae000,0x000070000b5d6000)]
  0x00007fc57ff2a000 JavaThread "process reaper" daemon [_thread_in_native, id=126263, stack(0x000070000b583000,0x000070000b5ab000)]
  0x00007fc58a7fa800 JavaThread "pool-64-thread-1" [_thread_blocked, id=45163, stack(0x00007000154b2000,0x00007000155b2000)]
  0x00007fc58717d000 JavaThread "WorkerExecutor Queue Thread 4" [_thread_blocked, id=95311, stack(0x00007000152ac000,0x00007000153ac000)]
  0x00007fc587680000 JavaThread "Cache worker for execution history cache (/Users/soso/AndroidStudioProjects/RealEstateManager/.gradle/6.6-rc-3/executionHistory)" [_thread_blocked, id=57983, stack(0x0000700014991000,0x0000700014a91000)]
  0x00007fc58bfe3000 JavaThread "Execution worker for ':' Thread 3" [_thread_blocked, id=35087, stack(0x000070001488e000,0x000070001498e000)]
  0x00007fc58bf62000 JavaThread "Execution worker for ':' Thread 2" [_thread_blocked, id=46855, stack(0x000070001478b000,0x000070001488b000)]
  0x00007fc58bf61000 JavaThread "Execution worker for ':'" [_thread_blocked, id=70467, stack(0x0000700014688000,0x0000700014788000)]
  0x00007fc582c86000 JavaThread "Cache worker for file content cache (/Users/soso/AndroidStudioProjects/RealEstateManager/.gradle/6.6-rc-3/fileContent)" [_thread_blocked, id=69759, stack(0x0000700014585000,0x0000700014685000)]
  0x00007fc589e72800 JavaThread "Build operations Thread 4" [_thread_blocked, id=126783, stack(0x000070000d435000,0x000070000d535000)]
  0x00007fc58291b800 JavaThread "Build operations Thread 3" [_thread_blocked, id=63751, stack(0x000070000d12c000,0x000070000d22c000)]
  0x00007fc589ef0000 JavaThread "Build operations Thread 2" [_thread_blocked, id=43383, stack(0x000070000d029000,0x000070000d129000)]
  0x00007fc589ea7000 JavaThread "Build operations" [_thread_blocked, id=72063, stack(0x000070000cf26000,0x000070000d026000)]
  0x00007fc589eed800 JavaThread "Cache worker for Build Output Cleanup Cache (/Users/soso/AndroidStudioProjects/RealEstateManager/.gradle/buildOutputCleanup)" [_thread_blocked, id=42619, stack(0x000070000ce23000,0x000070000cf23000)]
  0x00007fc5801c4000 JavaThread "Cache worker for cache directory md-rule (/Users/soso/.gradle/caches/6.6-rc-3/md-rule)" [_thread_blocked, id=31867, stack(0x000070000cd20000,0x000070000ce20000)]
  0x00007fc585b1f000 JavaThread "Cache worker for cache directory md-supplier (/Users/soso/.gradle/caches/6.6-rc-3/md-supplier)" [_thread_blocked, id=67963, stack(0x000070000cc1d000,0x000070000cd1d000)]
  0x00007fc58be11800 JavaThread "Cache worker for checksums cache (/Users/soso/AndroidStudioProjects/RealEstateManager/.gradle/checksums)" [_thread_blocked, id=20535, stack(0x000070000cb1a000,0x000070000cc1a000)]
  0x00007fc57fad8800 JavaThread "Cache worker for file hash cache (/Users/soso/AndroidStudioProjects/RealEstateManager/.gradle/6.6-rc-3/fileHashes)" [_thread_blocked, id=86395, stack(0x000070000c914000,0x000070000ca14000)]
  0x00007fc57fea4800 JavaThread "Thread-4144" [_thread_blocked, id=43523, stack(0x000070000c508000,0x000070000c608000)]
  0x00007fc5803b9000 JavaThread "Asynchronous log dispatcher for DefaultDaemonConnection: socket connection from /127.0.0.1:61914 to /127.0.0.1:56117" [_thread_blocked, id=55615, stack(0x000070000c302000,0x000070000c402000)]
  0x00007fc589a8f800 JavaThread "Daemon worker Thread 30" [_thread_blocked, id=75919, stack(0x000070000c1ff000,0x000070000c2ff000)]
  0x00007fc585aaa000 JavaThread "Cancel handler" [_thread_blocked, id=40043, stack(0x000070000c0fc000,0x000070000c1fc000)]
  0x00007fc58bfee800 JavaThread "Handler for socket connection from /127.0.0.1:61914 to /127.0.0.1:56117" [_thread_in_native, id=94019, stack(0x000070000bef6000,0x000070000bff6000)]
  0x00007fc58bd50000 JavaThread "Daemon Thread 30" [_thread_blocked, id=123179, stack(0x000070000bdf3000,0x000070000bef3000)]
  0x00007fc58063d000 JavaThread "process reaper" daemon [_thread_in_native, id=92231, stack(0x000070000b4d5000,0x000070000b4fd000)]
  0x00007fc589f60800 JavaThread "RMI Reaper" [_thread_blocked, id=130571, stack(0x0000700014c9a000,0x0000700014d9a000)]
  0x00007fc589e73000 JavaThread "GC Daemon" daemon [_thread_blocked, id=25911, stack(0x0000700014b97000,0x0000700014c97000)]
  0x00007fc580117800 JavaThread "Cache worker for Java compile cache (/Users/soso/.gradle/caches/6.6-rc-3/javaCompile)" [_thread_blocked, id=61191, stack(0x000070000ca17000,0x000070000cb17000)]
  0x00007fc587158800 JavaThread "RMI TCP Accept-0" daemon [_thread_in_native, id=123651, stack(0x0000700015bf2000,0x0000700015cf2000)]
  0x00007fc585195800 JavaThread "RMI Scheduler(0)" daemon [_thread_blocked, id=128519, stack(0x0000700014d9d000,0x0000700014e9d000)]
  0x00007fc5870a0800 JavaThread "MarlinRenderer Disposer" daemon [_thread_blocked, id=91143, stack(0x0000700014fa3000,0x00007000150a3000)]
  0x00007fc580ccc000 JavaThread "Java2D Disposer" daemon [_thread_blocked, id=91655, stack(0x0000700014ea0000,0x0000700014fa0000)]
  0x00007fc580733000 JavaThread "AWT-AppKit" daemon [_thread_in_native, id=775, stack(0x00007ffeed787000,0x00007ffeedf87000)]
  0x00007fc585582000 JavaThread "Memory manager" [_thread_blocked, id=87555, stack(0x000070001437f000,0x000070001447f000)]
  0x00007fc587173000 JavaThread "Cache worker for file content cache (/Users/soso/.gradle/caches/6.6-rc-3/fileContent)" [_thread_blocked, id=26115, stack(0x000070000d332000,0x000070000d432000)]
  0x00007fc58503e800 JavaThread "Cache worker for execution history cache (/Users/soso/.gradle/caches/6.6-rc-3/executionHistory)" [_thread_blocked, id=39171, stack(0x000070000d22f000,0x000070000d32f000)]
  0x00007fc5807ff800 JavaThread "Cache worker for journal cache (/Users/soso/.gradle/caches/journal-1)" [_thread_blocked, id=22531, stack(0x000070000c811000,0x000070000c911000)]
  0x00007fc57fef6000 JavaThread "File lock request listener" [_thread_in_native, id=40963, stack(0x000070000c70e000,0x000070000c80e000)]
  0x00007fc5808f7000 JavaThread "Cache worker for file hash cache (/Users/soso/.gradle/caches/6.6-rc-3/fileHashes)" [_thread_blocked, id=41475, stack(0x000070000c60b000,0x000070000c70b000)]
  0x00007fc58284c000 JavaThread "Daemon periodic checks" [_thread_blocked, id=16387, stack(0x000070000bff9000,0x000070000c0f9000)]
  0x00007fc5808b0000 JavaThread "Incoming local TCP Connector on port 61914" [_thread_in_native, id=15363, stack(0x000070000bcf0000,0x000070000bdf0000)]
  0x00007fc582ce4800 JavaThread "Daemon health stats" [_thread_blocked, id=14851, stack(0x000070000bbed000,0x000070000bced000)]
  0x00007fc580813000 JavaThread "Service Thread" daemon [_thread_blocked, id=17667, stack(0x000070000b9e7000,0x000070000bae7000)]
  0x00007fc580028000 JavaThread "C1 CompilerThread2" daemon [_thread_blocked, id=17923, stack(0x000070000b8e4000,0x000070000b9e4000)]
=>0x00007fc580027000 JavaThread "C2 CompilerThread1" daemon [_thread_in_native, id=13571, stack(0x000070000b7e1000,0x000070000b8e1000)]
  0x00007fc57f879000 JavaThread "C2 CompilerThread0" daemon [_thread_blocked, id=18435, stack(0x000070000b6de000,0x000070000b7de000)]
  0x00007fc580811800 JavaThread "Signal Dispatcher" daemon [_thread_blocked, id=18691, stack(0x000070000b5db000,0x000070000b6db000)]
  0x00007fc58001f000 JavaThread "Finalizer" daemon [_thread_blocked, id=20995, stack(0x000070000b3d2000,0x000070000b4d2000)]
  0x00007fc58001c800 JavaThread "Reference Handler" daemon [_thread_blocked, id=11523, stack(0x000070000b2cf000,0x000070000b3cf000)]
  0x00007fc580008800 JavaThread "main" [_thread_blocked, id=3331, stack(0x000070000acbd000,0x000070000adbd000)]

Other Threads:
  0x00007fc57f843000 VMThread [stack: 0x000070000b1cc000,0x000070000b2cc000] [id=11011]
  0x00007fc580814000 WatcherThread [stack: 0x000070000baea000,0x000070000bbea000] [id=14339]

VM state:not at safepoint (normal execution)

VM Mutex/Monitor currently owned by a thread: None

heap address: 0x0000000740000000, size: 2048 MB, Compressed Oops mode: Zero based, Oop shift amount: 3
Narrow klass base: 0x0000000000000000, Narrow klass shift: 3
Compressed class space size: 1073741824 Address: 0x00000007c0000000

Heap:
 PSYoungGen      total 554496K, used 71535K [0x0000000795580000, 0x00000007bf780000, 0x00000007c0000000)
  eden space 429056K, 2% used [0x0000000795580000,0x00000007961d1038,0x00000007af880000)
  from space 125440K, 46% used [0x00000007b7d00000,0x00000007bb68aeb0,0x00000007bf780000)
  to   space 130560K, 0% used [0x00000007af880000,0x00000007af880000,0x00000007b7800000)
 ParOldGen       total 311808K, used 124118K [0x0000000740000000, 0x0000000753080000, 0x0000000795580000)
  object space 311808K, 39% used [0x0000000740000000,0x0000000747935ae8,0x0000000753080000)
 Metaspace       used 203467K, capacity 214270K, committed 214568K, reserved 1236992K
  class space    used 24430K, capacity 26274K, committed 26408K, reserved 1048576K

Card table byte_map: [0x0000000103878000,0x0000000103c79000] byte_map_base: 0x00000000ffe78000

Marking Bits: (ParMarkBitMap*) 0x0000000102e273f8
 Begin Bits: [0x0000000103f24000, 0x0000000105f24000)
 End Bits:   [0x0000000105f24000, 0x0000000107f24000)

Polling page: 0x0000000101d09000

CodeCache: size=245760Kb used=117176Kb max_used=117184Kb free=128583Kb
 bounds [0x000000010fc2a000, 0x0000000116f5a000, 0x000000011ec2a000]
 total_blobs=35441 nmethods=34372 adapters=978
 compilation: enabled

Compilation events (10 events):
Event: 10708.799 Thread 0x00007fc57f879000 nmethod 47382 0x0000000116f471d0 code [0x0000000116f47340, 0x0000000116f47838]
Event: 10708.799 Thread 0x00007fc57f879000 47391       4       com.sun.tools.javac.code.Types$Subst::visitClassType (132 bytes)
Event: 10708.809 Thread 0x00007fc57f879000 nmethod 47391 0x0000000116f50f50 code [0x0000000116f510e0, 0x0000000116f51368]
Event: 10708.809 Thread 0x00007fc57f879000 47394       4       com.sun.tools.javac.code.Types::isSameType (8 bytes)
Event: 10708.811 Thread 0x00007fc57f879000 nmethod 47394 0x0000000116f517d0 code [0x0000000116f51920, 0x0000000116f519f8]
Event: 10708.811 Thread 0x00007fc57f879000 47318       4       com.sun.tools.javac.comp.TransTypes::erasure (9 bytes)
Event: 10708.814 Thread 0x00007fc57f879000 nmethod 47318 0x0000000116f50910 code [0x0000000116f50a80, 0x0000000116f50c38]
Event: 10708.814 Thread 0x00007fc57f879000 47299       4       com.sun.tools.javac.comp.Env::dup (10 bytes)
Event: 10708.816 Thread 0x00007fc57f879000 nmethod 47299 0x0000000116f505d0 code [0x0000000116f50720, 0x0000000116f50858]
Event: 10708.830 Thread 0x00007fc57f879000 47448       4       org.gradle.internal.serialize.IntSetSerializer::read (54 bytes)

GC Heap History (10 events):
Event: 10630.919 GC heap before
{Heap before GC invocations=71 (full 7):
 PSYoungGen      total 449536K, used 447488K [0x0000000795580000, 0x00000007bea80000, 0x00000007c0000000)
  eden space 447488K, 100% used [0x0000000795580000,0x00000007b0a80000,0x00000007b0a80000)
  from space 2048K, 0% used [0x00000007b0a80000,0x00000007b0a80000,0x00000007b0c80000)
  to   space 114688K, 0% used [0x00000007b7a80000,0x00000007b7a80000,0x00000007bea80000)
 ParOldGen       total 311808K, used 81817K [0x0000000740000000, 0x0000000753080000, 0x0000000795580000)
  object space 311808K, 26% used [0x0000000740000000,0x0000000744fe64b0,0x0000000753080000)
 Metaspace       used 191293K, capacity 201888K, committed 202664K, reserved 1226752K
  class space    used 23063K, capacity 24855K, committed 25000K, reserved 1048576K
Event: 10631.177 GC heap after
Heap after GC invocations=71 (full 7):
 PSYoungGen      total 569856K, used 32766K [0x0000000795580000, 0x00000007bf080000, 0x00000007c0000000)
  eden space 455168K, 0% used [0x0000000795580000,0x0000000795580000,0x00000007b1200000)
  from space 114688K, 28% used [0x00000007b7a80000,0x00000007b9a7f8a8,0x00000007bea80000)
  to   space 107008K, 0% used [0x00000007b1200000,0x00000007b1200000,0x00000007b7a80000)
 ParOldGen       total 311808K, used 81825K [0x0000000740000000, 0x0000000753080000, 0x0000000795580000)
  object space 311808K, 26% used [0x0000000740000000,0x0000000744fe84b0,0x0000000753080000)
 Metaspace       used 191293K, capacity 201888K, committed 202664K, reserved 1226752K
  class space    used 23063K, capacity 24855K, committed 25000K, reserved 1048576K
}
Event: 10649.708 GC heap before
{Heap before GC invocations=72 (full 7):
 PSYoungGen      total 569856K, used 487934K [0x0000000795580000, 0x00000007bf080000, 0x00000007c0000000)
  eden space 455168K, 100% used [0x0000000795580000,0x00000007b1200000,0x00000007b1200000)
  from space 114688K, 28% used [0x00000007b7a80000,0x00000007b9a7f8a8,0x00000007bea80000)
  to   space 107008K, 0% used [0x00000007b1200000,0x00000007b1200000,0x00000007b7a80000)
 ParOldGen       total 311808K, used 81825K [0x0000000740000000, 0x0000000753080000, 0x0000000795580000)
  object space 311808K, 26% used [0x0000000740000000,0x0000000744fe84b0,0x0000000753080000)
 Metaspace       used 191535K, capacity 202228K, committed 202664K, reserved 1226752K
  class space    used 23076K, capacity 24879K, committed 25000K, reserved 1048576K
Event: 10649.917 GC heap after
Heap after GC invocations=72 (full 7):
 PSYoungGen      total 562176K, used 22814K [0x0000000795580000, 0x00000007bec80000, 0x00000007c0000000)
  eden space 455168K, 0% used [0x0000000795580000,0x0000000795580000,0x00000007b1200000)
  from space 107008K, 21% used [0x00000007b1200000,0x00000007b28478e0,0x00000007b7a80000)
  to   space 100864K, 0% used [0x00000007b8a00000,0x00000007b8a00000,0x00000007bec80000)
 ParOldGen       total 311808K, used 81833K [0x0000000740000000, 0x0000000753080000, 0x0000000795580000)
  object space 311808K, 26% used [0x0000000740000000,0x0000000744fea4b0,0x0000000753080000)
 Metaspace       used 191535K, capacity 202228K, committed 202664K, reserved 1226752K
  class space    used 23076K, capacity 24879K, committed 25000K, reserved 1048576K
}
Event: 10652.781 GC heap before
{Heap before GC invocations=73 (full 7):
 PSYoungGen      total 562176K, used 477982K [0x0000000795580000, 0x00000007bec80000, 0x00000007c0000000)
  eden space 455168K, 100% used [0x0000000795580000,0x00000007b1200000,0x00000007b1200000)
  from space 107008K, 21% used [0x00000007b1200000,0x00000007b28478e0,0x00000007b7a80000)
  to   space 100864K, 0% used [0x00000007b8a00000,0x00000007b8a00000,0x00000007bec80000)
 ParOldGen       total 311808K, used 81833K [0x0000000740000000, 0x0000000753080000, 0x0000000795580000)
  object space 311808K, 26% used [0x0000000740000000,0x0000000744fea4b0,0x0000000753080000)
 Metaspace       used 191832K, capacity 202578K, committed 202920K, reserved 1226752K
  class space    used 23104K, capacity 24926K, committed 25000K, reserved 1048576K
Event: 10654.075 GC heap after
Heap after GC invocations=73 (full 7):
 PSYoungGen      total 528384K, used 100857K [0x0000000795580000, 0x00000007c0000000, 0x00000007c0000000)
  eden space 427520K, 0% used [0x0000000795580000,0x0000000795580000,0x00000007af700000)
  from space 100864K, 99% used [0x00000007b8a00000,0x00000007bec7e790,0x00000007bec80000)
  to   space 135680K, 0% used [0x00000007af700000,0x00000007af700000,0x00000007b7b80000)
 ParOldGen       total 311808K, used 124118K [0x0000000740000000, 0x0000000753080000, 0x0000000795580000)
  object space 311808K, 39% used [0x0000000740000000,0x0000000747935ae8,0x0000000753080000)
 Metaspace       used 191832K, capacity 202578K, committed 202920K, reserved 1226752K
  class space    used 23104K, capacity 24926K, committed 25000K, reserved 1048576K
}
Event: 10658.883 GC heap before
{Heap before GC invocations=74 (full 7):
 PSYoungGen      total 528384K, used 528377K [0x0000000795580000, 0x00000007c0000000, 0x00000007c0000000)
  eden space 427520K, 100% used [0x0000000795580000,0x00000007af700000,0x00000007af700000)
  from space 100864K, 99% used [0x00000007b8a00000,0x00000007bec7e790,0x00000007bec80000)
  to   space 135680K, 0% used [0x00000007af700000,0x00000007af700000,0x00000007b7b80000)
 ParOldGen       total 311808K, used 124118K [0x0000000740000000, 0x0000000753080000, 0x0000000795580000)
  object space 311808K, 39% used [0x0000000740000000,0x0000000747935ae8,0x0000000753080000)
 Metaspace       used 199653K, capacity 210404K, committed 210728K, reserved 1234944K
  class space    used 23953K, capacity 25761K, committed 25896K, reserved 1048576K
Event: 10659.107 GC heap after
Heap after GC invocations=74 (full 7):
 PSYoungGen      total 563200K, used 63283K [0x0000000795580000, 0x00000007c0000000, 0x00000007c0000000)
  eden space 427520K, 0% used [0x0000000795580000,0x0000000795580000,0x00000007af700000)
  from space 135680K, 46% used [0x00000007af700000,0x00000007b34ccc38,0x00000007b7b80000)
  to   space 134144K, 0% used [0x00000007b7d00000,0x00000007b7d00000,0x00000007c0000000)
 ParOldGen       total 311808K, used 124118K [0x0000000740000000, 0x0000000753080000, 0x0000000795580000)
  object space 311808K, 39% used [0x0000000740000000,0x0000000747935ae8,0x0000000753080000)
 Metaspace       used 199653K, capacity 210404K, committed 210728K, reserved 1234944K
  class space    used 23953K, capacity 25761K, committed 25896K, reserved 1048576K
}
Event: 10707.884 GC heap before
{Heap before GC invocations=75 (full 7):
 PSYoungGen      total 563200K, used 490803K [0x0000000795580000, 0x00000007c0000000, 0x00000007c0000000)
  eden space 427520K, 100% used [0x0000000795580000,0x00000007af700000,0x00000007af700000)
  from space 135680K, 46% used [0x00000007af700000,0x00000007b34ccc38,0x00000007b7b80000)
  to   space 134144K, 0% used [0x00000007b7d00000,0x00000007b7d00000,0x00000007c0000000)
 ParOldGen       total 311808K, used 124118K [0x0000000740000000, 0x0000000753080000, 0x0000000795580000)
  object space 311808K, 39% used [0x0000000740000000,0x0000000747935ae8,0x0000000753080000)
 Metaspace       used 203455K, capacity 214270K, committed 214568K, reserved 1236992K
  class space    used 24430K, capacity 26274K, committed 26408K, reserved 1048576K
Event: 10708.594 GC heap after
Heap after GC invocations=75 (full 7):
 PSYoungGen      total 554496K, used 58923K [0x0000000795580000, 0x00000007bf780000, 0x00000007c0000000)
  eden space 429056K, 0% used [0x0000000795580000,0x0000000795580000,0x00000007af880000)
  from space 125440K, 46% used [0x00000007b7d00000,0x00000007bb68aeb0,0x00000007bf780000)
  to   space 130560K, 0% used [0x00000007af880000,0x00000007af880000,0x00000007b7800000)
 ParOldGen       total 311808K, used 124118K [0x0000000740000000, 0x0000000753080000, 0x0000000795580000)
  object space 311808K, 39% used [0x0000000740000000,0x0000000747935ae8,0x0000000753080000)
 Metaspace       used 203455K, capacity 214270K, committed 214568K, reserved 1236992K
  class space    used 24430K, capacity 26274K, committed 26408K, reserved 1048576K
}

Deoptimization events (10 events):
Event: 10651.941 Thread 0x00007fc58ba20800 Uncommon trap: reason=array_check action=maybe_recompile pc=0x0000000112440710 method=java.util.ComparableTimSort.mergeHi(IIII)V @ 277
Event: 10656.786 Thread 0x00007fc58ba20800 Uncommon trap: reason=unstable_if action=reinterpret pc=0x0000000116c27944 method=org.sqlite.SQLiteJDBCLoader.contentsEquals(Ljava/io/InputStream;Ljava/io/InputStream;)Z @ 39
Event: 10657.276 Thread 0x00007fc58ba20800 Uncommon trap: reason=unstable_if action=reinterpret pc=0x0000000116c3d8dc method=org.antlr.v4.runtime.atn.ATNState.addTransition(ILorg/antlr/v4/runtime/atn/Transition;)V @ 115
Event: 10661.739 Thread 0x00007fc58ba20800 Uncommon trap: reason=unstable_if action=reinterpret pc=0x0000000116ddf0d8 method=android.databinding.tool.reflection.SdkUtil$ApiChecker.buildFullLookup()V @ 49
Event: 10706.017 Thread 0x00007fc58bf62000 Uncommon trap: reason=unstable_if action=reinterpret pc=0x0000000110080f74 method=org.objectweb.asm.Type.getArgumentsAndReturnSizes(Ljava/lang/String;)I @ 117
Event: 10707.125 Thread 0x00007fc58bf62000 Uncommon trap: reason=speculate_class_check action=maybe_recompile pc=0x0000000116284504 method=com.sun.tools.javac.code.Type.hasTag(Lcom/sun/tools/javac/code/TypeTag;)Z @ 2
Event: 10707.131 Thread 0x00007fc58bf62000 Uncommon trap: reason=speculate_class_check action=maybe_recompile pc=0x0000000116284504 method=com.sun.tools.javac.code.Type.hasTag(Lcom/sun/tools/javac/code/TypeTag;)Z @ 2
Event: 10707.690 Thread 0x00007fc58bf62000 Uncommon trap: reason=unstable_if action=reinterpret pc=0x0000000116e9b14c method=com.sun.tools.javac.comp.Resolve.isAccessible(Lcom/sun/tools/javac/comp/Env;Lcom/sun/tools/javac/code/Type;Z)Z @ 7
Event: 10707.769 Thread 0x00007fc58bf62000 Uncommon trap: reason=unstable_if action=reinterpret pc=0x000000011605ce94 method=com.sun.tools.javac.comp.Resolve$AbstractMethodCheck.argumentsAcceptable(Lcom/sun/tools/javac/comp/Env;Lcom/sun/tools/javac/comp/DeferredAttr$DeferredAttrContext;Lcom/sun/to
Event: 10707.771 Thread 0x00007fc58bf62000 Uncommon trap: reason=class_check action=maybe_recompile pc=0x0000000110670d2c method=com.sun.tools.javac.code.Types$SameTypeVisitor.visitClassType(Lcom/sun/tools/javac/code/Type$ClassType;Lcom/sun/tools/javac/code/Type;)Ljava/lang/Boolean; @ 296

Classes redefined (0 events):
No events

Internal exceptions (10 events):
Event: 10662.242 Thread 0x00007fc589a8f800 Exception <a 'sun/nio/fs/UnixException'> (0x00000007a9a85868) thrown at [/Volumes/Android/buildbot/src/googleplex-android/openjdk/out/hotspot/src/share/vm/prims/jni.cpp, line 710]
Event: 10662.242 Thread 0x00007fc589a8f800 Exception <a 'sun/nio/fs/UnixException'> (0x00000007a9a88688) thrown at [/Volumes/Android/buildbot/src/googleplex-android/openjdk/out/hotspot/src/share/vm/prims/jni.cpp, line 710]
Event: 10662.242 Thread 0x00007fc589a8f800 Exception <a 'sun/nio/fs/UnixException'> (0x00000007a9a8a3e0) thrown at [/Volumes/Android/buildbot/src/googleplex-android/openjdk/out/hotspot/src/share/vm/prims/jni.cpp, line 710]
Event: 10662.295 Thread 0x00007fc58ae73800 Exception <a 'java/lang/InterruptedException'> (0x00000007a9d85528) thrown at [/Volumes/Android/buildbot/src/googleplex-android/openjdk/out/hotspot/src/share/vm/runtime/objectMonitor.cpp, line 1680]
Event: 10706.031 Thread 0x00007fc58bf62000 Exception <a 'sun/nio/fs/UnixException'> (0x00000007abda9418) thrown at [/Volumes/Android/buildbot/src/googleplex-android/openjdk/out/hotspot/src/share/vm/prims/jni.cpp, line 710]
Event: 10706.032 Thread 0x00007fc58bf62000 Exception <a 'sun/nio/fs/UnixException'> (0x00000007abdaa9c8) thrown at [/Volumes/Android/buildbot/src/googleplex-android/openjdk/out/hotspot/src/share/vm/prims/jni.cpp, line 710]
Event: 10706.033 Thread 0x00007fc58bf62000 Exception <a 'sun/nio/fs/UnixException'> (0x00000007abdb1e98) thrown at [/Volumes/Android/buildbot/src/googleplex-android/openjdk/out/hotspot/src/share/vm/prims/jni.cpp, line 710]
Event: 10706.034 Thread 0x00007fc58bf62000 Exception <a 'sun/nio/fs/UnixException'> (0x00000007abdb3490) thrown at [/Volumes/Android/buildbot/src/googleplex-android/openjdk/out/hotspot/src/share/vm/prims/jni.cpp, line 710]
Event: 10706.036 Thread 0x00007fc58bf62000 Exception <a 'sun/nio/fs/UnixException'> (0x00000007abdcfba8) thrown at [/Volumes/Android/buildbot/src/googleplex-android/openjdk/out/hotspot/src/share/vm/prims/jni.cpp, line 710]
Event: 10706.036 Thread 0x00007fc58bf62000 Exception <a 'sun/nio/fs/UnixException'> (0x00000007abdd11b0) thrown at [/Volumes/Android/buildbot/src/googleplex-android/openjdk/out/hotspot/src/share/vm/prims/jni.cpp, line 710]

Events (10 events):
Event: 10707.843 Executing VM operation: ForceSafepoint done
Event: 10707.884 Executing VM operation: ParallelGCFailedAllocation
Event: 10708.595 Executing VM operation: ParallelGCFailedAllocation done
Event: 10708.596 Executing VM operation: RevokeBias
Event: 10708.598 Executing VM operation: RevokeBias done
Event: 10708.598 Executing VM operation: BulkRevokeBias
Event: 10708.609 Executing VM operation: BulkRevokeBias done
Event: 10708.611 Thread 0x00007fc58ae73800 Thread exited: 0x00007fc58ae73800
Event: 10708.829 Thread 0x00007fc587013000 DEOPT PACKING pc=0x0000000111ce3620 sp=0x000070000c5042c0
Event: 10708.829 Thread 0x00007fc587013000 DEOPT UNPACKING pc=0x000000010fc714c4 sp=0x000070000c504018 mode 0


Dynamic libraries:
0x00007fff3465f000 	/System/Library/Frameworks/Cocoa.framework/Versions/A/Cocoa
0x00007fff41e54000 	/System/Library/Frameworks/Security.framework/Versions/A/Security
0x00007fff335c4000 	/System/Library/Frameworks/ApplicationServices.framework/Versions/A/ApplicationServices
0x00007fff6e977000 	/usr/lib/libz.1.dylib
0x00007fff6c43b000 	/usr/lib/libSystem.B.dylib
0x00007fff35501000 	/System/Library/Frameworks/CoreFoundation.framework/Versions/A/CoreFoundation
0x00007fff37bbe000 	/System/Library/Frameworks/Foundation.framework/Versions/C/Foundation
0x00007fff6e29b000 	/usr/lib/libobjc.A.dylib
0x00007fff327b4000 	/System/Library/Frameworks/AppKit.framework/Versions/C/AppKit
0x00007fff34fe3000 	/System/Library/Frameworks/CoreData.framework/Versions/A/CoreData
0x00007fff66451000 	/System/Library/PrivateFrameworks/UIFoundation.framework/Versions/A/UIFoundation
0x00007fff614e5000 	/System/Library/PrivateFrameworks/RemoteViewServices.framework/Versions/A/RemoteViewServices
0x00007fff68fab000 	/System/Library/PrivateFrameworks/XCTTargetBootstrap.framework/Versions/A/XCTTargetBootstrap
0x00007fff353ce000 	/System/Library/Frameworks/CoreDisplay.framework/Versions/A/CoreDisplay
0x00007fff3aa78000 	/System/Library/Frameworks/Metal.framework/Versions/A/Metal
0x00007fff4f4e8000 	/System/Library/PrivateFrameworks/DesktopServicesPriv.framework/Versions/A/DesktopServicesPriv
0x00007fff6d576000 	/usr/lib/liblangid.dylib
0x00007fff4e77d000 	/System/Library/PrivateFrameworks/CoreSVG.framework/Versions/A/CoreSVG
0x00007fff64641000 	/System/Library/PrivateFrameworks/SkyLight.framework/Versions/A/SkyLight
0x00007fff35982000 	/System/Library/Frameworks/CoreGraphics.framework/Versions/A/CoreGraphics
0x00007fff31188000 	/System/Library/Frameworks/Accelerate.framework/Versions/A/Accelerate
0x00007fff6e868000 	/usr/lib/libxml2.2.dylib
0x00007fff5a470000 	/System/Library/PrivateFrameworks/IconServices.framework/Versions/A/IconServices
0x00007fff3839d000 	/System/Library/Frameworks/IOSurface.framework/Versions/A/IOSurface
0x00007fff6bf65000 	/usr/lib/libDiagnosticMessagesClient.dylib
0x00007fff4f342000 	/System/Library/PrivateFrameworks/DFRFoundation.framework/Versions/A/DFRFoundation
0x00007fff6d305000 	/usr/lib/libicucore.A.dylib
0x00007fff338f6000 	/System/Library/Frameworks/AudioToolbox.framework/Versions/A/AudioToolbox
0x00007fff339d9000 	/System/Library/Frameworks/AudioUnit.framework/Versions/A/AudioUnit
0x00007fff6c63d000 	/usr/lib/libauto.dylib
0x00007fff4f3e4000 	/System/Library/PrivateFrameworks/DataDetectorsCore.framework/Versions/A/DataDetectorsCore
0x00007fff34180000 	/System/Library/Frameworks/Carbon.framework/Versions/A/Frameworks/HIToolbox.framework/Versions/A/HIToolbox
0x00007fff41050000 	/System/Library/Frameworks/QuartzCore.framework/Versions/A/QuartzCore
0x00007fff344bf000 	/System/Library/Frameworks/Carbon.framework/Versions/A/Frameworks/SpeechRecognition.framework/Versions/A/SpeechRecognition
0x00007fff4ee56000 	/System/Library/PrivateFrameworks/CoreUI.framework/Versions/A/CoreUI
0x00007fff34a4e000 	/System/Library/Frameworks/CoreAudio.framework/Versions/A/CoreAudio
0x00007fff3787d000 	/System/Library/Frameworks/DiskArbitration.framework/Versions/A/DiskArbitration
0x00007fff5c4c0000 	/System/Library/PrivateFrameworks/MultitouchSupport.framework/Versions/A/MultitouchSupport
0x00007fff6d1cc000 	/usr/lib/libenergytrace.dylib
0x00007fff382f7000 	/System/Library/Frameworks/IOKit.framework/Versions/A/IOKit
0x00007fff368e9000 	/System/Library/Frameworks/CoreServices.framework/Versions/A/CoreServices
0x00007fff5e678000 	/System/Library/PrivateFrameworks/PerformanceAnalysis.framework/Versions/A/PerformanceAnalysis
0x00007fff40083000 	/System/Library/Frameworks/OpenGL.framework/Versions/A/OpenGL
0x00007fff3466d000 	/System/Library/Frameworks/ColorSync.framework/Versions/A/ColorSync
0x00007fff36005000 	/System/Library/Frameworks/CoreImage.framework/Versions/A/CoreImage
0x00007fff3735c000 	/System/Library/Frameworks/CoreText.framework/Versions/A/CoreText
0x00007fff3842d000 	/System/Library/Frameworks/ImageIO.framework/Versions/A/ImageIO
0x00007fff6c721000 	/usr/lib/libc++.1.dylib
0x00007fff6c79d000 	/usr/lib/libcompression.dylib
0x00007fff6c2a9000 	/usr/lib/libMobileGestalt.dylib
0x00007fff661bb000 	/System/Library/PrivateFrameworks/TextureIO.framework/Versions/A/TextureIO
0x00007fff6c5a0000 	/usr/lib/libate.dylib
0x00007fff5a679000 	/System/Library/PrivateFrameworks/InternationalSupport.framework/Versions/A/InternationalSupport
0x00007fff6f238000 	/usr/lib/system/libcache.dylib
0x00007fff6f23e000 	/usr/lib/system/libcommonCrypto.dylib
0x00007fff6f24a000 	/usr/lib/system/libcompiler_rt.dylib
0x00007fff6f252000 	/usr/lib/system/libcopyfile.dylib
0x00007fff6f25c000 	/usr/lib/system/libcorecrypto.dylib
0x00007fff6f3fb000 	/usr/lib/system/libdispatch.dylib
0x00007fff6f43c000 	/usr/lib/system/libdyld.dylib
0x00007fff6f473000 	/usr/lib/system/libkeymgr.dylib
0x00007fff6f481000 	/usr/lib/system/liblaunch.dylib
0x00007fff6f482000 	/usr/lib/system/libmacho.dylib
0x00007fff6f488000 	/usr/lib/system/libquarantine.dylib
0x00007fff6f48b000 	/usr/lib/system/libremovefile.dylib
0x00007fff6f48d000 	/usr/lib/system/libsystem_asl.dylib
0x00007fff6f4a5000 	/usr/lib/system/libsystem_blocks.dylib
0x00007fff6f4a6000 	/usr/lib/system/libsystem_c.dylib
0x00007fff6f52e000 	/usr/lib/system/libsystem_configuration.dylib
0x00007fff6f532000 	/usr/lib/system/libsystem_coreservices.dylib
0x00007fff6f536000 	/usr/lib/system/libsystem_darwin.dylib
0x00007fff6f53f000 	/usr/lib/system/libsystem_dnssd.dylib
0x00007fff6f547000 	/usr/lib/system/libsystem_featureflags.dylib
0x00007fff6f549000 	/usr/lib/system/libsystem_info.dylib
0x00007fff6f5c4000 	/usr/lib/system/libsystem_m.dylib
0x00007fff6f60c000 	/usr/lib/system/libsystem_malloc.dylib
0x00007fff6f634000 	/usr/lib/system/libsystem_networkextension.dylib
0x00007fff6f642000 	/usr/lib/system/libsystem_notify.dylib
0x00007fff6f660000 	/usr/lib/system/libsystem_sandbox.dylib
0x00007fff6f665000 	/usr/lib/system/libsystem_secinit.dylib
0x00007fff6f597000 	/usr/lib/system/libsystem_kernel.dylib
0x00007fff6f64c000 	/usr/lib/system/libsystem_platform.dylib
0x00007fff6f655000 	/usr/lib/system/libsystem_pthread.dylib
0x00007fff6f668000 	/usr/lib/system/libsystem_symptoms.dylib
0x00007fff6f670000 	/usr/lib/system/libsystem_trace.dylib
0x00007fff6f688000 	/usr/lib/system/libunwind.dylib
0x00007fff6f68e000 	/usr/lib/system/libxpc.dylib
0x00007fff6c774000 	/usr/lib/libc++abi.dylib
0x00007fff6d578000 	/usr/lib/liblzma.5.dylib
0x00007fff6d1f3000 	/usr/lib/libfakelink.dylib
0x00007fff6c52d000 	/usr/lib/libarchive.2.dylib
0x00007fff42f05000 	/System/Library/Frameworks/SystemConfiguration.framework/Versions/A/SystemConfiguration
0x00007fff6be98000 	/usr/lib/libCRFSuite.dylib
0x00007fff33d70000 	/System/Library/Frameworks/CFNetwork.framework/Versions/A/CFNetwork
0x00007fff6c703000 	/usr/lib/libbsm.0.dylib
0x00007fff6f474000 	/usr/lib/system/libkxld.dylib
0x00007fff48cbf000 	/System/Library/PrivateFrameworks/AppleFSCompression.framework/Versions/A/AppleFSCompression
0x00007fff6ca8e000 	/usr/lib/libcoretls.dylib
0x00007fff6caa5000 	/usr/lib/libcoretls_cfhelpers.dylib
0x00007fff6e2e1000 	/usr/lib/libpam.2.dylib
0x00007fff6e416000 	/usr/lib/libsqlite3.dylib
0x00007fff6e855000 	/usr/lib/libxar.1.dylib
0x00007fff6c714000 	/usr/lib/libbz2.1.0.dylib
0x00007fff6d214000 	/usr/lib/libiconv.2.dylib
0x00007fff6c78a000 	/usr/lib/libcharset.1.dylib
0x00007fff6dd7e000 	/usr/lib/libnetwork.dylib
0x00007fff6e2e8000 	/usr/lib/libpcap.A.dylib
0x00007fff6c4e2000 	/usr/lib/libapple_nghttp2.dylib
0x00007fff36ca0000 	/System/Library/Frameworks/CoreServices.framework/Versions/A/Frameworks/FSEvents.framework/Versions/A/FSEvents
0x00007fff36970000 	/System/Library/Frameworks/CoreServices.framework/Versions/A/Frameworks/CarbonCore.framework/Versions/A/CarbonCore
0x00007fff36ee4000 	/System/Library/Frameworks/CoreServices.framework/Versions/A/Frameworks/Metadata.framework/Versions/A/Metadata
0x00007fff36f7d000 	/System/Library/Frameworks/CoreServices.framework/Versions/A/Frameworks/OSServices.framework/Versions/A/OSServices
0x00007fff36fab000 	/System/Library/Frameworks/CoreServices.framework/Versions/A/Frameworks/SearchKit.framework/Versions/A/SearchKit
0x00007fff368ea000 	/System/Library/Frameworks/CoreServices.framework/Versions/A/Frameworks/AE.framework/Versions/A/AE
0x00007fff36ca9000 	/System/Library/Frameworks/CoreServices.framework/Versions/A/Frameworks/LaunchServices.framework/Versions/A/LaunchServices
0x00007fff36c52000 	/System/Library/Frameworks/CoreServices.framework/Versions/A/Frameworks/DictionaryServices.framework/Versions/A/DictionaryServices
0x00007fff37013000 	/System/Library/Frameworks/CoreServices.framework/Versions/A/Frameworks/SharedFileList.framework/Versions/A/SharedFileList
0x00007fff3bea2000 	/System/Library/Frameworks/NetFS.framework/Versions/A/NetFS
0x00007fff5c9f0000 	/System/Library/PrivateFrameworks/NetAuth.framework/Versions/A/NetAuth
0x00007fff69378000 	/System/Library/PrivateFrameworks/login.framework/Versions/A/Frameworks/loginsupport.framework/Versions/A/loginsupport
0x00007fff65c86000 	/System/Library/PrivateFrameworks/TCC.framework/Versions/A/TCC
0x00007fff4d8f0000 	/System/Library/PrivateFrameworks/CoreNLP.framework/Versions/A/CoreNLP
0x00007fff5beed000 	/System/Library/PrivateFrameworks/MetadataUtilities.framework/Versions/A/MetadataUtilities
0x00007fff6d650000 	/usr/lib/libmecabra.dylib
0x00007fff6d5a8000 	/usr/lib/libmecab.dylib
0x00007fff6d204000 	/usr/lib/libgermantok.dylib
0x00007fff6c4c9000 	/usr/lib/libThaiTokenizer.dylib
0x00007fff6becf000 	/usr/lib/libChineseTokenizer.dylib
0x00007fff311a0000 	/System/Library/Frameworks/Accelerate.framework/Versions/A/Frameworks/vImage.framework/Versions/A/vImage
0x00007fff3260a000 	/System/Library/Frameworks/Accelerate.framework/Versions/A/Frameworks/vecLib.framework/Versions/A/vecLib
0x00007fff32547000 	/System/Library/Frameworks/Accelerate.framework/Versions/A/Frameworks/vecLib.framework/Versions/A/libvMisc.dylib
0x00007fff3236f000 	/System/Library/Frameworks/Accelerate.framework/Versions/A/Frameworks/vecLib.framework/Versions/A/libvDSP.dylib
0x00007fff317f7000 	/System/Library/Frameworks/Accelerate.framework/Versions/A/Frameworks/vecLib.framework/Versions/A/libBLAS.dylib
0x00007fff31f33000 	/System/Library/Frameworks/Accelerate.framework/Versions/A/Frameworks/vecLib.framework/Versions/A/libLAPACK.dylib
0x00007fff322cf000 	/System/Library/Frameworks/Accelerate.framework/Versions/A/Frameworks/vecLib.framework/Versions/A/libLinearAlgebra.dylib
0x00007fff3235c000 	/System/Library/Frameworks/Accelerate.framework/Versions/A/Frameworks/vecLib.framework/Versions/A/libSparseBLAS.dylib
0x00007fff322e5000 	/System/Library/Frameworks/Accelerate.framework/Versions/A/Frameworks/vecLib.framework/Versions/A/libQuadrature.dylib
0x00007fff31a5f000 	/System/Library/Frameworks/Accelerate.framework/Versions/A/Frameworks/vecLib.framework/Versions/A/libBNNS.dylib
0x00007fff322eb000 	/System/Library/Frameworks/Accelerate.framework/Versions/A/Frameworks/vecLib.framework/Versions/A/libSparse.dylib
0x00007fff5aa61000 	/System/Library/PrivateFrameworks/LanguageModeling.framework/Versions/A/LanguageModeling
0x00007fff4d2a0000 	/System/Library/PrivateFrameworks/CoreEmoji.framework/Versions/A/CoreEmoji
0x00007fff5ab7f000 	/System/Library/PrivateFrameworks/LinguisticData.framework/Versions/A/LinguisticData
0x00007fff5ab30000 	/System/Library/PrivateFrameworks/Lexicon.framework/Versions/A/Lexicon
0x00007fff6c78b000 	/usr/lib/libcmph.dylib
0x00007fff3ea91000 	/System/Library/Frameworks/OpenDirectory.framework/Versions/A/Frameworks/CFOpenDirectory.framework/Versions/A/CFOpenDirectory
0x00007fff3eaae000 	/System/Library/Frameworks/OpenDirectory.framework/Versions/A/OpenDirectory
0x00007fff46eef000 	/System/Library/PrivateFrameworks/APFS.framework/Versions/A/APFS
0x00007fff4219e000 	/System/Library/Frameworks/SecurityFoundation.framework/Versions/A/SecurityFoundation
0x00007fff6e851000 	/usr/lib/libutil.dylib
0x00007fff4e7d5000 	/System/Library/PrivateFrameworks/CoreServicesStore.framework/Versions/A/CoreServicesStore
0x00007fff42255000 	/System/Library/Frameworks/ServiceManagement.framework/Versions/A/ServiceManagement
0x00007fff4a48f000 	/System/Library/PrivateFrameworks/BackgroundTaskManagement.framework/Versions/A/BackgroundTaskManagement
0x00007fff6e94e000 	/usr/lib/libxslt.1.dylib
0x00007fff49332000 	/System/Library/PrivateFrameworks/AppleSystemInfo.framework/Versions/A/AppleSystemInfo
0x00007fff38648000 	/System/Library/Frameworks/ImageIO.framework/Versions/A/Resources/libJPEG.dylib
0x00007fff38906000 	/System/Library/Frameworks/ImageIO.framework/Versions/A/Resources/libTIFF.dylib
0x00007fff388e9000 	/System/Library/Frameworks/ImageIO.framework/Versions/A/Resources/libPng.dylib
0x00007fff3858a000 	/System/Library/Frameworks/ImageIO.framework/Versions/A/Resources/libGIF.dylib
0x00007fff3858e000 	/System/Library/Frameworks/ImageIO.framework/Versions/A/Resources/libJP2.dylib
0x00007fff38904000 	/System/Library/Frameworks/ImageIO.framework/Versions/A/Resources/libRadiance.dylib
0x00007fff6d1cd000 	/usr/lib/libexpat.1.dylib
0x00007fff48e1a000 	/System/Library/PrivateFrameworks/AppleJPEG.framework/Versions/A/AppleJPEG
0x00007fff51ad5000 	/System/Library/PrivateFrameworks/FontServices.framework/libFontParser.dylib
0x00007fff6837a000 	/System/Library/PrivateFrameworks/WatchdogClient.framework/Versions/A/WatchdogClient
0x00007fff5a0bc000 	/System/Library/PrivateFrameworks/IOAccelerator.framework/Versions/A/IOAccelerator
0x00007fff3ae13000 	/System/Library/Frameworks/MetalPerformanceShaders.framework/Versions/A/MetalPerformanceShaders
0x00007fff56852000 	/System/Library/PrivateFrameworks/GPUWrangler.framework/Versions/A/GPUWrangler
0x00007fff5a0d1000 	/System/Library/PrivateFrameworks/IOPresentment.framework/Versions/A/IOPresentment
0x00007fff4f355000 	/System/Library/PrivateFrameworks/DSExternalDisplay.framework/Versions/A/DSExternalDisplay
0x00007fff3f422000 	/System/Library/Frameworks/OpenGL.framework/Versions/A/Libraries/libCoreFSCache.dylib
0x00007fff3ab5f000 	/System/Library/Frameworks/MetalPerformanceShaders.framework/Frameworks/MPSCore.framework/Versions/A/MPSCore
0x00007fff3ab9d000 	/System/Library/Frameworks/MetalPerformanceShaders.framework/Frameworks/MPSImage.framework/Versions/A/MPSImage
0x00007fff3ac64000 	/System/Library/Frameworks/MetalPerformanceShaders.framework/Frameworks/MPSNeuralNetwork.framework/Versions/A/MPSNeuralNetwork
0x00007fff3ac28000 	/System/Library/Frameworks/MetalPerformanceShaders.framework/Frameworks/MPSMatrix.framework/Versions/A/MPSMatrix
0x00007fff3adc3000 	/System/Library/Frameworks/MetalPerformanceShaders.framework/Frameworks/MPSRayIntersector.framework/Versions/A/MPSRayIntersector
0x00007fff3ac4e000 	/System/Library/Frameworks/MetalPerformanceShaders.framework/Frameworks/MPSNDArray.framework/Versions/A/MPSNDArray
0x00007fff5bf3a000 	/System/Library/PrivateFrameworks/MetalTools.framework/Versions/A/MetalTools
0x00007fff480c9000 	/System/Library/PrivateFrameworks/AggregateDictionary.framework/Versions/A/AggregateDictionary
0x00007fff4cce8000 	/System/Library/PrivateFrameworks/CoreAnalytics.framework/Versions/A/CoreAnalytics
0x00007fff49251000 	/System/Library/PrivateFrameworks/AppleSauce.framework/Versions/A/AppleSauce
0x00007fff6c18b000 	/usr/lib/libIOReport.dylib
0x00007fff37514000 	/System/Library/Frameworks/CoreVideo.framework/Versions/A/CoreVideo
0x00007fff57ccb000 	/System/Library/PrivateFrameworks/GraphVisualizer.framework/Versions/A/GraphVisualizer
0x00007fff5101b000 	/System/Library/PrivateFrameworks/FaceCore.framework/Versions/A/FaceCore
0x00007fff3ea38000 	/System/Library/Frameworks/OpenCL.framework/Versions/A/OpenCL
0x00007fff6bfad000 	/usr/lib/libFosl_dynamic.dylib
0x00007fff5d410000 	/System/Library/PrivateFrameworks/OTSVG.framework/Versions/A/OTSVG
0x00007fff336c9000 	/System/Library/Frameworks/ApplicationServices.framework/Versions/A/Frameworks/ATS.framework/Versions/A/Resources/libFontRegistry.dylib
0x00007fff51ca6000 	/System/Library/PrivateFrameworks/FontServices.framework/libhvf.dylib
0x00007fff3f42d000 	/System/Library/Frameworks/OpenGL.framework/Versions/A/Libraries/libGFXShared.dylib
0x00007fff3f60b000 	/System/Library/Frameworks/OpenGL.framework/Versions/A/Libraries/libGLU.dylib
0x00007fff3f436000 	/System/Library/Frameworks/OpenGL.framework/Versions/A/Libraries/libGL.dylib
0x00007fff3f441000 	/System/Library/Frameworks/OpenGL.framework/Versions/A/Libraries/libGLImage.dylib
0x00007fff3f41f000 	/System/Library/Frameworks/OpenGL.framework/Versions/A/Libraries/libCVMSPluginSupport.dylib
0x00007fff3f428000 	/System/Library/Frameworks/OpenGL.framework/Versions/A/Libraries/libCoreVMClient.dylib
0x00007fff6dc1f000 	/usr/lib/libncurses.5.4.dylib
0x00007fff335c5000 	/System/Library/Frameworks/ApplicationServices.framework/Versions/A/Frameworks/ATS.framework/Versions/A/ATS
0x00007fff33792000 	/System/Library/Frameworks/ApplicationServices.framework/Versions/A/Frameworks/ColorSyncLegacy.framework/Versions/A/ColorSyncLegacy
0x00007fff33830000 	/System/Library/Frameworks/ApplicationServices.framework/Versions/A/Frameworks/HIServices.framework/Versions/A/HIServices
0x00007fff33888000 	/System/Library/Frameworks/ApplicationServices.framework/Versions/A/Frameworks/LangAnalysis.framework/Versions/A/LangAnalysis
0x00007fff33897000 	/System/Library/Frameworks/ApplicationServices.framework/Versions/A/Frameworks/PrintCore.framework/Versions/A/PrintCore
0x00007fff338dd000 	/System/Library/Frameworks/ApplicationServices.framework/Versions/A/Frameworks/QD.framework/Versions/A/QD
0x00007fff338e8000 	/System/Library/Frameworks/ApplicationServices.framework/Versions/A/Frameworks/SpeechSynthesis.framework/Versions/A/SpeechSynthesis
0x00007fff33762000 	/System/Library/Frameworks/ApplicationServices.framework/Versions/A/Frameworks/ATSUI.framework/Versions/A/ATSUI
0x00007fff6d063000 	/usr/lib/libcups.2.dylib
0x00007fff39eae000 	/System/Library/Frameworks/Kerberos.framework/Versions/A/Kerberos
0x00007fff37ff0000 	/System/Library/Frameworks/GSS.framework/Versions/A/GSS
0x00007fff6e3a2000 	/usr/lib/libresolv.9.dylib
0x00007fff57e78000 	/System/Library/PrivateFrameworks/Heimdal.framework/Versions/A/Heimdal
0x00007fff39ec1000 	/System/Library/Frameworks/Kerberos.framework/Versions/A/Libraries/libHeimdalProxy.dylib
0x00007fff6d20a000 	/usr/lib/libheimdal-asn1.dylib
0x00007fff4c180000 	/System/Library/PrivateFrameworks/CommonAuth.framework/Versions/A/CommonAuth
0x00007fff493cf000 	/System/Library/PrivateFrameworks/AssertionServices.framework/Versions/A/AssertionServices
0x00007fff49f72000 	/System/Library/PrivateFrameworks/AudioToolboxCore.framework/Versions/A/AudioToolboxCore
0x00007fff69028000 	/System/Library/PrivateFrameworks/caulk.framework/Versions/A/caulk
0x00007fff4a53b000 	/System/Library/PrivateFrameworks/BaseBoard.framework/Versions/A/BaseBoard
0x00007fff61673000 	/System/Library/PrivateFrameworks/RunningBoardServices.framework/Versions/A/RunningBoardServices
0x00007fff5e684000 	/System/Library/PrivateFrameworks/PersistentConnection.framework/Versions/A/PersistentConnection
0x00007fff6106c000 	/System/Library/PrivateFrameworks/ProtocolBuffer.framework/Versions/A/ProtocolBuffer
0x00007fff4c1a4000 	/System/Library/PrivateFrameworks/CommonUtilities.framework/Versions/A/CommonUtilities
0x00007fff4a6c9000 	/System/Library/PrivateFrameworks/Bom.framework/Versions/A/Bom
0x00007fff6be5e000 	/usr/lib/libAudioToolboxUtility.dylib
0x00007fff4a499000 	/System/Library/PrivateFrameworks/Backup.framework/Versions/A/Backup
0x00007fff4f276000 	/System/Library/PrivateFrameworks/CrashReporterSupport.framework/Versions/A/CrashReporterSupport
0x00007fff63105000 	/System/Library/PrivateFrameworks/Sharing.framework/Versions/A/Sharing
0x00007fff489dd000 	/System/Library/PrivateFrameworks/Apple80211.framework/Versions/A/Apple80211
0x00007fff4a1b6000 	/System/Library/PrivateFrameworks/AuthKit.framework/Versions/A/AuthKit
0x00007fff4ef83000 	/System/Library/PrivateFrameworks/CoreUtils.framework/Versions/A/CoreUtils
0x00007fff37559000 	/System/Library/Frameworks/CoreWLAN.framework/Versions/A/CoreWLAN
0x00007fff3817d000 	/System/Library/Frameworks/IOBluetooth.framework/Versions/A/IOBluetooth
0x00007fff5c23f000 	/System/Library/PrivateFrameworks/MobileKeyBag.framework/Versions/A/MobileKeyBag
0x00007fff4dd88000 	/System/Library/PrivateFrameworks/CorePhoneNumbers.framework/Versions/A/CorePhoneNumbers
0x00007fff48dcd000 	/System/Library/PrivateFrameworks/AppleIDAuthSupport.framework/Versions/A/AppleIDAuthSupport
0x00007fff3beaf000 	/System/Library/Frameworks/Network.framework/Versions/A/Network
0x00007fff5a90d000 	/System/Library/PrivateFrameworks/KeychainCircle.framework/Versions/A/KeychainCircle
0x00007fff34faa000 	/System/Library/Frameworks/CoreBluetooth.framework/Versions/A/CoreBluetooth
0x00007fff65184000 	/System/Library/PrivateFrameworks/SpeechRecognitionCore.framework/Versions/A/SpeechRecognitionCore
0x0000000102600000 	/Applications/Android Studio.app/Contents/jre/jdk/Contents/Home/jre/lib/server/libjvm.dylib
0x00007fff6e724000 	/usr/lib/libstdc++.6.dylib
0x0000000101cad000 	/Applications/Android Studio.app/Contents/jre/jdk/Contents/Home/jre/lib/libverify.dylib
0x0000000101cbf000 	/Applications/Android Studio.app/Contents/jre/jdk/Contents/Home/jre/lib/libjava.dylib
0x0000000101d53000 	/Applications/Android Studio.app/Contents/jre/jdk/Contents/Home/jre/lib/libzip.dylib
0x0000000101da8000 	/Applications/Android Studio.app/Contents/jre/jdk/Contents/Home/jre/lib/libnio.dylib
0x0000000101dc3000 	/Applications/Android Studio.app/Contents/jre/jdk/Contents/Home/jre/lib/libnet.dylib
0x000000010ad94000 	/Users/soso/.gradle/native/9f2fa17c089eee584f3420100432f77ec4c098959e4bf121a4d6054c26537dfb/osx-amd64/libnative-platform.dylib
0x000000010b0dd000 	/Applications/Android Studio.app/Contents/jre/jdk/Contents/Home/jre/lib/libmanagement.dylib
0x000000010b6f5000 	/Users/soso/.gradle/native/9f2fa17c089eee584f3420100432f77ec4c098959e4bf121a4d6054c26537dfb/osx-amd64/libnative-platform-file-events.dylib
0x000000010fa34000 	/Applications/Android Studio.app/Contents/jre/jdk/Contents/Home/jre/lib/libawt.dylib
0x000000011ec2a000 	/Applications/Android Studio.app/Contents/jre/jdk/Contents/Home/jre/lib/libmlib_image.dylib
0x00007fff39e98000 	/System/Library/Frameworks/JavaVM.framework/Versions/A/Frameworks/JavaNativeFoundation.framework/Versions/A/JavaNativeFoundation
0x00007fff39ea1000 	/System/Library/Frameworks/JavaVM.framework/Versions/A/Frameworks/JavaRuntimeSupport.framework/Versions/A/JavaRuntimeSupport
0x00007fff39ea9000 	/System/Library/Frameworks/JavaVM.framework/Versions/A/JavaVM
0x00007fff5a724000 	/System/Library/PrivateFrameworks/JavaLaunching.framework/Versions/A/JavaLaunching
0x00007fff3417b000 	/System/Library/Frameworks/Carbon.framework/Versions/A/Carbon
0x00007fff4ed28000 	/System/Library/PrivateFrameworks/CoreSymbolication.framework/Versions/A/CoreSymbolication
0x00007fff3417c000 	/System/Library/Frameworks/Carbon.framework/Versions/A/Frameworks/CommonPanels.framework/Versions/A/CommonPanels
0x00007fff34475000 	/System/Library/Frameworks/Carbon.framework/Versions/A/Frameworks/Help.framework/Versions/A/Help
0x00007fff34479000 	/System/Library/Frameworks/Carbon.framework/Versions/A/Frameworks/ImageCapture.framework/Versions/A/ImageCapture
0x00007fff34480000 	/System/Library/Frameworks/Carbon.framework/Versions/A/Frameworks/OpenScripting.framework/Versions/A/OpenScripting
0x00007fff3447f000 	/System/Library/Frameworks/Carbon.framework/Versions/A/Frameworks/Ink.framework/Versions/A/Ink
0x00007fff344bb000 	/System/Library/Frameworks/Carbon.framework/Versions/A/Frameworks/Print.framework/Versions/A/Print
0x00007fff344bc000 	/System/Library/Frameworks/Carbon.framework/Versions/A/Frameworks/SecurityHI.framework/Versions/A/SecurityHI
0x00007fff4f4aa000 	/System/Library/PrivateFrameworks/DebugSymbols.framework/Versions/A/DebugSymbols
0x000000011ecf0000 	/Applications/Android Studio.app/Contents/jre/jdk/Contents/Home/jre/lib/libawt_lwawt.dylib
0x000000010faf5000 	/Applications/Android Studio.app/Contents/jre/jdk/Contents/Home/jre/lib/libosxapp.dylib
0x00007fff37a59000 	/System/Library/Frameworks/ExceptionHandling.framework/Versions/A/ExceptionHandling
0x0000000120a97000 	/private/var/folders/nk/77tzydc5271b4jt6909jb9m80000gn/T/room-ed86f93a-0238-412a-a868-35c2002f4415/sqlite-3.25.2-4ed7c609-1189-4a84-8253-fc8b9d37f2f1-libsqlitejdbc.jnilib
0x0000000123029000 	/private/var/folders/nk/77tzydc5271b4jt6909jb9m80000gn/T/room-a3505b68-d5df-4bb9-b8c3-9b0ec9982f07/sqlite-3.25.2-871e6868-5112-4e17-a489-a4d5c9860782-libsqlitejdbc.jnilib
0x0000000123db9000 	/private/var/folders/nk/77tzydc5271b4jt6909jb9m80000gn/T/room-62930289-0b9a-43c5-80fb-0983aff4816e/sqlite-3.25.2-10798e88-d5f3-4bc2-a5c7-0bc20c5220c0-libsqlitejdbc.jnilib
0x0000000124b49000 	/private/var/folders/nk/77tzydc5271b4jt6909jb9m80000gn/T/room-2fbafd6a-bfc6-4387-b973-5e14e969bd39/sqlite-3.25.2-a21cfde0-8037-4098-9246-3c3452222eda-libsqlitejdbc.jnilib
0x00000001258da000 	/private/var/folders/nk/77tzydc5271b4jt6909jb9m80000gn/T/room-9dd183a5-c2a8-48f6-bd36-548b1d558710/sqlite-3.25.2-e980e049-1d36-4702-8cec-7a215075e75b-libsqlitejdbc.jnilib
0x000000012666a000 	/private/var/folders/nk/77tzydc5271b4jt6909jb9m80000gn/T/room-1dc2c782-a1c9-40e3-9c24-43b7e067176e/sqlite-3.25.2-92e689b3-4515-4af1-9c29-5c42e02681c1-libsqlitejdbc.jnilib
0x0000000120091000 	/private/var/folders/nk/77tzydc5271b4jt6909jb9m80000gn/T/native-platform8476503389620527769dir/libnative-platform.dylib
0x0000000127401000 	/private/var/folders/nk/77tzydc5271b4jt6909jb9m80000gn/T/room-181b1036-b96d-4d3d-970c-5a79ad5ca72c/sqlite-3.25.2-b5413d9b-60f3-481f-8020-2aa9358c4868-libsqlitejdbc.jnilib

VM Arguments:
jvm_args: -Xmx2048m -Dfile.encoding=UTF-8 -Duser.country=FR -Duser.language=fr -Duser.variant 
java_command: org.gradle.launcher.daemon.bootstrap.GradleDaemon 6.6-rc-3
java_class_path (initial): /Users/soso/.gradle/wrapper/dists/gradle-6.6-rc-3-all/6ukb1n1ggnj6c428kebua5eks/gradle-6.6-rc-3/lib/gradle-launcher-6.6.jar
Launcher Type: SUN_STANDARD

Environment Variables:
PATH=/usr/local/bin:/usr/bin:/bin:/usr/sbin:/sbin
SHELL=/bin/zsh

Signal Handlers:
SIGSEGV: [libjvm.dylib+0x565c43], sa_mask[0]=11111111011111110111111111111111, sa_flags=SA_ONSTACK|SA_RESTART|SA_SIGINFO
SIGBUS: [libjvm.dylib+0x565c43], sa_mask[0]=11111111011111110111111111111111, sa_flags=SA_RESTART|SA_SIGINFO
SIGFPE: [libjvm.dylib+0x45dd9d], sa_mask[0]=11111111011111110111111111111111, sa_flags=SA_RESTART|SA_SIGINFO
SIGPIPE: [libjvm.dylib+0x45dd9d], sa_mask[0]=11111111011111110111111111111111, sa_flags=SA_RESTART|SA_SIGINFO
SIGXFSZ: [libjvm.dylib+0x45dd9d], sa_mask[0]=11111111011111110111111111111111, sa_flags=SA_RESTART|SA_SIGINFO
SIGILL: [libjvm.dylib+0x45dd9d], sa_mask[0]=11111111011111110111111111111111, sa_flags=SA_RESTART|SA_SIGINFO
SIGUSR1: SIG_DFL, sa_mask[0]=00000000000000000000000000000000, sa_flags=none
SIGUSR2: [libjvm.dylib+0x45e69c], sa_mask[0]=00100000000000000000000000000000, sa_flags=SA_RESTART|SA_SIGINFO
SIGHUP: [libjvm.dylib+0x45c8c1], sa_mask[0]=11111111011111110111111111111111, sa_flags=SA_RESTART|SA_SIGINFO
SIGINT: [libjvm.dylib+0x45c8c1], sa_mask[0]=11111111011111110111111111111111, sa_flags=SA_RESTART|SA_SIGINFO
SIGTERM: [libjvm.dylib+0x45c8c1], sa_mask[0]=11111111011111110111111111111111, sa_flags=SA_RESTART|SA_SIGINFO
SIGQUIT: [libjvm.dylib+0x45c8c1], sa_mask[0]=11111111011111110111111111111111, sa_flags=SA_RESTART|SA_SIGINFO


---------------  S Y S T E M  ---------------

OS:Bsduname:Darwin 19.6.0 Darwin Kernel Version 19.6.0: Sun Jul  5 00:43:10 PDT 2020; root:xnu-6153.141.1~9/RELEASE_X86_64 x86_64
rlimit: STACK 8192k, CORE 0k, NPROC 1392, NOFILE 10240, AS infinity
load average:18.32 14.13 11.68

CPU:total 4 (initial active 4) (2 cores per cpu, 2 threads per core) family 6 model 61 stepping 4, cmov, cx8, fxsr, mmx, sse, sse2, sse3, ssse3, sse4.1, sse4.2, popcnt, avx, avx2, aes, clmul, erms, 3dnowpref, lzcnt, ht, tsc, tscinvbit, bmi1, bmi2, adx

Memory: 4k page, physical 8388608k(24976k free)

/proc/meminfo:


vm_info: OpenJDK 64-Bit Server VM (25.242-b3-6222593) for bsd-amd64 JRE (1.8.0_242-release-1644-b3-6222593), built by "android-build" with gcc 4.2.1 Compatible Android (5484270 based on r353983c) Clang 9.0.3 (https://android.googlesource.com/toolchain/clang 745b335211bb9eadfa6aa6301f84715cee4b37c5) (https://android.googlesource.com/toolchain/llvm 60cf23e54e46c807513f7a36d0a7b777920b5881)

time: Tue Sep 22 01:37:06 2020
timezone: CEST
elapsed time: 10708 seconds (0d 2h 58m 28s)

