#
# A fatal error has been detected by the Java Runtime Environment:
#
#  SIGSEGV (0xb) at pc=0x00000001061b89b6, pid=15115, tid=0x0000000000004103
#
# JRE version: OpenJDK Runtime Environment (8.0_242) (build 1.8.0_242-release-1644-b3-6222593)
# Java VM: OpenJDK 64-Bit Server VM (25.242-b3-6222593 mixed mode bsd-amd64 compressed oops)
# Problematic frame:
# V  [libjvm.dylib+0x3b89b6]  PhaseIdealLoop::idom_no_update(Node*) const+0x16
#
# Failed to write core dump. Core dumps have been disabled. To enable core dumping, try "ulimit -c unlimited" before starting Java again
#
# If you would like to submit a bug report, please visit:
#   http://bugreport.java.com/bugreport/crash.jsp
#

---------------  T H R E A D  ---------------

Current thread (0x00007fd94e032000):  JavaThread "C2 CompilerThread1" daemon [_thread_in_native, id=16643, stack(0x0000700000eaa000,0x0000700000faa000)]

siginfo: si_signo: 11 (SIGSEGV), si_code: 1 (SEGV_MAPERR), si_addr: 0x0000000300000003

Registers:
RAX=0x00007fd9538ba9b8, RBX=0x00007fd9538bb4b0, RCX=0x0000000300000003, RDX=0x00007fd9538bb4b0
RSP=0x0000700000fa6120, RBP=0x0000700000fa6120, RSI=0x00007fd9538bb4b0, RDI=0x0000700000fa7000
R8 =0x0000000000000000, R9 =0xffffffff00000000, R10=0x0000000106611290, R11=0xfffffffffef84ae0
R12=0x0000700000fa7000, R13=0x0000000000000002, R14=0x00000000000022ba, R15=0x00007fd953521a50
RIP=0x00000001061b89b6, EFLAGS=0x0000000000010206, ERR=0x0000000000000004
  TRAPNO=0x000000000000000e

Top of Stack: (sp=0x0000700000fa6120)
0x0000700000fa6120:   0000700000fa6160 00000001061be8ca
0x0000700000fa6130:   00007fd95321fd48 00007fd9538bb4b0
0x0000700000fa6140:   0000700000fa6198 00007fd94e0ad868
0x0000700000fa6150:   00007fd953521a50 0000700000fa7000
0x0000700000fa6160:   0000700000fa61e0 00000001061c0d1c
0x0000700000fa6170:   0000700000fa61b0 0000000105e9a2c7
0x0000700000fa6180:   00007fd952db52a8 0000700000fa7000
0x0000700000fa6190:   00007fd953521a50 00007fd94cf1cee0
0x0000700000fa61a0:   00007fd900000400 00007fd94d5db690
0x0000700000fa61b0:   00007000000001fb 00007fd953521a50
0x0000700000fa61c0:   0000700000fa7000 00007fd952db52a8
0x0000700000fa61d0:   0000700000fa7000 0000700000fa6520
0x0000700000fa61e0:   0000700000fa6230 00000001061c11ae
0x0000700000fa61f0:   00007fd953354eb0 0000700000fa7990
0x0000700000fa6200:   0000700000fa7000 0000700000fa6548
0x0000700000fa6210:   0000700000fa7000 0000000000000011
0x0000700000fa6220:   00007fd953a9cb48 0000700000fa6520
0x0000700000fa6230:   0000700000fa62a0 00000001061bfbb7
0x0000700000fa6240:   0000000000004000 0000700000fa79b8
0x0000700000fa6250:   0000700000fa6520 0000700000fa6548
0x0000700000fa6260:   0000700000fa64f8 00007fd952db52a8
0x0000700000fa6270:   0000001100fa62a0 0000000000000001
0x0000700000fa6280:   00007fd94cee3ba0 0000700000fa7010
0x0000700000fa6290:   0000700000fa7000 0000000000000007
0x0000700000fa62a0:   0000700000fa65a0 00000001061beef9
0x0000700000fa62b0:   0000700000fa83f8 00007fd94cf1cee0
0x0000700000fa62c0:   0000700000000004 00007fd953380410
0x0000700000fa62d0:   0000700000000000 0000000106336a37
0x0000700000fa62e0:   0000000000000000 00007fd95305b810
0x0000700000fa62f0:   0000700000fa6320 0000000106336a37
0x0000700000fa6300:   0000700000fa6330 0000000106336a37
0x0000700000fa6310:   0000000000000000 00007fd95305b810 

Instructions: (pc=0x00000001061b89b6)
0x00000001061b8996:   0f 44 c1 5d c3 31 c0 5d c3 90 55 48 89 e5 48 8b
0x00000001061b89a6:   87 f8 09 00 00 8b 4e 28 48 8b 04 c8 48 8b 48 08
0x00000001061b89b6:   48 83 39 00 75 24 8b 4f 28 8b 40 28 39 c1 76 0a
0x00000001061b89c6:   48 8b 57 30 48 8b 04 c2 eb 02 31 c0 48 83 e0 fe 

Register to memory mapping:

RAX=0x00007fd9538ba9b8 is an unknown value
RBX=0x00007fd9538bb4b0 is an unknown value
RCX=0x0000000300000003 is an unknown value
RDX=0x00007fd9538bb4b0 is an unknown value
RSP=0x0000700000fa6120 is pointing into the stack for thread: 0x00007fd94e032000
RBP=0x0000700000fa6120 is pointing into the stack for thread: 0x00007fd94e032000
RSI=0x00007fd9538bb4b0 is an unknown value
RDI=0x0000700000fa7000 is pointing into the stack for thread: 0x00007fd94e032000
R8 =0x0000000000000000 is an unknown value
R9 =0xffffffff00000000 is an unknown value
R10=0x0000000106611290: _ZL8tc_mutex+0x18 in /Applications/Android Studio.app/Contents/jre/jdk/Contents/Home/jre/lib/server/libjvm.dylib at 0x0000000105e00000
R11=0xfffffffffef84ae0 is an unknown value
R12=0x0000700000fa7000 is pointing into the stack for thread: 0x00007fd94e032000
R13=0x0000000000000002 is an unknown value
R14=0x00000000000022ba is an unknown value
R15=0x00007fd953521a50 is an unknown value


Stack: [0x0000700000eaa000,0x0000700000faa000],  sp=0x0000700000fa6120,  free space=1008k
Native frames: (J=compiled Java code, j=interpreted, Vv=VM code, C=native code)
V  [libjvm.dylib+0x3b89b6]  PhaseIdealLoop::idom_no_update(Node*) const+0x16
V  [libjvm.dylib+0x3be8ca]  PhaseIdealLoop::is_dominator(Node*, Node*)+0x3c
V  [libjvm.dylib+0x3c0d1c]  PhaseIdealLoop::get_late_ctrl(Node*, Node*)+0x180
V  [libjvm.dylib+0x3c11ae]  PhaseIdealLoop::build_loop_late_post(Node*)+0x14a
V  [libjvm.dylib+0x3bfbb7]  PhaseIdealLoop::build_loop_late(VectorSet&, Node_List&, Node_Stack&)+0x219
V  [libjvm.dylib+0x3beef9]  PhaseIdealLoop::build_and_optimize(bool, bool)+0x5fb
V  [libjvm.dylib+0x198f9a]  Compile::Optimize()+0x932
V  [libjvm.dylib+0x197c1b]  Compile::Compile(ciEnv*, C2Compiler*, ciMethod*, int, bool, bool, bool)+0x85b
V  [libjvm.dylib+0x136b98]  C2Compiler::compile_method(ciEnv*, ciMethod*, int)+0x9e
V  [libjvm.dylib+0x1a3372]  CompileBroker::invoke_compiler_on_method(CompileTask*)+0x634
V  [libjvm.dylib+0x1a2882]  CompileBroker::compiler_thread_loop()+0x268
V  [libjvm.dylib+0x527e84]  JavaThread::thread_main_inner()+0x82
V  [libjvm.dylib+0x527d49]  JavaThread::run()+0x199
V  [libjvm.dylib+0x45b9eb]  java_start(Thread*)+0xfa
C  [libsystem_pthread.dylib+0x6109]  _pthread_start+0x94
C  [libsystem_pthread.dylib+0x1b8b]  thread_start+0xf
C  0x0000000000000000


Current CompileTask:
C2:  12447 2687       4       org.objectweb.asm.Frame::execute (2318 bytes)


---------------  P R O C E S S  ---------------

Java Threads: ( => current thread )
  0x00007fd95178f800 JavaThread "Cache worker for file content cache (/Users/soso/.gradle/caches/6.6-rc-3/fileContent)" [_thread_blocked, id=38403, stack(0x00007000029fb000,0x0000700002afb000)]
  0x00007fd94ed0e800 JavaThread "Cache worker for execution history cache (/Users/soso/.gradle/caches/6.6-rc-3/executionHistory)" [_thread_blocked, id=25347, stack(0x00007000028f8000,0x00007000029f8000)]
  0x00007fd952c66000 JavaThread "Cache worker for cache directory md-rule (/Users/soso/.gradle/caches/6.6-rc-3/md-rule)" [_thread_blocked, id=38915, stack(0x00007000027f5000,0x00007000028f5000)]
  0x00007fd94d9fa800 JavaThread "Cache worker for cache directory md-supplier (/Users/soso/.gradle/caches/6.6-rc-3/md-supplier)" [_thread_blocked, id=24835, stack(0x00007000026f2000,0x00007000027f2000)]
  0x00007fd94e42f000 JavaThread "Cache worker for checksums cache (/Users/soso/AndroidStudioProjects/RealEstateManager/.gradle/checksums)" [_thread_blocked, id=39171, stack(0x00007000025ef000,0x00007000026ef000)]
  0x00007fd951722000 JavaThread "jar transforms Thread 5" [_thread_blocked, id=39683, stack(0x00007000024ec000,0x00007000025ec000)]
  0x00007fd94e42e800 JavaThread "jar transforms Thread 4" [_thread_blocked, id=24067, stack(0x00007000023e9000,0x00007000024e9000)]
  0x00007fd94da7b000 JavaThread "jar transforms Thread 3" [_thread_blocked, id=23811, stack(0x00007000022e6000,0x00007000023e6000)]
  0x00007fd94d9c9800 JavaThread "jar transforms Thread 2" [_thread_blocked, id=23555, stack(0x00007000021e3000,0x00007000022e3000)]
  0x00007fd952c65000 JavaThread "jar transforms" [_thread_blocked, id=40707, stack(0x00007000020e0000,0x00007000021e0000)]
  0x00007fd94e41c000 JavaThread "Cache worker for file hash cache (/Users/soso/AndroidStudioProjects/RealEstateManager/.gradle/6.6-rc-3/fileHashes)" [_thread_blocked, id=23299, stack(0x0000700001fdd000,0x00007000020dd000)]
  0x00007fd94d2cf000 JavaThread "Cache worker for journal cache (/Users/soso/.gradle/caches/journal-1)" [_thread_blocked, id=22787, stack(0x0000700001eda000,0x0000700001fda000)]
  0x00007fd94dd08800 JavaThread "File lock request listener" [_thread_in_native, id=11271, stack(0x0000700001dd7000,0x0000700001ed7000)]
  0x00007fd94ee4f000 JavaThread "Cache worker for file hash cache (/Users/soso/.gradle/caches/6.6-rc-3/fileHashes)" [_thread_blocked, id=41731, stack(0x0000700001cd4000,0x0000700001dd4000)]
  0x00007fd94ee12000 JavaThread "Thread-9" [_thread_blocked, id=22531, stack(0x0000700001bd1000,0x0000700001cd1000)]
  0x00007fd94e5b3000 JavaThread "Stdin handler" [_thread_blocked, id=42499, stack(0x0000700001ace000,0x0000700001bce000)]
  0x00007fd94e5b2000 JavaThread "Asynchronous log dispatcher for DefaultDaemonConnection: socket connection from /127.0.0.1:64099 to /127.0.0.1:64103" [_thread_blocked, id=43011, stack(0x00007000019cb000,0x0000700001acb000)]
  0x00007fd94e1b7800 JavaThread "Daemon worker" [_thread_in_native, id=22275, stack(0x00007000018c8000,0x00007000019c8000)]
  0x00007fd94e1b1000 JavaThread "Cancel handler" [_thread_blocked, id=21763, stack(0x00007000017c5000,0x00007000018c5000)]
  0x00007fd94e92c000 JavaThread "Handler for socket connection from /127.0.0.1:64099 to /127.0.0.1:64103" [_thread_in_native, id=14595, stack(0x00007000016c2000,0x00007000017c2000)]
  0x00007fd94e5ad000 JavaThread "Daemon" [_thread_blocked, id=14083, stack(0x00007000015bf000,0x00007000016bf000)]
  0x00007fd94d926800 JavaThread "Daemon periodic checks" [_thread_blocked, id=13571, stack(0x00007000014bc000,0x00007000015bc000)]
  0x00007fd94e190000 JavaThread "Incoming local TCP Connector on port 64099" [_thread_in_native, id=13315, stack(0x00007000013b9000,0x00007000014b9000)]
  0x00007fd94e17f800 JavaThread "Daemon health stats" [_thread_blocked, id=15619, stack(0x00007000012b6000,0x00007000013b6000)]
  0x00007fd94d019000 JavaThread "Service Thread" daemon [_thread_blocked, id=12803, stack(0x00007000010b0000,0x00007000011b0000)]
  0x00007fd94d018800 JavaThread "C1 CompilerThread2" daemon [_thread_blocked, id=16387, stack(0x0000700000fad000,0x00007000010ad000)]
=>0x00007fd94e032000 JavaThread "C2 CompilerThread1" daemon [_thread_in_native, id=16643, stack(0x0000700000eaa000,0x0000700000faa000)]
  0x00007fd94d809000 JavaThread "C2 CompilerThread0" daemon [_thread_in_native, id=16899, stack(0x0000700000da7000,0x0000700000ea7000)]
  0x00007fd94e841000 JavaThread "Signal Dispatcher" daemon [_thread_blocked, id=11779, stack(0x0000700000ca4000,0x0000700000da4000)]
  0x00007fd94e028800 JavaThread "Finalizer" daemon [_thread_blocked, id=20227, stack(0x0000700000a9b000,0x0000700000b9b000)]
  0x00007fd94e025800 JavaThread "Reference Handler" daemon [_thread_blocked, id=20739, stack(0x0000700000998000,0x0000700000a98000)]
  0x00007fd94e008800 JavaThread "main" [_thread_blocked, id=3075, stack(0x0000700000386000,0x0000700000486000)]

Other Threads:
  0x00007fd94e838000 VMThread [stack: 0x0000700000895000,0x0000700000995000] [id=21251]
  0x00007fd94d01a000 WatcherThread [stack: 0x00007000011b3000,0x00007000012b3000] [id=16131]

VM state:not at safepoint (normal execution)

VM Mutex/Monitor currently owned by a thread: None

heap address: 0x0000000740000000, size: 2048 MB, Compressed Oops mode: Zero based, Oop shift amount: 3
Narrow klass base: 0x0000000000000000, Narrow klass shift: 3
Compressed class space size: 1073741824 Address: 0x00000007c0000000

Heap:
 PSYoungGen      total 141824K, used 4807K [0x0000000795580000, 0x00000007a1180000, 0x00000007c0000000)
  eden space 130048K, 3% used [0x0000000795580000,0x0000000795a31f08,0x000000079d480000)
  from space 11776K, 0% used [0x000000079d480000,0x000000079d480000,0x000000079e000000)
  to   space 13312K, 0% used [0x00000007a0480000,0x00000007a0480000,0x00000007a1180000)
 ParOldGen       total 98816K, used 17955K [0x0000000740000000, 0x0000000746080000, 0x0000000795580000)
  object space 98816K, 18% used [0x0000000740000000,0x0000000741188f88,0x0000000746080000)
 Metaspace       used 34339K, capacity 35638K, committed 35752K, reserved 1079296K
  class space    used 4702K, capacity 5032K, committed 5032K, reserved 1048576K

Card table byte_map: [0x0000000107087000,0x0000000107488000] byte_map_base: 0x0000000103687000

Marking Bits: (ParMarkBitMap*) 0x00000001066273f8
 Begin Bits: [0x0000000119d5f000, 0x000000011bd5f000)
 End Bits:   [0x000000011bd5f000, 0x000000011dd5f000)

Polling page: 0x00000001055b3000

CodeCache: size=245760Kb used=9683Kb max_used=9683Kb free=236076Kb
 bounds [0x000000010ad5f000, 0x000000010b6df000, 0x0000000119d5f000]
 total_blobs=3220 nmethods=2545 adapters=589
 compilation: enabled

Compilation events (10 events):
Event: 12.229 Thread 0x00007fd94d018800 2698       3       jdk.internal.org.objectweb.asm.ClassWriter::visitField (16 bytes)
Event: 12.230 Thread 0x00007fd94d018800 nmethod 2698 0x000000010b6c2e90 code [0x000000010b6c3000, 0x000000010b6c3228]
Event: 12.230 Thread 0x00007fd94d018800 2699       3       jdk.internal.org.objectweb.asm.FieldWriter::<init> (97 bytes)
Event: 12.230 Thread 0x00007fd94d018800 nmethod 2699 0x000000010b6c1dd0 code [0x000000010b6c1fa0, 0x000000010b6c2488]
Event: 12.244 Thread 0x00007fd94d018800 2700   !   3       java.lang.invoke.MethodHandleNatives::linkMethodHandleConstant (154 bytes)
Event: 12.246 Thread 0x00007fd94d018800 nmethod 2700 0x000000010b6d5d10 code [0x000000010b6d5f60, 0x000000010b6d6b18]
Event: 12.246 Thread 0x00007fd94d018800 2701       3       java.lang.invoke.MethodHandles$Lookup::linkMethodHandleConstant (185 bytes)
Event: 12.247 Thread 0x00007fd94d018800 nmethod 2701 0x000000010b6d7110 code [0x000000010b6d73c0, 0x000000010b6d8898]
Event: 12.368 Thread 0x00007fd94d018800 2702   !   3       java.lang.ref.Reference::tryHandlePending (115 bytes)
Event: 12.373 Thread 0x00007fd94d018800 nmethod 2702 0x000000010b6d8ed0 code [0x000000010b6d9100, 0x000000010b6d9dc8]

GC Heap History (10 events):
Event: 7.755 GC heap before
{Heap before GC invocations=5 (full 0):
 PSYoungGen      total 71680K, used 64789K [0x0000000795580000, 0x000000079a080000, 0x00000007c0000000)
  eden space 66560K, 89% used [0x0000000795580000,0x0000000798fcd660,0x0000000799680000)
  from space 5120K, 99% used [0x0000000799b80000,0x000000079a078020,0x000000079a080000)
  to   space 5120K, 0% used [0x0000000799680000,0x0000000799680000,0x0000000799b80000)
 ParOldGen       total 87552K, used 5245K [0x0000000740000000, 0x0000000745580000, 0x0000000795580000)
  object space 87552K, 5% used [0x0000000740000000,0x000000074051f4a0,0x0000000745580000)
 Metaspace       used 20420K, capacity 21200K, committed 21296K, reserved 1067008K
  class space    used 2932K, capacity 3142K, committed 3200K, reserved 1048576K
Event: 7.771 GC heap after
Heap after GC invocations=5 (full 0):
 PSYoungGen      total 71680K, used 5088K [0x0000000795580000, 0x000000079ef80000, 0x00000007c0000000)
  eden space 66560K, 0% used [0x0000000795580000,0x0000000795580000,0x0000000799680000)
  from space 5120K, 99% used [0x0000000799680000,0x0000000799b78030,0x0000000799b80000)
  to   space 12288K, 0% used [0x000000079e380000,0x000000079e380000,0x000000079ef80000)
 ParOldGen       total 87552K, used 11018K [0x0000000740000000, 0x0000000745580000, 0x0000000795580000)
  object space 87552K, 12% used [0x0000000740000000,0x0000000740ac2878,0x0000000745580000)
 Metaspace       used 20420K, capacity 21200K, committed 21296K, reserved 1067008K
  class space    used 2932K, capacity 3142K, committed 3200K, reserved 1048576K
}
Event: 7.771 GC heap before
{Heap before GC invocations=6 (full 1):
 PSYoungGen      total 71680K, used 5088K [0x0000000795580000, 0x000000079ef80000, 0x00000007c0000000)
  eden space 66560K, 0% used [0x0000000795580000,0x0000000795580000,0x0000000799680000)
  from space 5120K, 99% used [0x0000000799680000,0x0000000799b78030,0x0000000799b80000)
  to   space 12288K, 0% used [0x000000079e380000,0x000000079e380000,0x000000079ef80000)
 ParOldGen       total 87552K, used 11018K [0x0000000740000000, 0x0000000745580000, 0x0000000795580000)
  object space 87552K, 12% used [0x0000000740000000,0x0000000740ac2878,0x0000000745580000)
 Metaspace       used 20420K, capacity 21200K, committed 21296K, reserved 1067008K
  class space    used 2932K, capacity 3142K, committed 3200K, reserved 1048576K
Event: 7.828 GC heap after
Heap after GC invocations=6 (full 1):
 PSYoungGen      total 71680K, used 0K [0x0000000795580000, 0x000000079ef80000, 0x00000007c0000000)
  eden space 66560K, 0% used [0x0000000795580000,0x0000000795580000,0x0000000799680000)
  from space 5120K, 0% used [0x0000000799680000,0x0000000799680000,0x0000000799b80000)
  to   space 12288K, 0% used [0x000000079e380000,0x000000079e380000,0x000000079ef80000)
 ParOldGen       total 64000K, used 10764K [0x0000000740000000, 0x0000000743e80000, 0x0000000795580000)
  object space 64000K, 16% used [0x0000000740000000,0x0000000740a83238,0x0000000743e80000)
 Metaspace       used 20420K, capacity 21200K, committed 21296K, reserved 1067008K
  class space    used 2932K, capacity 3142K, committed 3200K, reserved 1048576K
}
Event: 10.075 GC heap before
{Heap before GC invocations=7 (full 1):
 PSYoungGen      total 71680K, used 66560K [0x0000000795580000, 0x000000079ef80000, 0x00000007c0000000)
  eden space 66560K, 100% used [0x0000000795580000,0x0000000799680000,0x0000000799680000)
  from space 5120K, 0% used [0x0000000799680000,0x0000000799680000,0x0000000799b80000)
  to   space 12288K, 0% used [0x000000079e380000,0x000000079e380000,0x000000079ef80000)
 ParOldGen       total 64000K, used 10764K [0x0000000740000000, 0x0000000743e80000, 0x0000000795580000)
  object space 64000K, 16% used [0x0000000740000000,0x0000000740a83238,0x0000000743e80000)
 Metaspace       used 28118K, capacity 29046K, committed 29312K, reserved 1075200K
  class space    used 3955K, capacity 4221K, committed 4224K, reserved 1048576K
Event: 10.088 GC heap after
Heap after GC invocations=7 (full 1):
 PSYoungGen      total 113664K, used 8079K [0x0000000795580000, 0x000000079eb80000, 0x00000007c0000000)
  eden space 105472K, 0% used [0x0000000795580000,0x0000000795580000,0x000000079bc80000)
  from space 8192K, 98% used [0x000000079e380000,0x000000079eb63d40,0x000000079eb80000)
  to   space 11776K, 0% used [0x000000079d480000,0x000000079d480000,0x000000079e000000)
 ParOldGen       total 64000K, used 10772K [0x0000000740000000, 0x0000000743e80000, 0x0000000795580000)
  object space 64000K, 16% used [0x0000000740000000,0x0000000740a85238,0x0000000743e80000)
 Metaspace       used 28118K, capacity 29046K, committed 29312K, reserved 1075200K
  class space    used 3955K, capacity 4221K, committed 4224K, reserved 1048576K
}
Event: 12.253 GC heap before
{Heap before GC invocations=8 (full 1):
 PSYoungGen      total 113664K, used 100256K [0x0000000795580000, 0x000000079eb80000, 0x00000007c0000000)
  eden space 105472K, 87% used [0x0000000795580000,0x000000079af84618,0x000000079bc80000)
  from space 8192K, 98% used [0x000000079e380000,0x000000079eb63d40,0x000000079eb80000)
  to   space 11776K, 0% used [0x000000079d480000,0x000000079d480000,0x000000079e000000)
 ParOldGen       total 64000K, used 10772K [0x0000000740000000, 0x0000000743e80000, 0x0000000795580000)
  object space 64000K, 16% used [0x0000000740000000,0x0000000740a85238,0x0000000743e80000)
 Metaspace       used 34171K, capacity 35414K, committed 35496K, reserved 1079296K
  class space    used 4674K, capacity 5000K, committed 5032K, reserved 1048576K
Event: 12.272 GC heap after
Heap after GC invocations=8 (full 1):
 PSYoungGen      total 141824K, used 11308K [0x0000000795580000, 0x00000007a1180000, 0x00000007c0000000)
  eden space 130048K, 0% used [0x0000000795580000,0x0000000795580000,0x000000079d480000)
  from space 11776K, 96% used [0x000000079d480000,0x000000079df8b190,0x000000079e000000)
  to   space 13312K, 0% used [0x00000007a0480000,0x00000007a0480000,0x00000007a1180000)
 ParOldGen       total 64000K, used 10780K [0x0000000740000000, 0x0000000743e80000, 0x0000000795580000)
  object space 64000K, 16% used [0x0000000740000000,0x0000000740a87238,0x0000000743e80000)
 Metaspace       used 34171K, capacity 35414K, committed 35496K, reserved 1079296K
  class space    used 4674K, capacity 5000K, committed 5032K, reserved 1048576K
}
Event: 12.272 GC heap before
{Heap before GC invocations=9 (full 2):
 PSYoungGen      total 141824K, used 11308K [0x0000000795580000, 0x00000007a1180000, 0x00000007c0000000)
  eden space 130048K, 0% used [0x0000000795580000,0x0000000795580000,0x000000079d480000)
  from space 11776K, 96% used [0x000000079d480000,0x000000079df8b190,0x000000079e000000)
  to   space 13312K, 0% used [0x00000007a0480000,0x00000007a0480000,0x00000007a1180000)
 ParOldGen       total 64000K, used 10780K [0x0000000740000000, 0x0000000743e80000, 0x0000000795580000)
  object space 64000K, 16% used [0x0000000740000000,0x0000000740a87238,0x0000000743e80000)
 Metaspace       used 34171K, capacity 35414K, committed 35496K, reserved 1079296K
  class space    used 4674K, capacity 5000K, committed 5032K, reserved 1048576K
Event: 12.368 GC heap after
Heap after GC invocations=9 (full 2):
 PSYoungGen      total 141824K, used 0K [0x0000000795580000, 0x00000007a1180000, 0x00000007c0000000)
  eden space 130048K, 0% used [0x0000000795580000,0x0000000795580000,0x000000079d480000)
  from space 11776K, 0% used [0x000000079d480000,0x000000079d480000,0x000000079e000000)
  to   space 13312K, 0% used [0x00000007a0480000,0x00000007a0480000,0x00000007a1180000)
 ParOldGen       total 98816K, used 17955K [0x0000000740000000, 0x0000000746080000, 0x0000000795580000)
  object space 98816K, 18% used [0x0000000740000000,0x0000000741188f88,0x0000000746080000)
 Metaspace       used 34171K, capacity 35414K, committed 35496K, reserved 1079296K
  class space    used 4674K, capacity 5000K, committed 5032K, reserved 1048576K
}

Deoptimization events (10 events):
Event: 9.468 Thread 0x00007fd94e1b7800 Uncommon trap: reason=bimorphic action=maybe_recompile pc=0x000000010b356a88 method=java.io.BufferedInputStream.read([BII)I @ 101
Event: 9.468 Thread 0x00007fd94e1b7800 Uncommon trap: reason=bimorphic action=maybe_recompile pc=0x000000010b356a88 method=java.io.BufferedInputStream.read([BII)I @ 101
Event: 9.474 Thread 0x00007fd94e1b7800 Uncommon trap: reason=bimorphic action=maybe_recompile pc=0x000000010b356a88 method=java.io.BufferedInputStream.read([BII)I @ 101
Event: 9.475 Thread 0x00007fd94e1b7800 Uncommon trap: reason=bimorphic action=maybe_recompile pc=0x000000010b356a88 method=java.io.BufferedInputStream.read([BII)I @ 101
Event: 10.089 Thread 0x00007fd94e025800 Uncommon trap: reason=unstable_if action=reinterpret pc=0x000000010b3685c0 method=java.lang.ref.Reference.tryHandlePending(Z)Z @ 104
Event: 10.284 Thread 0x00007fd94e1b7800 Uncommon trap: reason=unstable_if action=reinterpret pc=0x000000010b3632bc method=java.lang.ClassLoader.getClassLoadingLock(Ljava/lang/String;)Ljava/lang/Object; @ 6
Event: 11.190 Thread 0x00007fd94e1b7800 Uncommon trap: reason=unstable_if action=reinterpret pc=0x000000010b2d466c method=java.util.HashMap.getNode(ILjava/lang/Object;)Ljava/util/HashMap$Node; @ 53
Event: 11.190 Thread 0x00007fd94e1b7800 Uncommon trap: reason=unstable_if action=reinterpret pc=0x000000010b111170 method=java.util.HashMap.hash(Ljava/lang/Object;)I @ 1
Event: 11.394 Thread 0x00007fd94e1b7800 Uncommon trap: reason=unstable_if action=reinterpret pc=0x000000010b5f3af0 method=org.gradle.internal.reflect.PropertyAccessorType.isGetGetterName(Ljava/lang/String;)Z @ 14
Event: 11.440 Thread 0x00007fd94e1b7800 Uncommon trap: reason=unstable_if action=reinterpret pc=0x000000010b41d390 method=org.objectweb.asm.ByteVector.putShort(I)Lorg/objectweb/asm/ByteVector; @ 13

Classes redefined (0 events):
No events

Internal exceptions (10 events):
Event: 11.985 Thread 0x00007fd94e1b7800 Exception <a 'java/lang/ClassNotFoundException': org/gradle/api/internal/artifacts/repositories/AbstractResolutionAwareArtifactRepositoryCustomizer> (0x0000000799fb3708) thrown at [/Volumes/Android/buildbot/src/googleplex-android/openjdk/out/hotspot/src/s
Event: 11.986 Thread 0x00007fd94e1b7800 Exception <a 'java/lang/ClassNotFoundException': org/gradle/api/internal/artifacts/repositories/AbstractAuthenticationSupportedRepositoryCustomizer> (0x000000079a022b10) thrown at [/Volumes/Android/buildbot/src/googleplex-android/openjdk/out/hotspot/src/s
Event: 11.989 Thread 0x00007fd94e1b7800 Exception <a 'java/lang/ClassNotFoundException': org/gradle/api/internal/artifacts/repositories/DefaultMavenArtifactRepositoryCustomizer> (0x000000079a0972f0) thrown at [/Volumes/Android/buildbot/src/googleplex-android/openjdk/out/hotspot/src/share/vm/cla
Event: 11.994 Thread 0x00007fd94e1b7800 Exception <a 'java/lang/ClassNotFoundException': org/gradle/api/internal/artifacts/repositories/DefaultMavenArtifactRepository_DecoratedCustomizer> (0x000000079a121f48) thrown at [/Volumes/Android/buildbot/src/googleplex-android/openjdk/out/hotspot/src/sh
Event: 12.163 Thread 0x00007fd94e1b7800 Exception <a 'java/lang/ClassNotFoundException': org/gradle/api/internal/artifacts/dsl/dependencies/DefaultDependencyHandler_DecoratedBeanInfo> (0x000000079aa6f290) thrown at [/Volumes/Android/buildbot/src/googleplex-android/openjdk/out/hotspot/src/share/
Event: 12.165 Thread 0x00007fd94e1b7800 Exception <a 'java/lang/ClassNotFoundException': org/gradle/api/internal/artifacts/dsl/dependencies/DefaultDependencyHandlerBeanInfo> (0x000000079aac8558) thrown at [/Volumes/Android/buildbot/src/googleplex-android/openjdk/out/hotspot/src/share/vm/classfi
Event: 12.165 Thread 0x00007fd94e1b7800 Exception <a 'java/lang/ClassNotFoundException': org/gradle/api/internal/artifacts/dsl/dependencies/DefaultDependencyHandlerCustomizer> (0x000000079ab22878) thrown at [/Volumes/Android/buildbot/src/googleplex-android/openjdk/out/hotspot/src/share/vm/class
Event: 12.168 Thread 0x00007fd94e1b7800 Exception <a 'java/lang/ClassNotFoundException': org/gradle/api/internal/artifacts/dsl/dependencies/DefaultDependencyHandler_DecoratedCustomizer> (0x000000079abae070) thrown at [/Volumes/Android/buildbot/src/googleplex-android/openjdk/out/hotspot/src/shar
Event: 12.199 Thread 0x00007fd94e1b7800 Exception <a 'java/lang/ClassNotFoundException': build_aazx9x9qfrlyi9lz8k5p3ya4c$_run_closure1BeanInfo> (0x000000079ad0ea00) thrown at [/Volumes/Android/buildbot/src/googleplex-android/openjdk/out/hotspot/src/share/vm/classfile/systemDictionary.cpp, line 
Event: 12.199 Thread 0x00007fd94e1b7800 Exception <a 'java/lang/ClassNotFoundException': build_aazx9x9qfrlyi9lz8k5p3ya4c$_run_closure1Customizer> (0x000000079ad13ba0) thrown at [/Volumes/Android/buildbot/src/googleplex-android/openjdk/out/hotspot/src/share/vm/classfile/systemDictionary.cpp, lin

Events (10 events):
Event: 12.404 loading class org/gradle/api/internal/artifacts/ivyservice/resolveengine/result/DependencyResultSerializer
Event: 12.404 loading class org/gradle/api/internal/artifacts/ivyservice/resolveengine/result/DependencyResultSerializer done
Event: 12.408 loading class org/gradle/api/internal/artifacts/ivyservice/resolveengine/graph/ResolvedGraphDependency
Event: 12.408 loading class org/gradle/api/internal/artifacts/ivyservice/resolveengine/graph/ResolvedGraphDependency done
Event: 12.411 loading class org/gradle/api/internal/artifacts/ivyservice/resolveengine/result/ComponentSelectionReasonSerializer
Event: 12.411 loading class org/gradle/api/internal/artifacts/ivyservice/resolveengine/result/ComponentSelectionReasonSerializer done
Event: 12.414 loading class org/gradle/api/internal/artifacts/ivyservice/resolveengine/result/ComponentResultSerializer
Event: 12.414 loading class org/gradle/api/internal/artifacts/ivyservice/resolveengine/result/ComponentResultSerializer done
Event: 12.416 loading class org/gradle/api/internal/artifacts/ivyservice/resolveengine/result/ComponentSelectorSerializer
Event: 12.416 loading class org/gradle/api/internal/artifacts/ivyservice/resolveengine/result/ComponentSelectorSerializer done


Dynamic libraries:
0x00007fff32aa3000 	/System/Library/Frameworks/Cocoa.framework/Versions/A/Cocoa
0x00007fff40298000 	/System/Library/Frameworks/Security.framework/Versions/A/Security
0x00007fff31a08000 	/System/Library/Frameworks/ApplicationServices.framework/Versions/A/ApplicationServices
0x00007fff6cdbb000 	/usr/lib/libz.1.dylib
0x00007fff6a87f000 	/usr/lib/libSystem.B.dylib
0x00007fff33945000 	/System/Library/Frameworks/CoreFoundation.framework/Versions/A/CoreFoundation
0x00007fff36002000 	/System/Library/Frameworks/Foundation.framework/Versions/C/Foundation
0x00007fff6c6df000 	/usr/lib/libobjc.A.dylib
0x00007fff30bf8000 	/System/Library/Frameworks/AppKit.framework/Versions/C/AppKit
0x00007fff33427000 	/System/Library/Frameworks/CoreData.framework/Versions/A/CoreData
0x00007fff64895000 	/System/Library/PrivateFrameworks/UIFoundation.framework/Versions/A/UIFoundation
0x00007fff5f929000 	/System/Library/PrivateFrameworks/RemoteViewServices.framework/Versions/A/RemoteViewServices
0x00007fff673ef000 	/System/Library/PrivateFrameworks/XCTTargetBootstrap.framework/Versions/A/XCTTargetBootstrap
0x00007fff33812000 	/System/Library/Frameworks/CoreDisplay.framework/Versions/A/CoreDisplay
0x00007fff38ebc000 	/System/Library/Frameworks/Metal.framework/Versions/A/Metal
0x00007fff4d92c000 	/System/Library/PrivateFrameworks/DesktopServicesPriv.framework/Versions/A/DesktopServicesPriv
0x00007fff6b9ba000 	/usr/lib/liblangid.dylib
0x00007fff4cbc1000 	/System/Library/PrivateFrameworks/CoreSVG.framework/Versions/A/CoreSVG
0x00007fff62a85000 	/System/Library/PrivateFrameworks/SkyLight.framework/Versions/A/SkyLight
0x00007fff33dc6000 	/System/Library/Frameworks/CoreGraphics.framework/Versions/A/CoreGraphics
0x00007fff2f5cc000 	/System/Library/Frameworks/Accelerate.framework/Versions/A/Accelerate
0x00007fff6ccac000 	/usr/lib/libxml2.2.dylib
0x00007fff588b4000 	/System/Library/PrivateFrameworks/IconServices.framework/Versions/A/IconServices
0x00007fff367e1000 	/System/Library/Frameworks/IOSurface.framework/Versions/A/IOSurface
0x00007fff6a3a9000 	/usr/lib/libDiagnosticMessagesClient.dylib
0x00007fff4d786000 	/System/Library/PrivateFrameworks/DFRFoundation.framework/Versions/A/DFRFoundation
0x00007fff6b749000 	/usr/lib/libicucore.A.dylib
0x00007fff31d3a000 	/System/Library/Frameworks/AudioToolbox.framework/Versions/A/AudioToolbox
0x00007fff31e1d000 	/System/Library/Frameworks/AudioUnit.framework/Versions/A/AudioUnit
0x00007fff6aa81000 	/usr/lib/libauto.dylib
0x00007fff4d828000 	/System/Library/PrivateFrameworks/DataDetectorsCore.framework/Versions/A/DataDetectorsCore
0x00007fff325c4000 	/System/Library/Frameworks/Carbon.framework/Versions/A/Frameworks/HIToolbox.framework/Versions/A/HIToolbox
0x00007fff3f494000 	/System/Library/Frameworks/QuartzCore.framework/Versions/A/QuartzCore
0x00007fff32903000 	/System/Library/Frameworks/Carbon.framework/Versions/A/Frameworks/SpeechRecognition.framework/Versions/A/SpeechRecognition
0x00007fff4d29a000 	/System/Library/PrivateFrameworks/CoreUI.framework/Versions/A/CoreUI
0x00007fff32e92000 	/System/Library/Frameworks/CoreAudio.framework/Versions/A/CoreAudio
0x00007fff35cc1000 	/System/Library/Frameworks/DiskArbitration.framework/Versions/A/DiskArbitration
0x00007fff5a904000 	/System/Library/PrivateFrameworks/MultitouchSupport.framework/Versions/A/MultitouchSupport
0x00007fff6b610000 	/usr/lib/libenergytrace.dylib
0x00007fff3673b000 	/System/Library/Frameworks/IOKit.framework/Versions/A/IOKit
0x00007fff34d2d000 	/System/Library/Frameworks/CoreServices.framework/Versions/A/CoreServices
0x00007fff5cabc000 	/System/Library/PrivateFrameworks/PerformanceAnalysis.framework/Versions/A/PerformanceAnalysis
0x00007fff3e4c7000 	/System/Library/Frameworks/OpenGL.framework/Versions/A/OpenGL
0x00007fff32ab1000 	/System/Library/Frameworks/ColorSync.framework/Versions/A/ColorSync
0x00007fff34449000 	/System/Library/Frameworks/CoreImage.framework/Versions/A/CoreImage
0x00007fff357a0000 	/System/Library/Frameworks/CoreText.framework/Versions/A/CoreText
0x00007fff36871000 	/System/Library/Frameworks/ImageIO.framework/Versions/A/ImageIO
0x00007fff6ab65000 	/usr/lib/libc++.1.dylib
0x00007fff6abe1000 	/usr/lib/libcompression.dylib
0x00007fff6a6ed000 	/usr/lib/libMobileGestalt.dylib
0x00007fff645ff000 	/System/Library/PrivateFrameworks/TextureIO.framework/Versions/A/TextureIO
0x00007fff6a9e4000 	/usr/lib/libate.dylib
0x00007fff58abd000 	/System/Library/PrivateFrameworks/InternationalSupport.framework/Versions/A/InternationalSupport
0x00007fff6d67c000 	/usr/lib/system/libcache.dylib
0x00007fff6d682000 	/usr/lib/system/libcommonCrypto.dylib
0x00007fff6d68e000 	/usr/lib/system/libcompiler_rt.dylib
0x00007fff6d696000 	/usr/lib/system/libcopyfile.dylib
0x00007fff6d6a0000 	/usr/lib/system/libcorecrypto.dylib
0x00007fff6d83f000 	/usr/lib/system/libdispatch.dylib
0x00007fff6d880000 	/usr/lib/system/libdyld.dylib
0x00007fff6d8b7000 	/usr/lib/system/libkeymgr.dylib
0x00007fff6d8c5000 	/usr/lib/system/liblaunch.dylib
0x00007fff6d8c6000 	/usr/lib/system/libmacho.dylib
0x00007fff6d8cc000 	/usr/lib/system/libquarantine.dylib
0x00007fff6d8cf000 	/usr/lib/system/libremovefile.dylib
0x00007fff6d8d1000 	/usr/lib/system/libsystem_asl.dylib
0x00007fff6d8e9000 	/usr/lib/system/libsystem_blocks.dylib
0x00007fff6d8ea000 	/usr/lib/system/libsystem_c.dylib
0x00007fff6d972000 	/usr/lib/system/libsystem_configuration.dylib
0x00007fff6d976000 	/usr/lib/system/libsystem_coreservices.dylib
0x00007fff6d97a000 	/usr/lib/system/libsystem_darwin.dylib
0x00007fff6d983000 	/usr/lib/system/libsystem_dnssd.dylib
0x00007fff6d98b000 	/usr/lib/system/libsystem_featureflags.dylib
0x00007fff6d98d000 	/usr/lib/system/libsystem_info.dylib
0x00007fff6da08000 	/usr/lib/system/libsystem_m.dylib
0x00007fff6da50000 	/usr/lib/system/libsystem_malloc.dylib
0x00007fff6da78000 	/usr/lib/system/libsystem_networkextension.dylib
0x00007fff6da86000 	/usr/lib/system/libsystem_notify.dylib
0x00007fff6daa4000 	/usr/lib/system/libsystem_sandbox.dylib
0x00007fff6daa9000 	/usr/lib/system/libsystem_secinit.dylib
0x00007fff6d9db000 	/usr/lib/system/libsystem_kernel.dylib
0x00007fff6da90000 	/usr/lib/system/libsystem_platform.dylib
0x00007fff6da99000 	/usr/lib/system/libsystem_pthread.dylib
0x00007fff6daac000 	/usr/lib/system/libsystem_symptoms.dylib
0x00007fff6dab4000 	/usr/lib/system/libsystem_trace.dylib
0x00007fff6dacc000 	/usr/lib/system/libunwind.dylib
0x00007fff6dad2000 	/usr/lib/system/libxpc.dylib
0x00007fff6abb8000 	/usr/lib/libc++abi.dylib
0x00007fff6b9bc000 	/usr/lib/liblzma.5.dylib
0x00007fff6b637000 	/usr/lib/libfakelink.dylib
0x00007fff6a971000 	/usr/lib/libarchive.2.dylib
0x00007fff41349000 	/System/Library/Frameworks/SystemConfiguration.framework/Versions/A/SystemConfiguration
0x00007fff6a2dc000 	/usr/lib/libCRFSuite.dylib
0x00007fff321b4000 	/System/Library/Frameworks/CFNetwork.framework/Versions/A/CFNetwork
0x00007fff6ab47000 	/usr/lib/libbsm.0.dylib
0x00007fff6d8b8000 	/usr/lib/system/libkxld.dylib
0x00007fff47103000 	/System/Library/PrivateFrameworks/AppleFSCompression.framework/Versions/A/AppleFSCompression
0x00007fff6aed2000 	/usr/lib/libcoretls.dylib
0x00007fff6aee9000 	/usr/lib/libcoretls_cfhelpers.dylib
0x00007fff6c725000 	/usr/lib/libpam.2.dylib
0x00007fff6c85a000 	/usr/lib/libsqlite3.dylib
0x00007fff6cc99000 	/usr/lib/libxar.1.dylib
0x00007fff6ab58000 	/usr/lib/libbz2.1.0.dylib
0x00007fff6b658000 	/usr/lib/libiconv.2.dylib
0x00007fff6abce000 	/usr/lib/libcharset.1.dylib
0x00007fff6c1c2000 	/usr/lib/libnetwork.dylib
0x00007fff6c72c000 	/usr/lib/libpcap.A.dylib
0x00007fff6a926000 	/usr/lib/libapple_nghttp2.dylib
0x00007fff350e4000 	/System/Library/Frameworks/CoreServices.framework/Versions/A/Frameworks/FSEvents.framework/Versions/A/FSEvents
0x00007fff34db4000 	/System/Library/Frameworks/CoreServices.framework/Versions/A/Frameworks/CarbonCore.framework/Versions/A/CarbonCore
0x00007fff35328000 	/System/Library/Frameworks/CoreServices.framework/Versions/A/Frameworks/Metadata.framework/Versions/A/Metadata
0x00007fff353c1000 	/System/Library/Frameworks/CoreServices.framework/Versions/A/Frameworks/OSServices.framework/Versions/A/OSServices
0x00007fff353ef000 	/System/Library/Frameworks/CoreServices.framework/Versions/A/Frameworks/SearchKit.framework/Versions/A/SearchKit
0x00007fff34d2e000 	/System/Library/Frameworks/CoreServices.framework/Versions/A/Frameworks/AE.framework/Versions/A/AE
0x00007fff350ed000 	/System/Library/Frameworks/CoreServices.framework/Versions/A/Frameworks/LaunchServices.framework/Versions/A/LaunchServices
0x00007fff35096000 	/System/Library/Frameworks/CoreServices.framework/Versions/A/Frameworks/DictionaryServices.framework/Versions/A/DictionaryServices
0x00007fff35457000 	/System/Library/Frameworks/CoreServices.framework/Versions/A/Frameworks/SharedFileList.framework/Versions/A/SharedFileList
0x00007fff3a2e6000 	/System/Library/Frameworks/NetFS.framework/Versions/A/NetFS
0x00007fff5ae34000 	/System/Library/PrivateFrameworks/NetAuth.framework/Versions/A/NetAuth
0x00007fff677bc000 	/System/Library/PrivateFrameworks/login.framework/Versions/A/Frameworks/loginsupport.framework/Versions/A/loginsupport
0x00007fff640ca000 	/System/Library/PrivateFrameworks/TCC.framework/Versions/A/TCC
0x00007fff4bd34000 	/System/Library/PrivateFrameworks/CoreNLP.framework/Versions/A/CoreNLP
0x00007fff5a331000 	/System/Library/PrivateFrameworks/MetadataUtilities.framework/Versions/A/MetadataUtilities
0x00007fff6ba94000 	/usr/lib/libmecabra.dylib
0x00007fff6b9ec000 	/usr/lib/libmecab.dylib
0x00007fff6b648000 	/usr/lib/libgermantok.dylib
0x00007fff6a90d000 	/usr/lib/libThaiTokenizer.dylib
0x00007fff6a313000 	/usr/lib/libChineseTokenizer.dylib
0x00007fff2f5e4000 	/System/Library/Frameworks/Accelerate.framework/Versions/A/Frameworks/vImage.framework/Versions/A/vImage
0x00007fff30a4e000 	/System/Library/Frameworks/Accelerate.framework/Versions/A/Frameworks/vecLib.framework/Versions/A/vecLib
0x00007fff3098b000 	/System/Library/Frameworks/Accelerate.framework/Versions/A/Frameworks/vecLib.framework/Versions/A/libvMisc.dylib
0x00007fff307b3000 	/System/Library/Frameworks/Accelerate.framework/Versions/A/Frameworks/vecLib.framework/Versions/A/libvDSP.dylib
0x00007fff2fc3b000 	/System/Library/Frameworks/Accelerate.framework/Versions/A/Frameworks/vecLib.framework/Versions/A/libBLAS.dylib
0x00007fff30377000 	/System/Library/Frameworks/Accelerate.framework/Versions/A/Frameworks/vecLib.framework/Versions/A/libLAPACK.dylib
0x00007fff30713000 	/System/Library/Frameworks/Accelerate.framework/Versions/A/Frameworks/vecLib.framework/Versions/A/libLinearAlgebra.dylib
0x00007fff307a0000 	/System/Library/Frameworks/Accelerate.framework/Versions/A/Frameworks/vecLib.framework/Versions/A/libSparseBLAS.dylib
0x00007fff30729000 	/System/Library/Frameworks/Accelerate.framework/Versions/A/Frameworks/vecLib.framework/Versions/A/libQuadrature.dylib
0x00007fff2fea3000 	/System/Library/Frameworks/Accelerate.framework/Versions/A/Frameworks/vecLib.framework/Versions/A/libBNNS.dylib
0x00007fff3072f000 	/System/Library/Frameworks/Accelerate.framework/Versions/A/Frameworks/vecLib.framework/Versions/A/libSparse.dylib
0x00007fff58ea5000 	/System/Library/PrivateFrameworks/LanguageModeling.framework/Versions/A/LanguageModeling
0x00007fff4b6e4000 	/System/Library/PrivateFrameworks/CoreEmoji.framework/Versions/A/CoreEmoji
0x00007fff58fc3000 	/System/Library/PrivateFrameworks/LinguisticData.framework/Versions/A/LinguisticData
0x00007fff58f74000 	/System/Library/PrivateFrameworks/Lexicon.framework/Versions/A/Lexicon
0x00007fff6abcf000 	/usr/lib/libcmph.dylib
0x00007fff3ced5000 	/System/Library/Frameworks/OpenDirectory.framework/Versions/A/Frameworks/CFOpenDirectory.framework/Versions/A/CFOpenDirectory
0x00007fff3cef2000 	/System/Library/Frameworks/OpenDirectory.framework/Versions/A/OpenDirectory
0x00007fff45333000 	/System/Library/PrivateFrameworks/APFS.framework/Versions/A/APFS
0x00007fff405e2000 	/System/Library/Frameworks/SecurityFoundation.framework/Versions/A/SecurityFoundation
0x00007fff6cc95000 	/usr/lib/libutil.dylib
0x00007fff4cc19000 	/System/Library/PrivateFrameworks/CoreServicesStore.framework/Versions/A/CoreServicesStore
0x00007fff40699000 	/System/Library/Frameworks/ServiceManagement.framework/Versions/A/ServiceManagement
0x00007fff488d3000 	/System/Library/PrivateFrameworks/BackgroundTaskManagement.framework/Versions/A/BackgroundTaskManagement
0x00007fff6cd92000 	/usr/lib/libxslt.1.dylib
0x00007fff47776000 	/System/Library/PrivateFrameworks/AppleSystemInfo.framework/Versions/A/AppleSystemInfo
0x00007fff36a8c000 	/System/Library/Frameworks/ImageIO.framework/Versions/A/Resources/libJPEG.dylib
0x00007fff36d4a000 	/System/Library/Frameworks/ImageIO.framework/Versions/A/Resources/libTIFF.dylib
0x00007fff36d2d000 	/System/Library/Frameworks/ImageIO.framework/Versions/A/Resources/libPng.dylib
0x00007fff369ce000 	/System/Library/Frameworks/ImageIO.framework/Versions/A/Resources/libGIF.dylib
0x00007fff369d2000 	/System/Library/Frameworks/ImageIO.framework/Versions/A/Resources/libJP2.dylib
0x00007fff36d48000 	/System/Library/Frameworks/ImageIO.framework/Versions/A/Resources/libRadiance.dylib
0x00007fff6b611000 	/usr/lib/libexpat.1.dylib
0x00007fff4725e000 	/System/Library/PrivateFrameworks/AppleJPEG.framework/Versions/A/AppleJPEG
0x00007fff4ff19000 	/System/Library/PrivateFrameworks/FontServices.framework/libFontParser.dylib
0x00007fff667be000 	/System/Library/PrivateFrameworks/WatchdogClient.framework/Versions/A/WatchdogClient
0x00007fff58500000 	/System/Library/PrivateFrameworks/IOAccelerator.framework/Versions/A/IOAccelerator
0x00007fff39257000 	/System/Library/Frameworks/MetalPerformanceShaders.framework/Versions/A/MetalPerformanceShaders
0x00007fff54c96000 	/System/Library/PrivateFrameworks/GPUWrangler.framework/Versions/A/GPUWrangler
0x00007fff58515000 	/System/Library/PrivateFrameworks/IOPresentment.framework/Versions/A/IOPresentment
0x00007fff4d799000 	/System/Library/PrivateFrameworks/DSExternalDisplay.framework/Versions/A/DSExternalDisplay
0x00007fff3d866000 	/System/Library/Frameworks/OpenGL.framework/Versions/A/Libraries/libCoreFSCache.dylib
0x00007fff38fa3000 	/System/Library/Frameworks/MetalPerformanceShaders.framework/Frameworks/MPSCore.framework/Versions/A/MPSCore
0x00007fff38fe1000 	/System/Library/Frameworks/MetalPerformanceShaders.framework/Frameworks/MPSImage.framework/Versions/A/MPSImage
0x00007fff390a8000 	/System/Library/Frameworks/MetalPerformanceShaders.framework/Frameworks/MPSNeuralNetwork.framework/Versions/A/MPSNeuralNetwork
0x00007fff3906c000 	/System/Library/Frameworks/MetalPerformanceShaders.framework/Frameworks/MPSMatrix.framework/Versions/A/MPSMatrix
0x00007fff39207000 	/System/Library/Frameworks/MetalPerformanceShaders.framework/Frameworks/MPSRayIntersector.framework/Versions/A/MPSRayIntersector
0x00007fff39092000 	/System/Library/Frameworks/MetalPerformanceShaders.framework/Frameworks/MPSNDArray.framework/Versions/A/MPSNDArray
0x00007fff5a37e000 	/System/Library/PrivateFrameworks/MetalTools.framework/Versions/A/MetalTools
0x00007fff4650d000 	/System/Library/PrivateFrameworks/AggregateDictionary.framework/Versions/A/AggregateDictionary
0x00007fff4b12c000 	/System/Library/PrivateFrameworks/CoreAnalytics.framework/Versions/A/CoreAnalytics
0x00007fff47695000 	/System/Library/PrivateFrameworks/AppleSauce.framework/Versions/A/AppleSauce
0x00007fff6a5cf000 	/usr/lib/libIOReport.dylib
0x00007fff35958000 	/System/Library/Frameworks/CoreVideo.framework/Versions/A/CoreVideo
0x00007fff5610f000 	/System/Library/PrivateFrameworks/GraphVisualizer.framework/Versions/A/GraphVisualizer
0x00007fff4f45f000 	/System/Library/PrivateFrameworks/FaceCore.framework/Versions/A/FaceCore
0x00007fff3ce7c000 	/System/Library/Frameworks/OpenCL.framework/Versions/A/OpenCL
0x00007fff6a3f1000 	/usr/lib/libFosl_dynamic.dylib
0x00007fff5b854000 	/System/Library/PrivateFrameworks/OTSVG.framework/Versions/A/OTSVG
0x00007fff31b0d000 	/System/Library/Frameworks/ApplicationServices.framework/Versions/A/Frameworks/ATS.framework/Versions/A/Resources/libFontRegistry.dylib
0x00007fff500ea000 	/System/Library/PrivateFrameworks/FontServices.framework/libhvf.dylib
0x00007fff3d871000 	/System/Library/Frameworks/OpenGL.framework/Versions/A/Libraries/libGFXShared.dylib
0x00007fff3da4f000 	/System/Library/Frameworks/OpenGL.framework/Versions/A/Libraries/libGLU.dylib
0x00007fff3d87a000 	/System/Library/Frameworks/OpenGL.framework/Versions/A/Libraries/libGL.dylib
0x00007fff3d885000 	/System/Library/Frameworks/OpenGL.framework/Versions/A/Libraries/libGLImage.dylib
0x00007fff3d863000 	/System/Library/Frameworks/OpenGL.framework/Versions/A/Libraries/libCVMSPluginSupport.dylib
0x00007fff3d86c000 	/System/Library/Frameworks/OpenGL.framework/Versions/A/Libraries/libCoreVMClient.dylib
0x00007fff6c063000 	/usr/lib/libncurses.5.4.dylib
0x00007fff31a09000 	/System/Library/Frameworks/ApplicationServices.framework/Versions/A/Frameworks/ATS.framework/Versions/A/ATS
0x00007fff31bd6000 	/System/Library/Frameworks/ApplicationServices.framework/Versions/A/Frameworks/ColorSyncLegacy.framework/Versions/A/ColorSyncLegacy
0x00007fff31c74000 	/System/Library/Frameworks/ApplicationServices.framework/Versions/A/Frameworks/HIServices.framework/Versions/A/HIServices
0x00007fff31ccc000 	/System/Library/Frameworks/ApplicationServices.framework/Versions/A/Frameworks/LangAnalysis.framework/Versions/A/LangAnalysis
0x00007fff31cdb000 	/System/Library/Frameworks/ApplicationServices.framework/Versions/A/Frameworks/PrintCore.framework/Versions/A/PrintCore
0x00007fff31d21000 	/System/Library/Frameworks/ApplicationServices.framework/Versions/A/Frameworks/QD.framework/Versions/A/QD
0x00007fff31d2c000 	/System/Library/Frameworks/ApplicationServices.framework/Versions/A/Frameworks/SpeechSynthesis.framework/Versions/A/SpeechSynthesis
0x00007fff31ba6000 	/System/Library/Frameworks/ApplicationServices.framework/Versions/A/Frameworks/ATSUI.framework/Versions/A/ATSUI
0x00007fff6b4a7000 	/usr/lib/libcups.2.dylib
0x00007fff382f2000 	/System/Library/Frameworks/Kerberos.framework/Versions/A/Kerberos
0x00007fff36434000 	/System/Library/Frameworks/GSS.framework/Versions/A/GSS
0x00007fff6c7e6000 	/usr/lib/libresolv.9.dylib
0x00007fff562bc000 	/System/Library/PrivateFrameworks/Heimdal.framework/Versions/A/Heimdal
0x00007fff38305000 	/System/Library/Frameworks/Kerberos.framework/Versions/A/Libraries/libHeimdalProxy.dylib
0x00007fff6b64e000 	/usr/lib/libheimdal-asn1.dylib
0x00007fff4a5c4000 	/System/Library/PrivateFrameworks/CommonAuth.framework/Versions/A/CommonAuth
0x00007fff47813000 	/System/Library/PrivateFrameworks/AssertionServices.framework/Versions/A/AssertionServices
0x00007fff483b6000 	/System/Library/PrivateFrameworks/AudioToolboxCore.framework/Versions/A/AudioToolboxCore
0x00007fff6746c000 	/System/Library/PrivateFrameworks/caulk.framework/Versions/A/caulk
0x00007fff4897f000 	/System/Library/PrivateFrameworks/BaseBoard.framework/Versions/A/BaseBoard
0x00007fff5fab7000 	/System/Library/PrivateFrameworks/RunningBoardServices.framework/Versions/A/RunningBoardServices
0x00007fff5cac8000 	/System/Library/PrivateFrameworks/PersistentConnection.framework/Versions/A/PersistentConnection
0x00007fff5f4b0000 	/System/Library/PrivateFrameworks/ProtocolBuffer.framework/Versions/A/ProtocolBuffer
0x00007fff4a5e8000 	/System/Library/PrivateFrameworks/CommonUtilities.framework/Versions/A/CommonUtilities
0x00007fff48b0d000 	/System/Library/PrivateFrameworks/Bom.framework/Versions/A/Bom
0x00007fff6a2a2000 	/usr/lib/libAudioToolboxUtility.dylib
0x00007fff488dd000 	/System/Library/PrivateFrameworks/Backup.framework/Versions/A/Backup
0x00007fff4d6ba000 	/System/Library/PrivateFrameworks/CrashReporterSupport.framework/Versions/A/CrashReporterSupport
0x00007fff61549000 	/System/Library/PrivateFrameworks/Sharing.framework/Versions/A/Sharing
0x00007fff46e21000 	/System/Library/PrivateFrameworks/Apple80211.framework/Versions/A/Apple80211
0x00007fff485fa000 	/System/Library/PrivateFrameworks/AuthKit.framework/Versions/A/AuthKit
0x00007fff4d3c7000 	/System/Library/PrivateFrameworks/CoreUtils.framework/Versions/A/CoreUtils
0x00007fff3599d000 	/System/Library/Frameworks/CoreWLAN.framework/Versions/A/CoreWLAN
0x00007fff365c1000 	/System/Library/Frameworks/IOBluetooth.framework/Versions/A/IOBluetooth
0x00007fff5a683000 	/System/Library/PrivateFrameworks/MobileKeyBag.framework/Versions/A/MobileKeyBag
0x00007fff4c1cc000 	/System/Library/PrivateFrameworks/CorePhoneNumbers.framework/Versions/A/CorePhoneNumbers
0x00007fff47211000 	/System/Library/PrivateFrameworks/AppleIDAuthSupport.framework/Versions/A/AppleIDAuthSupport
0x00007fff3a2f3000 	/System/Library/Frameworks/Network.framework/Versions/A/Network
0x00007fff58d51000 	/System/Library/PrivateFrameworks/KeychainCircle.framework/Versions/A/KeychainCircle
0x00007fff333ee000 	/System/Library/Frameworks/CoreBluetooth.framework/Versions/A/CoreBluetooth
0x00007fff635c8000 	/System/Library/PrivateFrameworks/SpeechRecognitionCore.framework/Versions/A/SpeechRecognitionCore
0x0000000105e00000 	/Applications/Android Studio.app/Contents/jre/jdk/Contents/Home/jre/lib/server/libjvm.dylib
0x00007fff6cb68000 	/usr/lib/libstdc++.6.dylib
0x0000000105557000 	/Applications/Android Studio.app/Contents/jre/jdk/Contents/Home/jre/lib/libverify.dylib
0x0000000105569000 	/Applications/Android Studio.app/Contents/jre/jdk/Contents/Home/jre/lib/libjava.dylib
0x0000000106cb8000 	/Applications/Android Studio.app/Contents/jre/jdk/Contents/Home/jre/lib/libzip.dylib
0x000000010a0b9000 	/Applications/Android Studio.app/Contents/jre/jdk/Contents/Home/jre/lib/libnio.dylib
0x000000010a0d4000 	/Applications/Android Studio.app/Contents/jre/jdk/Contents/Home/jre/lib/libnet.dylib
0x000000010a63e000 	/Users/soso/.gradle/native/9f2fa17c089eee584f3420100432f77ec4c098959e4bf121a4d6054c26537dfb/osx-amd64/libnative-platform.dylib
0x000000010a987000 	/Applications/Android Studio.app/Contents/jre/jdk/Contents/Home/jre/lib/libmanagement.dylib
0x000000010ab9f000 	/Users/soso/.gradle/native/9f2fa17c089eee584f3420100432f77ec4c098959e4bf121a4d6054c26537dfb/osx-amd64/libnative-platform-file-events.dylib

VM Arguments:
jvm_args: -Xmx2048m -Dfile.encoding=UTF-8 -Duser.country=FR -Duser.language=fr -Duser.variant 
java_command: org.gradle.launcher.daemon.bootstrap.GradleDaemon 6.6-rc-3
java_class_path (initial): /Users/soso/.gradle/wrapper/dists/gradle-6.6-rc-3-all/6ukb1n1ggnj6c428kebua5eks/gradle-6.6-rc-3/lib/gradle-launcher-6.6.jar
Launcher Type: SUN_STANDARD

Environment Variables:
PATH=/usr/local/bin:/usr/bin:/bin:/usr/sbin:/sbin
SHELL=/bin/zsh

Signal Handlers:
SIGSEGV: [libjvm.dylib+0x565c43], sa_mask[0]=11111111011111110111111111111111, sa_flags=SA_ONSTACK|SA_RESTART|SA_SIGINFO
SIGBUS: [libjvm.dylib+0x565c43], sa_mask[0]=11111111011111110111111111111111, sa_flags=SA_RESTART|SA_SIGINFO
SIGFPE: [libjvm.dylib+0x45dd9d], sa_mask[0]=11111111011111110111111111111111, sa_flags=SA_RESTART|SA_SIGINFO
SIGPIPE: [libjvm.dylib+0x45dd9d], sa_mask[0]=11111111011111110111111111111111, sa_flags=SA_RESTART|SA_SIGINFO
SIGXFSZ: [libjvm.dylib+0x45dd9d], sa_mask[0]=11111111011111110111111111111111, sa_flags=SA_RESTART|SA_SIGINFO
SIGILL: [libjvm.dylib+0x45dd9d], sa_mask[0]=11111111011111110111111111111111, sa_flags=SA_RESTART|SA_SIGINFO
SIGUSR1: SIG_DFL, sa_mask[0]=00000000000000000000000000000000, sa_flags=none
SIGUSR2: [libjvm.dylib+0x45e69c], sa_mask[0]=00100000000000000000000000000000, sa_flags=SA_RESTART|SA_SIGINFO
SIGHUP: [libjvm.dylib+0x45c8c1], sa_mask[0]=11111111011111110111111111111111, sa_flags=SA_RESTART|SA_SIGINFO
SIGINT: [libjvm.dylib+0x45c8c1], sa_mask[0]=11111111011111110111111111111111, sa_flags=SA_RESTART|SA_SIGINFO
SIGTERM: [libjvm.dylib+0x45c8c1], sa_mask[0]=11111111011111110111111111111111, sa_flags=SA_RESTART|SA_SIGINFO
SIGQUIT: [libjvm.dylib+0x45c8c1], sa_mask[0]=11111111011111110111111111111111, sa_flags=SA_RESTART|SA_SIGINFO


---------------  S Y S T E M  ---------------

OS:Bsduname:Darwin 19.6.0 Darwin Kernel Version 19.6.0: Sun Jul  5 00:43:10 PDT 2020; root:xnu-6153.141.1~9/RELEASE_X86_64 x86_64
rlimit: STACK 8192k, CORE 0k, NPROC 1392, NOFILE 10240, AS infinity
load average:5.62 4.23 3.72

CPU:total 4 (initial active 4) (2 cores per cpu, 2 threads per core) family 6 model 61 stepping 4, cmov, cx8, fxsr, mmx, sse, sse2, sse3, ssse3, sse4.1, sse4.2, popcnt, avx, avx2, aes, clmul, erms, 3dnowpref, lzcnt, ht, tsc, tscinvbit, bmi1, bmi2, adx

Memory: 4k page, physical 8388608k(155260k free)

/proc/meminfo:


vm_info: OpenJDK 64-Bit Server VM (25.242-b3-6222593) for bsd-amd64 JRE (1.8.0_242-release-1644-b3-6222593), built by "android-build" with gcc 4.2.1 Compatible Android (5484270 based on r353983c) Clang 9.0.3 (https://android.googlesource.com/toolchain/clang 745b335211bb9eadfa6aa6301f84715cee4b37c5) (https://android.googlesource.com/toolchain/llvm 60cf23e54e46c807513f7a36d0a7b777920b5881)

time: Thu Sep 17 00:32:29 2020
timezone: CEST
elapsed time: 12 seconds (0d 0h 0m 12s)

