#
# A fatal error has been detected by the Java Runtime Environment:
#
#  SIGBUS (0xa) at pc=0x00007fff6da90929, pid=15191, tid=0x0000000000001f03
#
# JRE version: OpenJDK Runtime Environment (8.0_242) (build 1.8.0_242-release-1644-b3-6222593)
# Java VM: OpenJDK 64-Bit Server VM (25.242-b3-6222593 mixed mode bsd-amd64 compressed oops)
# Problematic frame:
# C  [libsystem_platform.dylib+0x929]  _platform_memmove$VARIANT$Haswell+0x29
#
# Failed to write core dump. Core dumps have been disabled. To enable core dumping, try "ulimit -c unlimited" before starting Java again
#
# If you would like to submit a bug report, please visit:
#   http://bugreport.java.com/bugreport/crash.jsp
#

---------------  T H R E A D  ---------------

Current thread (0x00007fee3d013000):  GCTaskThread [stack: 0x0000700006f3a000,0x000070000703a000] [id=7939]

siginfo: si_signo: 10 (SIGBUS), si_code: 2 (BUS_ADRERR), si_addr: 0x00000007b5280000

Registers:
RAX=0x00000007494f9178, RBX=0x00000007494f9178, RCX=0x000000002645f058, RDX=0x00000000305c8a80
RSP=0x0000700007039c90, RBP=0x0000700007039c90, RSI=0x00000007b5280000, RDI=0x0000000753662ba0
R8 =0x00000001100268a0, R9 =0x00000000060b9150, R10=0x00007fee3ce04aa8, R11=0xffffffff9e3e2ba0
R12=0x00000000494f9101, R13=0x000000000000000d, R14=0x00007fee3d80db80, R15=0x00000007ab1165d8
RIP=0x00007fff6da90929, EFLAGS=0x0000000000010202, ERR=0x0000000000000004
  TRAPNO=0x000000000000000e

Top of Stack: (sp=0x0000700007039c90)
0x0000700007039c90:   0000700007039d10 000000010fc9ca27
0x0000700007039ca0:   0000700007039d28 00000007b2015de8
0x0000700007039cb0:   0000000000001000 0000000000000016
0x0000700007039cc0:   000000000002b201 00000007ab0cfada
0x0000700007039cd0:   0000700007039d60 0000000000000015
0x0000700007039ce0:   00000000060b9150 00000007b2019555
0x0000700007039cf0:   0000000110021ffb 00007fee3d80db80
0x0000700007039d00:   00000007b2019554 00000001100112c8
0x0000700007039d10:   0000700007039d40 000000010fc99f8a
0x0000700007039d20:   00000007b2019555 00000001100268a0
0x0000700007039d30:   00007fee3d80dbe0 00007fee3d80dc18
0x0000700007039d40:   0000700007039da0 000000010fc99e19
0x0000700007039d50:   0000700007039da0 000000010faa7db4
0x0000700007039d60:   00000007c1209758 00000007b2019555
0x0000700007039d70:   0000000746354704 0000000000000240
0x0000700007039d80:   0000000746354800 0000000110aa9b01
0x0000700007039d90:   0000000746354928 0000000110aa9aa4
0x0000700007039da0:   0000700007039e50 000000010f93d1bd
0x0000700007039db0:   0000000000000000 0000000110aa9b00
0x0000700007039dc0:   0000000110aa9a81 0000000110aa9b00
0x0000700007039dd0:   0000000110aa9a00 0000000000000200
0x0000700007039de0:   0000000110ac27c8 00000007494f9178
0x0000700007039df0:   0000000000000080 00007fee3d80db80
0x0000700007039e00:   00000007463500b0 0000000746360008
0x0000700007039e10:   0000000110ac27c9 00007fee3cc09e20
0x0000700007039e20:   00007fee3cc0a0a0 00007fee3cc0db70
0x0000700007039e30:   00007fee3cc0db70 000000010fdcf89a
0x0000700007039e40:   00007fee3d80db80 0000000000000001
0x0000700007039e50:   0000700007039e80 000000010fc9d56d
0x0000700007039e60:   00007fee00000004 00007fee40e3f1e0
0x0000700007039e70:   00007fee3d013000 0000000000000000
0x0000700007039e80:   0000700007039f60 000000010fa5a011 

Instructions: (pc=0x00007fff6da90929)
0x00007fff6da90909:   f3 48 89 f8 49 39 d3 72 1b 48 83 fa 60 76 2f 48
0x00007fff6da90919:   81 fa 00 40 00 00 0f 82 cb 00 00 00 48 89 d1 fc
0x00007fff6da90929:   f3 a4 5d c3 48 39 fe 74 f9 48 01 d6 48 01 d7 48
0x00007fff6da90939:   83 fa 60 0f 82 8c 01 00 00 e9 a9 01 00 00 48 83 

Register to memory mapping:

RAX=0x00000007494f9178 is an oop
