#
# A fatal error has been detected by the Java Runtime Environment:
#
#  SIGSEGV (0xb) at pc=0x000000010700aab3, pid=684, tid=0x000000000000ab6b
#
# JRE version: OpenJDK Runtime Environment (8.0_242) (build 1.8.0_242-release-1644-b3-6222593)
# Java VM: OpenJDK 64-Bit Server VM (25.242-b3-6222593 mixed mode bsd-amd64 compressed oops)
# Problematic frame:
# J 17819 C1 com.android.tools.r8.dex.P$g$$Lambda$1030.accept(Ljava/lang/Object;)V (12 bytes) @ 0x000000010700aab3 [0x000000010700aa40+0x73]
#
# Failed to write core dump. Core dumps have been disabled. To enable core dumping, try "ulimit -c unlimited" before starting Java again
#
# If you would like to submit a bug report, please visit:
#   http://bugreport.java.com/bugreport/crash.jsp
#

---------------  T H R E A D  ---------------

Current thread (0x00007fed1067a000):  JavaThread "WorkerExecutor Queue Thread 5" [_thread_in_Java, id=43883, stack(0x000070000eff0000,0x000070000f0f0000)]

siginfo: si_signo: 11 (SIGSEGV), si_code: 1 (SEGV_MAPERR), si_addr: 0x0000000800000000

Registers:
RAX=0x0000000123d9af70, RBX=0x00000007c0e17fe8, RCX=0x00000007aa742c60, RDX=0x00000007fffffff8
RSP=0x000070000f0ee570, RBP=0x000070000f0ee610, RSI=0x00000007aa742c50, RDI=0x0000000123d9af70
R8 =0x0000000000001e3f, R9 =0x0000000000000005, R10=0x0000000104d90ad0, R11=0x000000010700aa60
R12=0x0000000000000000, R13=0x000070000f0ee5c0, R14=0x00000007c0e8fc28, R15=0x00007fed1067a000
RIP=0x000000010700aab3, EFLAGS=0x0000000000010202, ERR=0x0000000000000004
  TRAPNO=0x000000000000000e

Top of Stack: (sp=0x000070000f0ee570)
0x000070000f0ee570:   000070000f0ee570 0000000123d9af60
0x000070000f0ee580:   000070000f0ee5c8 00000001238c5428
0x000070000f0ee590:   00000001238c5670 0000000123d9af70
0x000070000f0ee5a0:   000070000f0ee610 000000010541e042
0x000070000f0ee5b0:   000070000f0ee610 000000010541e042
0x000070000f0ee5c0:   00000007fffffff8 00000007aa742c60
0x000070000f0ee5d0:   000070000f0ee5d0 0000000118f8481e
0x000070000f0ee5e0:   000070000f0ee638 0000000118f8be70
0x000070000f0ee5f0:   0000000121988990 0000000118f84838
0x000070000f0ee600:   000070000f0ee5c0 000070000f0ee640
0x000070000f0ee610:   00000007aa676bc8 000000011029e6a4
0x000070000f0ee620:   00000007fffffff8 00000007aa742c80
0x000070000f0ee630:   00000007aa742c60 0000000000000000
0x000070000f0ee640:   00000007aa676a28 00000007c0e8fc28
0x000070000f0ee650:   0000000700000001 000070000f0ee6a0
0x000070000f0ee660:   00000007a46af3f0 000000010e909294
0x000070000f0ee670:   f497d62c00000005 0000000000000007
0x000070000f0ee680:   00000007aa676a28 00000006f48d5e7e
0x000070000f0ee690:   f48d5e2cf54ced45 00000007a46af3f0
0x000070000f0ee6a0:   00000007a4beb160 00000007c0e4be48
0x000070000f0ee6b0:   00000007a46af3b0 00000007a46aebf0
0x000070000f0ee6c0:   00000007aa7273f8 0000000200000007
0x000070000f0ee6d0:   0000000124233490 00000007aa6902c8
0x000070000f0ee6e0:   000070000f0ee6f8 000070000f0ee740
0x000070000f0ee6f0:   000000010541de54 00000007aa676cb8
0x000070000f0ee700:   0000021fc0001610 00000007a4bf0dc0
0x000070000f0ee710:   000070000f0ee798 000000010a528e60
0x000070000f0ee720:   000070000f0ee798 000000010541de54
0x000070000f0ee730:   000070000f0ee798 000000010541dffd
0x000070000f0ee740:   000000010541dffd 00000007aa675ed8
0x000070000f0ee750:   00000007a83b8570 000070000f0ee758
0x000070000f0ee760:   00000001242305cf 000070000f0ee800 

Instructions: (pc=0x000000010700aab3)
0x000000010700aa93:   84 48 00 00 00 8b 76 0c 48 c1 e6 03 48 83 fa 00
0x000000010700aaa3:   0f 84 20 00 00 00 48 bb e8 7f e1 c0 07 00 00 00
0x000000010700aab3:   8b 42 08 48 c1 e0 03 48 3b 58 30 0f 85 30 00 00
0x000000010700aac3:   00 e9 00 00 00 00 90 90 90 90 90 90 e8 8c 17 45 

Register to memory mapping:

RAX={method} {0x0000000123d9af70} 'accept' '(Ljava/lang/Object;)V' in 'com/android/tools/r8/dex/P$g$$Lambda$1030'
RBX=0x00000007c0e17fe8 is pointing into metadata
RCX=0x00000007aa742c60 is an oop
com.android.tools.r8.dex.P$g$$Lambda$1030/1601811085 
 - klass: 'com/android/tools/r8/dex/P$g$$Lambda$1030'
RDX=0x00000007fffffff8 is an unknown value
RSP=0x000070000f0ee570 is pointing into the stack for thread: 0x00007fed1067a000
RBP=0x000070000f0ee610 is pointing into the stack for thread: 0x00007fed1067a000
RSI=0x00000007aa742c50 is an oop
com.android.tools.r8.dex.P$g$$Lambda$1035/85100820 
 - klass: 'com/android/tools/r8/dex/P$g$$Lambda$1035'
RDI={method} {0x0000000123d9af70} 'accept' '(Ljava/lang/Object;)V' in 'com/android/tools/r8/dex/P$g$$Lambda$1030'
R8 =0x0000000000001e3f is an unknown value
R9 =0x0000000000000005 is an unknown value
R10=0x0000000104d90ad0: _ZN19TemplateInterpreter29_invokeinterface_return_entryE+0 in /Applications/Android Studio.app/Contents/jre/jdk/Contents/Home/jre/lib/server/libjvm.dylib at 0x000000010455e000
R11=0x000000010700aa60 is at entry_point+32 in (nmethod*)0x000000010700a8d0
R12=0x0000000000000000 is an unknown value
R13=0x000070000f0ee5c0 is pointing into the stack for thread: 0x00007fed1067a000
R14=0x00000007c0e8fc28 is pointing into metadata
R15=0x00007fed1067a000 is a thread


Stack: [0x000070000eff0000,0x000070000f0f0000],  sp=0x000070000f0ee570,  free space=1017k
Native frames: (J=compiled Java code, j=interpreted, Vv=VM code, C=native code)
J 17819 C1 com.android.tools.r8.dex.P$g$$Lambda$1030.accept(Ljava/lang/Object;)V (12 bytes) @ 0x000000010700aab3 [0x000000010700aa40+0x73]
j  java.lang.Iterable.forEach(Ljava/util/function/Consumer;)V+30
J 74543 C2 com.android.tools.r8.dex.P$g.b()V (190 bytes) @ 0x000000011029e6a4 [0x000000011029dca0+0xa04]
J 81392 C2 com.android.tools.r8.dex.P.c()V (8 bytes) @ 0x000000010a528e60 [0x000000010a528e20+0x40]
j  com.android.tools.r8.dex.P$i.a()Ljava/util/Map;+191
j  com.android.tools.r8.dex.P$e.a()Ljava/util/Collection;+628
j  com.android.tools.r8.dex.b.a(Ljava/util/concurrent/ExecutorService;)Ljava/lang/Iterable;+120
j  com.android.tools.r8.dex.b.b(Ljava/util/concurrent/ExecutorService;)V+215
J 78272 C2 com.android.tools.r8.D8.d(Lcom/android/tools/r8/utils/e;Lcom/android/tools/r8/utils/g0;Ljava/util/concurrent/ExecutorService;)V (527 bytes) @ 0x0000000110765370 [0x0000000110763ae0+0x1890]
j  com.android.tools.r8.D8.b(Lcom/android/tools/r8/utils/e;Lcom/android/tools/r8/utils/g0;Ljava/util/concurrent/ExecutorService;)V+3
j  com.android.tools.r8.D8$$Lambda$962.run()V+12
j  com.android.tools.r8.utils.W.a(Lcom/android/tools/r8/utils/O0;Lcom/android/tools/r8/utils/W$a;)V+2
j  com.android.tools.r8.D8.run(Lcom/android/tools/r8/D8Command;Ljava/util/concurrent/ExecutorService;)V+22
j  com.android.builder.dexing.D8DexArchiveMerger.mergeDexArchives(Ljava/util/Iterator;Ljava/nio/file/Path;Ljava/nio/file/Path;Lcom/android/builder/dexing/DexingType;)V+432
j  com.android.build.gradle.internal.transforms.DexMergerTransformCallable.call()Ljava/lang/Void;+175
j  com.android.build.gradle.internal.tasks.DexMergingTaskRunnable.run()V+736
J 30159 C1 com.android.build.gradle.internal.tasks.Workers$ActionFacade.run()V (175 bytes) @ 0x00000001099cb31c [0x00000001099cb020+0x2fc]
J 63202 C1 org.gradle.workers.internal.AdapterWorkAction.execute()V (179 bytes) @ 0x000000010e7b6794 [0x000000010e7b6320+0x474]
J 58233 C1 org.gradle.workers.internal.DefaultWorkerServer.execute(Lorg/gradle/workers/internal/SimpleActionExecutionSpec;)Lorg/gradle/workers/internal/DefaultWorkResult; (167 bytes) @ 0x000000010d5c0974 [0x000000010d5bfb20+0xe54]
J 70458 C1 org.gradle.workers.internal.NoIsolationWorkerFactory$1$1.create()Ljava/lang/Object; (5 bytes) @ 0x000000010c38511c [0x000000010c385020+0xfc]
J 70457 C1 org.gradle.internal.classloader.ClassLoaderUtils.executeInClassloader(Ljava/lang/ClassLoader;Lorg/gradle/internal/Factory;)Ljava/lang/Object; (42 bytes) @ 0x000000010cb67fb4 [0x000000010cb67ca0+0x314]
J 74769 C1 org.gradle.workers.internal.NoIsolationWorkerFactory$1.lambda$execute$0(Ljava/lang/ClassLoader;Lorg/gradle/workers/WorkerExecutor;Lorg/gradle/workers/internal/IsolatedParametersActionExecutionSpec;)Lorg/gradle/workers/internal/DefaultWorkResult; (41 bytes) @ 0x0000000107df714c [0x0000000107df6fc0+0x18c]
J 70420 C1 org.gradle.workers.internal.AbstractWorker$1.call(Lorg/gradle/internal/operations/BuildOperationContext;)Ljava/lang/Object; (6 bytes) @ 0x000000010f097b34 [0x000000010f0979c0+0x174]
J 35382 C2 org.gradle.internal.operations.DefaultBuildOperationExecutor$1.execute(Lorg/gradle/internal/operations/BuildOperationDescriptor;Lorg/gradle/internal/operations/DefaultBuildOperationExecutor$DefaultBuildOperationContext;Lorg/gradle/internal/operations/DefaultBuildOperationExecutor$BuildOperationExecutionListener;)Lorg/gradle/internal/operations/BuildOperation; (82 bytes) @ 0x000000010a2ee5a8 [0x000000010a2ee4e0+0xc8]
J 35421 C2 org.gradle.internal.operations.DefaultBuildOperationExecutor.execute(Lorg/gradle/internal/operations/BuildOperationDescriptor$Builder;Lorg/gradle/internal/operations/DefaultBuildOperationExecutor$BuildOperationState;Lorg/gradle/internal/operations/DefaultBuildOperationExecutor$BuildOperationExecution;)Lorg/gradle/internal/operations/BuildOperation; (111 bytes) @ 0x000000010a1feee4 [0x000000010a1fe900+0x5e4]
J 30511 C2 org.gradle.internal.operations.DelegatingBuildOperationExecutor.call(Lorg/gradle/internal/operations/CallableBuildOperation;)Ljava/lang/Object; (11 bytes) @ 0x0000000109a94b38 [0x0000000109a94940+0x1f8]
j  org.gradle.workers.internal.AbstractWorker.executeWrappedInBuildOperation(Lorg/gradle/workers/internal/IsolatedParametersActionExecutionSpec;Lorg/gradle/internal/operations/BuildOperationRef;Lorg/gradle/workers/internal/AbstractWorker$Work;)Lorg/gradle/workers/internal/DefaultWorkResult;+15
j  org.gradle.workers.internal.NoIsolationWorkerFactory$1.execute(Lorg/gradle/workers/internal/IsolatedParametersActionExecutionSpec;Lorg/gradle/internal/operations/BuildOperationRef;)Lorg/gradle/workers/internal/DefaultWorkResult;+17
J 70419 C1 org.gradle.workers.internal.DefaultWorkerExecutor$$Lambda$838.call()Ljava/lang/Object; (20 bytes) @ 0x0000000106cf6264 [0x0000000106cf6040+0x224]
J 79307 C2 java.util.concurrent.FutureTask.run()V (126 bytes) @ 0x0000000110c03e54 [0x0000000110c03da0+0xb4]
J 63199 C1 org.gradle.internal.work.DefaultConditionalExecutionQueue$ExecutionRunner.runExecution(Lorg/gradle/internal/work/ConditionalExecution;)V (88 bytes) @ 0x000000010e7b4e14 [0x000000010e7b4d60+0xb4]
j  org.gradle.internal.work.DefaultConditionalExecutionQueue$ExecutionRunner.runBatch(Lorg/gradle/internal/work/ConditionalExecution;)V+8
j  org.gradle.internal.work.DefaultConditionalExecutionQueue$ExecutionRunner.run()V+11
J 44617 C2 java.util.concurrent.Executors$RunnableAdapter.call()Ljava/lang/Object; (14 bytes) @ 0x0000000105af262c [0x0000000105af2520+0x10c]
J 79307 C2 java.util.concurrent.FutureTask.run()V (126 bytes) @ 0x0000000110c03e54 [0x0000000110c03da0+0xb4]
J 39266 C2 java.util.concurrent.ThreadPoolExecutor.runWorker(Ljava/util/concurrent/ThreadPoolExecutor$Worker;)V (225 bytes) @ 0x0000000109514810 [0x00000001095145c0+0x250]
J 65543 C2 java.lang.Thread.run()V (17 bytes) @ 0x0000000105786408 [0x0000000105786380+0x88]
v  ~StubRoutines::call_stub
V  [libjvm.dylib+0x2cc647]  JavaCalls::call_helper(JavaValue*, methodHandle*, JavaCallArguments*, Thread*)+0x69b
V  [libjvm.dylib+0x2cb4a2]  JavaCalls::call_virtual(JavaValue*, KlassHandle, Symbol*, Symbol*, JavaCallArguments*, Thread*)+0x14a
V  [libjvm.dylib+0x2cb680]  JavaCalls::call_virtual(JavaValue*, Handle, KlassHandle, Symbol*, Symbol*, Thread*)+0x54
V  [libjvm.dylib+0x31bcc4]  thread_entry(JavaThread*, Thread*)+0x78
V  [libjvm.dylib+0x527e84]  JavaThread::thread_main_inner()+0x82
V  [libjvm.dylib+0x527d49]  JavaThread::run()+0x199
V  [libjvm.dylib+0x45b9eb]  java_start(Thread*)+0xfa
C  [libsystem_pthread.dylib+0x6109]  _pthread_start+0x94
C  [libsystem_pthread.dylib+0x1b8b]  thread_start+0xf
C  0x0000000000000000


---------------  P R O C E S S  ---------------

Java Threads: ( => current thread )
  0x00007fed149d4800 JavaThread "ForkJoinPool-138-worker-0" daemon [_thread_blocked, id=121619, stack(0x000070000f705000,0x000070000f805000)]
  0x00007fed103be800 JavaThread "ForkJoinPool-138-worker-3" daemon [_thread_blocked, id=121871, stack(0x000070000f602000,0x000070000f702000)]
  0x00007fed17bc1000 JavaThread "ForkJoinPool-138-worker-2" daemon [_thread_blocked, id=121359, stack(0x000070000f4ff000,0x000070000f5ff000)]
  0x00007fed13669000 JavaThread "ForkJoinPool-138-worker-1" daemon [_thread_blocked, id=38723, stack(0x000070000f3fc000,0x000070000f4fc000)]
  0x00007fed180ef000 JavaThread "ForkJoinPool.commonPool-worker-2" daemon [_thread_blocked, id=60683, stack(0x000070000f2f9000,0x000070000f3f9000)]
  0x00007fed1092b800 JavaThread "ForkJoinPool.commonPool-worker-1" daemon [_thread_blocked, id=94995, stack(0x000070000f1f6000,0x000070000f2f6000)]
  0x00007fed1b69b800 JavaThread "ForkJoinPool.commonPool-worker-0" daemon [_thread_blocked, id=39243, stack(0x000070000f0f3000,0x000070000f1f3000)]
=>0x00007fed1067a000 JavaThread "WorkerExecutor Queue Thread 5" [_thread_in_Java, id=43883, stack(0x000070000eff0000,0x000070000f0f0000)]
  0x00007fed14a6b800 JavaThread "stdout" [_thread_in_native, id=35243, stack(0x000070000eeed000,0x000070000efed000)]
  0x00007fed1e1b0000 JavaThread "stderr" [_thread_in_native, id=125955, stack(0x000070000edea000,0x000070000eeea000)]
  0x00007fed1e1af000 JavaThread "process reaper" daemon [_thread_in_native, id=48307, stack(0x000070000449d000,0x00007000044c5000)]
  0x00007fed1e704800 JavaThread "stdout" [_thread_in_native, id=19443, stack(0x000070000ece7000,0x000070000ede7000)]
  0x00007fed1e703800 JavaThread "stderr" [_thread_in_native, id=42523, stack(0x000070000ebe4000,0x000070000ece4000)]
  0x00007fed1d7d3000 JavaThread "process reaper" daemon [_thread_in_native, id=77563, stack(0x0000700004445000,0x000070000446d000)]
  0x00007fed18230800 JavaThread "stdout" [_thread_in_native, id=96595, stack(0x000070000eae1000,0x000070000ebe1000)]
  0x00007fed13d07000 JavaThread "stderr" [_thread_in_native, id=57647, stack(0x000070000e9de000,0x000070000eade000)]
  0x00007fed14823000 JavaThread "process reaper" daemon [_thread_in_native, id=22607, stack(0x000070000441a000,0x0000700004442000)]
  0x00007fed14822800 JavaThread "stdout" [_thread_in_native, id=53611, stack(0x000070000e8db000,0x000070000e9db000)]
  0x00007fed1b6a5000 JavaThread "stderr" [_thread_in_native, id=15899, stack(0x000070000e7d8000,0x000070000e8d8000)]
  0x00007fed13787000 JavaThread "process reaper" daemon [_thread_in_native, id=57383, stack(0x00007000043ef000,0x0000700004417000)]
  0x00007fed1e565800 JavaThread "pool-354-thread-1" [_thread_blocked, id=46931, stack(0x000070000e6d5000,0x000070000e7d5000)]
  0x00007fed1e3a5000 JavaThread "WorkerExecutor Queue Thread 4" [_thread_blocked, id=95319, stack(0x000070000e5d2000,0x000070000e6d2000)]
  0x00007fed10dbc800 JavaThread "WorkerExecutor Queue Thread 3" [_thread_blocked, id=84483, stack(0x000070000e2c9000,0x000070000e3c9000)]
  0x00007fed14f4e800 JavaThread "WorkerExecutor Queue Thread 2" [_thread_blocked, id=76419, stack(0x000070000e1c6000,0x000070000e2c6000)]
  0x00007fed13423000 JavaThread "WorkerExecutor Queue" [_thread_blocked, id=61535, stack(0x000070000debd000,0x000070000dfbd000)]
  0x00007fed18074000 JavaThread "Cache worker for execution history cache (/Users/soso/AndroidStudioProjects/RealEstateManager/.gradle/6.6-rc-3/executionHistory)" [_thread_blocked, id=72979, stack(0x000070000db34000,0x000070000dc34000)]
  0x00007fed1b6e8000 JavaThread "Execution worker for ':' Thread 3" [_thread_blocked, id=55875, stack(0x000070000da31000,0x000070000db31000)]
  0x00007fed11d11800 JavaThread "Execution worker for ':' Thread 2" [_thread_blocked, id=61239, stack(0x000070000d92e000,0x000070000da2e000)]
  0x00007fed10e0b000 JavaThread "Execution worker for ':'" [_thread_blocked, id=59487, stack(0x000070000d82b000,0x000070000d92b000)]
  0x00007fed14842800 JavaThread "Cache worker for file content cache (/Users/soso/AndroidStudioProjects/RealEstateManager/.gradle/6.6-rc-3/fileContent)" [_thread_blocked, id=54635, stack(0x0000700004e10000,0x0000700004f10000)]
  0x00007fed18250000 JavaThread "jar transforms Thread 14629" [_thread_blocked, id=87931, stack(0x000070000d728000,0x000070000d828000)]
  0x00007fed0fd31800 JavaThread "jar transforms Thread 14628" [_thread_blocked, id=47491, stack(0x000070000d5a2000,0x000070000d6a2000)]
  0x00007fed10f25800 JavaThread "jar transforms Thread 14627" [_thread_blocked, id=71019, stack(0x000070000d49f000,0x000070000d59f000)]
  0x00007fed10f25000 JavaThread "jar transforms Thread 14626" [_thread_blocked, id=26923, stack(0x000070000d39c000,0x000070000d49c000)]
  0x00007fed0f8e2800 JavaThread "jar transforms Thread 14625" [_thread_blocked, id=72695, stack(0x000070000d196000,0x000070000d296000)]
  0x00007fed0f8e1800 JavaThread "jar transforms Thread 14624" [_thread_blocked, id=55699, stack(0x000070000d093000,0x000070000d193000)]
  0x00007fed17c3e000 JavaThread "jar transforms Thread 14623" [_thread_blocked, id=36935, stack(0x000070000cf90000,0x000070000d090000)]
  0x00007fed17c3d000 JavaThread "jar transforms Thread 14622" [_thread_blocked, id=25371, stack(0x000070000ce8d000,0x000070000cf8d000)]
  0x00007fed1088f000 JavaThread "jar transforms Thread 14621" [_thread_blocked, id=35731, stack(0x000070000cd8a000,0x000070000ce8a000)]
  0x00007fed1088e800 JavaThread "jar transforms Thread 14620" [_thread_blocked, id=65911, stack(0x000070000cc87000,0x000070000cd87000)]
  0x00007fed11ff2800 JavaThread "jar transforms Thread 14619" [_thread_blocked, id=63151, stack(0x000070000cb84000,0x000070000cc84000)]
  0x00007fed11ff1800 JavaThread "jar transforms Thread 14618" [_thread_blocked, id=31559, stack(0x000070000ca81000,0x000070000cb81000)]
  0x00007fed17cef000 JavaThread "jar transforms Thread 14617" [_thread_blocked, id=36399, stack(0x000070000c97e000,0x000070000ca7e000)]
  0x00007fed17fe9800 JavaThread "jar transforms Thread 14616" [_thread_blocked, id=69483, stack(0x000070000c87b000,0x000070000c97b000)]
  0x00007fed0fbdd800 JavaThread "jar transforms Thread 14615" [_thread_blocked, id=123955, stack(0x000070000c778000,0x000070000c878000)]
  0x00007fed17ca5000 JavaThread "jar transforms Thread 14614" [_thread_blocked, id=15627, stack(0x000070000c675000,0x000070000c775000)]
  0x00007fed10ce4000 JavaThread "jar transforms Thread 14613" [_thread_blocked, id=127863, stack(0x000070000c572000,0x000070000c672000)]
  0x00007fed1197d800 JavaThread "jar transforms Thread 14612" [_thread_blocked, id=65451, stack(0x000070000c46f000,0x000070000c56f000)]
  0x00007fed11c50800 JavaThread "jar transforms Thread 14611" [_thread_blocked, id=85119, stack(0x000070000c36c000,0x000070000c46c000)]
  0x00007fed13350800 JavaThread "jar transforms Thread 14610" [_thread_blocked, id=91015, stack(0x000070000c269000,0x000070000c369000)]
  0x00007fed13479000 JavaThread "jar transforms Thread 14609" [_thread_blocked, id=76803, stack(0x000070000c166000,0x000070000c266000)]
  0x00007fed13478800 JavaThread "jar transforms Thread 14608" [_thread_blocked, id=124435, stack(0x000070000c063000,0x000070000c163000)]
  0x00007fed18404800 JavaThread "jar transforms Thread 14607" [_thread_blocked, id=78963, stack(0x000070000bf60000,0x000070000c060000)]
  0x00007fed105f5000 JavaThread "jar transforms Thread 14606" [_thread_blocked, id=56895, stack(0x000070000be5d000,0x000070000bf5d000)]
  0x00007fed1780f800 JavaThread "jar transforms Thread 14605" [_thread_blocked, id=21771, stack(0x000070000bd5a000,0x000070000be5a000)]
  0x00007fed17cff800 JavaThread "jar transforms Thread 14604" [_thread_blocked, id=36119, stack(0x000070000bc57000,0x000070000bd57000)]
  0x00007fed13b72800 JavaThread "jar transforms Thread 14603" [_thread_blocked, id=20287, stack(0x000070000bb54000,0x000070000bc54000)]
  0x00007fed119e0800 JavaThread "jar transforms Thread 14602" [_thread_blocked, id=91515, stack(0x000070000ba51000,0x000070000bb51000)]
  0x00007fed0fe1e000 JavaThread "jar transforms Thread 14601" [_thread_blocked, id=26235, stack(0x000070000b94e000,0x000070000ba4e000)]
  0x00007fed10f53800 JavaThread "jar transforms Thread 14600" [_thread_blocked, id=92403, stack(0x000070000b84b000,0x000070000b94b000)]
  0x00007fed0f87a000 JavaThread "jar transforms Thread 14599" [_thread_blocked, id=130075, stack(0x000070000b748000,0x000070000b848000)]
  0x00007fed0ff49800 JavaThread "jar transforms Thread 14598" [_thread_blocked, id=88947, stack(0x000070000b645000,0x000070000b745000)]
  0x00007fed138cc800 JavaThread "jar transforms Thread 14597" [_thread_blocked, id=76135, stack(0x000070000b542000,0x000070000b642000)]
  0x00007fed11e1a000 JavaThread "jar transforms Thread 14596" [_thread_blocked, id=30495, stack(0x000070000b43f000,0x000070000b53f000)]
  0x00007fed17811000 JavaThread "jar transforms Thread 14595" [_thread_blocked, id=43495, stack(0x000070000b33c000,0x000070000b43c000)]
  0x00007fed17950800 JavaThread "jar transforms Thread 14594" [_thread_blocked, id=70203, stack(0x000070000b239000,0x000070000b339000)]
  0x00007fed179ec000 JavaThread "jar transforms Thread 14593" [_thread_blocked, id=70875, stack(0x000070000b136000,0x000070000b236000)]
  0x00007fed17a5b800 JavaThread "jar transforms Thread 14592" [_thread_blocked, id=65699, stack(0x000070000b033000,0x000070000b133000)]
  0x00007fed17a82000 JavaThread "jar transforms Thread 14591" [_thread_blocked, id=34203, stack(0x000070000af30000,0x000070000b030000)]
  0x00007fed17be2800 JavaThread "jar transforms Thread 14590" [_thread_blocked, id=37903, stack(0x000070000ae2d000,0x000070000af2d000)]
  0x00007fed17c09800 JavaThread "jar transforms Thread 14589" [_thread_blocked, id=91947, stack(0x000070000ad2a000,0x000070000ae2a000)]
  0x00007fed17c40000 JavaThread "jar transforms Thread 14588" [_thread_blocked, id=66579, stack(0x000070000ac27000,0x000070000ad27000)]
  0x00007fed17dba000 JavaThread "jar transforms Thread 14587" [_thread_blocked, id=40011, stack(0x000070000ab24000,0x000070000ac24000)]
  0x00007fed17e72000 JavaThread "jar transforms Thread 14586" [_thread_blocked, id=126427, stack(0x000070000aa21000,0x000070000ab21000)]
  0x00007fed13921000 JavaThread "jar transforms Thread 14585" [_thread_blocked, id=64599, stack(0x000070000a91e000,0x000070000aa1e000)]
  0x00007fed11d87000 JavaThread "jar transforms Thread 14584" [_thread_blocked, id=87023, stack(0x000070000a81b000,0x000070000a91b000)]
  0x00007fed0ffbd000 JavaThread "jar transforms Thread 14583" [_thread_blocked, id=30215, stack(0x000070000a718000,0x000070000a818000)]
  0x00007fed0fbd9000 JavaThread "jar transforms Thread 14582" [_thread_blocked, id=74895, stack(0x000070000a615000,0x000070000a715000)]
  0x00007fed13aa2800 JavaThread "jar transforms Thread 14581" [_thread_blocked, id=122927, stack(0x000070000a512000,0x000070000a612000)]
  0x00007fed10f01800 JavaThread "jar transforms Thread 14580" [_thread_blocked, id=125391, stack(0x000070000a40f000,0x000070000a50f000)]
  0x00007fed11c07800 JavaThread "jar transforms Thread 14579" [_thread_blocked, id=44051, stack(0x000070000a30c000,0x000070000a40c000)]
  0x00007fed11ca5000 JavaThread "jar transforms Thread 14578" [_thread_blocked, id=61107, stack(0x000070000a209000,0x000070000a309000)]
  0x00007fed139e4000 JavaThread "jar transforms Thread 14577" [_thread_blocked, id=124975, stack(0x000070000a106000,0x000070000a206000)]
  0x00007fed11fee000 JavaThread "jar transforms Thread 14576" [_thread_blocked, id=82223, stack(0x000070000a003000,0x000070000a103000)]
  0x00007fed10f5c000 JavaThread "jar transforms Thread 14575" [_thread_blocked, id=37259, stack(0x0000700009f00000,0x000070000a000000)]
  0x00007fed0f98c800 JavaThread "jar transforms Thread 14574" [_thread_blocked, id=92419, stack(0x0000700009dfd000,0x0000700009efd000)]
  0x00007fed11fba000 JavaThread "jar transforms Thread 14573" [_thread_blocked, id=22131, stack(0x0000700009cfa000,0x0000700009dfa000)]
  0x00007fed0f90a000 JavaThread "jar transforms Thread 14572" [_thread_blocked, id=87127, stack(0x0000700009bf7000,0x0000700009cf7000)]
  0x00007fed11d7d000 JavaThread "jar transforms Thread 14571" [_thread_blocked, id=80975, stack(0x0000700009af4000,0x0000700009bf4000)]
  0x00007fed1b7c8000 JavaThread "jar transforms Thread 14570" [_thread_blocked, id=32951, stack(0x00007000099f1000,0x0000700009af1000)]
  0x00007fed1b7c7000 JavaThread "jar transforms Thread 14569" [_thread_blocked, id=66271, stack(0x00007000098ee000,0x00007000099ee000)]
  0x00007fed1374d000 JavaThread "jar transforms Thread 14568" [_thread_blocked, id=56367, stack(0x00007000097eb000,0x00007000098eb000)]
  0x00007fed101e9000 JavaThread "jar transforms Thread 14567" [_thread_blocked, id=26391, stack(0x00007000096e8000,0x00007000097e8000)]
  0x00007fed10353800 JavaThread "jar transforms Thread 14566" [_thread_blocked, id=125859, stack(0x00007000095e5000,0x00007000096e5000)]
  0x00007fed185ab000 JavaThread "jar transforms Thread 14565" [_thread_blocked, id=84007, stack(0x00007000094e2000,0x00007000095e2000)]
  0x00007fed1036a800 JavaThread "jar transforms Thread 14564" [_thread_blocked, id=41263, stack(0x00007000093df000,0x00007000094df000)]
  0x00007fed106ed800 JavaThread "jar transforms Thread 14563" [_thread_blocked, id=63291, stack(0x00007000092dc000,0x00007000093dc000)]
  0x00007fed1078b800 JavaThread "jar transforms Thread 14562" [_thread_blocked, id=64491, stack(0x00007000091d9000,0x00007000092d9000)]
  0x00007fed1d67d000 JavaThread "jar transforms Thread 14561" [_thread_blocked, id=22955, stack(0x00007000090d6000,0x00007000091d6000)]
  0x00007fed1815a800 JavaThread "jar transforms Thread 14560" [_thread_blocked, id=83063, stack(0x0000700008fd3000,0x00007000090d3000)]
  0x00007fed1054a800 JavaThread "jar transforms Thread 14559" [_thread_blocked, id=93079, stack(0x0000700008ed0000,0x0000700008fd0000)]
  0x00007fed106c0800 JavaThread "jar transforms Thread 14558" [_thread_blocked, id=90843, stack(0x0000700008dcd000,0x0000700008ecd000)]
  0x00007fed18582800 JavaThread "jar transforms Thread 14557" [_thread_blocked, id=28999, stack(0x0000700008cca000,0x0000700008dca000)]
  0x00007fed106bf800 JavaThread "jar transforms Thread 14556" [_thread_blocked, id=72351, stack(0x0000700008bc7000,0x0000700008cc7000)]
  0x00007fed1d597800 JavaThread "jar transforms Thread 14555" [_thread_blocked, id=129567, stack(0x0000700008ac4000,0x0000700008bc4000)]
  0x00007fed1374c000 JavaThread "jar transforms Thread 14554" [_thread_blocked, id=51851, stack(0x00007000089c1000,0x0000700008ac1000)]
  0x00007fed1b3f4800 JavaThread "jar transforms Thread 14553" [_thread_blocked, id=87343, stack(0x00007000088be000,0x00007000089be000)]
  0x00007fed1b66f000 JavaThread "jar transforms Thread 14552" [_thread_blocked, id=32551, stack(0x00007000087bb000,0x00007000088bb000)]
  0x00007fed13223000 JavaThread "jar transforms Thread 14551" [_thread_blocked, id=24615, stack(0x00007000086b8000,0x00007000087b8000)]
  0x00007fed13220000 JavaThread "jar transforms Thread 14550" [_thread_blocked, id=96379, stack(0x00007000085b5000,0x00007000086b5000)]
  0x00007fed134dc000 JavaThread "jar transforms Thread 14549" [_thread_blocked, id=59819, stack(0x00007000084b2000,0x00007000085b2000)]
  0x00007fed134cf800 JavaThread "jar transforms Thread 14548" [_thread_blocked, id=48507, stack(0x00007000083af000,0x00007000084af000)]
  0x00007fed13195000 JavaThread "jar transforms Thread 14547" [_thread_blocked, id=86535, stack(0x00007000082ac000,0x00007000083ac000)]
  0x00007fed1b6b0000 JavaThread "jar transforms Thread 14546" [_thread_blocked, id=68367, stack(0x00007000081a9000,0x00007000082a9000)]
  0x00007fed13712000 JavaThread "jar transforms Thread 14545" [_thread_blocked, id=80499, stack(0x00007000080a6000,0x00007000081a6000)]
  0x00007fed103e5000 JavaThread "jar transforms Thread 14544" [_thread_blocked, id=25095, stack(0x0000700007fa3000,0x00007000080a3000)]
  0x00007fed0fa16000 JavaThread "jar transforms Thread 14543" [_thread_blocked, id=81443, stack(0x0000700007ea0000,0x0000700007fa0000)]
  0x00007fed11bca000 JavaThread "jar transforms Thread 14542" [_thread_blocked, id=62327, stack(0x0000700007d9d000,0x0000700007e9d000)]
  0x00007fed0fd70800 JavaThread "jar transforms Thread 14541" [_thread_blocked, id=16303, stack(0x0000700007c9a000,0x0000700007d9a000)]
  0x00007fed10ed3000 JavaThread "jar transforms Thread 14540" [_thread_blocked, id=53775, stack(0x0000700007b97000,0x0000700007c97000)]
  0x00007fed10af7000 JavaThread "jar transforms Thread 14539" [_thread_blocked, id=47923, stack(0x0000700007a94000,0x0000700007b94000)]
  0x00007fed0fd52800 JavaThread "jar transforms Thread 14538" [_thread_blocked, id=27443, stack(0x0000700007991000,0x0000700007a91000)]
  0x00007fed10ff4000 JavaThread "jar transforms Thread 14537" [_thread_blocked, id=27315, stack(0x000070000788e000,0x000070000798e000)]
  0x00007fed0fff0800 JavaThread "jar transforms Thread 14536" [_thread_blocked, id=81959, stack(0x000070000778b000,0x000070000788b000)]
  0x00007fed11fec800 JavaThread "jar transforms Thread 14535" [_thread_blocked, id=60551, stack(0x0000700007688000,0x0000700007788000)]
  0x00007fed11e5d000 JavaThread "jar transforms Thread 14534" [_thread_blocked, id=28775, stack(0x0000700007585000,0x0000700007685000)]
  0x00007fed10ce8800 JavaThread "jar transforms Thread 14533" [_thread_blocked, id=85623, stack(0x000070000727c000,0x000070000737c000)]
  0x00007fed11a1d000 JavaThread "jar transforms Thread 14532" [_thread_blocked, id=48783, stack(0x0000700007179000,0x0000700007279000)]
  0x00007fed10d7a000 JavaThread "jar transforms Thread 14531" [_thread_blocked, id=65115, stack(0x0000700007076000,0x0000700007176000)]
  0x00007fed0febd800 JavaThread "jar transforms Thread 14530" [_thread_blocked, id=51207, stack(0x0000700006f73000,0x0000700007073000)]
  0x00007fed11960800 JavaThread "jar transforms Thread 14529" [_thread_blocked, id=15307, stack(0x0000700006e70000,0x0000700006f70000)]
  0x00007fed14d52000 JavaThread "jar transforms Thread 14528" [_thread_blocked, id=122627, stack(0x0000700006d6d000,0x0000700006e6d000)]
  0x00007fed11eec800 JavaThread "jar transforms Thread 14527" [_thread_blocked, id=128827, stack(0x0000700006c6a000,0x0000700006d6a000)]
  0x00007fed10d9b000 JavaThread "jar transforms Thread 14526" [_thread_blocked, id=37687, stack(0x0000700006b67000,0x0000700006c67000)]
  0x00007fed10ea2000 JavaThread "jar transforms Thread 14525" [_thread_blocked, id=47159, stack(0x0000700006a64000,0x0000700006b64000)]
  0x00007fed118db000 JavaThread "jar transforms Thread 14524" [_thread_blocked, id=49055, stack(0x0000700006961000,0x0000700006a61000)]
  0x00007fed1d543000 JavaThread "jar transforms Thread 14523" [_thread_blocked, id=38415, stack(0x000070000685e000,0x000070000695e000)]
  0x00007fed185d5800 JavaThread "jar transforms Thread 14522" [_thread_blocked, id=69967, stack(0x000070000675b000,0x000070000685b000)]
  0x00007fed102cd000 JavaThread "jar transforms Thread 14521" [_thread_blocked, id=125483, stack(0x0000700006555000,0x0000700006655000)]
  0x00007fed0fe0c800 JavaThread "jar transforms Thread 14520" [_thread_blocked, id=120675, stack(0x0000700006452000,0x0000700006552000)]
  0x00007fed11f98800 JavaThread "Build operations Thread 4" [_thread_blocked, id=84903, stack(0x000070000634f000,0x000070000644f000)]
  0x00007fed10f56000 JavaThread "Build operations Thread 3" [_thread_blocked, id=85763, stack(0x000070000624c000,0x000070000634c000)]
  0x00007fed10f9d800 JavaThread "Build operations Thread 2" [_thread_blocked, id=93487, stack(0x0000700006149000,0x0000700006249000)]
  0x00007fed137b5000 JavaThread "Build operations" [_thread_blocked, id=46267, stack(0x0000700006046000,0x0000700006146000)]
  0x00007fed1837c800 JavaThread "Cache worker for Build Output Cleanup Cache (/Users/soso/AndroidStudioProjects/RealEstateManager/.gradle/buildOutputCleanup)" [_thread_blocked, id=84279, stack(0x0000700005f43000,0x0000700006043000)]
  0x00007fed11e89800 JavaThread "Cache worker for cache directory md-rule (/Users/soso/.gradle/caches/6.6-rc-3/md-rule)" [_thread_blocked, id=45351, stack(0x0000700005e40000,0x0000700005f40000)]
  0x00007fed137ea000 JavaThread "Cache worker for cache directory md-supplier (/Users/soso/.gradle/caches/6.6-rc-3/md-supplier)" [_thread_blocked, id=81695, stack(0x0000700005d3d000,0x0000700005e3d000)]
  0x00007fed1091e800 JavaThread "Cache worker for checksums cache (/Users/soso/AndroidStudioProjects/RealEstateManager/.gradle/checksums)" [_thread_blocked, id=33851, stack(0x0000700005c3a000,0x0000700005d3a000)]
  0x00007fed10354800 JavaThread "Cache worker for file hash cache (/Users/soso/AndroidStudioProjects/RealEstateManager/.gradle/6.6-rc-3/fileHashes)" [_thread_blocked, id=33339, stack(0x0000700005a34000,0x0000700005b34000)]
  0x00007fed1056e800 JavaThread "Thread-19270" [_thread_blocked, id=86335, stack(0x0000700005931000,0x0000700005a31000)]
  0x00007fed13197000 JavaThread "Stdin handler" [_thread_blocked, id=73799, stack(0x000070000582e000,0x000070000592e000)]
  0x00007fed10686000 JavaThread "Asynchronous log dispatcher for DefaultDaemonConnection: socket connection from /127.0.0.1:49666 to /127.0.0.1:60705" [_thread_blocked, id=82479, stack(0x0000700005422000,0x0000700005522000)]
  0x00007fed10e25800 JavaThread "Daemon worker Thread 119" [_thread_blocked, id=77307, stack(0x000070000521c000,0x000070000531c000)]
  0x00007fed14e4e000 JavaThread "Cancel handler" [_thread_blocked, id=92747, stack(0x0000700005119000,0x0000700005219000)]
  0x00007fed10323800 JavaThread "Handler for socket connection from /127.0.0.1:49666 to /127.0.0.1:60705" [_thread_in_native, id=77667, stack(0x0000700005016000,0x0000700005116000)]
  0x00007fed0ff99000 JavaThread "Daemon Thread 119" [_thread_blocked, id=79243, stack(0x0000700004f13000,0x0000700005013000)]
  0x00007fed0fee7800 JavaThread "RMI TCP Connection(idle)" daemon [_thread_blocked, id=49975, stack(0x000070000e3cc000,0x000070000e4cc000)]
  0x00007fed17c3f000 JavaThread "RMI Reaper" [_thread_blocked, id=61887, stack(0x000070000e0c3000,0x000070000e1c3000)]
  0x00007fed178f2800 JavaThread "GC Daemon" daemon [_thread_blocked, id=56615, stack(0x000070000dfc0000,0x000070000e0c0000)]
  0x00007fed16d71800 JavaThread "process reaper" daemon [_thread_in_native, id=129811, stack(0x0000700004472000,0x000070000449a000)]
  0x00007fed17d94800 JavaThread "Cache worker for Java compile cache (/Users/soso/.gradle/caches/6.6-rc-3/javaCompile)" [_thread_blocked, id=51471, stack(0x0000700006658000,0x0000700006758000)]
  0x00007fed187f4000 JavaThread "RMI TCP Accept-0" daemon [_thread_in_native, id=80651, stack(0x0000700005b37000,0x0000700005c37000)]
  0x00007fed1813e800 JavaThread "RMI Scheduler(0)" daemon [_thread_blocked, id=93703, stack(0x000070000531f000,0x000070000541f000)]
  0x00007fed14ece800 JavaThread "MarlinRenderer Disposer" daemon [_thread_blocked, id=127495, stack(0x000070000ddba000,0x000070000deba000)]
  0x00007fed106a3800 JavaThread "Java2D Disposer" daemon [_thread_blocked, id=90119, stack(0x000070000dcb7000,0x000070000ddb7000)]
  0x00007fed14ece000 JavaThread "AWT-AppKit" daemon [_thread_in_native, id=775, stack(0x00007ffeebd90000,0x00007ffeec590000)]
  0x00007fed197e8800 JavaThread "Memory manager" [_thread_blocked, id=87555, stack(0x000070000d299000,0x000070000d399000)]
  0x00007fed17a2c000 JavaThread "Cache worker for file content cache (/Users/soso/.gradle/caches/6.6-rc-3/fileContent)" [_thread_blocked, id=30979, stack(0x0000700007482000,0x0000700007582000)]
  0x00007fed18113800 JavaThread "Cache worker for execution history cache (/Users/soso/.gradle/caches/6.6-rc-3/executionHistory)" [_thread_blocked, id=30723, stack(0x000070000737f000,0x000070000747f000)]
  0x00007fed118f8000 JavaThread "Cache worker for journal cache (/Users/soso/.gradle/caches/journal-1)" [_thread_blocked, id=23811, stack(0x000070000572b000,0x000070000582b000)]
  0x00007fed10602000 JavaThread "File lock request listener" [_thread_in_native, id=42243, stack(0x0000700005628000,0x0000700005728000)]
  0x00007fed105f7000 JavaThread "Cache worker for file hash cache (/Users/soso/.gradle/caches/6.6-rc-3/fileHashes)" [_thread_blocked, id=23043, stack(0x0000700005525000,0x0000700005625000)]
  0x00007fed10923000 JavaThread "Daemon periodic checks" [_thread_blocked, id=14595, stack(0x0000700004d0d000,0x0000700004e0d000)]
  0x00007fed105dc000 JavaThread "Incoming local TCP Connector on port 49666" [_thread_in_native, id=14339, stack(0x0000700004c0a000,0x0000700004d0a000)]
  0x00007fed0fb60000 JavaThread "Daemon health stats" [_thread_blocked, id=12299, stack(0x0000700004b07000,0x0000700004c07000)]
  0x00007fed1082c800 JavaThread "Service Thread" daemon [_thread_blocked, id=17411, stack(0x0000700004901000,0x0000700004a01000)]
  0x00007fed0f819800 JavaThread "C1 CompilerThread2" daemon [_thread_blocked, id=17923, stack(0x00007000047fe000,0x00007000048fe000)]
  0x00007fed11829000 JavaThread "C2 CompilerThread1" daemon [_thread_blocked, id=13571, stack(0x00007000046fb000,0x00007000047fb000)]
  0x00007fed1004d000 JavaThread "C2 CompilerThread0" daemon [_thread_blocked, id=18179, stack(0x00007000045f8000,0x00007000046f8000)]
  0x00007fed1081d000 JavaThread "Signal Dispatcher" daemon [_thread_blocked, id=18691, stack(0x00007000044f5000,0x00007000045f5000)]
  0x00007fed0f80a000 JavaThread "Finalizer" daemon [_thread_blocked, id=20739, stack(0x00007000042ec000,0x00007000043ec000)]
  0x00007fed10818000 JavaThread "Reference Handler" daemon [_thread_blocked, id=20995, stack(0x00007000041e9000,0x00007000042e9000)]
  0x00007fed1000e000 JavaThread "main" [_thread_blocked, id=3843, stack(0x0000700003bd7000,0x0000700003cd7000)]

Other Threads:
  0x00007fed10813800 VMThread [stack: 0x00007000040e6000,0x00007000041e6000] [id=11011]
  0x00007fed1082d000 WatcherThread [stack: 0x0000700004a04000,0x0000700004b04000] [id=14083]

VM state:not at safepoint (normal execution)

VM Mutex/Monitor currently owned by a thread: None

heap address: 0x0000000740000000, size: 2048 MB, Compressed Oops mode: Zero based, Oop shift amount: 3
Narrow klass base: 0x0000000000000000, Narrow klass shift: 3
Compressed class space size: 1073741824 Address: 0x00000007c0000000

Heap:
 PSYoungGen      total 598528K, used 373134K [0x0000000795580000, 0x00000007bfa80000, 0x00000007c0000000)
  eden space 507904K, 68% used [0x0000000795580000,0x00000007aa74b590,0x00000007b4580000)
  from space 90624K, 30% used [0x00000007b9d00000,0x00000007bb7984b0,0x00000007bf580000)
  to   space 89600K, 0% used [0x00000007b4580000,0x00000007b4580000,0x00000007b9d00000)
 ParOldGen       total 454656K, used 250712K [0x0000000740000000, 0x000000075bc00000, 0x0000000795580000)
  object space 454656K, 55% used [0x0000000740000000,0x000000074f4d6318,0x000000075bc00000)
 Metaspace       used 628020K, capacity 641348K, committed 642008K, reserved 1615872K
  class space    used 73602K, capacity 75713K, committed 75776K, reserved 1048576K

Card table byte_map: [0x0000000114416000,0x0000000114817000] byte_map_base: 0x0000000110a16000

Marking Bits: (ParMarkBitMap*) 0x0000000104d853f8
 Begin Bits: [0x0000000114ac2000, 0x0000000116ac2000)
 End Bits:   [0x0000000116ac2000, 0x0000000118ac2000)

Polling page: 0x0000000103700000

CodeCache: size=245760Kb used=191343Kb max_used=193539Kb free=54416Kb
 bounds [0x0000000105416000, 0x0000000111296000, 0x0000000114416000]
 total_blobs=57825 nmethods=56711 adapters=1024
 compilation: enabled

Compilation events (10 events):
Event: 39209.207 Thread 0x00007fed0f819800 83024       1       com.android.tools.r8.code.z0::a (1 bytes)
Event: 39209.208 Thread 0x00007fed0f819800 nmethod 83024 0x0000000106d04110 code [0x0000000106d04260, 0x0000000106d04370]
Event: 39209.227 Thread 0x00007fed0f819800 83025       1       com.android.tools.r8.graph.h0$e::collectIndexedItems (1 bytes)
Event: 39209.228 Thread 0x00007fed0f819800 nmethod 83025 0x00000001095685d0 code [0x0000000109568720, 0x0000000109568830]
Event: 39209.260 Thread 0x00007fed0f819800 83026       1       com.android.tools.r8.code.c::a (1 bytes)
Event: 39209.261 Thread 0x00007fed0f819800 nmethod 83026 0x0000000107fe3710 code [0x0000000107fe3860, 0x0000000107fe3970]
Event: 39209.400 Thread 0x00007fed0f819800 83027       1       com.android.tools.r8.code.A2::a (1 bytes)
Event: 39209.401 Thread 0x00007fed0f819800 nmethod 83027 0x000000010f150250 code [0x000000010f1503a0, 0x000000010f1504b0]
Event: 39209.462 Thread 0x00007fed11829000 83028       4       com.android.tools.r8.graph.h0$i::collectIndexedItems (14 bytes)
Event: 39209.465 Thread 0x00007fed11829000 nmethod 83028 0x0000000105977950 code [0x0000000105977aa0, 0x0000000105977b68]

GC Heap History (10 events):
Event: 38755.861 GC heap before
{Heap before GC invocations=274 (full 16):
 PSYoungGen      total 564736K, used 564494K [0x0000000795580000, 0x00000007c0000000, 0x00000007c0000000)
  eden space 501248K, 100% used [0x0000000795580000,0x00000007b3f00000,0x00000007b3f00000)
  from space 63488K, 99% used [0x00000007b3f00000,0x00000007b7cc3938,0x00000007b7d00000)
  to   space 100864K, 0% used [0x00000007b9d80000,0x00000007b9d80000,0x00000007c0000000)
 ParOldGen       total 454656K, used 216623K [0x0000000740000000, 0x000000075bc00000, 0x0000000795580000)
  object space 454656K, 47% used [0x0000000740000000,0x000000074d38bda0,0x000000075bc00000)
 Metaspace       used 624279K, capacity 637466K, committed 638168K, reserved 1611776K
  class space    used 73132K, capacity 75238K, committed 75264K, reserved 1048576K
Event: 38757.166 GC heap after
Heap after GC invocations=274 (full 16):
 PSYoungGen      total 592896K, used 66533K [0x0000000795580000, 0x00000007c0000000, 0x00000007c0000000)
  eden space 492032K, 0% used [0x0000000795580000,0x0000000795580000,0x00000007b3600000)
  from space 100864K, 65% used [0x00000007b9d80000,0x00000007bde79480,0x00000007c0000000)
  to   space 103424K, 0% used [0x00000007b3600000,0x00000007b3600000,0x00000007b9b00000)
 ParOldGen       total 454656K, used 217087K [0x0000000740000000, 0x000000075bc00000, 0x0000000795580000)
  object space 454656K, 47% used [0x0000000740000000,0x000000074d3ffda0,0x000000075bc00000)
 Metaspace       used 624279K, capacity 637466K, committed 638168K, reserved 1611776K
  class space    used 73132K, capacity 75238K, committed 75264K, reserved 1048576K
}
Event: 38822.176 GC heap before
{Heap before GC invocations=275 (full 16):
 PSYoungGen      total 592896K, used 558565K [0x0000000795580000, 0x00000007c0000000, 0x00000007c0000000)
  eden space 492032K, 100% used [0x0000000795580000,0x00000007b3600000,0x00000007b3600000)
  from space 100864K, 65% used [0x00000007b9d80000,0x00000007bde79480,0x00000007c0000000)
  to   space 103424K, 0% used [0x00000007b3600000,0x00000007b3600000,0x00000007b9b00000)
 ParOldGen       total 454656K, used 217087K [0x0000000740000000, 0x000000075bc00000, 0x0000000795580000)
  object space 454656K, 47% used [0x0000000740000000,0x000000074d3ffda0,0x000000075bc00000)
 Metaspace       used 624291K, capacity 637490K, committed 638168K, reserved 1611776K
  class space    used 73135K, capacity 75242K, committed 75264K, reserved 1048576K
Event: 38823.003 GC heap after
Heap after GC invocations=275 (full 16):
 PSYoungGen      total 538624K, used 46420K [0x0000000795580000, 0x00000007bf780000, 0x00000007c0000000)
  eden space 492032K, 0% used [0x0000000795580000,0x0000000795580000,0x00000007b3600000)
  from space 46592K, 99% used [0x00000007b3600000,0x00000007b6355278,0x00000007b6380000)
  to   space 97792K, 0% used [0x00000007b9800000,0x00000007b9800000,0x00000007bf780000)
 ParOldGen       total 454656K, used 219786K [0x0000000740000000, 0x000000075bc00000, 0x0000000795580000)
  object space 454656K, 48% used [0x0000000740000000,0x000000074d6a2970,0x000000075bc00000)
 Metaspace       used 624291K, capacity 637490K, committed 638168K, reserved 1611776K
  class space    used 73135K, capacity 75242K, committed 75264K, reserved 1048576K
}
Event: 39086.638 GC heap before
{Heap before GC invocations=276 (full 16):
 PSYoungGen      total 538624K, used 538452K [0x0000000795580000, 0x00000007bf780000, 0x00000007c0000000)
  eden space 492032K, 100% used [0x0000000795580000,0x00000007b3600000,0x00000007b3600000)
  from space 46592K, 99% used [0x00000007b3600000,0x00000007b6355278,0x00000007b6380000)
  to   space 97792K, 0% used [0x00000007b9800000,0x00000007b9800000,0x00000007bf780000)
 ParOldGen       total 454656K, used 219786K [0x0000000740000000, 0x000000075bc00000, 0x0000000795580000)
  object space 454656K, 48% used [0x0000000740000000,0x000000074d6a2970,0x000000075bc00000)
 Metaspace       used 624292K, capacity 637490K, committed 638168K, reserved 1611776K
  class space    used 73135K, capacity 75242K, committed 75264K, reserved 1048576K
Event: 39087.288 GC heap after
Heap after GC invocations=276 (full 16):
 PSYoungGen      total 595968K, used 51173K [0x0000000795580000, 0x00000007c0000000, 0x00000007c0000000)
  eden space 498176K, 0% used [0x0000000795580000,0x0000000795580000,0x00000007b3c00000)
  from space 97792K, 52% used [0x00000007b9800000,0x00000007bc9f97d8,0x00000007bf780000)
  to   space 94208K, 0% used [0x00000007b3c00000,0x00000007b3c00000,0x00000007b9800000)
 ParOldGen       total 454656K, used 219826K [0x0000000740000000, 0x000000075bc00000, 0x0000000795580000)
  object space 454656K, 48% used [0x0000000740000000,0x000000074d6ac970,0x000000075bc00000)
 Metaspace       used 624292K, capacity 637490K, committed 638168K, reserved 1611776K
  class space    used 73135K, capacity 75242K, committed 75264K, reserved 1048576K
}
Event: 39201.054 GC heap before
{Heap before GC invocations=277 (full 16):
 PSYoungGen      total 595968K, used 549349K [0x0000000795580000, 0x00000007c0000000, 0x00000007c0000000)
  eden space 498176K, 100% used [0x0000000795580000,0x00000007b3c00000,0x00000007b3c00000)
  from space 97792K, 52% used [0x00000007b9800000,0x00000007bc9f97d8,0x00000007bf780000)
  to   space 94208K, 0% used [0x00000007b3c00000,0x00000007b3c00000,0x00000007b9800000)
 ParOldGen       total 454656K, used 219826K [0x0000000740000000, 0x000000075bc00000, 0x0000000795580000)
  object space 454656K, 48% used [0x0000000740000000,0x000000074d6ac970,0x000000075bc00000)
 Metaspace       used 627974K, capacity 641260K, committed 642008K, reserved 1615872K
  class space    used 73599K, capacity 75709K, committed 75776K, reserved 1048576K
Event: 39201.721 GC heap after
Heap after GC invocations=277 (full 16):
 PSYoungGen      total 592384K, used 49752K [0x0000000795580000, 0x00000007bf580000, 0x00000007c0000000)
  eden space 498176K, 0% used [0x0000000795580000,0x0000000795580000,0x00000007b3c00000)
  from space 94208K, 52% used [0x00000007b3c00000,0x00000007b6c961e8,0x00000007b9800000)
  to   space 90624K, 0% used [0x00000007b9d00000,0x00000007b9d00000,0x00000007bf580000)
 ParOldGen       total 454656K, used 220818K [0x0000000740000000, 0x000000075bc00000, 0x0000000795580000)
  object space 454656K, 48% used [0x0000000740000000,0x000000074d7a4aa8,0x000000075bc00000)
 Metaspace       used 627974K, capacity 641260K, committed 642008K, reserved 1615872K
  class space    used 73599K, capacity 75709K, committed 75776K, reserved 1048576K
}
Event: 39207.736 GC heap before
{Heap before GC invocations=278 (full 16):
 PSYoungGen      total 592384K, used 547915K [0x0000000795580000, 0x00000007bf580000, 0x00000007c0000000)
  eden space 498176K, 99% used [0x0000000795580000,0x00000007b3bfcb00,0x00000007b3c00000)
  from space 94208K, 52% used [0x00000007b3c00000,0x00000007b6c961e8,0x00000007b9800000)
  to   space 90624K, 0% used [0x00000007b9d00000,0x00000007b9d00000,0x00000007bf580000)
 ParOldGen       total 454656K, used 220818K [0x0000000740000000, 0x000000075bc00000, 0x0000000795580000)
  object space 454656K, 48% used [0x0000000740000000,0x000000074d7a4aa8,0x000000075bc00000)
 Metaspace       used 628009K, capacity 641342K, committed 642008K, reserved 1615872K
  class space    used 73602K, capacity 75712K, committed 75776K, reserved 1048576K
Event: 39208.206 GC heap after
Heap after GC invocations=278 (full 16):
 PSYoungGen      total 598528K, used 27233K [0x0000000795580000, 0x00000007bfa80000, 0x00000007c0000000)
  eden space 507904K, 0% used [0x0000000795580000,0x0000000795580000,0x00000007b4580000)
  from space 90624K, 30% used [0x00000007b9d00000,0x00000007bb7984b0,0x00000007bf580000)
  to   space 89600K, 0% used [0x00000007b4580000,0x00000007b4580000,0x00000007b9d00000)
 ParOldGen       total 454656K, used 250712K [0x0000000740000000, 0x000000075bc00000, 0x0000000795580000)
  object space 454656K, 55% used [0x0000000740000000,0x000000074f4d6318,0x000000075bc00000)
 Metaspace       used 628009K, capacity 641342K, committed 642008K, reserved 1615872K
  class space    used 73602K, capacity 75712K, committed 75776K, reserved 1048576K
}

Deoptimization events (10 events):
Event: 39200.719 Thread 0x00007fed10f9d800 Uncommon trap: reason=unstable_if action=reinterpret pc=0x00000001079a1208 method=com.sun.org.apache.xerces.internal.impl.XMLEntityScanner.scanContent(Lcom/sun/org/apache/xerces/internal/xni/XMLString;)I @ 163
Event: 39200.721 Thread 0x00007fed10f9d800 Uncommon trap: reason=unstable_if action=reinterpret pc=0x000000010711cc20 method=com.sun.org.apache.xerces.internal.impl.XMLEntityScanner.peekChar()I @ 51
Event: 39200.725 Thread 0x00007fed10f9d800 Uncommon trap: reason=bimorphic action=maybe_recompile pc=0x0000000109fbc234 method=com.sun.org.apache.xerces.internal.impl.XMLDocumentFragmentScannerImpl.scanDocument(Z)Z @ 117
Event: 39200.925 Thread 0x00007fed10e25800 Uncommon trap: reason=unstable_if action=reinterpret pc=0x00000001092a3a40 method=com.android.build.gradle.internal.dependency.ModelArtifactCompatibilityRule.execute(Lorg/gradle/api/attributes/CompatibilityCheckDetails;)V @ 53
Event: 39200.928 Thread 0x00007fed10e25800 Uncommon trap: reason=unstable_if action=reinterpret pc=0x00000001092aaa14 method=com.android.build.gradle.internal.dependency.ModelArtifactCompatibilityRule.execute(Lorg/gradle/api/attributes/CompatibilityCheckDetails;)V @ 53
Event: 39202.630 Thread 0x00007fed10e25800 Uncommon trap: reason=null_check action=make_not_entrant pc=0x000000010ec54eb0 method=org.gradle.api.internal.tasks.properties.annotations.NestedBeanAnnotationHandler.unpackProvider(Ljava/lang/Object;)Ljava/lang/Object; @ 1
Event: 39209.066 Thread 0x00007fed1067a000 Uncommon trap: reason=unstable_if action=reinterpret pc=0x00000001086fbf08 method=com.android.tools.r8.ir.conversion.O.a(Lcom/android/tools/r8/graph/y$a;)V @ 109
Event: 39209.494 Thread 0x00007fed1067a000 Uncommon trap: reason=null_check action=make_not_entrant pc=0x00000001079bf09c method=com.android.tools.r8.dex.P$g$$Lambda$1030/1601811085.accept(Ljava/lang/Object;)V @ 5
Event: 39209.494 Thread 0x00007fed1067a000 Uncommon trap: reason=null_check action=make_not_entrant pc=0x00000001062f9040 method=com.android.tools.r8.dex.P$g$$Lambda$1035/85100820.apply(Ljava/lang/Object;)Ljava/lang/Object; @ 5
Event: 39209.494 Thread 0x00007fed1067a000 Uncommon trap: reason=unstable_if action=reinterpret pc=0x000000010940b1f0 method=java.util.IdentityHashMap.maskNull(Ljava/lang/Object;)Ljava/lang/Object; @ 1

Classes redefined (0 events):
No events

Internal exceptions (10 events):
Event: 39208.953 Thread 0x00007fed11d11800 Exception <a 'sun/nio/fs/UnixException'> (0x000000079a3e4768) thrown at [/Volumes/Android/buildbot/src/googleplex-android/openjdk/out/hotspot/src/share/vm/prims/jni.cpp, line 710]
Event: 39208.953 Thread 0x00007fed11d11800 Exception <a 'sun/nio/fs/UnixException'> (0x000000079a3e5d50) thrown at [/Volumes/Android/buildbot/src/googleplex-android/openjdk/out/hotspot/src/share/vm/prims/jni.cpp, line 710]
Event: 39208.953 Thread 0x00007fed11d11800 Exception <a 'sun/nio/fs/UnixException'> (0x000000079a3e6ed0) thrown at [/Volumes/Android/buildbot/src/googleplex-android/openjdk/out/hotspot/src/share/vm/prims/jni.cpp, line 710]
Event: 39208.954 Thread 0x00007fed11d11800 Exception <a 'sun/nio/fs/UnixException'> (0x000000079a3e83a0) thrown at [/Volumes/Android/buildbot/src/googleplex-android/openjdk/out/hotspot/src/share/vm/prims/jni.cpp, line 710]
Event: 39208.954 Thread 0x00007fed11d11800 Exception <a 'sun/nio/fs/UnixException'> (0x000000079a3e9508) thrown at [/Volumes/Android/buildbot/src/googleplex-android/openjdk/out/hotspot/src/share/vm/prims/jni.cpp, line 710]
Event: 39208.954 Thread 0x00007fed11d11800 Exception <a 'sun/nio/fs/UnixException'> (0x000000079a3ea2d8) thrown at [/Volumes/Android/buildbot/src/googleplex-android/openjdk/out/hotspot/src/share/vm/prims/jni.cpp, line 710]
Event: 39208.954 Thread 0x00007fed11d11800 Exception <a 'sun/nio/fs/UnixException'> (0x000000079a3eb410) thrown at [/Volumes/Android/buildbot/src/googleplex-android/openjdk/out/hotspot/src/share/vm/prims/jni.cpp, line 710]
Event: 39209.494 Thread 0x00007fed1067a000 Implicit null exception at 0x00000001079bec88 to 0x00000001079bf08d
Event: 39209.494 Thread 0x00007fed1067a000 Implicit null exception at 0x00000001062f8c4f to 0x00000001062f9035
Event: 39209.494 Thread 0x00007fed1067a000 Implicit null exception at 0x000000010940ae52 to 0x000000010940b1d9

Events (10 events):
Event: 39209.066 Thread 0x00007fed1067a000 DEOPT UNPACKING pc=0x000000010545b47a sp=0x000070000f0ee868 mode 2
Event: 39209.494 Thread 0x00007fed1067a000 Uncommon trap: trap_request=0xfffffff4 fr.pc=0x00000001079bf09c
Event: 39209.494 Thread 0x00007fed1067a000 DEOPT PACKING pc=0x00000001079bf09c sp=0x000070000f0ee5f0
Event: 39209.494 Thread 0x00007fed1067a000 DEOPT UNPACKING pc=0x000000010545b47a sp=0x000070000f0ee550 mode 2
Event: 39209.494 Thread 0x00007fed1067a000 Uncommon trap: trap_request=0xfffffff4 fr.pc=0x00000001062f9040
Event: 39209.494 Thread 0x00007fed1067a000 DEOPT PACKING pc=0x00000001062f9040 sp=0x000070000f0ee4c0
Event: 39209.494 Thread 0x00007fed1067a000 DEOPT UNPACKING pc=0x000000010545b47a sp=0x000070000f0ee4b0 mode 2
Event: 39209.494 Thread 0x00007fed1067a000 Uncommon trap: trap_request=0xffffff65 fr.pc=0x000000010940b1f0
Event: 39209.494 Thread 0x00007fed1067a000 DEOPT PACKING pc=0x000000010940b1f0 sp=0x000070000f0ee400
Event: 39209.494 Thread 0x00007fed1067a000 DEOPT UNPACKING pc=0x000000010545b47a sp=0x000070000f0ee308 mode 2


Dynamic libraries:
0x00007fff30847000 	/System/Library/Frameworks/Cocoa.framework/Versions/A/Cocoa
0x00007fff3e03c000 	/System/Library/Frameworks/Security.framework/Versions/A/Security
0x00007fff2f7ac000 	/System/Library/Frameworks/ApplicationServices.framework/Versions/A/ApplicationServices
0x00007fff6ab5f000 	/usr/lib/libz.1.dylib
0x00007fff68623000 	/usr/lib/libSystem.B.dylib
0x00007fff316e9000 	/System/Library/Frameworks/CoreFoundation.framework/Versions/A/CoreFoundation
0x00007fff33da6000 	/System/Library/Frameworks/Foundation.framework/Versions/C/Foundation
0x00007fff6a483000 	/usr/lib/libobjc.A.dylib
0x00007fff2e99c000 	/System/Library/Frameworks/AppKit.framework/Versions/C/AppKit
0x00007fff311cb000 	/System/Library/Frameworks/CoreData.framework/Versions/A/CoreData
0x00007fff62639000 	/System/Library/PrivateFrameworks/UIFoundation.framework/Versions/A/UIFoundation
0x00007fff5d6cd000 	/System/Library/PrivateFrameworks/RemoteViewServices.framework/Versions/A/RemoteViewServices
0x00007fff65193000 	/System/Library/PrivateFrameworks/XCTTargetBootstrap.framework/Versions/A/XCTTargetBootstrap
0x00007fff315b6000 	/System/Library/Frameworks/CoreDisplay.framework/Versions/A/CoreDisplay
0x00007fff36c60000 	/System/Library/Frameworks/Metal.framework/Versions/A/Metal
0x00007fff4b6d0000 	/System/Library/PrivateFrameworks/DesktopServicesPriv.framework/Versions/A/DesktopServicesPriv
0x00007fff6975e000 	/usr/lib/liblangid.dylib
0x00007fff4a965000 	/System/Library/PrivateFrameworks/CoreSVG.framework/Versions/A/CoreSVG
0x00007fff60829000 	/System/Library/PrivateFrameworks/SkyLight.framework/Versions/A/SkyLight
0x00007fff31b6a000 	/System/Library/Frameworks/CoreGraphics.framework/Versions/A/CoreGraphics
0x00007fff2d370000 	/System/Library/Frameworks/Accelerate.framework/Versions/A/Accelerate
0x00007fff6aa50000 	/usr/lib/libxml2.2.dylib
0x00007fff56658000 	/System/Library/PrivateFrameworks/IconServices.framework/Versions/A/IconServices
0x00007fff34585000 	/System/Library/Frameworks/IOSurface.framework/Versions/A/IOSurface
0x00007fff6814d000 	/usr/lib/libDiagnosticMessagesClient.dylib
0x00007fff4b52a000 	/System/Library/PrivateFrameworks/DFRFoundation.framework/Versions/A/DFRFoundation
0x00007fff694ed000 	/usr/lib/libicucore.A.dylib
0x00007fff2fade000 	/System/Library/Frameworks/AudioToolbox.framework/Versions/A/AudioToolbox
0x00007fff2fbc1000 	/System/Library/Frameworks/AudioUnit.framework/Versions/A/AudioUnit
0x00007fff68825000 	/usr/lib/libauto.dylib
0x00007fff4b5cc000 	/System/Library/PrivateFrameworks/DataDetectorsCore.framework/Versions/A/DataDetectorsCore
0x00007fff30368000 	/System/Library/Frameworks/Carbon.framework/Versions/A/Frameworks/HIToolbox.framework/Versions/A/HIToolbox
0x00007fff3d238000 	/System/Library/Frameworks/QuartzCore.framework/Versions/A/QuartzCore
0x00007fff306a7000 	/System/Library/Frameworks/Carbon.framework/Versions/A/Frameworks/SpeechRecognition.framework/Versions/A/SpeechRecognition
0x00007fff4b03e000 	/System/Library/PrivateFrameworks/CoreUI.framework/Versions/A/CoreUI
0x00007fff30c36000 	/System/Library/Frameworks/CoreAudio.framework/Versions/A/CoreAudio
0x00007fff33a65000 	/System/Library/Frameworks/DiskArbitration.framework/Versions/A/DiskArbitration
0x00007fff586a8000 	/System/Library/PrivateFrameworks/MultitouchSupport.framework/Versions/A/MultitouchSupport
0x00007fff693b4000 	/usr/lib/libenergytrace.dylib
0x00007fff344df000 	/System/Library/Frameworks/IOKit.framework/Versions/A/IOKit
0x00007fff32ad1000 	/System/Library/Frameworks/CoreServices.framework/Versions/A/CoreServices
0x00007fff5a860000 	/System/Library/PrivateFrameworks/PerformanceAnalysis.framework/Versions/A/PerformanceAnalysis
0x00007fff3c26b000 	/System/Library/Frameworks/OpenGL.framework/Versions/A/OpenGL
0x00007fff30855000 	/System/Library/Frameworks/ColorSync.framework/Versions/A/ColorSync
0x00007fff321ed000 	/System/Library/Frameworks/CoreImage.framework/Versions/A/CoreImage
0x00007fff33544000 	/System/Library/Frameworks/CoreText.framework/Versions/A/CoreText
0x00007fff34615000 	/System/Library/Frameworks/ImageIO.framework/Versions/A/ImageIO
0x00007fff68909000 	/usr/lib/libc++.1.dylib
0x00007fff68985000 	/usr/lib/libcompression.dylib
0x00007fff68491000 	/usr/lib/libMobileGestalt.dylib
0x00007fff623a3000 	/System/Library/PrivateFrameworks/TextureIO.framework/Versions/A/TextureIO
0x00007fff68788000 	/usr/lib/libate.dylib
0x00007fff56861000 	/System/Library/PrivateFrameworks/InternationalSupport.framework/Versions/A/InternationalSupport
0x00007fff6b420000 	/usr/lib/system/libcache.dylib
0x00007fff6b426000 	/usr/lib/system/libcommonCrypto.dylib
0x00007fff6b432000 	/usr/lib/system/libcompiler_rt.dylib
0x00007fff6b43a000 	/usr/lib/system/libcopyfile.dylib
0x00007fff6b444000 	/usr/lib/system/libcorecrypto.dylib
0x00007fff6b5e3000 	/usr/lib/system/libdispatch.dylib
0x00007fff6b624000 	/usr/lib/system/libdyld.dylib
0x00007fff6b65b000 	/usr/lib/system/libkeymgr.dylib
0x00007fff6b669000 	/usr/lib/system/liblaunch.dylib
0x00007fff6b66a000 	/usr/lib/system/libmacho.dylib
0x00007fff6b670000 	/usr/lib/system/libquarantine.dylib
0x00007fff6b673000 	/usr/lib/system/libremovefile.dylib
0x00007fff6b675000 	/usr/lib/system/libsystem_asl.dylib
0x00007fff6b68d000 	/usr/lib/system/libsystem_blocks.dylib
0x00007fff6b68e000 	/usr/lib/system/libsystem_c.dylib
0x00007fff6b716000 	/usr/lib/system/libsystem_configuration.dylib
0x00007fff6b71a000 	/usr/lib/system/libsystem_coreservices.dylib
0x00007fff6b71e000 	/usr/lib/system/libsystem_darwin.dylib
0x00007fff6b727000 	/usr/lib/system/libsystem_dnssd.dylib
0x00007fff6b72f000 	/usr/lib/system/libsystem_featureflags.dylib
0x00007fff6b731000 	/usr/lib/system/libsystem_info.dylib
0x00007fff6b7ac000 	/usr/lib/system/libsystem_m.dylib
0x00007fff6b7f4000 	/usr/lib/system/libsystem_malloc.dylib
0x00007fff6b81c000 	/usr/lib/system/libsystem_networkextension.dylib
0x00007fff6b82a000 	/usr/lib/system/libsystem_notify.dylib
0x00007fff6b848000 	/usr/lib/system/libsystem_sandbox.dylib
0x00007fff6b84d000 	/usr/lib/system/libsystem_secinit.dylib
0x00007fff6b77f000 	/usr/lib/system/libsystem_kernel.dylib
0x00007fff6b834000 	/usr/lib/system/libsystem_platform.dylib
0x00007fff6b83d000 	/usr/lib/system/libsystem_pthread.dylib
0x00007fff6b850000 	/usr/lib/system/libsystem_symptoms.dylib
0x00007fff6b858000 	/usr/lib/system/libsystem_trace.dylib
0x00007fff6b870000 	/usr/lib/system/libunwind.dylib
0x00007fff6b876000 	/usr/lib/system/libxpc.dylib
0x00007fff6895c000 	/usr/lib/libc++abi.dylib
0x00007fff69760000 	/usr/lib/liblzma.5.dylib
0x00007fff693db000 	/usr/lib/libfakelink.dylib
0x00007fff68715000 	/usr/lib/libarchive.2.dylib
0x00007fff3f0ed000 	/System/Library/Frameworks/SystemConfiguration.framework/Versions/A/SystemConfiguration
0x00007fff68080000 	/usr/lib/libCRFSuite.dylib
0x00007fff2ff58000 	/System/Library/Frameworks/CFNetwork.framework/Versions/A/CFNetwork
0x00007fff688eb000 	/usr/lib/libbsm.0.dylib
0x00007fff6b65c000 	/usr/lib/system/libkxld.dylib
0x00007fff44ea7000 	/System/Library/PrivateFrameworks/AppleFSCompression.framework/Versions/A/AppleFSCompression
0x00007fff68c76000 	/usr/lib/libcoretls.dylib
0x00007fff68c8d000 	/usr/lib/libcoretls_cfhelpers.dylib
0x00007fff6a4c9000 	/usr/lib/libpam.2.dylib
0x00007fff6a5fe000 	/usr/lib/libsqlite3.dylib
0x00007fff6aa3d000 	/usr/lib/libxar.1.dylib
0x00007fff688fc000 	/usr/lib/libbz2.1.0.dylib
0x00007fff693fc000 	/usr/lib/libiconv.2.dylib
0x00007fff68972000 	/usr/lib/libcharset.1.dylib
0x00007fff69f66000 	/usr/lib/libnetwork.dylib
0x00007fff6a4d0000 	/usr/lib/libpcap.A.dylib
0x00007fff686ca000 	/usr/lib/libapple_nghttp2.dylib
0x00007fff32e88000 	/System/Library/Frameworks/CoreServices.framework/Versions/A/Frameworks/FSEvents.framework/Versions/A/FSEvents
0x00007fff32b58000 	/System/Library/Frameworks/CoreServices.framework/Versions/A/Frameworks/CarbonCore.framework/Versions/A/CarbonCore
0x00007fff330cc000 	/System/Library/Frameworks/CoreServices.framework/Versions/A/Frameworks/Metadata.framework/Versions/A/Metadata
0x00007fff33165000 	/System/Library/Frameworks/CoreServices.framework/Versions/A/Frameworks/OSServices.framework/Versions/A/OSServices
0x00007fff33193000 	/System/Library/Frameworks/CoreServices.framework/Versions/A/Frameworks/SearchKit.framework/Versions/A/SearchKit
0x00007fff32ad2000 	/System/Library/Frameworks/CoreServices.framework/Versions/A/Frameworks/AE.framework/Versions/A/AE
0x00007fff32e91000 	/System/Library/Frameworks/CoreServices.framework/Versions/A/Frameworks/LaunchServices.framework/Versions/A/LaunchServices
0x00007fff32e3a000 	/System/Library/Frameworks/CoreServices.framework/Versions/A/Frameworks/DictionaryServices.framework/Versions/A/DictionaryServices
0x00007fff331fb000 	/System/Library/Frameworks/CoreServices.framework/Versions/A/Frameworks/SharedFileList.framework/Versions/A/SharedFileList
0x00007fff3808a000 	/System/Library/Frameworks/NetFS.framework/Versions/A/NetFS
0x00007fff58bd8000 	/System/Library/PrivateFrameworks/NetAuth.framework/Versions/A/NetAuth
0x00007fff65560000 	/System/Library/PrivateFrameworks/login.framework/Versions/A/Frameworks/loginsupport.framework/Versions/A/loginsupport
0x00007fff61e6e000 	/System/Library/PrivateFrameworks/TCC.framework/Versions/A/TCC
0x00007fff49ad8000 	/System/Library/PrivateFrameworks/CoreNLP.framework/Versions/A/CoreNLP
0x00007fff580d5000 	/System/Library/PrivateFrameworks/MetadataUtilities.framework/Versions/A/MetadataUtilities
0x00007fff69838000 	/usr/lib/libmecabra.dylib
0x00007fff69790000 	/usr/lib/libmecab.dylib
0x00007fff693ec000 	/usr/lib/libgermantok.dylib
0x00007fff686b1000 	/usr/lib/libThaiTokenizer.dylib
0x00007fff680b7000 	/usr/lib/libChineseTokenizer.dylib
0x00007fff2d388000 	/System/Library/Frameworks/Accelerate.framework/Versions/A/Frameworks/vImage.framework/Versions/A/vImage
0x00007fff2e7f2000 	/System/Library/Frameworks/Accelerate.framework/Versions/A/Frameworks/vecLib.framework/Versions/A/vecLib
0x00007fff2e72f000 	/System/Library/Frameworks/Accelerate.framework/Versions/A/Frameworks/vecLib.framework/Versions/A/libvMisc.dylib
0x00007fff2e557000 	/System/Library/Frameworks/Accelerate.framework/Versions/A/Frameworks/vecLib.framework/Versions/A/libvDSP.dylib
0x00007fff2d9df000 	/System/Library/Frameworks/Accelerate.framework/Versions/A/Frameworks/vecLib.framework/Versions/A/libBLAS.dylib
0x00007fff2e11b000 	/System/Library/Frameworks/Accelerate.framework/Versions/A/Frameworks/vecLib.framework/Versions/A/libLAPACK.dylib
0x00007fff2e4b7000 	/System/Library/Frameworks/Accelerate.framework/Versions/A/Frameworks/vecLib.framework/Versions/A/libLinearAlgebra.dylib
0x00007fff2e544000 	/System/Library/Frameworks/Accelerate.framework/Versions/A/Frameworks/vecLib.framework/Versions/A/libSparseBLAS.dylib
0x00007fff2e4cd000 	/System/Library/Frameworks/Accelerate.framework/Versions/A/Frameworks/vecLib.framework/Versions/A/libQuadrature.dylib
0x00007fff2dc47000 	/System/Library/Frameworks/Accelerate.framework/Versions/A/Frameworks/vecLib.framework/Versions/A/libBNNS.dylib
0x00007fff2e4d3000 	/System/Library/Frameworks/Accelerate.framework/Versions/A/Frameworks/vecLib.framework/Versions/A/libSparse.dylib
0x00007fff56c49000 	/System/Library/PrivateFrameworks/LanguageModeling.framework/Versions/A/LanguageModeling
0x00007fff49488000 	/System/Library/PrivateFrameworks/CoreEmoji.framework/Versions/A/CoreEmoji
0x00007fff56d67000 	/System/Library/PrivateFrameworks/LinguisticData.framework/Versions/A/LinguisticData
0x00007fff56d18000 	/System/Library/PrivateFrameworks/Lexicon.framework/Versions/A/Lexicon
0x00007fff68973000 	/usr/lib/libcmph.dylib
0x00007fff3ac79000 	/System/Library/Frameworks/OpenDirectory.framework/Versions/A/Frameworks/CFOpenDirectory.framework/Versions/A/CFOpenDirectory
0x00007fff3ac96000 	/System/Library/Frameworks/OpenDirectory.framework/Versions/A/OpenDirectory
0x00007fff430d7000 	/System/Library/PrivateFrameworks/APFS.framework/Versions/A/APFS
0x00007fff3e386000 	/System/Library/Frameworks/SecurityFoundation.framework/Versions/A/SecurityFoundation
0x00007fff6aa39000 	/usr/lib/libutil.dylib
0x00007fff4a9bd000 	/System/Library/PrivateFrameworks/CoreServicesStore.framework/Versions/A/CoreServicesStore
0x00007fff3e43d000 	/System/Library/Frameworks/ServiceManagement.framework/Versions/A/ServiceManagement
0x00007fff46677000 	/System/Library/PrivateFrameworks/BackgroundTaskManagement.framework/Versions/A/BackgroundTaskManagement
0x00007fff6ab36000 	/usr/lib/libxslt.1.dylib
0x00007fff4551a000 	/System/Library/PrivateFrameworks/AppleSystemInfo.framework/Versions/A/AppleSystemInfo
0x00007fff34830000 	/System/Library/Frameworks/ImageIO.framework/Versions/A/Resources/libJPEG.dylib
0x00007fff34aee000 	/System/Library/Frameworks/ImageIO.framework/Versions/A/Resources/libTIFF.dylib
0x00007fff34ad1000 	/System/Library/Frameworks/ImageIO.framework/Versions/A/Resources/libPng.dylib
0x00007fff34772000 	/System/Library/Frameworks/ImageIO.framework/Versions/A/Resources/libGIF.dylib
0x00007fff34776000 	/System/Library/Frameworks/ImageIO.framework/Versions/A/Resources/libJP2.dylib
0x00007fff34aec000 	/System/Library/Frameworks/ImageIO.framework/Versions/A/Resources/libRadiance.dylib
0x00007fff693b5000 	/usr/lib/libexpat.1.dylib
0x00007fff45002000 	/System/Library/PrivateFrameworks/AppleJPEG.framework/Versions/A/AppleJPEG
0x00007fff4dcbd000 	/System/Library/PrivateFrameworks/FontServices.framework/libFontParser.dylib
0x00007fff64562000 	/System/Library/PrivateFrameworks/WatchdogClient.framework/Versions/A/WatchdogClient
0x00007fff562a4000 	/System/Library/PrivateFrameworks/IOAccelerator.framework/Versions/A/IOAccelerator
0x00007fff36ffb000 	/System/Library/Frameworks/MetalPerformanceShaders.framework/Versions/A/MetalPerformanceShaders
0x00007fff52a3a000 	/System/Library/PrivateFrameworks/GPUWrangler.framework/Versions/A/GPUWrangler
0x00007fff562b9000 	/System/Library/PrivateFrameworks/IOPresentment.framework/Versions/A/IOPresentment
0x00007fff4b53d000 	/System/Library/PrivateFrameworks/DSExternalDisplay.framework/Versions/A/DSExternalDisplay
0x00007fff3b60a000 	/System/Library/Frameworks/OpenGL.framework/Versions/A/Libraries/libCoreFSCache.dylib
0x00007fff36d47000 	/System/Library/Frameworks/MetalPerformanceShaders.framework/Frameworks/MPSCore.framework/Versions/A/MPSCore
0x00007fff36d85000 	/System/Library/Frameworks/MetalPerformanceShaders.framework/Frameworks/MPSImage.framework/Versions/A/MPSImage
0x00007fff36e4c000 	/System/Library/Frameworks/MetalPerformanceShaders.framework/Frameworks/MPSNeuralNetwork.framework/Versions/A/MPSNeuralNetwork
0x00007fff36e10000 	/System/Library/Frameworks/MetalPerformanceShaders.framework/Frameworks/MPSMatrix.framework/Versions/A/MPSMatrix
0x00007fff36fab000 	/System/Library/Frameworks/MetalPerformanceShaders.framework/Frameworks/MPSRayIntersector.framework/Versions/A/MPSRayIntersector
0x00007fff36e36000 	/System/Library/Frameworks/MetalPerformanceShaders.framework/Frameworks/MPSNDArray.framework/Versions/A/MPSNDArray
0x00007fff58122000 	/System/Library/PrivateFrameworks/MetalTools.framework/Versions/A/MetalTools
0x00007fff442b1000 	/System/Library/PrivateFrameworks/AggregateDictionary.framework/Versions/A/AggregateDictionary
0x00007fff48ed0000 	/System/Library/PrivateFrameworks/CoreAnalytics.framework/Versions/A/CoreAnalytics
0x00007fff45439000 	/System/Library/PrivateFrameworks/AppleSauce.framework/Versions/A/AppleSauce
0x00007fff68373000 	/usr/lib/libIOReport.dylib
0x00007fff336fc000 	/System/Library/Frameworks/CoreVideo.framework/Versions/A/CoreVideo
0x00007fff53eb3000 	/System/Library/PrivateFrameworks/GraphVisualizer.framework/Versions/A/GraphVisualizer
0x00007fff4d203000 	/System/Library/PrivateFrameworks/FaceCore.framework/Versions/A/FaceCore
0x00007fff3ac20000 	/System/Library/Frameworks/OpenCL.framework/Versions/A/OpenCL
0x00007fff68195000 	/usr/lib/libFosl_dynamic.dylib
0x00007fff595f8000 	/System/Library/PrivateFrameworks/OTSVG.framework/Versions/A/OTSVG
0x00007fff2f8b1000 	/System/Library/Frameworks/ApplicationServices.framework/Versions/A/Frameworks/ATS.framework/Versions/A/Resources/libFontRegistry.dylib
0x00007fff4de8e000 	/System/Library/PrivateFrameworks/FontServices.framework/libhvf.dylib
0x00007fff3b615000 	/System/Library/Frameworks/OpenGL.framework/Versions/A/Libraries/libGFXShared.dylib
0x00007fff3b7f3000 	/System/Library/Frameworks/OpenGL.framework/Versions/A/Libraries/libGLU.dylib
0x00007fff3b61e000 	/System/Library/Frameworks/OpenGL.framework/Versions/A/Libraries/libGL.dylib
0x00007fff3b629000 	/System/Library/Frameworks/OpenGL.framework/Versions/A/Libraries/libGLImage.dylib
0x00007fff3b607000 	/System/Library/Frameworks/OpenGL.framework/Versions/A/Libraries/libCVMSPluginSupport.dylib
0x00007fff3b610000 	/System/Library/Frameworks/OpenGL.framework/Versions/A/Libraries/libCoreVMClient.dylib
0x00007fff69e07000 	/usr/lib/libncurses.5.4.dylib
0x00007fff2f7ad000 	/System/Library/Frameworks/ApplicationServices.framework/Versions/A/Frameworks/ATS.framework/Versions/A/ATS
0x00007fff2f97a000 	/System/Library/Frameworks/ApplicationServices.framework/Versions/A/Frameworks/ColorSyncLegacy.framework/Versions/A/ColorSyncLegacy
0x00007fff2fa18000 	/System/Library/Frameworks/ApplicationServices.framework/Versions/A/Frameworks/HIServices.framework/Versions/A/HIServices
0x00007fff2fa70000 	/System/Library/Frameworks/ApplicationServices.framework/Versions/A/Frameworks/LangAnalysis.framework/Versions/A/LangAnalysis
0x00007fff2fa7f000 	/System/Library/Frameworks/ApplicationServices.framework/Versions/A/Frameworks/PrintCore.framework/Versions/A/PrintCore
0x00007fff2fac5000 	/System/Library/Frameworks/ApplicationServices.framework/Versions/A/Frameworks/QD.framework/Versions/A/QD
0x00007fff2fad0000 	/System/Library/Frameworks/ApplicationServices.framework/Versions/A/Frameworks/SpeechSynthesis.framework/Versions/A/SpeechSynthesis
0x00007fff2f94a000 	/System/Library/Frameworks/ApplicationServices.framework/Versions/A/Frameworks/ATSUI.framework/Versions/A/ATSUI
0x00007fff6924b000 	/usr/lib/libcups.2.dylib
0x00007fff36096000 	/System/Library/Frameworks/Kerberos.framework/Versions/A/Kerberos
0x00007fff341d8000 	/System/Library/Frameworks/GSS.framework/Versions/A/GSS
0x00007fff6a58a000 	/usr/lib/libresolv.9.dylib
0x00007fff54060000 	/System/Library/PrivateFrameworks/Heimdal.framework/Versions/A/Heimdal
0x00007fff360a9000 	/System/Library/Frameworks/Kerberos.framework/Versions/A/Libraries/libHeimdalProxy.dylib
0x00007fff693f2000 	/usr/lib/libheimdal-asn1.dylib
0x00007fff48368000 	/System/Library/PrivateFrameworks/CommonAuth.framework/Versions/A/CommonAuth
0x00007fff455b7000 	/System/Library/PrivateFrameworks/AssertionServices.framework/Versions/A/AssertionServices
0x00007fff4615a000 	/System/Library/PrivateFrameworks/AudioToolboxCore.framework/Versions/A/AudioToolboxCore
0x00007fff65210000 	/System/Library/PrivateFrameworks/caulk.framework/Versions/A/caulk
0x00007fff46723000 	/System/Library/PrivateFrameworks/BaseBoard.framework/Versions/A/BaseBoard
0x00007fff5d85b000 	/System/Library/PrivateFrameworks/RunningBoardServices.framework/Versions/A/RunningBoardServices
0x00007fff5a86c000 	/System/Library/PrivateFrameworks/PersistentConnection.framework/Versions/A/PersistentConnection
0x00007fff5d254000 	/System/Library/PrivateFrameworks/ProtocolBuffer.framework/Versions/A/ProtocolBuffer
0x00007fff4838c000 	/System/Library/PrivateFrameworks/CommonUtilities.framework/Versions/A/CommonUtilities
0x00007fff468b1000 	/System/Library/PrivateFrameworks/Bom.framework/Versions/A/Bom
0x00007fff68046000 	/usr/lib/libAudioToolboxUtility.dylib
0x00007fff46681000 	/System/Library/PrivateFrameworks/Backup.framework/Versions/A/Backup
0x00007fff4b45e000 	/System/Library/PrivateFrameworks/CrashReporterSupport.framework/Versions/A/CrashReporterSupport
0x00007fff5f2ed000 	/System/Library/PrivateFrameworks/Sharing.framework/Versions/A/Sharing
0x00007fff44bc5000 	/System/Library/PrivateFrameworks/Apple80211.framework/Versions/A/Apple80211
0x00007fff4639e000 	/System/Library/PrivateFrameworks/AuthKit.framework/Versions/A/AuthKit
0x00007fff4b16b000 	/System/Library/PrivateFrameworks/CoreUtils.framework/Versions/A/CoreUtils
0x00007fff33741000 	/System/Library/Frameworks/CoreWLAN.framework/Versions/A/CoreWLAN
0x00007fff34365000 	/System/Library/Frameworks/IOBluetooth.framework/Versions/A/IOBluetooth
0x00007fff58427000 	/System/Library/PrivateFrameworks/MobileKeyBag.framework/Versions/A/MobileKeyBag
0x00007fff49f70000 	/System/Library/PrivateFrameworks/CorePhoneNumbers.framework/Versions/A/CorePhoneNumbers
0x00007fff44fb5000 	/System/Library/PrivateFrameworks/AppleIDAuthSupport.framework/Versions/A/AppleIDAuthSupport
0x00007fff38097000 	/System/Library/Frameworks/Network.framework/Versions/A/Network
0x00007fff56af5000 	/System/Library/PrivateFrameworks/KeychainCircle.framework/Versions/A/KeychainCircle
0x00007fff31192000 	/System/Library/Frameworks/CoreBluetooth.framework/Versions/A/CoreBluetooth
0x00007fff6136c000 	/System/Library/PrivateFrameworks/SpeechRecognitionCore.framework/Versions/A/SpeechRecognitionCore
0x000000010455e000 	/Applications/Android Studio.app/Contents/jre/jdk/Contents/Home/jre/lib/server/libjvm.dylib
0x00007fff6a90c000 	/usr/lib/libstdc++.6.dylib
0x00000001036a4000 	/Applications/Android Studio.app/Contents/jre/jdk/Contents/Home/jre/lib/libverify.dylib
0x00000001036b6000 	/Applications/Android Studio.app/Contents/jre/jdk/Contents/Home/jre/lib/libjava.dylib
0x000000010374a000 	/Applications/Android Studio.app/Contents/jre/jdk/Contents/Home/jre/lib/libzip.dylib
0x000000010379f000 	/Applications/Android Studio.app/Contents/jre/jdk/Contents/Home/jre/lib/libnio.dylib
0x00000001037ba000 	/Applications/Android Studio.app/Contents/jre/jdk/Contents/Home/jre/lib/libnet.dylib
0x000000011b890000 	/Users/soso/.gradle/native/9f2fa17c089eee584f3420100432f77ec4c098959e4bf121a4d6054c26537dfb/osx-amd64/libnative-platform.dylib
0x000000011bbd9000 	/Applications/Android Studio.app/Contents/jre/jdk/Contents/Home/jre/lib/libmanagement.dylib
0x000000011c1f1000 	/Users/soso/.gradle/native/9f2fa17c089eee584f3420100432f77ec4c098959e4bf121a4d6054c26537dfb/osx-amd64/libnative-platform-file-events.dylib
0x0000000122577000 	/Applications/Android Studio.app/Contents/jre/jdk/Contents/Home/jre/lib/libawt.dylib
0x0000000122638000 	/Applications/Android Studio.app/Contents/jre/jdk/Contents/Home/jre/lib/libmlib_image.dylib
0x00007fff36080000 	/System/Library/Frameworks/JavaVM.framework/Versions/A/Frameworks/JavaNativeFoundation.framework/Versions/A/JavaNativeFoundation
0x00007fff36089000 	/System/Library/Frameworks/JavaVM.framework/Versions/A/Frameworks/JavaRuntimeSupport.framework/Versions/A/JavaRuntimeSupport
0x00007fff36091000 	/System/Library/Frameworks/JavaVM.framework/Versions/A/JavaVM
0x00007fff5690c000 	/System/Library/PrivateFrameworks/JavaLaunching.framework/Versions/A/JavaLaunching
0x00007fff30363000 	/System/Library/Frameworks/Carbon.framework/Versions/A/Carbon
0x00007fff4af10000 	/System/Library/PrivateFrameworks/CoreSymbolication.framework/Versions/A/CoreSymbolication
0x00007fff30364000 	/System/Library/Frameworks/Carbon.framework/Versions/A/Frameworks/CommonPanels.framework/Versions/A/CommonPanels
0x00007fff3065d000 	/System/Library/Frameworks/Carbon.framework/Versions/A/Frameworks/Help.framework/Versions/A/Help
0x00007fff30661000 	/System/Library/Frameworks/Carbon.framework/Versions/A/Frameworks/ImageCapture.framework/Versions/A/ImageCapture
0x00007fff30668000 	/System/Library/Frameworks/Carbon.framework/Versions/A/Frameworks/OpenScripting.framework/Versions/A/OpenScripting
0x00007fff30667000 	/System/Library/Frameworks/Carbon.framework/Versions/A/Frameworks/Ink.framework/Versions/A/Ink
0x00007fff306a3000 	/System/Library/Frameworks/Carbon.framework/Versions/A/Frameworks/Print.framework/Versions/A/Print
0x00007fff306a4000 	/System/Library/Frameworks/Carbon.framework/Versions/A/Frameworks/SecurityHI.framework/Versions/A/SecurityHI
0x00007fff4b692000 	/System/Library/PrivateFrameworks/DebugSymbols.framework/Versions/A/DebugSymbols
0x00000001226fe000 	/Applications/Android Studio.app/Contents/jre/jdk/Contents/Home/jre/lib/libawt_lwawt.dylib
0x00000001227ed000 	/Applications/Android Studio.app/Contents/jre/jdk/Contents/Home/jre/lib/libosxapp.dylib
0x00007fff33c41000 	/System/Library/Frameworks/ExceptionHandling.framework/Versions/A/ExceptionHandling
0x0000000122e15000 	/private/var/folders/nk/77tzydc5271b4jt6909jb9m80000gn/T/native-platform579128487196656945dir/libnative-platform.dylib
0x000000012469b000 	/private/var/folders/nk/77tzydc5271b4jt6909jb9m80000gn/T/room-1379680f-7a14-46bb-9d68-2f848b8fec3f/sqlite-3.25.2-fca58feb-f14b-43fc-9f92-8bbc345b07a6-libsqlitejdbc.jnilib
0x000000012602d000 	/private/var/folders/nk/77tzydc5271b4jt6909jb9m80000gn/T/room-f2ee67c0-443b-4a6b-b67a-6e93cbc1f519/sqlite-3.25.2-6e752018-f587-41fe-91e5-0f6a8a183341-libsqlitejdbc.jnilib
0x0000000126bbd000 	/private/var/folders/nk/77tzydc5271b4jt6909jb9m80000gn/T/room-9089d086-7066-43ef-9116-86f65a98a345/sqlite-3.25.2-1d8c5440-5833-41c5-93fc-294304b9dde8-libsqlitejdbc.jnilib
0x000000012794d000 	/private/var/folders/nk/77tzydc5271b4jt6909jb9m80000gn/T/room-9380a014-b455-4f31-8c27-6cfb99724a11/sqlite-3.25.2-14fce1c2-3113-4be2-971b-b34e190ed2e9-libsqlitejdbc.jnilib
0x00000001288df000 	/private/var/folders/nk/77tzydc5271b4jt6909jb9m80000gn/T/room-ebb3af46-276a-4f73-be4b-f75a3e98903e/sqlite-3.25.2-038499e0-aba2-4c02-bbc6-12014c36b6a4-libsqlitejdbc.jnilib
0x000000012946f000 	/private/var/folders/nk/77tzydc5271b4jt6909jb9m80000gn/T/room-22f5d3f0-e8cc-42ef-98c4-2074e1c0ef97/sqlite-3.25.2-b0d64dd5-3fe0-4ad8-91f3-62d1f392d8c8-libsqlitejdbc.jnilib
0x0000000129fff000 	/private/var/folders/nk/77tzydc5271b4jt6909jb9m80000gn/T/room-2793ee0a-3f59-4371-9252-0569a5636c15/sqlite-3.25.2-f4963606-7738-43c9-bb3a-eb3c37edf5eb-libsqlitejdbc.jnilib
0x000000011e361000 	/private/var/folders/nk/77tzydc5271b4jt6909jb9m80000gn/T/room-c7457d62-5c45-4d01-9e01-bf264197d3d2/sqlite-3.25.2-12a5f155-a555-40ae-85e2-cd38554812ad-libsqlitejdbc.jnilib
0x000000011e743000 	/private/var/folders/nk/77tzydc5271b4jt6909jb9m80000gn/T/room-31b3dcf9-d8e1-4be4-9802-a27ace1f3269/sqlite-3.25.2-a72666d9-4b6c-4d60-9751-d27d0ea23b82-libsqlitejdbc.jnilib
0x0000000125a78000 	/private/var/folders/nk/77tzydc5271b4jt6909jb9m80000gn/T/room-8818e958-045e-45c7-9127-ccb06a209b88/sqlite-3.25.2-88322465-2625-4288-bd6b-9ee180f13a91-libsqlitejdbc.jnilib
0x000000012c58f000 	/private/var/folders/nk/77tzydc5271b4jt6909jb9m80000gn/T/room-b53af541-9f3f-489d-a1c1-4ef03c9521db/sqlite-3.25.2-7abf4908-d7d7-4c2b-bc02-d2184e42fc81-libsqlitejdbc.jnilib
0x000000012d11f000 	/private/var/folders/nk/77tzydc5271b4jt6909jb9m80000gn/T/room-ca3558ed-6a38-43e1-9fd6-75fd97c08f53/sqlite-3.25.2-401e207b-aee3-4883-8aaa-08a50c318869-libsqlitejdbc.jnilib
0x000000012deaf000 	/private/var/folders/nk/77tzydc5271b4jt6909jb9m80000gn/T/room-3cc05105-7516-474b-aa0e-cc4c51cfc0c2/sqlite-3.25.2-3968d8c5-ffa3-4e77-8ed0-7038371092d0-libsqlitejdbc.jnilib
0x000000012ea3f000 	/private/var/folders/nk/77tzydc5271b4jt6909jb9m80000gn/T/room-3ae40390-dc6c-4945-8858-9a749446aac1/sqlite-3.25.2-a4beea76-047b-4323-8a34-8efb94bd3dbe-libsqlitejdbc.jnilib
0x000000012f5cf000 	/private/var/folders/nk/77tzydc5271b4jt6909jb9m80000gn/T/room-abc04c84-dec4-4511-add5-b658e6b5fc62/sqlite-3.25.2-82a13fa5-cfac-4775-9201-8972156be2a9-libsqlitejdbc.jnilib
0x000000013015f000 	/private/var/folders/nk/77tzydc5271b4jt6909jb9m80000gn/T/room-eed7b85d-628c-40a3-9565-f241bddd295a/sqlite-3.25.2-3bbf8cf2-eed6-43ce-afec-2f73d6f6b75d-libsqlitejdbc.jnilib
0x0000000130cef000 	/private/var/folders/nk/77tzydc5271b4jt6909jb9m80000gn/T/room-4c6263dc-4807-4658-aa63-8279042f4b27/sqlite-3.25.2-4f5909fc-a8db-4fc1-ab29-7054920e6765-libsqlitejdbc.jnilib
0x000000013187f000 	/private/var/folders/nk/77tzydc5271b4jt6909jb9m80000gn/T/room-87c918c5-697c-4641-8b7d-92297ace110b/sqlite-3.25.2-bb13a565-aa3d-43f3-a523-7a949737f3a6-libsqlitejdbc.jnilib
0x000000013240f000 	/private/var/folders/nk/77tzydc5271b4jt6909jb9m80000gn/T/room-aad8b66a-4111-4c72-9eb7-4b0152b1eeeb/sqlite-3.25.2-24eee589-141f-4ff1-bfd9-e3fa9210fc01-libsqlitejdbc.jnilib
0x0000000132f9f000 	/private/var/folders/nk/77tzydc5271b4jt6909jb9m80000gn/T/room-a6c34509-ba5b-44c6-b86b-dfcc84a5c100/sqlite-3.25.2-b6a93a1c-4ca3-4d97-9a98-a085eb82aadd-libsqlitejdbc.jnilib
0x0000000133b2f000 	/private/var/folders/nk/77tzydc5271b4jt6909jb9m80000gn/T/room-69c22402-87c5-4fe2-84cb-4f8f8e2c91a2/sqlite-3.25.2-cea5dfaf-946d-483f-8b0e-377f0ed077ee-libsqlitejdbc.jnilib
0x00000001348bf000 	/private/var/folders/nk/77tzydc5271b4jt6909jb9m80000gn/T/room-6ac4c38c-ab50-49e9-8a39-8a4f8184e457/sqlite-3.25.2-21593c9f-dd47-42b4-a87d-df3065195988-libsqlitejdbc.jnilib
0x000000013524f000 	/private/var/folders/nk/77tzydc5271b4jt6909jb9m80000gn/T/room-b62166f5-d0c4-4ea2-9a38-0c1869abb2dd/sqlite-3.25.2-ac350696-ef42-4d7d-9072-09e8ed827b7d-libsqlitejdbc.jnilib
0x0000000135ddf000 	/private/var/folders/nk/77tzydc5271b4jt6909jb9m80000gn/T/room-c2aaab1c-9004-40ce-bdb7-f18773029879/sqlite-3.25.2-2e9e77a9-d4c6-4922-9f27-49171bcbe0ff-libsqlitejdbc.jnilib
0x000000013696f000 	/private/var/folders/nk/77tzydc5271b4jt6909jb9m80000gn/T/room-077f6439-bf92-4193-9da5-3baa0ddd0182/sqlite-3.25.2-d8044c1c-a0a0-4a3a-b9a6-2492ae5daec1-libsqlitejdbc.jnilib
0x00000001374ff000 	/private/var/folders/nk/77tzydc5271b4jt6909jb9m80000gn/T/room-bb95c918-02de-4fc6-bd67-69e1c761ad4e/sqlite-3.25.2-f6f8831a-f980-463f-9fc9-9fed734f984f-libsqlitejdbc.jnilib
0x000000013808f000 	/private/var/folders/nk/77tzydc5271b4jt6909jb9m80000gn/T/room-6a5c4a85-1187-458c-abba-fd564fe5d0c1/sqlite-3.25.2-192a881c-8533-44f2-9373-ee18f125bff4-libsqlitejdbc.jnilib
0x0000000138c1f000 	/private/var/folders/nk/77tzydc5271b4jt6909jb9m80000gn/T/room-886279b1-4ccc-48b5-8fad-fee4ee0565b5/sqlite-3.25.2-9f55292f-3961-4637-aa1a-aaa84b856666-libsqlitejdbc.jnilib
0x00000001397af000 	/private/var/folders/nk/77tzydc5271b4jt6909jb9m80000gn/T/room-d189ac7d-29b1-48b3-80a8-a492838eaa9c/sqlite-3.25.2-6c4865ba-4e33-4e7b-8992-73bb7b7cc9c2-libsqlitejdbc.jnilib
0x000000013a33f000 	/private/var/folders/nk/77tzydc5271b4jt6909jb9m80000gn/T/room-0bb69040-32ff-4299-b7a3-1744e0f87105/sqlite-3.25.2-cec2b492-e318-491d-9400-4ae92ecec84c-libsqlitejdbc.jnilib
0x000000013accf000 	/private/var/folders/nk/77tzydc5271b4jt6909jb9m80000gn/T/room-0294380c-b319-42ca-ad92-6d660f69c4b0/sqlite-3.25.2-d08cbabf-8a45-4e83-b0d1-1f3c776f62fc-libsqlitejdbc.jnilib
0x000000013ba5f000 	/private/var/folders/nk/77tzydc5271b4jt6909jb9m80000gn/T/room-04caf7a7-733b-4af7-8604-c3a2abd301be/sqlite-3.25.2-22fae78d-c733-4d13-8e7d-2881e54161e9-libsqlitejdbc.jnilib
0x000000013c5ef000 	/private/var/folders/nk/77tzydc5271b4jt6909jb9m80000gn/T/room-5678af8b-43a4-4c7e-bd73-9a438b86583f/sqlite-3.25.2-abd51241-ae15-4de0-a2eb-080612b1678f-libsqlitejdbc.jnilib
0x000000013d17f000 	/private/var/folders/nk/77tzydc5271b4jt6909jb9m80000gn/T/room-a15551c8-6a6c-4a33-b939-a819d2665c32/sqlite-3.25.2-05011294-cc62-4ec2-98ea-242a81f857c9-libsqlitejdbc.jnilib
0x000000013dd0f000 	/private/var/folders/nk/77tzydc5271b4jt6909jb9m80000gn/T/room-2274dfa7-06ee-492d-93cf-fd6a1a3c43e6/sqlite-3.25.2-0c3c5939-3406-429d-9601-e7601ed59cd1-libsqlitejdbc.jnilib
0x000000013e89f000 	/private/var/folders/nk/77tzydc5271b4jt6909jb9m80000gn/T/room-1d1ea8cb-699e-4e57-8045-695b639e7b25/sqlite-3.25.2-c149c81e-4459-4e30-aecd-dbcb3093832b-libsqlitejdbc.jnilib
0x000000013f42f000 	/private/var/folders/nk/77tzydc5271b4jt6909jb9m80000gn/T/room-06166516-d280-4c32-b2f9-3b4dbd22406a/sqlite-3.25.2-9cf33bcf-ad3b-45fd-b668-e04dcff1c1b1-libsqlitejdbc.jnilib
0x000000013ffbf000 	/private/var/folders/nk/77tzydc5271b4jt6909jb9m80000gn/T/room-cf479995-1414-48d8-973f-7def694e70cd/sqlite-3.25.2-cda25929-786e-4cac-94fa-36ffa82e1260-libsqlitejdbc.jnilib
0x0000000140b4f000 	/private/var/folders/nk/77tzydc5271b4jt6909jb9m80000gn/T/room-9e8bc026-4b08-4ca1-b3c6-7ea120c2c00a/sqlite-3.25.2-3ddc651e-fd50-4eb3-980e-9e588864e781-libsqlitejdbc.jnilib
0x00000001416df000 	/private/var/folders/nk/77tzydc5271b4jt6909jb9m80000gn/T/room-043dd544-d12a-4223-995f-280642bbe7dc/sqlite-3.25.2-84143694-162c-4696-b89b-33f8e4e6fd44-libsqlitejdbc.jnilib
0x000000014206f000 	/private/var/folders/nk/77tzydc5271b4jt6909jb9m80000gn/T/room-383347ee-1eeb-410a-bee0-61a5ae5ddafd/sqlite-3.25.2-3080760c-468f-4a33-bc0f-c5106b05bd67-libsqlitejdbc.jnilib
0x0000000142dff000 	/private/var/folders/nk/77tzydc5271b4jt6909jb9m80000gn/T/room-a26741a8-d756-4108-a5a2-f8ea559fd964/sqlite-3.25.2-393cb38f-1906-4af2-a9b4-0fd745904f30-libsqlitejdbc.jnilib
0x000000014398f000 	/private/var/folders/nk/77tzydc5271b4jt6909jb9m80000gn/T/room-c6cac505-727b-462c-b9a8-ea6b116474cb/sqlite-3.25.2-fa327a7a-44b8-4bef-8940-221d695b205d-libsqlitejdbc.jnilib
0x000000011def1000 	/Applications/Android Studio.app/Contents/jre/jdk/Contents/Home/jre/lib/libsunec.dylib
0x00007fff6a9de000 	/usr/lib/libusrtcp.dylib

VM Arguments:
jvm_args: -Xmx2048m -Dfile.encoding=UTF-8 -Duser.country=FR -Duser.language=fr -Duser.variant 
java_command: org.gradle.launcher.daemon.bootstrap.GradleDaemon 6.6-rc-3
java_class_path (initial): /Users/soso/.gradle/wrapper/dists/gradle-6.6-rc-3-all/6ukb1n1ggnj6c428kebua5eks/gradle-6.6-rc-3/lib/gradle-launcher-6.6.jar
Launcher Type: SUN_STANDARD

Environment Variables:
PATH=/usr/local/bin:/usr/bin:/bin:/usr/sbin:/sbin
SHELL=/bin/zsh

Signal Handlers:
SIGSEGV: [libjvm.dylib+0x565c43], sa_mask[0]=11111111011111110111111111111111, sa_flags=SA_ONSTACK|SA_RESTART|SA_SIGINFO
SIGBUS: [libjvm.dylib+0x565c43], sa_mask[0]=11111111011111110111111111111111, sa_flags=SA_RESTART|SA_SIGINFO
SIGFPE: [libjvm.dylib+0x45dd9d], sa_mask[0]=11111111011111110111111111111111, sa_flags=SA_RESTART|SA_SIGINFO
SIGPIPE: [libjvm.dylib+0x45dd9d], sa_mask[0]=11111111011111110111111111111111, sa_flags=SA_RESTART|SA_SIGINFO
SIGXFSZ: [libjvm.dylib+0x45dd9d], sa_mask[0]=11111111011111110111111111111111, sa_flags=SA_RESTART|SA_SIGINFO
SIGILL: [libjvm.dylib+0x45dd9d], sa_mask[0]=11111111011111110111111111111111, sa_flags=SA_RESTART|SA_SIGINFO
SIGUSR1: SIG_DFL, sa_mask[0]=00000000000000000000000000000000, sa_flags=none
SIGUSR2: [libjvm.dylib+0x45e69c], sa_mask[0]=00100000000000000000000000000000, sa_flags=SA_RESTART|SA_SIGINFO
SIGHUP: [libjvm.dylib+0x45c8c1], sa_mask[0]=11111111011111110111111111111111, sa_flags=SA_RESTART|SA_SIGINFO
SIGINT: [libjvm.dylib+0x45c8c1], sa_mask[0]=11111111011111110111111111111111, sa_flags=SA_RESTART|SA_SIGINFO
SIGTERM: [libjvm.dylib+0x45c8c1], sa_mask[0]=11111111011111110111111111111111, sa_flags=SA_RESTART|SA_SIGINFO
SIGQUIT: [libjvm.dylib+0x45c8c1], sa_mask[0]=11111111011111110111111111111111, sa_flags=SA_RESTART|SA_SIGINFO


---------------  S Y S T E M  ---------------

OS:Bsduname:Darwin 19.6.0 Darwin Kernel Version 19.6.0: Sun Jul  5 00:43:10 PDT 2020; root:xnu-6153.141.1~9/RELEASE_X86_64 x86_64
rlimit: STACK 8192k, CORE 0k, NPROC 1392, NOFILE 10240, AS infinity
load average:4.79 4.69 4.55

CPU:total 4 (initial active 4) (2 cores per cpu, 2 threads per core) family 6 model 61 stepping 4, cmov, cx8, fxsr, mmx, sse, sse2, sse3, ssse3, sse4.1, sse4.2, popcnt, avx, avx2, aes, clmul, erms, 3dnowpref, lzcnt, ht, tsc, tscinvbit, bmi1, bmi2, adx

Memory: 4k page, physical 8388608k(31744k free)

/proc/meminfo:


vm_info: OpenJDK 64-Bit Server VM (25.242-b3-6222593) for bsd-amd64 JRE (1.8.0_242-release-1644-b3-6222593), built by "android-build" with gcc 4.2.1 Compatible Android (5484270 based on r353983c) Clang 9.0.3 (https://android.googlesource.com/toolchain/clang 745b335211bb9eadfa6aa6301f84715cee4b37c5) (https://android.googlesource.com/toolchain/llvm 60cf23e54e46c807513f7a36d0a7b777920b5881)

time: Mon Sep 14 12:32:12 2020
timezone: CEST
elapsed time: 39209 seconds (0d 10h 53m 29s)

