#
# A fatal error has been detected by the Java Runtime Environment:
#
#  SIGSEGV (0xb) at pc=0x0000000103b5b0ee, pid=1240, tid=0x0000000000005823
#
# JRE version: OpenJDK Runtime Environment (8.0_242) (build 1.8.0_242-release-1644-b3-6222593)
# Java VM: OpenJDK 64-Bit Server VM (25.242-b3-6222593 mixed mode bsd-amd64 compressed oops)
# Problematic frame:
# v  ~BufferBlob::vtable chunks
#
# Failed to write core dump. Core dumps have been disabled. To enable core dumping, try "ulimit -c unlimited" before starting Java again
#
# If you would like to submit a bug report, please visit:
#   http://bugreport.java.com/bugreport/crash.jsp
#

---------------  T H R E A D  ---------------

Current thread (0x00007fd1e8607800):  JavaThread "WorkerExecutor Queue" [_thread_in_Java, id=22563, stack(0x0000700019d6d000,0x0000700019e6d000)]

siginfo: si_signo: 11 (SIGSEGV), si_code: 1 (SEGV_MAPERR), si_addr: 0x000000089e5c8778

Registers:
RAX=0x00000007c001b690, RBX=0x00000007c001b690, RCX=0x000000000337eed2, RDX=0x00000000f5622221
RSP=0x0000700019e6ba68, RBP=0x00000007ab14c5d8, RSI=0x00000007ab14c5d8, RDI=0x000000011bc09530
R8 =0x000000000000000e, R9 =0x000000000000015a, R10=0x00000007c058c610, R11=0x000000089e5c8778
R12=0x0000000000000000, R13=0x000000003c8ecd65, R14=0x00000007ab0da158, R15=0x00007fd1e8607800
RIP=0x0000000103b5b0ee, EFLAGS=0x0000000000010202, ERR=0x0000000000000004
  TRAPNO=0x000000000000000e

Top of Stack: (sp=0x0000700019e6ba68)
0x0000700019e6ba68:   0000000106120374 e841edee852ec682
0x0000700019e6ba78:   00000007ab0a54d0 000000011bc18698
0x0000700019e6ba88:   0000000000000000 00000007aabc4ac8
0x0000700019e6ba98:   00007fd1e8607800 00000007ab698518
0x0000700019e6baa8:   0000000103aaed87 00000007ab6954a8
0x0000700019e6bab8:   0000000109c65860 7d64746c00000001
0x0000700019e6bac8:   00000007602df96a 00000002d242edab
0x0000700019e6bad8:   00000007ab6a05a8 9bb9c82b00000003
0x0000700019e6bae8:   00007fd1e8607800 00000007ab6585d8
0x0000700019e6baf8:   000000010a8decc4 000000200000000c
0x0000700019e6bb08:   00000007ab658630 000000070000001f
0x0000700019e6bb18:   00000007f561b42b 00000007ab0da158
0x0000700019e6bb28:   00000007ab6585b8 00000007ab51ba40
0x0000700019e6bb38:   00000007ab51b738 0000000000000020
0x0000700019e6bb48:   0000000106122828 00000007aab71f20
0x0000700019e6bb58:   0000000880dcb627 0000000000000020
0x0000700019e6bb68:   00000007ab949348 00000007ab59ce98
0x0000700019e6bb78:   00000007ab51bac8 00000007ab5b2dc8
0x0000700019e6bb88:   00000007ab59ce98 00000007aa45ef18
0x0000700019e6bb98:   0000700019e6bbd8 00000007aa45ef18
0x0000700019e6bba8:   00000007ab51b2e8 00000007aab71f08
0x0000700019e6bbb8:   0000000104e5b2a0 00000007aab71f08
0x0000700019e6bbc8:   0000700019e6bc20 0000000103a49d80
0x0000700019e6bbd8:   00000007aab71c20 00000007aab71f20
0x0000700019e6bbe8:   00000007aab71f08 0000700019e6bc60
0x0000700019e6bbf8:   0000000103a49d80 0000000103a49d80
0x0000700019e6bc08:   0000000103a49d80 00000007ab59ce98
0x0000700019e6bc18:   00000007aab71f08 0000700019e6bc20
0x0000700019e6bc28:   000000011ef61bf9 0000700019e6bc90
0x0000700019e6bc38:   000000011ef77d30 0000000000000000
0x0000700019e6bc48:   000000011ef61c48 0000700019e6bc10
0x0000700019e6bc58:   0000700019e6bc88 0000700019e6bcd8 

Instructions: (pc=0x0000000103b5b0ee)
0x0000000103b5b0ce:   00 00 48 8b 58 08 48 8b 00 44 8b 56 08 49 c1 e2
0x0000000103b5b0de:   03 45 8b 9a 10 01 00 00 4f 8d 9c da a8 01 00 00
0x0000000103b5b0ee:   4d 8b 13 49 3b da 74 15 4d 85 d2 0f 84 4f 00 00
0x0000000103b5b0fe:   00 49 83 c3 10 4d 8b 13 49 3b da 75 eb 44 8b 56 

Register to memory mapping:

RAX=0x00000007c001b690 is pointing into metadata
RBX=0x00000007c001b690 is pointing into metadata
RCX=0x000000000337eed2 is an unknown value
RDX=0x00000000f5622221 is an unknown value
RSP=0x0000700019e6ba68 is pointing into the stack for thread: 0x00007fd1e8607800
RBP=0x00000007ab14c5d8 is an oop

[error occurred during error reporting (printing register info), id 0xb]

Stack: [0x0000700019d6d000,0x0000700019e6d000],  sp=0x0000700019e6ba68,  free space=1018k
Native frames: (J=compiled Java code, j=interpreted, Vv=VM code, C=native code)
v  ~BufferBlob::vtable chunks


---------------  P R O C E S S  ---------------

Java Threads: ( => current thread )
  0x00007fd1e2ee0800 JavaThread "stdout" [_thread_in_native, id=47135, stack(0x000070001a991000,0x000070001aa91000)]
  0x00007fd1e82f1800 JavaThread "stderr" [_thread_in_native, id=67871, stack(0x000070001a88e000,0x000070001a98e000)]
  0x00007fd1ed5a3800 JavaThread "process reaper" daemon [_thread_in_native, id=52847, stack(0x00007000106ab000,0x00007000106d3000)]
  0x00007fd1eecb1000 JavaThread "pool-593-thread-1" [_thread_blocked, id=56659, stack(0x000070001a78b000,0x000070001a88b000)]
  0x00007fd1e808a800 JavaThread "WorkerExecutor Queue Thread 2" [_thread_blocked, id=86207, stack(0x000070001a179000,0x000070001a279000)]
=>0x00007fd1e8607800 JavaThread "WorkerExecutor Queue" [_thread_in_Java, id=22563, stack(0x0000700019d6d000,0x0000700019e6d000)]
  0x00007fd1ed5a2800 JavaThread "Cache worker for execution history cache (/Users/soso/AndroidStudioProjects/RealEstateManager/.gradle/6.6-rc-3/executionHistory)" [_thread_blocked, id=74523, stack(0x0000700019a64000,0x0000700019b64000)]
  0x00007fd1e74d9000 JavaThread "Execution worker for ':' Thread 3" [_thread_blocked, id=21899, stack(0x0000700019961000,0x0000700019a61000)]
  0x00007fd1e2ca3800 JavaThread "Execution worker for ':' Thread 2" [_thread_blocked, id=32715, stack(0x000070001985e000,0x000070001995e000)]
  0x00007fd1e8893000 JavaThread "Execution worker for ':'" [_thread_blocked, id=52099, stack(0x000070001975b000,0x000070001985b000)]
  0x00007fd1e44f3000 JavaThread "Cache worker for file content cache (/Users/soso/AndroidStudioProjects/RealEstateManager/.gradle/6.6-rc-3/fileContent)" [_thread_blocked, id=60923, stack(0x0000700019658000,0x0000700019758000)]
  0x00007fd1ed541000 JavaThread "jar transforms Thread 21670" [_thread_blocked, id=129351, stack(0x0000700019452000,0x0000700019552000)]
  0x00007fd1e8f1b000 JavaThread "jar transforms Thread 21669" [_thread_blocked, id=42795, stack(0x000070001934f000,0x000070001944f000)]
  0x00007fd1e2fbf000 JavaThread "jar transforms Thread 21668" [_thread_blocked, id=89355, stack(0x000070001924c000,0x000070001934c000)]
  0x00007fd1e76b2800 JavaThread "jar transforms Thread 21667" [_thread_blocked, id=73403, stack(0x0000700019149000,0x0000700019249000)]
  0x00007fd1e464a800 JavaThread "jar transforms Thread 21666" [_thread_blocked, id=55831, stack(0x0000700019046000,0x0000700019146000)]
  0x00007fd1ed540800 JavaThread "jar transforms Thread 21665" [_thread_blocked, id=58639, stack(0x0000700018f43000,0x0000700019043000)]
  0x00007fd1ed53f800 JavaThread "jar transforms Thread 21664" [_thread_blocked, id=121631, stack(0x0000700018e40000,0x0000700018f40000)]
  0x00007fd1ed53f000 JavaThread "jar transforms Thread 21663" [_thread_blocked, id=40667, stack(0x0000700018d3d000,0x0000700018e3d000)]
  0x00007fd1e884c000 JavaThread "jar transforms Thread 21662" [_thread_blocked, id=83471, stack(0x0000700018c3a000,0x0000700018d3a000)]
  0x00007fd1e2b72000 JavaThread "jar transforms Thread 21661" [_thread_blocked, id=29867, stack(0x0000700018b37000,0x0000700018c37000)]
  0x00007fd1eedc1000 JavaThread "jar transforms Thread 21660" [_thread_blocked, id=71335, stack(0x0000700018a34000,0x0000700018b34000)]
  0x00007fd1e3703000 JavaThread "jar transforms Thread 21659" [_thread_blocked, id=90383, stack(0x0000700018931000,0x0000700018a31000)]
  0x00007fd1efa47000 JavaThread "jar transforms Thread 21658" [_thread_blocked, id=69559, stack(0x000070001882e000,0x000070001892e000)]
  0x00007fd1e72f0800 JavaThread "jar transforms Thread 21657" [_thread_blocked, id=67267, stack(0x000070001872b000,0x000070001882b000)]
  0x00007fd1e8702800 JavaThread "jar transforms Thread 21656" [_thread_blocked, id=124231, stack(0x0000700018628000,0x0000700018728000)]
  0x00007fd1e3070800 JavaThread "jar transforms Thread 21655" [_thread_blocked, id=30475, stack(0x0000700018525000,0x0000700018625000)]
  0x00007fd1e3179000 JavaThread "jar transforms Thread 21654" [_thread_blocked, id=82543, stack(0x0000700018422000,0x0000700018522000)]
  0x00007fd1e36ed800 JavaThread "jar transforms Thread 21653" [_thread_blocked, id=91439, stack(0x000070001831f000,0x000070001841f000)]
  0x00007fd1e706b800 JavaThread "jar transforms Thread 21652" [_thread_blocked, id=77079, stack(0x000070001821c000,0x000070001831c000)]
  0x00007fd1ed53e000 JavaThread "jar transforms Thread 21651" [_thread_blocked, id=26163, stack(0x0000700018119000,0x0000700018219000)]
  0x00007fd1edc0a000 JavaThread "jar transforms Thread 21650" [_thread_blocked, id=39059, stack(0x0000700018016000,0x0000700018116000)]
  0x00007fd1edc09800 JavaThread "jar transforms Thread 21649" [_thread_blocked, id=83227, stack(0x0000700017f13000,0x0000700018013000)]
  0x00007fd1e8bf5800 JavaThread "jar transforms Thread 21648" [_thread_blocked, id=72171, stack(0x0000700017e10000,0x0000700017f10000)]
  0x00007fd1e2b18000 JavaThread "jar transforms Thread 21647" [_thread_blocked, id=87187, stack(0x0000700017d0d000,0x0000700017e0d000)]
  0x00007fd1e8f73000 JavaThread "jar transforms Thread 21646" [_thread_blocked, id=76427, stack(0x0000700017c0a000,0x0000700017d0a000)]
  0x00007fd1e445a000 JavaThread "jar transforms Thread 21645" [_thread_blocked, id=73159, stack(0x0000700017b07000,0x0000700017c07000)]
  0x00007fd1edc08800 JavaThread "jar transforms Thread 21644" [_thread_blocked, id=63791, stack(0x0000700017a04000,0x0000700017b04000)]
  0x00007fd1edc08000 JavaThread "jar transforms Thread 21643" [_thread_blocked, id=96543, stack(0x0000700017901000,0x0000700017a01000)]
  0x00007fd1edc07000 JavaThread "jar transforms Thread 21642" [_thread_blocked, id=89667, stack(0x00007000177fe000,0x00007000178fe000)]
  0x00007fd1edc06800 JavaThread "jar transforms Thread 21641" [_thread_blocked, id=93539, stack(0x00007000176fb000,0x00007000177fb000)]
  0x00007fd1edc05800 JavaThread "jar transforms Thread 21640" [_thread_blocked, id=49275, stack(0x00007000175f8000,0x00007000176f8000)]
  0x00007fd1edec4000 JavaThread "jar transforms Thread 21639" [_thread_blocked, id=24811, stack(0x00007000174f5000,0x00007000175f5000)]
  0x00007fd1edec3800 JavaThread "jar transforms Thread 21638" [_thread_blocked, id=45347, stack(0x00007000173f2000,0x00007000174f2000)]
  0x00007fd1edec2800 JavaThread "jar transforms Thread 21637" [_thread_blocked, id=129731, stack(0x00007000172ef000,0x00007000173ef000)]
  0x00007fd1ed54d800 JavaThread "jar transforms Thread 21636" [_thread_blocked, id=122283, stack(0x00007000171ec000,0x00007000172ec000)]
  0x00007fd1ed54c800 JavaThread "jar transforms Thread 21635" [_thread_blocked, id=50575, stack(0x00007000170e9000,0x00007000171e9000)]
  0x00007fd1ed0fe800 JavaThread "jar transforms Thread 21634" [_thread_blocked, id=37739, stack(0x0000700016fe6000,0x00007000170e6000)]
  0x00007fd1ed0fe000 JavaThread "jar transforms Thread 21633" [_thread_blocked, id=58519, stack(0x0000700016ee3000,0x0000700016fe3000)]
  0x00007fd1ed5a5800 JavaThread "jar transforms Thread 21632" [_thread_blocked, id=24147, stack(0x0000700016de0000,0x0000700016ee0000)]
  0x00007fd1ed5a5000 JavaThread "jar transforms Thread 21631" [_thread_blocked, id=127023, stack(0x0000700016cdd000,0x0000700016ddd000)]
  0x00007fd1edec9800 JavaThread "jar transforms Thread 21630" [_thread_blocked, id=44815, stack(0x0000700016bda000,0x0000700016cda000)]
  0x00007fd1edec9000 JavaThread "jar transforms Thread 21629" [_thread_blocked, id=97863, stack(0x0000700016ad7000,0x0000700016bd7000)]
  0x00007fd1eddee800 JavaThread "jar transforms Thread 21628" [_thread_blocked, id=97155, stack(0x00007000169d4000,0x0000700016ad4000)]
  0x00007fd1edded800 JavaThread "jar transforms Thread 21627" [_thread_blocked, id=70691, stack(0x00007000168d1000,0x00007000169d1000)]
  0x00007fd1e8f14000 JavaThread "jar transforms Thread 21626" [_thread_blocked, id=61899, stack(0x00007000167ce000,0x00007000168ce000)]
  0x00007fd1e8b87000 JavaThread "jar transforms Thread 21625" [_thread_blocked, id=35239, stack(0x00007000166cb000,0x00007000167cb000)]
  0x00007fd1e8885000 JavaThread "jar transforms Thread 21624" [_thread_blocked, id=31755, stack(0x00007000165c8000,0x00007000166c8000)]
  0x00007fd1e2ff1800 JavaThread "jar transforms Thread 21623" [_thread_blocked, id=48115, stack(0x00007000164c5000,0x00007000165c5000)]
  0x00007fd1e40fd000 JavaThread "jar transforms Thread 21622" [_thread_blocked, id=80675, stack(0x00007000163c2000,0x00007000164c2000)]
  0x00007fd1e8dc1000 JavaThread "jar transforms Thread 21621" [_thread_blocked, id=17015, stack(0x00007000162bf000,0x00007000163bf000)]
  0x00007fd1eeb88800 JavaThread "jar transforms Thread 21620" [_thread_blocked, id=46635, stack(0x00007000161bc000,0x00007000162bc000)]
  0x00007fd1ed210000 JavaThread "jar transforms Thread 21619" [_thread_blocked, id=54935, stack(0x00007000160b9000,0x00007000161b9000)]
  0x00007fd1ed20f000 JavaThread "jar transforms Thread 21618" [_thread_blocked, id=75603, stack(0x0000700015fb6000,0x00007000160b6000)]
  0x00007fd1edf5c000 JavaThread "jar transforms Thread 21617" [_thread_blocked, id=84555, stack(0x0000700015eb3000,0x0000700015fb3000)]
  0x00007fd1edf5b800 JavaThread "jar transforms Thread 21616" [_thread_blocked, id=95395, stack(0x0000700015db0000,0x0000700015eb0000)]
  0x00007fd1e3ba1000 JavaThread "jar transforms Thread 21615" [_thread_blocked, id=49707, stack(0x0000700015cad000,0x0000700015dad000)]
  0x00007fd1e28a6000 JavaThread "jar transforms Thread 21614" [_thread_blocked, id=128667, stack(0x0000700015baa000,0x0000700015caa000)]
  0x00007fd1e36bd800 JavaThread "jar transforms Thread 21613" [_thread_blocked, id=58123, stack(0x0000700015aa7000,0x0000700015ba7000)]
  0x00007fd1ed460000 JavaThread "jar transforms Thread 21612" [_thread_blocked, id=74023, stack(0x00007000159a4000,0x0000700015aa4000)]
  0x00007fd1ed45f800 JavaThread "jar transforms Thread 21611" [_thread_blocked, id=97351, stack(0x00007000158a1000,0x00007000159a1000)]
  0x00007fd1ed669000 JavaThread "jar transforms Thread 21610" [_thread_blocked, id=73547, stack(0x000070001579e000,0x000070001589e000)]
  0x00007fd1ed668000 JavaThread "jar transforms Thread 21609" [_thread_blocked, id=30755, stack(0x000070001569b000,0x000070001579b000)]
  0x00007fd1e8951000 JavaThread "jar transforms Thread 21608" [_thread_blocked, id=29459, stack(0x0000700015598000,0x0000700015698000)]
  0x00007fd1e8de8000 JavaThread "jar transforms Thread 21607" [_thread_blocked, id=66139, stack(0x0000700015495000,0x0000700015595000)]
  0x00007fd1ed573000 JavaThread "jar transforms Thread 21606" [_thread_blocked, id=88907, stack(0x0000700015392000,0x0000700015492000)]
  0x00007fd1e8f86800 JavaThread "jar transforms Thread 21605" [_thread_blocked, id=87415, stack(0x000070001528f000,0x000070001538f000)]
  0x00007fd1ed572000 JavaThread "jar transforms Thread 21604" [_thread_blocked, id=64567, stack(0x000070001518c000,0x000070001528c000)]
  0x00007fd1ed50d000 JavaThread "jar transforms Thread 21603" [_thread_blocked, id=94527, stack(0x0000700015089000,0x0000700015189000)]
  0x00007fd1e4482000 JavaThread "jar transforms Thread 21602" [_thread_blocked, id=68867, stack(0x0000700014f86000,0x0000700015086000)]
  0x00007fd1e29a1000 JavaThread "jar transforms Thread 21601" [_thread_blocked, id=72291, stack(0x0000700014e83000,0x0000700014f83000)]
  0x00007fd1ed50c000 JavaThread "jar transforms Thread 21600" [_thread_blocked, id=53167, stack(0x0000700014d80000,0x0000700014e80000)]
  0x00007fd1ed646000 JavaThread "jar transforms Thread 21599" [_thread_blocked, id=125751, stack(0x0000700014c7d000,0x0000700014d7d000)]
  0x00007fd1ed645000 JavaThread "jar transforms Thread 21598" [_thread_blocked, id=45863, stack(0x0000700014b7a000,0x0000700014c7a000)]
  0x00007fd1edb97800 JavaThread "jar transforms Thread 21597" [_thread_blocked, id=82223, stack(0x0000700014a77000,0x0000700014b77000)]
  0x00007fd1e36d6000 JavaThread "jar transforms Thread 21596" [_thread_blocked, id=22959, stack(0x0000700014974000,0x0000700014a74000)]
  0x00007fd1e47d5800 JavaThread "jar transforms Thread 21595" [_thread_blocked, id=25143, stack(0x0000700014871000,0x0000700014971000)]
  0x00007fd1edb96800 JavaThread "jar transforms Thread 21594" [_thread_blocked, id=48495, stack(0x000070001476e000,0x000070001486e000)]
  0x00007fd1ed897000 JavaThread "jar transforms Thread 21593" [_thread_blocked, id=81299, stack(0x000070001466b000,0x000070001476b000)]
  0x00007fd1e3a06800 JavaThread "jar transforms Thread 21592" [_thread_blocked, id=92763, stack(0x0000700014568000,0x0000700014668000)]
  0x00007fd1e47a6000 JavaThread "jar transforms Thread 21591" [_thread_blocked, id=124707, stack(0x0000700014465000,0x0000700014565000)]
  0x00007fd1e8d8c800 JavaThread "jar transforms Thread 21590" [_thread_blocked, id=126219, stack(0x0000700014362000,0x0000700014462000)]
  0x00007fd1e88bf800 JavaThread "jar transforms Thread 21589" [_thread_blocked, id=35607, stack(0x000070001425f000,0x000070001435f000)]
  0x00007fd1ed896000 JavaThread "jar transforms Thread 21588" [_thread_blocked, id=30295, stack(0x000070001415c000,0x000070001425c000)]
  0x00007fd1e8844800 JavaThread "jar transforms Thread 21587" [_thread_blocked, id=70579, stack(0x0000700014059000,0x0000700014159000)]
  0x00007fd1e2f0f800 JavaThread "jar transforms Thread 21586" [_thread_blocked, id=46403, stack(0x0000700013f56000,0x0000700014056000)]
  0x00007fd1e468c000 JavaThread "jar transforms Thread 21585" [_thread_blocked, id=34171, stack(0x0000700013e53000,0x0000700013f53000)]
  0x00007fd1ed672000 JavaThread "jar transforms Thread 21584" [_thread_blocked, id=68311, stack(0x0000700013d50000,0x0000700013e50000)]
  0x00007fd1ed671800 JavaThread "jar transforms Thread 21583" [_thread_blocked, id=95775, stack(0x0000700013c4d000,0x0000700013d4d000)]
  0x00007fd1ed788800 JavaThread "jar transforms Thread 21582" [_thread_blocked, id=69711, stack(0x0000700013b4a000,0x0000700013c4a000)]
  0x00007fd1ed787800 JavaThread "jar transforms Thread 21581" [_thread_blocked, id=29059, stack(0x0000700013a47000,0x0000700013b47000)]
  0x00007fd1e42b2000 JavaThread "jar transforms Thread 21580" [_thread_blocked, id=34679, stack(0x0000700013944000,0x0000700013a44000)]
  0x00007fd1e29ab000 JavaThread "jar transforms Thread 21579" [_thread_blocked, id=30075, stack(0x0000700013841000,0x0000700013941000)]
  0x00007fd1e47f1800 JavaThread "jar transforms Thread 21578" [_thread_blocked, id=38039, stack(0x000070001373e000,0x000070001383e000)]
  0x00007fd1e8ccb000 JavaThread "jar transforms Thread 21577" [_thread_blocked, id=17227, stack(0x000070001363b000,0x000070001373b000)]
  0x00007fd1e8c1f800 JavaThread "jar transforms Thread 21576" [_thread_blocked, id=32011, stack(0x0000700013538000,0x0000700013638000)]
  0x00007fd1e8049800 JavaThread "jar transforms Thread 21575" [_thread_blocked, id=94763, stack(0x0000700013435000,0x0000700013535000)]
  0x00007fd1eddea800 JavaThread "jar transforms Thread 21574" [_thread_blocked, id=38331, stack(0x0000700013332000,0x0000700013432000)]
  0x00007fd1eddea000 JavaThread "jar transforms Thread 21573" [_thread_blocked, id=65635, stack(0x000070001322f000,0x000070001332f000)]
  0x00007fd1e364f000 JavaThread "jar transforms Thread 21572" [_thread_blocked, id=125547, stack(0x000070001312c000,0x000070001322c000)]
  0x00007fd1e8ac5800 JavaThread "jar transforms Thread 21571" [_thread_blocked, id=92983, stack(0x0000700013029000,0x0000700013129000)]
  0x00007fd1ed676800 JavaThread "jar transforms Thread 21570" [_thread_blocked, id=124467, stack(0x0000700012f26000,0x0000700013026000)]
  0x00007fd1ed676000 JavaThread "jar transforms Thread 21569" [_thread_blocked, id=57899, stack(0x0000700012e23000,0x0000700012f23000)]
  0x00007fd1ed7a1800 JavaThread "jar transforms Thread 21568" [_thread_blocked, id=38779, stack(0x0000700012d20000,0x0000700012e20000)]
  0x00007fd1ed7a0800 JavaThread "jar transforms Thread 21567" [_thread_blocked, id=28475, stack(0x0000700012c1d000,0x0000700012d1d000)]
  0x00007fd1ed551800 JavaThread "jar transforms Thread 21566" [_thread_blocked, id=127571, stack(0x0000700012b1a000,0x0000700012c1a000)]
  0x00007fd1ed943800 JavaThread "Build operations Thread 4" [_thread_blocked, id=64987, stack(0x0000700012a17000,0x0000700012b17000)]
  0x00007fd1ed100800 JavaThread "Build operations Thread 3" [_thread_blocked, id=53851, stack(0x0000700012914000,0x0000700012a14000)]
  0x00007fd1edc19800 JavaThread "Build operations Thread 2" [_thread_blocked, id=38443, stack(0x0000700012811000,0x0000700012911000)]
  0x00007fd1edcee800 JavaThread "Build operations" [_thread_blocked, id=61455, stack(0x000070001270e000,0x000070001280e000)]
  0x00007fd1e70ec000 JavaThread "Cache worker for Build Output Cleanup Cache (/Users/soso/AndroidStudioProjects/RealEstateManager/.gradle/buildOutputCleanup)" [_thread_blocked, id=46887, stack(0x000070001260b000,0x000070001270b000)]
  0x00007fd1e715a000 JavaThread "Cache worker for cache directory md-rule (/Users/soso/.gradle/caches/6.6-rc-3/md-rule)" [_thread_blocked, id=80259, stack(0x0000700012302000,0x0000700012402000)]
  0x00007fd1e88ba000 JavaThread "Cache worker for cache directory md-supplier (/Users/soso/.gradle/caches/6.6-rc-3/md-supplier)" [_thread_blocked, id=34847, stack(0x00007000121ff000,0x00007000122ff000)]
  0x00007fd1ed958000 JavaThread "Cache worker for checksums cache (/Users/soso/AndroidStudioProjects/RealEstateManager/.gradle/checksums)" [_thread_blocked, id=72475, stack(0x00007000120fc000,0x00007000121fc000)]
  0x00007fd1e448d800 JavaThread "jar transforms Thread 21565" [_thread_blocked, id=94339, stack(0x0000700011ff9000,0x00007000120f9000)]
  0x00007fd1e821f000 JavaThread "jar transforms Thread 21564" [_thread_blocked, id=33871, stack(0x0000700011ef6000,0x0000700011ff6000)]
  0x00007fd1e3dae800 JavaThread "jar transforms Thread 21563" [_thread_blocked, id=91031, stack(0x0000700011df3000,0x0000700011ef3000)]
  0x00007fd1e39a3800 JavaThread "jar transforms Thread 21562" [_thread_blocked, id=53687, stack(0x0000700011cf0000,0x0000700011df0000)]
  0x00007fd1e8997800 JavaThread "jar transforms Thread 21561" [_thread_blocked, id=120083, stack(0x0000700011bed000,0x0000700011ced000)]
  0x00007fd1ed036000 JavaThread "Cache worker for file hash cache (/Users/soso/AndroidStudioProjects/RealEstateManager/.gradle/6.6-rc-3/fileHashes)" [_thread_blocked, id=86867, stack(0x0000700011aea000,0x0000700011bea000)]
  0x00007fd1e2a4f000 JavaThread "Thread-28807" [_thread_blocked, id=37143, stack(0x00007000116de000,0x00007000117de000)]
  0x00007fd1ed5ae000 JavaThread "Stdin handler" [_thread_blocked, id=93267, stack(0x00007000115db000,0x00007000116db000)]
  0x00007fd1e2b36800 JavaThread "Asynchronous log dispatcher for DefaultDaemonConnection: socket connection from /127.0.0.1:50703 to /127.0.0.1:64040" [_thread_blocked, id=78003, stack(0x00007000114d8000,0x00007000115d8000)]
  0x00007fd1e2878000 JavaThread "Daemon worker Thread 170" [_thread_blocked, id=90663, stack(0x00007000113d5000,0x00007000114d5000)]
  0x00007fd1e8c2e000 JavaThread "Cancel handler" [_thread_blocked, id=121051, stack(0x00007000112d2000,0x00007000113d2000)]
  0x00007fd1ed812800 JavaThread "Handler for socket connection from /127.0.0.1:50703 to /127.0.0.1:64040" [_thread_in_native, id=68759, stack(0x00007000111cf000,0x00007000112cf000)]
  0x00007fd1ed266000 JavaThread "Daemon Thread 170" [_thread_blocked, id=34347, stack(0x00007000110cc000,0x00007000111cc000)]
  0x00007fd1edab8800 JavaThread "RMI RenewClean-[127.0.0.1:17438,org.jetbrains.kotlin.daemon.common.LoopbackNetworkInterface$ClientLoopbackSocketFactory@7a649ba8]" daemon [_thread_blocked, id=130991, stack(0x0000700019f73000,0x000070001a073000)]
  0x00007fd1ed100000 JavaThread "RMI RenewClean-[127.0.0.1:17438,org.jetbrains.kotlin.daemon.common.LoopbackNetworkInterface$ClientLoopbackSocketFactory@56b31c56]" daemon [_thread_blocked, id=65099, stack(0x0000700019c6a000,0x0000700019d6a000)]
  0x00007fd1ed7fe800 JavaThread "RMI RenewClean-[127.0.0.1:17438,org.jetbrains.kotlin.daemon.common.LoopbackNetworkInterface$ClientLoopbackSocketFactory@5ff8d3fd]" daemon [_thread_blocked, id=68423, stack(0x000070001a076000,0x000070001a176000)]
  0x00007fd1e8266800 JavaThread "RMI Reaper" [_thread_blocked, id=33303, stack(0x000070001a482000,0x000070001a582000)]
  0x00007fd1e47dc000 JavaThread "GC Daemon" daemon [_thread_blocked, id=25491, stack(0x000070001a27c000,0x000070001a37c000)]
  0x00007fd1e389d000 JavaThread "process reaper" daemon [_thread_in_native, id=123443, stack(0x00007000106d6000,0x00007000106fe000)]
  0x00007fd1e848e800 JavaThread "MarlinRenderer Disposer" daemon [_thread_blocked, id=43379, stack(0x000070001a688000,0x000070001a788000)]
  0x00007fd1e428b000 JavaThread "Java2D Disposer" daemon [_thread_blocked, id=85051, stack(0x000070001a585000,0x000070001a685000)]
  0x00007fd1e2a0f800 JavaThread "AWT-AppKit" daemon [_thread_in_native, id=775, stack(0x00007ffeedff2000,0x00007ffeee7f2000)]
  0x00007fd1e2a7b000 JavaThread "Cache worker for Java compile cache (/Users/soso/.gradle/caches/6.6-rc-3/javaCompile)" [_thread_blocked, id=92163, stack(0x000070001a37f000,0x000070001a47f000)]
  0x00007fd1e64a2000 JavaThread "RMI TCP Accept-0" daemon [_thread_in_native, id=129035, stack(0x0000700019e70000,0x0000700019f70000)]
  0x00007fd1e67d4000 JavaThread "RMI Scheduler(0)" daemon [_thread_blocked, id=35883, stack(0x0000700019b67000,0x0000700019c67000)]
  0x00007fd1e82af000 JavaThread "Memory manager" [_thread_blocked, id=87555, stack(0x0000700019555000,0x0000700019655000)]
  0x00007fd1e9158800 JavaThread "Cache worker for file content cache (/Users/soso/.gradle/caches/6.6-rc-3/fileContent)" [_thread_blocked, id=26883, stack(0x0000700012508000,0x0000700012608000)]
  0x00007fd1e28d4000 JavaThread "Cache worker for execution history cache (/Users/soso/.gradle/caches/6.6-rc-3/executionHistory)" [_thread_blocked, id=26627, stack(0x0000700012405000,0x0000700012505000)]
  0x00007fd1e33df000 JavaThread "Cache worker for journal cache (/Users/soso/.gradle/caches/journal-1)" [_thread_blocked, id=41987, stack(0x00007000119e7000,0x0000700011ae7000)]
  0x00007fd1e2e94000 JavaThread "File lock request listener" [_thread_in_native, id=23811, stack(0x00007000118e4000,0x00007000119e4000)]
  0x00007fd1e2b27800 JavaThread "Cache worker for file hash cache (/Users/soso/.gradle/caches/6.6-rc-3/fileHashes)" [_thread_blocked, id=23299, stack(0x00007000117e1000,0x00007000118e1000)]
  0x00007fd1e4056800 JavaThread "Daemon periodic checks" [_thread_blocked, id=15875, stack(0x0000700010fc9000,0x00007000110c9000)]
  0x00007fd1e2dda800 JavaThread "Incoming local TCP Connector on port 50703" [_thread_in_native, id=17667, stack(0x0000700010ec6000,0x0000700010fc6000)]
  0x00007fd1e3b7c000 JavaThread "Daemon health stats" [_thread_blocked, id=18179, stack(0x0000700010dc3000,0x0000700010ec3000)]
  0x00007fd1e307c800 JavaThread "Service Thread" daemon [_thread_blocked, id=15107, stack(0x0000700010bbd000,0x0000700010cbd000)]
  0x00007fd1e402b800 JavaThread "C1 CompilerThread2" daemon [_thread_blocked, id=14851, stack(0x0000700010aba000,0x0000700010bba000)]
  0x00007fd1e3820000 JavaThread "C2 CompilerThread1" daemon [_thread_blocked, id=18947, stack(0x00007000109b7000,0x0000700010ab7000)]
  0x00007fd1e3039000 JavaThread "C2 CompilerThread0" daemon [_thread_blocked, id=19203, stack(0x00007000108b4000,0x00007000109b4000)]
  0x00007fd1e3038800 JavaThread "Signal Dispatcher" daemon [_thread_blocked, id=14083, stack(0x00007000107b1000,0x00007000108b1000)]
  0x00007fd1e4026800 JavaThread "Finalizer" daemon [_thread_blocked, id=11779, stack(0x00007000105a8000,0x00007000106a8000)]
  0x00007fd1e401e000 JavaThread "Reference Handler" daemon [_thread_blocked, id=21251, stack(0x00007000104a5000,0x00007000105a5000)]
  0x00007fd1e4009800 JavaThread "main" [_thread_blocked, id=3331, stack(0x000070000fe93000,0x000070000ff93000)]

Other Threads:
  0x00007fd1e4017800 VMThread [stack: 0x00007000103a2000,0x00007000104a2000] [id=21507]
  0x00007fd1e3034000 WatcherThread [stack: 0x0000700010cc0000,0x0000700010dc0000] [id=15619]

VM state:not at safepoint (normal execution)

VM Mutex/Monitor currently owned by a thread: None

heap address: 0x0000000740000000, size: 2048 MB, Compressed Oops mode: Zero based, Oop shift amount: 3
Narrow klass base: 0x0000000000000000, Narrow klass shift: 3
Compressed class space size: 1073741824 Address: 0x00000007c0000000

Heap:
 PSYoungGen      total 621056K, used 373443K [0x0000000795580000, 0x00000007bf700000, 0x00000007c0000000)
  eden space 554496K, 65% used [0x0000000795580000,0x00000007ab6abff8,0x00000007b7300000)
  from space 66560K, 17% used [0x00000007bb600000,0x00000007bc184ef0,0x00000007bf700000)
  to   space 67584K, 0% used [0x00000007b7300000,0x00000007b7300000,0x00000007bb500000)
 ParOldGen       total 556032K, used 376050K [0x0000000740000000, 0x0000000761f00000, 0x0000000795580000)
  object space 556032K, 67% used [0x0000000740000000,0x0000000756f3cb48,0x0000000761f00000)
 Metaspace       used 890592K, capacity 906094K, committed 906920K, reserved 1849344K
  class space    used 104055K, capacity 106834K, committed 106920K, reserved 1048576K

Card table byte_map: [0x00000001021c0000,0x00000001025c1000] byte_map_base: 0x00000000fe7c0000

Marking Bits: (ParMarkBitMap*) 0x00000001033b13f8
 Begin Bits: [0x0000000112a42000, 0x0000000114a42000)
 End Bits:   [0x0000000114a42000, 0x0000000116a42000)

Polling page: 0x000000010149e000

CodeCache: size=245760Kb used=208136Kb max_used=208400Kb free=37623Kb
 bounds [0x0000000103a42000, 0x0000000110782000, 0x0000000112a42000]
 total_blobs=64452 nmethods=63331 adapters=1032
 compilation: enabled

Compilation events (10 events):
Event: 66234.489 Thread 0x00007fd1e3820000 92098       4       org.gradle.internal.snapshot.impl.IntegerValueSnapshot::snapshot (7 bytes)
Event: 66234.504 Thread 0x00007fd1e3820000 nmethod 92098 0x000000010437d5d0 code [0x000000010437d740, 0x000000010437d908]
Event: 66234.580 Thread 0x00007fd1e3039000 92099       4       com.android.tools.r8.utils.G::<init> (28 bytes)
Event: 66234.586 Thread 0x00007fd1e3039000 nmethod 92099 0x000000010c6ee410 code [0x000000010c6ee560, 0x000000010c6ee5f8]
Event: 66480.081 Thread 0x00007fd1e402b800 92100       1       java.time.format.DateTimeFormatter::getDecimalStyle (5 bytes)
Event: 66480.123 Thread 0x00007fd1e402b800 nmethod 92100 0x0000000106c50610 code [0x0000000106c50760, 0x0000000106c50870]
Event: 66480.428 Thread 0x00007fd1e3820000 92101       4       com.sun.org.apache.xerces.internal.impl.XMLEntityManager::createReader (371 bytes)
Event: 66480.511 Thread 0x00007fd1e3820000 nmethod 92101 0x0000000104026850 code [0x0000000104026aa0, 0x0000000104027870]
Event: 66481.555 Thread 0x00007fd1e402b800 92102       1       com.android.build.gradle.internal.scope.OutputFactory$Main::getType (4 bytes)
Event: 66481.556 Thread 0x00007fd1e402b800 nmethod 92102 0x000000010fe2afd0 code [0x000000010fe2b120, 0x000000010fe2b230]

GC Heap History (10 events):
Event: 65724.180 GC heap before
{Heap before GC invocations=379 (full 23):
 PSYoungGen      total 603136K, used 540694K [0x0000000795580000, 0x00000007bfa00000, 0x00000007c0000000)
  eden space 517120K, 100% used [0x0000000795580000,0x00000007b4e80000,0x00000007b4e80000)
  from space 86016K, 27% used [0x00000007b4e80000,0x00000007b6585b20,0x00000007ba280000)
  to   space 80896K, 0% used [0x00000007bab00000,0x00000007bab00000,0x00000007bfa00000)
 ParOldGen       total 556032K, used 372414K [0x0000000740000000, 0x0000000761f00000, 0x0000000795580000)
  object space 556032K, 66% used [0x0000000740000000,0x0000000756bafa28,0x0000000761f00000)
 Metaspace       used 890405K, capacity 905844K, committed 906920K, reserved 1849344K
  class space    used 104030K, capacity 106783K, committed 106920K, reserved 1048576K
Event: 65724.728 GC heap after
Heap after GC invocations=379 (full 23):
 PSYoungGen      total 610816K, used 7091K [0x0000000795580000, 0x00000007bf800000, 0x00000007c0000000)
  eden space 531968K, 0% used [0x0000000795580000,0x0000000795580000,0x00000007b5d00000)
  from space 78848K, 8% used [0x00000007bab00000,0x00000007bb1ecf10,0x00000007bf800000)
  to   space 79360K, 0% used [0x00000007b5d00000,0x00000007b5d00000,0x00000007baa80000)
 ParOldGen       total 556032K, used 374044K [0x0000000740000000, 0x0000000761f00000, 0x0000000795580000)
  object space 556032K, 67% used [0x0000000740000000,0x0000000756d47098,0x0000000761f00000)
 Metaspace       used 890405K, capacity 905844K, committed 906920K, reserved 1849344K
  class space    used 104030K, capacity 106783K, committed 106920K, reserved 1048576K
}
Event: 65900.878 GC heap before
{Heap before GC invocations=380 (full 23):
 PSYoungGen      total 610816K, used 539059K [0x0000000795580000, 0x00000007bf800000, 0x00000007c0000000)
  eden space 531968K, 100% used [0x0000000795580000,0x00000007b5d00000,0x00000007b5d00000)
  from space 78848K, 8% used [0x00000007bab00000,0x00000007bb1ecf10,0x00000007bf800000)
  to   space 79360K, 0% used [0x00000007b5d00000,0x00000007b5d00000,0x00000007baa80000)
 ParOldGen       total 556032K, used 374044K [0x0000000740000000, 0x0000000761f00000, 0x0000000795580000)
  object space 556032K, 67% used [0x0000000740000000,0x0000000756d47098,0x0000000761f00000)
 Metaspace       used 890411K, capacity 905844K, committed 906920K, reserved 1849344K
  class space    used 104030K, capacity 106783K, committed 106920K, reserved 1048576K
Event: 65901.570 GC heap after
Heap after GC invocations=380 (full 23):
 PSYoungGen      total 611328K, used 9507K [0x0000000795580000, 0x00000007bfb80000, 0x00000007c0000000)
  eden space 531968K, 0% used [0x0000000795580000,0x0000000795580000,0x00000007b5d00000)
  from space 79360K, 11% used [0x00000007b5d00000,0x00000007b6648f38,0x00000007baa80000)
  to   space 76800K, 0% used [0x00000007bb080000,0x00000007bb080000,0x00000007bfb80000)
 ParOldGen       total 556032K, used 374377K [0x0000000740000000, 0x0000000761f00000, 0x0000000795580000)
  object space 556032K, 67% used [0x0000000740000000,0x0000000756d9a7f8,0x0000000761f00000)
 Metaspace       used 890411K, capacity 905844K, committed 906920K, reserved 1849344K
  class space    used 104030K, capacity 106783K, committed 106920K, reserved 1048576K
}
Event: 66012.533 GC heap before
{Heap before GC invocations=381 (full 23):
 PSYoungGen      total 611328K, used 541475K [0x0000000795580000, 0x00000007bfb80000, 0x00000007c0000000)
  eden space 531968K, 100% used [0x0000000795580000,0x00000007b5d00000,0x00000007b5d00000)
  from space 79360K, 11% used [0x00000007b5d00000,0x00000007b6648f38,0x00000007baa80000)
  to   space 76800K, 0% used [0x00000007bb080000,0x00000007bb080000,0x00000007bfb80000)
 ParOldGen       total 556032K, used 374377K [0x0000000740000000, 0x0000000761f00000, 0x0000000795580000)
  object space 556032K, 67% used [0x0000000740000000,0x0000000756d9a7f8,0x0000000761f00000)
 Metaspace       used 890412K, capacity 905844K, committed 906920K, reserved 1849344K
  class space    used 104030K, capacity 106783K, committed 106920K, reserved 1048576K
Event: 66013.044 GC heap after
Heap after GC invocations=381 (full 23):
 PSYoungGen      total 615424K, used 11379K [0x0000000795580000, 0x00000007bf780000, 0x00000007c0000000)
  eden space 542720K, 0% used [0x0000000795580000,0x0000000795580000,0x00000007b6780000)
  from space 72704K, 15% used [0x00000007bb080000,0x00000007bbb9ce90,0x00000007bf780000)
  to   space 73728K, 0% used [0x00000007b6780000,0x00000007b6780000,0x00000007baf80000)
 ParOldGen       total 556032K, used 374911K [0x0000000740000000, 0x0000000761f00000, 0x0000000795580000)
  object space 556032K, 67% used [0x0000000740000000,0x0000000756e1ff58,0x0000000761f00000)
 Metaspace       used 890412K, capacity 905844K, committed 906920K, reserved 1849344K
  class space    used 104030K, capacity 106783K, committed 106920K, reserved 1048576K
}
Event: 66135.665 GC heap before
{Heap before GC invocations=382 (full 23):
 PSYoungGen      total 615424K, used 554099K [0x0000000795580000, 0x00000007bf780000, 0x00000007c0000000)
  eden space 542720K, 100% used [0x0000000795580000,0x00000007b6780000,0x00000007b6780000)
  from space 72704K, 15% used [0x00000007bb080000,0x00000007bbb9ce90,0x00000007bf780000)
  to   space 73728K, 0% used [0x00000007b6780000,0x00000007b6780000,0x00000007baf80000)
 ParOldGen       total 556032K, used 374911K [0x0000000740000000, 0x0000000761f00000, 0x0000000795580000)
  object space 556032K, 67% used [0x0000000740000000,0x0000000756e1ff58,0x0000000761f00000)
 Metaspace       used 890416K, capacity 905850K, committed 906920K, reserved 1849344K
  class space    used 104031K, capacity 106784K, committed 106920K, reserved 1048576K
Event: 66136.216 GC heap after
Heap after GC invocations=382 (full 23):
 PSYoungGen      total 616448K, used 11651K [0x0000000795580000, 0x00000007bfb00000, 0x00000007c0000000)
  eden space 542720K, 0% used [0x0000000795580000,0x0000000795580000,0x00000007b6780000)
  from space 73728K, 15% used [0x00000007b6780000,0x00000007b72e0e80,0x00000007baf80000)
  to   space 70656K, 0% used [0x00000007bb600000,0x00000007bb600000,0x00000007bfb00000)
 ParOldGen       total 556032K, used 375517K [0x0000000740000000, 0x0000000761f00000, 0x0000000795580000)
  object space 556032K, 67% used [0x0000000740000000,0x0000000756eb7548,0x0000000761f00000)
 Metaspace       used 890416K, capacity 905850K, committed 906920K, reserved 1849344K
  class space    used 104031K, capacity 106784K, committed 106920K, reserved 1048576K
}
Event: 66228.948 GC heap before
{Heap before GC invocations=383 (full 23):
 PSYoungGen      total 616448K, used 554371K [0x0000000795580000, 0x00000007bfb00000, 0x00000007c0000000)
  eden space 542720K, 100% used [0x0000000795580000,0x00000007b6780000,0x00000007b6780000)
  from space 73728K, 15% used [0x00000007b6780000,0x00000007b72e0e80,0x00000007baf80000)
  to   space 70656K, 0% used [0x00000007bb600000,0x00000007bb600000,0x00000007bfb00000)
 ParOldGen       total 556032K, used 375517K [0x0000000740000000, 0x0000000761f00000, 0x0000000795580000)
  object space 556032K, 67% used [0x0000000740000000,0x0000000756eb7548,0x0000000761f00000)
 Metaspace       used 890419K, capacity 905850K, committed 906920K, reserved 1849344K
  class space    used 104031K, capacity 106784K, committed 106920K, reserved 1048576K
Event: 66229.508 GC heap after
Heap after GC invocations=383 (full 23):
 PSYoungGen      total 621056K, used 11795K [0x0000000795580000, 0x00000007bf700000, 0x00000007c0000000)
  eden space 554496K, 0% used [0x0000000795580000,0x0000000795580000,0x00000007b7300000)
  from space 66560K, 17% used [0x00000007bb600000,0x00000007bc184ef0,0x00000007bf700000)
  to   space 67584K, 0% used [0x00000007b7300000,0x00000007b7300000,0x00000007bb500000)
 ParOldGen       total 556032K, used 376050K [0x0000000740000000, 0x0000000761f00000, 0x0000000795580000)
  object space 556032K, 67% used [0x0000000740000000,0x0000000756f3cb48,0x0000000761f00000)
 Metaspace       used 890419K, capacity 905850K, committed 906920K, reserved 1849344K
  class space    used 104031K, capacity 106784K, committed 106920K, reserved 1048576K
}

Deoptimization events (10 events):
Event: 65255.069 Thread 0x00007fd1e94a5000 Uncommon trap: reason=array_check action=maybe_recompile pc=0x0000000110582130 method=org.antlr.v4.runtime.misc.Array2DHashSet.getOrAddImpl(Ljava/lang/Object;)Ljava/lang/Object; @ 36
Event: 65255.412 Thread 0x00007fd1e94a5000 Uncommon trap: reason=array_check action=maybe_recompile pc=0x00000001105803cc method=org.antlr.v4.runtime.misc.Array2DHashSet.getOrAddImpl(Ljava/lang/Object;)Ljava/lang/Object; @ 128
Event: 65255.415 Thread 0x00007fd1e94a5000 Uncommon trap: reason=array_check action=maybe_recompile pc=0x00000001105803cc method=org.antlr.v4.runtime.misc.Array2DHashSet.getOrAddImpl(Ljava/lang/Object;)Ljava/lang/Object; @ 128
Event: 65255.753 Thread 0x00007fd1e94a5000 Uncommon trap: reason=array_check action=maybe_recompile pc=0x000000011070b660 method=org.antlr.v4.runtime.misc.Array2DHashSet.getOrAddImpl(Ljava/lang/Object;)Ljava/lang/Object; @ 36
Event: 65255.875 Thread 0x00007fd1e94a5000 Uncommon trap: reason=array_check action=maybe_recompile pc=0x000000011057beb4 method=org.antlr.v4.runtime.misc.Array2DHashSet.getOrAddImpl(Ljava/lang/Object;)Ljava/lang/Object; @ 133
Event: 65255.883 Thread 0x00007fd1e94a5000 Uncommon trap: reason=array_check action=maybe_recompile pc=0x000000011057beb4 method=org.antlr.v4.runtime.misc.Array2DHashSet.getOrAddImpl(Ljava/lang/Object;)Ljava/lang/Object; @ 133
Event: 65256.170 Thread 0x00007fd1e94a5000 Uncommon trap: reason=unstable_if action=reinterpret pc=0x00000001106fbbb4 method=org.antlr.v4.runtime.atn.PredictionContext.mergeArrays(Lorg/antlr/v4/runtime/atn/ArrayPredictionContext;Lorg/antlr/v4/runtime/atn/ArrayPredictionContext;ZLorg/antlr/v4/runti
Event: 65260.874 Thread 0x00007fd1e94a5000 Uncommon trap: reason=unstable_if action=reinterpret pc=0x000000010a4801f4 method=com.google.gson.stream.JsonReader.nextNonWhitespace(Z)I @ 61
Event: 65265.729 Thread 0x00007fd1e94a5000 Uncommon trap: reason=unstable_if action=reinterpret pc=0x000000010632d798 method=android.databinding.tool.reflection.SdkUtil$ApiChecker.buildFullLookup()V @ 49
Event: 66478.650 Thread 0x00007fd1e2878000 Uncommon trap: reason=class_check action=maybe_recompile pc=0x0000000104e40ff0 method=com.google.common.cache.LocalCache$Segment.drainValueReferenceQueue()V @ 15

Classes redefined (0 events):
No events

Internal exceptions (10 events):
Event: 66235.100 Thread 0x00007fd1edee9000 Exception <a 'sun/nio/fs/UnixException'> (0x00000007a19486e8) thrown at [/Volumes/Android/buildbot/src/googleplex-android/openjdk/out/hotspot/src/share/vm/prims/jni.cpp, line 710]
Event: 66478.964 Thread 0x00007fd1e2878000 Exception <a 'java/lang/NoSuchMethodError': <clinit>> (0x00000007a293a1a0) thrown at [/Volumes/Android/buildbot/src/googleplex-android/openjdk/out/hotspot/src/share/vm/prims/jni.cpp, line 1615]
Event: 66479.132 Thread 0x00007fd1e2878000 Exception <a 'java/lang/NoSuchMethodError': <clinit>> (0x00000007a298f190) thrown at [/Volumes/Android/buildbot/src/googleplex-android/openjdk/out/hotspot/src/share/vm/prims/jni.cpp, line 1615]
Event: 66479.250 Thread 0x00007fd1e2878000 Exception <a 'java/lang/NoSuchMethodError': <clinit>> (0x00000007a2aadc78) thrown at [/Volumes/Android/buildbot/src/googleplex-android/openjdk/out/hotspot/src/share/vm/prims/jni.cpp, line 1615]
Event: 66479.251 Thread 0x00007fd1e2878000 Exception <a 'java/lang/NoSuchMethodError': <clinit>> (0x00000007a2ab1ca0) thrown at [/Volumes/Android/buildbot/src/googleplex-android/openjdk/out/hotspot/src/share/vm/prims/jni.cpp, line 1615]
Event: 66479.251 Thread 0x00007fd1e2878000 Exception <a 'java/lang/NoSuchMethodError': <clinit>> (0x00000007a2ab35c0) thrown at [/Volumes/Android/buildbot/src/googleplex-android/openjdk/out/hotspot/src/share/vm/prims/jni.cpp, line 1615]
Event: 66479.251 Thread 0x00007fd1e2878000 Exception <a 'java/lang/NoSuchMethodError': <clinit>> (0x00000007a2ab4a58) thrown at [/Volumes/Android/buildbot/src/googleplex-android/openjdk/out/hotspot/src/share/vm/prims/jni.cpp, line 1615]
Event: 66479.251 Thread 0x00007fd1e2878000 Exception <a 'java/lang/NoSuchMethodError': <clinit>> (0x00000007a2ab6140) thrown at [/Volumes/Android/buildbot/src/googleplex-android/openjdk/out/hotspot/src/share/vm/prims/jni.cpp, line 1615]
Event: 66479.251 Thread 0x00007fd1e2878000 Exception <a 'java/lang/NoSuchMethodError': <clinit>> (0x00000007a2ab76d8) thrown at [/Volumes/Android/buildbot/src/googleplex-android/openjdk/out/hotspot/src/share/vm/prims/jni.cpp, line 1615]
Event: 66479.251 Thread 0x00007fd1e2878000 Exception <a 'java/lang/NoSuchMethodError': <clinit>> (0x00000007a2ab8b10) thrown at [/Volumes/Android/buildbot/src/googleplex-android/openjdk/out/hotspot/src/share/vm/prims/jni.cpp, line 1615]

Events (10 events):
Event: 66480.629 Executing VM operation: RevokeBias done
Event: 66481.557 Thread 0x00007fd1e402b800 flushing nmethod 0x000000010660f990
Event: 66482.049 Thread 0x00007fd1e8607800 Thread added: 0x00007fd1e8607800
Event: 66482.049 Thread 0x00007fd1e808a800 Thread added: 0x00007fd1e808a800
Event: 66482.059 Executing VM operation: RevokeBias
Event: 66482.060 Executing VM operation: RevokeBias done
Event: 66482.062 Thread 0x00007fd1eecb1000 Thread added: 0x00007fd1eecb1000
Event: 66482.074 Thread 0x00007fd1ed5a3800 Thread added: 0x00007fd1ed5a3800
Event: 66482.074 Thread 0x00007fd1e82f1800 Thread added: 0x00007fd1e82f1800
Event: 66482.075 Thread 0x00007fd1e2ee0800 Thread added: 0x00007fd1e2ee0800


Dynamic libraries:
0x00007fff32aa3000 	/System/Library/Frameworks/Cocoa.framework/Versions/A/Cocoa
0x00007fff40298000 	/System/Library/Frameworks/Security.framework/Versions/A/Security
0x00007fff31a08000 	/System/Library/Frameworks/ApplicationServices.framework/Versions/A/ApplicationServices
0x00007fff6cdbb000 	/usr/lib/libz.1.dylib
0x00007fff6a87f000 	/usr/lib/libSystem.B.dylib
0x00007fff33945000 	/System/Library/Frameworks/CoreFoundation.framework/Versions/A/CoreFoundation
0x00007fff36002000 	/System/Library/Frameworks/Foundation.framework/Versions/C/Foundation
0x00007fff6c6df000 	/usr/lib/libobjc.A.dylib
0x00007fff30bf8000 	/System/Library/Frameworks/AppKit.framework/Versions/C/AppKit
0x00007fff33427000 	/System/Library/Frameworks/CoreData.framework/Versions/A/CoreData
0x00007fff64895000 	/System/Library/PrivateFrameworks/UIFoundation.framework/Versions/A/UIFoundation
0x00007fff5f929000 	/System/Library/PrivateFrameworks/RemoteViewServices.framework/Versions/A/RemoteViewServices
0x00007fff673ef000 	/System/Library/PrivateFrameworks/XCTTargetBootstrap.framework/Versions/A/XCTTargetBootstrap
0x00007fff33812000 	/System/Library/Frameworks/CoreDisplay.framework/Versions/A/CoreDisplay
0x00007fff38ebc000 	/System/Library/Frameworks/Metal.framework/Versions/A/Metal
0x00007fff4d92c000 	/System/Library/PrivateFrameworks/DesktopServicesPriv.framework/Versions/A/DesktopServicesPriv
0x00007fff6b9ba000 	/usr/lib/liblangid.dylib
0x00007fff4cbc1000 	/System/Library/PrivateFrameworks/CoreSVG.framework/Versions/A/CoreSVG
0x00007fff62a85000 	/System/Library/PrivateFrameworks/SkyLight.framework/Versions/A/SkyLight
0x00007fff33dc6000 	/System/Library/Frameworks/CoreGraphics.framework/Versions/A/CoreGraphics
0x00007fff2f5cc000 	/System/Library/Frameworks/Accelerate.framework/Versions/A/Accelerate
0x00007fff6ccac000 	/usr/lib/libxml2.2.dylib
0x00007fff588b4000 	/System/Library/PrivateFrameworks/IconServices.framework/Versions/A/IconServices
0x00007fff367e1000 	/System/Library/Frameworks/IOSurface.framework/Versions/A/IOSurface
0x00007fff6a3a9000 	/usr/lib/libDiagnosticMessagesClient.dylib
0x00007fff4d786000 	/System/Library/PrivateFrameworks/DFRFoundation.framework/Versions/A/DFRFoundation
0x00007fff6b749000 	/usr/lib/libicucore.A.dylib
0x00007fff31d3a000 	/System/Library/Frameworks/AudioToolbox.framework/Versions/A/AudioToolbox
0x00007fff31e1d000 	/System/Library/Frameworks/AudioUnit.framework/Versions/A/AudioUnit
0x00007fff6aa81000 	/usr/lib/libauto.dylib
0x00007fff4d828000 	/System/Library/PrivateFrameworks/DataDetectorsCore.framework/Versions/A/DataDetectorsCore
0x00007fff325c4000 	/System/Library/Frameworks/Carbon.framework/Versions/A/Frameworks/HIToolbox.framework/Versions/A/HIToolbox
0x00007fff3f494000 	/System/Library/Frameworks/QuartzCore.framework/Versions/A/QuartzCore
0x00007fff32903000 	/System/Library/Frameworks/Carbon.framework/Versions/A/Frameworks/SpeechRecognition.framework/Versions/A/SpeechRecognition
0x00007fff4d29a000 	/System/Library/PrivateFrameworks/CoreUI.framework/Versions/A/CoreUI
0x00007fff32e92000 	/System/Library/Frameworks/CoreAudio.framework/Versions/A/CoreAudio
0x00007fff35cc1000 	/System/Library/Frameworks/DiskArbitration.framework/Versions/A/DiskArbitration
0x00007fff5a904000 	/System/Library/PrivateFrameworks/MultitouchSupport.framework/Versions/A/MultitouchSupport
0x00007fff6b610000 	/usr/lib/libenergytrace.dylib
0x00007fff3673b000 	/System/Library/Frameworks/IOKit.framework/Versions/A/IOKit
0x00007fff34d2d000 	/System/Library/Frameworks/CoreServices.framework/Versions/A/CoreServices
0x00007fff5cabc000 	/System/Library/PrivateFrameworks/PerformanceAnalysis.framework/Versions/A/PerformanceAnalysis
0x00007fff3e4c7000 	/System/Library/Frameworks/OpenGL.framework/Versions/A/OpenGL
0x00007fff32ab1000 	/System/Library/Frameworks/ColorSync.framework/Versions/A/ColorSync
0x00007fff34449000 	/System/Library/Frameworks/CoreImage.framework/Versions/A/CoreImage
0x00007fff357a0000 	/System/Library/Frameworks/CoreText.framework/Versions/A/CoreText
0x00007fff36871000 	/System/Library/Frameworks/ImageIO.framework/Versions/A/ImageIO
0x00007fff6ab65000 	/usr/lib/libc++.1.dylib
0x00007fff6abe1000 	/usr/lib/libcompression.dylib
0x00007fff6a6ed000 	/usr/lib/libMobileGestalt.dylib
0x00007fff645ff000 	/System/Library/PrivateFrameworks/TextureIO.framework/Versions/A/TextureIO
0x00007fff6a9e4000 	/usr/lib/libate.dylib
0x00007fff58abd000 	/System/Library/PrivateFrameworks/InternationalSupport.framework/Versions/A/InternationalSupport
0x00007fff6d67c000 	/usr/lib/system/libcache.dylib
0x00007fff6d682000 	/usr/lib/system/libcommonCrypto.dylib
0x00007fff6d68e000 	/usr/lib/system/libcompiler_rt.dylib
0x00007fff6d696000 	/usr/lib/system/libcopyfile.dylib
0x00007fff6d6a0000 	/usr/lib/system/libcorecrypto.dylib
0x00007fff6d83f000 	/usr/lib/system/libdispatch.dylib
0x00007fff6d880000 	/usr/lib/system/libdyld.dylib
0x00007fff6d8b7000 	/usr/lib/system/libkeymgr.dylib
0x00007fff6d8c5000 	/usr/lib/system/liblaunch.dylib
0x00007fff6d8c6000 	/usr/lib/system/libmacho.dylib
0x00007fff6d8cc000 	/usr/lib/system/libquarantine.dylib
0x00007fff6d8cf000 	/usr/lib/system/libremovefile.dylib
0x00007fff6d8d1000 	/usr/lib/system/libsystem_asl.dylib
0x00007fff6d8e9000 	/usr/lib/system/libsystem_blocks.dylib
0x00007fff6d8ea000 	/usr/lib/system/libsystem_c.dylib
0x00007fff6d972000 	/usr/lib/system/libsystem_configuration.dylib
0x00007fff6d976000 	/usr/lib/system/libsystem_coreservices.dylib
0x00007fff6d97a000 	/usr/lib/system/libsystem_darwin.dylib
0x00007fff6d983000 	/usr/lib/system/libsystem_dnssd.dylib
0x00007fff6d98b000 	/usr/lib/system/libsystem_featureflags.dylib
0x00007fff6d98d000 	/usr/lib/system/libsystem_info.dylib
0x00007fff6da08000 	/usr/lib/system/libsystem_m.dylib
0x00007fff6da50000 	/usr/lib/system/libsystem_malloc.dylib
0x00007fff6da78000 	/usr/lib/system/libsystem_networkextension.dylib
0x00007fff6da86000 	/usr/lib/system/libsystem_notify.dylib
0x00007fff6daa4000 	/usr/lib/system/libsystem_sandbox.dylib
0x00007fff6daa9000 	/usr/lib/system/libsystem_secinit.dylib
0x00007fff6d9db000 	/usr/lib/system/libsystem_kernel.dylib
0x00007fff6da90000 	/usr/lib/system/libsystem_platform.dylib
0x00007fff6da99000 	/usr/lib/system/libsystem_pthread.dylib
0x00007fff6daac000 	/usr/lib/system/libsystem_symptoms.dylib
0x00007fff6dab4000 	/usr/lib/system/libsystem_trace.dylib
0x00007fff6dacc000 	/usr/lib/system/libunwind.dylib
0x00007fff6dad2000 	/usr/lib/system/libxpc.dylib
0x00007fff6abb8000 	/usr/lib/libc++abi.dylib
0x00007fff6b9bc000 	/usr/lib/liblzma.5.dylib
0x00007fff6b637000 	/usr/lib/libfakelink.dylib
0x00007fff6a971000 	/usr/lib/libarchive.2.dylib
0x00007fff41349000 	/System/Library/Frameworks/SystemConfiguration.framework/Versions/A/SystemConfiguration
0x00007fff6a2dc000 	/usr/lib/libCRFSuite.dylib
0x00007fff321b4000 	/System/Library/Frameworks/CFNetwork.framework/Versions/A/CFNetwork
0x00007fff6ab47000 	/usr/lib/libbsm.0.dylib
0x00007fff6d8b8000 	/usr/lib/system/libkxld.dylib
0x00007fff47103000 	/System/Library/PrivateFrameworks/AppleFSCompression.framework/Versions/A/AppleFSCompression
0x00007fff6aed2000 	/usr/lib/libcoretls.dylib
0x00007fff6aee9000 	/usr/lib/libcoretls_cfhelpers.dylib
0x00007fff6c725000 	/usr/lib/libpam.2.dylib
0x00007fff6c85a000 	/usr/lib/libsqlite3.dylib
0x00007fff6cc99000 	/usr/lib/libxar.1.dylib
0x00007fff6ab58000 	/usr/lib/libbz2.1.0.dylib
0x00007fff6b658000 	/usr/lib/libiconv.2.dylib
0x00007fff6abce000 	/usr/lib/libcharset.1.dylib
0x00007fff6c1c2000 	/usr/lib/libnetwork.dylib
0x00007fff6c72c000 	/usr/lib/libpcap.A.dylib
0x00007fff6a926000 	/usr/lib/libapple_nghttp2.dylib
0x00007fff350e4000 	/System/Library/Frameworks/CoreServices.framework/Versions/A/Frameworks/FSEvents.framework/Versions/A/FSEvents
0x00007fff34db4000 	/System/Library/Frameworks/CoreServices.framework/Versions/A/Frameworks/CarbonCore.framework/Versions/A/CarbonCore
0x00007fff35328000 	/System/Library/Frameworks/CoreServices.framework/Versions/A/Frameworks/Metadata.framework/Versions/A/Metadata
0x00007fff353c1000 	/System/Library/Frameworks/CoreServices.framework/Versions/A/Frameworks/OSServices.framework/Versions/A/OSServices
0x00007fff353ef000 	/System/Library/Frameworks/CoreServices.framework/Versions/A/Frameworks/SearchKit.framework/Versions/A/SearchKit
0x00007fff34d2e000 	/System/Library/Frameworks/CoreServices.framework/Versions/A/Frameworks/AE.framework/Versions/A/AE
0x00007fff350ed000 	/System/Library/Frameworks/CoreServices.framework/Versions/A/Frameworks/LaunchServices.framework/Versions/A/LaunchServices
0x00007fff35096000 	/System/Library/Frameworks/CoreServices.framework/Versions/A/Frameworks/DictionaryServices.framework/Versions/A/DictionaryServices
0x00007fff35457000 	/System/Library/Frameworks/CoreServices.framework/Versions/A/Frameworks/SharedFileList.framework/Versions/A/SharedFileList
0x00007fff3a2e6000 	/System/Library/Frameworks/NetFS.framework/Versions/A/NetFS
0x00007fff5ae34000 	/System/Library/PrivateFrameworks/NetAuth.framework/Versions/A/NetAuth
0x00007fff677bc000 	/System/Library/PrivateFrameworks/login.framework/Versions/A/Frameworks/loginsupport.framework/Versions/A/loginsupport
0x00007fff640ca000 	/System/Library/PrivateFrameworks/TCC.framework/Versions/A/TCC
0x00007fff4bd34000 	/System/Library/PrivateFrameworks/CoreNLP.framework/Versions/A/CoreNLP
0x00007fff5a331000 	/System/Library/PrivateFrameworks/MetadataUtilities.framework/Versions/A/MetadataUtilities
0x00007fff6ba94000 	/usr/lib/libmecabra.dylib
0x00007fff6b9ec000 	/usr/lib/libmecab.dylib
0x00007fff6b648000 	/usr/lib/libgermantok.dylib
0x00007fff6a90d000 	/usr/lib/libThaiTokenizer.dylib
0x00007fff6a313000 	/usr/lib/libChineseTokenizer.dylib
0x00007fff2f5e4000 	/System/Library/Frameworks/Accelerate.framework/Versions/A/Frameworks/vImage.framework/Versions/A/vImage
0x00007fff30a4e000 	/System/Library/Frameworks/Accelerate.framework/Versions/A/Frameworks/vecLib.framework/Versions/A/vecLib
0x00007fff3098b000 	/System/Library/Frameworks/Accelerate.framework/Versions/A/Frameworks/vecLib.framework/Versions/A/libvMisc.dylib
0x00007fff307b3000 	/System/Library/Frameworks/Accelerate.framework/Versions/A/Frameworks/vecLib.framework/Versions/A/libvDSP.dylib
0x00007fff2fc3b000 	/System/Library/Frameworks/Accelerate.framework/Versions/A/Frameworks/vecLib.framework/Versions/A/libBLAS.dylib
0x00007fff30377000 	/System/Library/Frameworks/Accelerate.framework/Versions/A/Frameworks/vecLib.framework/Versions/A/libLAPACK.dylib
0x00007fff30713000 	/System/Library/Frameworks/Accelerate.framework/Versions/A/Frameworks/vecLib.framework/Versions/A/libLinearAlgebra.dylib
0x00007fff307a0000 	/System/Library/Frameworks/Accelerate.framework/Versions/A/Frameworks/vecLib.framework/Versions/A/libSparseBLAS.dylib
0x00007fff30729000 	/System/Library/Frameworks/Accelerate.framework/Versions/A/Frameworks/vecLib.framework/Versions/A/libQuadrature.dylib
0x00007fff2fea3000 	/System/Library/Frameworks/Accelerate.framework/Versions/A/Frameworks/vecLib.framework/Versions/A/libBNNS.dylib
0x00007fff3072f000 	/System/Library/Frameworks/Accelerate.framework/Versions/A/Frameworks/vecLib.framework/Versions/A/libSparse.dylib
0x00007fff58ea5000 	/System/Library/PrivateFrameworks/LanguageModeling.framework/Versions/A/LanguageModeling
0x00007fff4b6e4000 	/System/Library/PrivateFrameworks/CoreEmoji.framework/Versions/A/CoreEmoji
0x00007fff58fc3000 	/System/Library/PrivateFrameworks/LinguisticData.framework/Versions/A/LinguisticData
0x00007fff58f74000 	/System/Library/PrivateFrameworks/Lexicon.framework/Versions/A/Lexicon
0x00007fff6abcf000 	/usr/lib/libcmph.dylib
0x00007fff3ced5000 	/System/Library/Frameworks/OpenDirectory.framework/Versions/A/Frameworks/CFOpenDirectory.framework/Versions/A/CFOpenDirectory
0x00007fff3cef2000 	/System/Library/Frameworks/OpenDirectory.framework/Versions/A/OpenDirectory
0x00007fff45333000 	/System/Library/PrivateFrameworks/APFS.framework/Versions/A/APFS
0x00007fff405e2000 	/System/Library/Frameworks/SecurityFoundation.framework/Versions/A/SecurityFoundation
0x00007fff6cc95000 	/usr/lib/libutil.dylib
0x00007fff4cc19000 	/System/Library/PrivateFrameworks/CoreServicesStore.framework/Versions/A/CoreServicesStore
0x00007fff40699000 	/System/Library/Frameworks/ServiceManagement.framework/Versions/A/ServiceManagement
0x00007fff488d3000 	/System/Library/PrivateFrameworks/BackgroundTaskManagement.framework/Versions/A/BackgroundTaskManagement
0x00007fff6cd92000 	/usr/lib/libxslt.1.dylib
0x00007fff47776000 	/System/Library/PrivateFrameworks/AppleSystemInfo.framework/Versions/A/AppleSystemInfo
0x00007fff36a8c000 	/System/Library/Frameworks/ImageIO.framework/Versions/A/Resources/libJPEG.dylib
0x00007fff36d4a000 	/System/Library/Frameworks/ImageIO.framework/Versions/A/Resources/libTIFF.dylib
0x00007fff36d2d000 	/System/Library/Frameworks/ImageIO.framework/Versions/A/Resources/libPng.dylib
0x00007fff369ce000 	/System/Library/Frameworks/ImageIO.framework/Versions/A/Resources/libGIF.dylib
0x00007fff369d2000 	/System/Library/Frameworks/ImageIO.framework/Versions/A/Resources/libJP2.dylib
0x00007fff36d48000 	/System/Library/Frameworks/ImageIO.framework/Versions/A/Resources/libRadiance.dylib
0x00007fff6b611000 	/usr/lib/libexpat.1.dylib
0x00007fff4725e000 	/System/Library/PrivateFrameworks/AppleJPEG.framework/Versions/A/AppleJPEG
0x00007fff4ff19000 	/System/Library/PrivateFrameworks/FontServices.framework/libFontParser.dylib
0x00007fff667be000 	/System/Library/PrivateFrameworks/WatchdogClient.framework/Versions/A/WatchdogClient
0x00007fff58500000 	/System/Library/PrivateFrameworks/IOAccelerator.framework/Versions/A/IOAccelerator
0x00007fff39257000 	/System/Library/Frameworks/MetalPerformanceShaders.framework/Versions/A/MetalPerformanceShaders
0x00007fff54c96000 	/System/Library/PrivateFrameworks/GPUWrangler.framework/Versions/A/GPUWrangler
0x00007fff58515000 	/System/Library/PrivateFrameworks/IOPresentment.framework/Versions/A/IOPresentment
0x00007fff4d799000 	/System/Library/PrivateFrameworks/DSExternalDisplay.framework/Versions/A/DSExternalDisplay
0x00007fff3d866000 	/System/Library/Frameworks/OpenGL.framework/Versions/A/Libraries/libCoreFSCache.dylib
0x00007fff38fa3000 	/System/Library/Frameworks/MetalPerformanceShaders.framework/Frameworks/MPSCore.framework/Versions/A/MPSCore
0x00007fff38fe1000 	/System/Library/Frameworks/MetalPerformanceShaders.framework/Frameworks/MPSImage.framework/Versions/A/MPSImage
0x00007fff390a8000 	/System/Library/Frameworks/MetalPerformanceShaders.framework/Frameworks/MPSNeuralNetwork.framework/Versions/A/MPSNeuralNetwork
0x00007fff3906c000 	/System/Library/Frameworks/MetalPerformanceShaders.framework/Frameworks/MPSMatrix.framework/Versions/A/MPSMatrix
0x00007fff39207000 	/System/Library/Frameworks/MetalPerformanceShaders.framework/Frameworks/MPSRayIntersector.framework/Versions/A/MPSRayIntersector
0x00007fff39092000 	/System/Library/Frameworks/MetalPerformanceShaders.framework/Frameworks/MPSNDArray.framework/Versions/A/MPSNDArray
0x00007fff5a37e000 	/System/Library/PrivateFrameworks/MetalTools.framework/Versions/A/MetalTools
0x00007fff4650d000 	/System/Library/PrivateFrameworks/AggregateDictionary.framework/Versions/A/AggregateDictionary
0x00007fff4b12c000 	/System/Library/PrivateFrameworks/CoreAnalytics.framework/Versions/A/CoreAnalytics
0x00007fff47695000 	/System/Library/PrivateFrameworks/AppleSauce.framework/Versions/A/AppleSauce
0x00007fff6a5cf000 	/usr/lib/libIOReport.dylib
0x00007fff35958000 	/System/Library/Frameworks/CoreVideo.framework/Versions/A/CoreVideo
0x00007fff5610f000 	/System/Library/PrivateFrameworks/GraphVisualizer.framework/Versions/A/GraphVisualizer
0x00007fff4f45f000 	/System/Library/PrivateFrameworks/FaceCore.framework/Versions/A/FaceCore
0x00007fff3ce7c000 	/System/Library/Frameworks/OpenCL.framework/Versions/A/OpenCL
0x00007fff6a3f1000 	/usr/lib/libFosl_dynamic.dylib
0x00007fff5b854000 	/System/Library/PrivateFrameworks/OTSVG.framework/Versions/A/OTSVG
0x00007fff31b0d000 	/System/Library/Frameworks/ApplicationServices.framework/Versions/A/Frameworks/ATS.framework/Versions/A/Resources/libFontRegistry.dylib
0x00007fff500ea000 	/System/Library/PrivateFrameworks/FontServices.framework/libhvf.dylib
0x00007fff3d871000 	/System/Library/Frameworks/OpenGL.framework/Versions/A/Libraries/libGFXShared.dylib
0x00007fff3da4f000 	/System/Library/Frameworks/OpenGL.framework/Versions/A/Libraries/libGLU.dylib
0x00007fff3d87a000 	/System/Library/Frameworks/OpenGL.framework/Versions/A/Libraries/libGL.dylib
0x00007fff3d885000 	/System/Library/Frameworks/OpenGL.framework/Versions/A/Libraries/libGLImage.dylib
0x00007fff3d863000 	/System/Library/Frameworks/OpenGL.framework/Versions/A/Libraries/libCVMSPluginSupport.dylib
0x00007fff3d86c000 	/System/Library/Frameworks/OpenGL.framework/Versions/A/Libraries/libCoreVMClient.dylib
0x00007fff6c063000 	/usr/lib/libncurses.5.4.dylib
0x00007fff31a09000 	/System/Library/Frameworks/ApplicationServices.framework/Versions/A/Frameworks/ATS.framework/Versions/A/ATS
0x00007fff31bd6000 	/System/Library/Frameworks/ApplicationServices.framework/Versions/A/Frameworks/ColorSyncLegacy.framework/Versions/A/ColorSyncLegacy
0x00007fff31c74000 	/System/Library/Frameworks/ApplicationServices.framework/Versions/A/Frameworks/HIServices.framework/Versions/A/HIServices
0x00007fff31ccc000 	/System/Library/Frameworks/ApplicationServices.framework/Versions/A/Frameworks/LangAnalysis.framework/Versions/A/LangAnalysis
0x00007fff31cdb000 	/System/Library/Frameworks/ApplicationServices.framework/Versions/A/Frameworks/PrintCore.framework/Versions/A/PrintCore
0x00007fff31d21000 	/System/Library/Frameworks/ApplicationServices.framework/Versions/A/Frameworks/QD.framework/Versions/A/QD
0x00007fff31d2c000 	/System/Library/Frameworks/ApplicationServices.framework/Versions/A/Frameworks/SpeechSynthesis.framework/Versions/A/SpeechSynthesis
0x00007fff31ba6000 	/System/Library/Frameworks/ApplicationServices.framework/Versions/A/Frameworks/ATSUI.framework/Versions/A/ATSUI
0x00007fff6b4a7000 	/usr/lib/libcups.2.dylib
0x00007fff382f2000 	/System/Library/Frameworks/Kerberos.framework/Versions/A/Kerberos
0x00007fff36434000 	/System/Library/Frameworks/GSS.framework/Versions/A/GSS
0x00007fff6c7e6000 	/usr/lib/libresolv.9.dylib
0x00007fff562bc000 	/System/Library/PrivateFrameworks/Heimdal.framework/Versions/A/Heimdal
0x00007fff38305000 	/System/Library/Frameworks/Kerberos.framework/Versions/A/Libraries/libHeimdalProxy.dylib
0x00007fff6b64e000 	/usr/lib/libheimdal-asn1.dylib
0x00007fff4a5c4000 	/System/Library/PrivateFrameworks/CommonAuth.framework/Versions/A/CommonAuth
0x00007fff47813000 	/System/Library/PrivateFrameworks/AssertionServices.framework/Versions/A/AssertionServices
0x00007fff483b6000 	/System/Library/PrivateFrameworks/AudioToolboxCore.framework/Versions/A/AudioToolboxCore
0x00007fff6746c000 	/System/Library/PrivateFrameworks/caulk.framework/Versions/A/caulk
0x00007fff4897f000 	/System/Library/PrivateFrameworks/BaseBoard.framework/Versions/A/BaseBoard
0x00007fff5fab7000 	/System/Library/PrivateFrameworks/RunningBoardServices.framework/Versions/A/RunningBoardServices
0x00007fff5cac8000 	/System/Library/PrivateFrameworks/PersistentConnection.framework/Versions/A/PersistentConnection
0x00007fff5f4b0000 	/System/Library/PrivateFrameworks/ProtocolBuffer.framework/Versions/A/ProtocolBuffer
0x00007fff4a5e8000 	/System/Library/PrivateFrameworks/CommonUtilities.framework/Versions/A/CommonUtilities
0x00007fff48b0d000 	/System/Library/PrivateFrameworks/Bom.framework/Versions/A/Bom
0x00007fff6a2a2000 	/usr/lib/libAudioToolboxUtility.dylib
0x00007fff488dd000 	/System/Library/PrivateFrameworks/Backup.framework/Versions/A/Backup
0x00007fff4d6ba000 	/System/Library/PrivateFrameworks/CrashReporterSupport.framework/Versions/A/CrashReporterSupport
0x00007fff61549000 	/System/Library/PrivateFrameworks/Sharing.framework/Versions/A/Sharing
0x00007fff46e21000 	/System/Library/PrivateFrameworks/Apple80211.framework/Versions/A/Apple80211
0x00007fff485fa000 	/System/Library/PrivateFrameworks/AuthKit.framework/Versions/A/AuthKit
0x00007fff4d3c7000 	/System/Library/PrivateFrameworks/CoreUtils.framework/Versions/A/CoreUtils
0x00007fff3599d000 	/System/Library/Frameworks/CoreWLAN.framework/Versions/A/CoreWLAN
0x00007fff365c1000 	/System/Library/Frameworks/IOBluetooth.framework/Versions/A/IOBluetooth
0x00007fff5a683000 	/System/Library/PrivateFrameworks/MobileKeyBag.framework/Versions/A/MobileKeyBag
0x00007fff4c1cc000 	/System/Library/PrivateFrameworks/CorePhoneNumbers.framework/Versions/A/CorePhoneNumbers
0x00007fff47211000 	/System/Library/PrivateFrameworks/AppleIDAuthSupport.framework/Versions/A/AppleIDAuthSupport
0x00007fff3a2f3000 	/System/Library/Frameworks/Network.framework/Versions/A/Network
0x00007fff58d51000 	/System/Library/PrivateFrameworks/KeychainCircle.framework/Versions/A/KeychainCircle
0x00007fff333ee000 	/System/Library/Frameworks/CoreBluetooth.framework/Versions/A/CoreBluetooth
0x00007fff635c8000 	/System/Library/PrivateFrameworks/SpeechRecognitionCore.framework/Versions/A/SpeechRecognitionCore
0x0000000102b8a000 	/Applications/Android Studio.app/Contents/jre/jdk/Contents/Home/jre/lib/server/libjvm.dylib
0x00007fff6cb68000 	/usr/lib/libstdc++.6.dylib
0x0000000101442000 	/Applications/Android Studio.app/Contents/jre/jdk/Contents/Home/jre/lib/libverify.dylib
0x0000000101454000 	/Applications/Android Studio.app/Contents/jre/jdk/Contents/Home/jre/lib/libjava.dylib
0x00000001014e8000 	/Applications/Android Studio.app/Contents/jre/jdk/Contents/Home/jre/lib/libzip.dylib
0x000000010153d000 	/Applications/Android Studio.app/Contents/jre/jdk/Contents/Home/jre/lib/libnio.dylib
0x0000000101558000 	/Applications/Android Studio.app/Contents/jre/jdk/Contents/Home/jre/lib/libnet.dylib
0x000000011962e000 	/Users/soso/.gradle/native/9f2fa17c089eee584f3420100432f77ec4c098959e4bf121a4d6054c26537dfb/osx-amd64/libnative-platform.dylib
0x0000000119977000 	/Applications/Android Studio.app/Contents/jre/jdk/Contents/Home/jre/lib/libmanagement.dylib
0x0000000119f8f000 	/Users/soso/.gradle/native/9f2fa17c089eee584f3420100432f77ec4c098959e4bf121a4d6054c26537dfb/osx-amd64/libnative-platform-file-events.dylib
0x000000011f2d0000 	/private/var/folders/nk/77tzydc5271b4jt6909jb9m80000gn/T/native-platform5479403896953825026dir/libnative-platform.dylib
0x0000000120556000 	/private/var/folders/nk/77tzydc5271b4jt6909jb9m80000gn/T/room-a167b017-243c-4061-b0d2-de9d6927fbe2/sqlite-3.25.2-c2aa4e1b-9a1b-4f73-be4e-f777a6044829-libsqlitejdbc.jnilib
0x0000000121ee6000 	/private/var/folders/nk/77tzydc5271b4jt6909jb9m80000gn/T/room-623bad8c-868f-4cb5-bec4-ffa3a500ac87/sqlite-3.25.2-987c4d0b-db42-4f4f-8c29-91b90c6cec2d-libsqlitejdbc.jnilib
0x0000000122a76000 	/private/var/folders/nk/77tzydc5271b4jt6909jb9m80000gn/T/room-63684e61-5142-4235-993e-b68365a688ba/sqlite-3.25.2-9552d4ac-0788-4c01-b3f5-e18f7e5acf74-libsqlitejdbc.jnilib
0x0000000123606000 	/private/var/folders/nk/77tzydc5271b4jt6909jb9m80000gn/T/room-f60b5121-927e-4330-9b8e-6d77962eff34/sqlite-3.25.2-93442e3e-602d-4487-8bf4-6aae294939d9-libsqlitejdbc.jnilib
0x0000000124196000 	/private/var/folders/nk/77tzydc5271b4jt6909jb9m80000gn/T/room-ad084812-b212-4c07-88e0-fe59620f24ce/sqlite-3.25.2-f53b3c3f-909d-4745-b349-02779f2fab16-libsqlitejdbc.jnilib
0x0000000124f26000 	/private/var/folders/nk/77tzydc5271b4jt6909jb9m80000gn/T/room-cf01b927-089f-4d84-b0d0-c878829fa735/sqlite-3.25.2-3f17ab24-f841-4acf-8f94-193b94e43724-libsqlitejdbc.jnilib
0x0000000125cb6000 	/private/var/folders/nk/77tzydc5271b4jt6909jb9m80000gn/T/room-96262b03-ac0c-49b9-8d28-a8c1524309c9/sqlite-3.25.2-25681c7b-46f0-4cce-8472-c0cf411b865e-libsqlitejdbc.jnilib
0x000000011fdbc000 	/Applications/Android Studio.app/Contents/jre/jdk/Contents/Home/jre/lib/libawt.dylib
0x000000011fe7d000 	/Applications/Android Studio.app/Contents/jre/jdk/Contents/Home/jre/lib/libmlib_image.dylib
0x00007fff382dc000 	/System/Library/Frameworks/JavaVM.framework/Versions/A/Frameworks/JavaNativeFoundation.framework/Versions/A/JavaNativeFoundation
0x00007fff382e5000 	/System/Library/Frameworks/JavaVM.framework/Versions/A/Frameworks/JavaRuntimeSupport.framework/Versions/A/JavaRuntimeSupport
0x00007fff382ed000 	/System/Library/Frameworks/JavaVM.framework/Versions/A/JavaVM
0x00007fff58b68000 	/System/Library/PrivateFrameworks/JavaLaunching.framework/Versions/A/JavaLaunching
0x00007fff325bf000 	/System/Library/Frameworks/Carbon.framework/Versions/A/Carbon
0x00007fff4d16c000 	/System/Library/PrivateFrameworks/CoreSymbolication.framework/Versions/A/CoreSymbolication
0x00007fff325c0000 	/System/Library/Frameworks/Carbon.framework/Versions/A/Frameworks/CommonPanels.framework/Versions/A/CommonPanels
0x00007fff328b9000 	/System/Library/Frameworks/Carbon.framework/Versions/A/Frameworks/Help.framework/Versions/A/Help
0x00007fff328bd000 	/System/Library/Frameworks/Carbon.framework/Versions/A/Frameworks/ImageCapture.framework/Versions/A/ImageCapture
0x00007fff328c4000 	/System/Library/Frameworks/Carbon.framework/Versions/A/Frameworks/OpenScripting.framework/Versions/A/OpenScripting
0x00007fff328c3000 	/System/Library/Frameworks/Carbon.framework/Versions/A/Frameworks/Ink.framework/Versions/A/Ink
0x00007fff328ff000 	/System/Library/Frameworks/Carbon.framework/Versions/A/Frameworks/Print.framework/Versions/A/Print
0x00007fff32900000 	/System/Library/Frameworks/Carbon.framework/Versions/A/Frameworks/SecurityHI.framework/Versions/A/SecurityHI
0x00007fff4d8ee000 	/System/Library/PrivateFrameworks/DebugSymbols.framework/Versions/A/DebugSymbols
0x0000000126246000 	/Applications/Android Studio.app/Contents/jre/jdk/Contents/Home/jre/lib/libawt_lwawt.dylib
0x000000011fb88000 	/Applications/Android Studio.app/Contents/jre/jdk/Contents/Home/jre/lib/libosxapp.dylib
0x00007fff35e9d000 	/System/Library/Frameworks/ExceptionHandling.framework/Versions/A/ExceptionHandling
0x00000001272e5000 	/private/var/folders/nk/77tzydc5271b4jt6909jb9m80000gn/T/room-4fd7dbb7-c548-406d-9b60-1731f2df87bb/sqlite-3.25.2-76904975-5aa3-4ce8-9b66-9b962cac99dd-libsqlitejdbc.jnilib
0x0000000128075000 	/private/var/folders/nk/77tzydc5271b4jt6909jb9m80000gn/T/room-1f59af7f-8317-471e-96ca-700479a5b43c/sqlite-3.25.2-6ab18f37-aff6-486b-9d21-61d078ca84d9-libsqlitejdbc.jnilib
0x0000000128e05000 	/private/var/folders/nk/77tzydc5271b4jt6909jb9m80000gn/T/room-e25f0bf0-2303-4eef-8355-8a7e3fe7aafa/sqlite-3.25.2-ed8cc3a4-39f9-4ab6-a53d-69c975a2231f-libsqlitejdbc.jnilib
0x0000000129995000 	/private/var/folders/nk/77tzydc5271b4jt6909jb9m80000gn/T/room-c5c605c6-77e0-45ee-8c5a-560ba39edb1d/sqlite-3.25.2-7e3436e6-123d-4975-9b9b-97a5154761ea-libsqlitejdbc.jnilib
0x000000012a525000 	/private/var/folders/nk/77tzydc5271b4jt6909jb9m80000gn/T/room-74645132-def3-42af-830c-cb887f586712/sqlite-3.25.2-dc95ad0c-05d8-43ce-8d48-cdf312c00fd2-libsqlitejdbc.jnilib
0x000000012b0b5000 	/private/var/folders/nk/77tzydc5271b4jt6909jb9m80000gn/T/room-b3175199-8a8e-4f11-8e52-9fb81351a098/sqlite-3.25.2-36a444a9-f151-437a-ab98-be5a90b365c4-libsqlitejdbc.jnilib
0x000000012bc45000 	/private/var/folders/nk/77tzydc5271b4jt6909jb9m80000gn/T/room-beff5f56-5fad-4dd0-9d6a-0b2c32f4178f/sqlite-3.25.2-fd49267e-f314-4b9a-8e85-2012cedb55c2-libsqlitejdbc.jnilib
0x000000012c7d5000 	/private/var/folders/nk/77tzydc5271b4jt6909jb9m80000gn/T/room-4d7426a4-c1b6-4d2c-a596-4636b06c6c99/sqlite-3.25.2-aa0561fe-40e4-44a5-87dd-a24ee13c7859-libsqlitejdbc.jnilib
0x000000012d365000 	/private/var/folders/nk/77tzydc5271b4jt6909jb9m80000gn/T/room-a463e14f-af6f-40c1-a4ee-54a6849b3278/sqlite-3.25.2-27a4f10b-472d-4050-a3c4-49d56eb9dac5-libsqlitejdbc.jnilib
0x000000012e0f5000 	/private/var/folders/nk/77tzydc5271b4jt6909jb9m80000gn/T/room-9a974a7a-b468-4795-830e-53e340994039/sqlite-3.25.2-9332f3ed-1b5f-44f4-bc50-33ead8514ec3-libsqlitejdbc.jnilib
0x000000012ea85000 	/private/var/folders/nk/77tzydc5271b4jt6909jb9m80000gn/T/room-18f3a7e0-6ef1-4857-b10c-aee071e12cf8/sqlite-3.25.2-79dff154-ad24-4555-93aa-edf98d0a320c-libsqlitejdbc.jnilib
0x000000012f815000 	/private/var/folders/nk/77tzydc5271b4jt6909jb9m80000gn/T/room-d0028151-516d-42f2-97e8-99a32dccf86b/sqlite-3.25.2-9d437136-53e7-490d-b13f-d3d8119f6345-libsqlitejdbc.jnilib
0x00000001303a5000 	/private/var/folders/nk/77tzydc5271b4jt6909jb9m80000gn/T/room-5100d777-e007-4146-8167-a01eeea733e2/sqlite-3.25.2-b56cc346-3528-4507-8170-444d3a485306-libsqlitejdbc.jnilib
0x0000000130f35000 	/private/var/folders/nk/77tzydc5271b4jt6909jb9m80000gn/T/room-f96d54ce-97ea-4607-84bb-c178edf225cf/sqlite-3.25.2-a02d806a-7b60-43ef-a020-e197e677933a-libsqlitejdbc.jnilib
0x0000000131ac5000 	/private/var/folders/nk/77tzydc5271b4jt6909jb9m80000gn/T/room-919cab44-77e1-458e-9a85-65b7d77a5d3a/sqlite-3.25.2-6291dd64-5534-4d70-b80e-ad118f14f7ae-libsqlitejdbc.jnilib
0x0000000132655000 	/private/var/folders/nk/77tzydc5271b4jt6909jb9m80000gn/T/room-bc7d83cb-0883-43e4-8466-8b4f31f4bf21/sqlite-3.25.2-6b405a2f-56a7-4a46-bfe6-f571ae3aa6a0-libsqlitejdbc.jnilib
0x00000001331e5000 	/private/var/folders/nk/77tzydc5271b4jt6909jb9m80000gn/T/room-896242a3-b751-4fcd-a2e7-52c52741294c/sqlite-3.25.2-9f3a346a-b07c-4eb9-8d9a-f8e4d31cc029-libsqlitejdbc.jnilib
0x0000000133d75000 	/private/var/folders/nk/77tzydc5271b4jt6909jb9m80000gn/T/room-36ed20ed-c914-48be-b2f6-f2309b3204f6/sqlite-3.25.2-eee6b55d-57ab-402c-bb15-c0faf9278e3b-libsqlitejdbc.jnilib
0x0000000134705000 	/private/var/folders/nk/77tzydc5271b4jt6909jb9m80000gn/T/room-5e7cc1af-d557-4164-981f-2c144f028d9d/sqlite-3.25.2-98710db9-d773-421d-b162-9db06186c4af-libsqlitejdbc.jnilib
0x0000000135495000 	/private/var/folders/nk/77tzydc5271b4jt6909jb9m80000gn/T/room-26961511-5807-4d59-8b61-cb416b062b6d/sqlite-3.25.2-c561cd9d-cc47-4710-88ef-ce4945c0dd00-libsqlitejdbc.jnilib
0x0000000135e25000 	/private/var/folders/nk/77tzydc5271b4jt6909jb9m80000gn/T/room-d005322c-f721-44f2-82c9-610b98b27d36/sqlite-3.25.2-8f683d33-d2bc-43af-9dbc-85a74cd75dc2-libsqlitejdbc.jnilib
0x00000001369b5000 	/private/var/folders/nk/77tzydc5271b4jt6909jb9m80000gn/T/room-1fdec852-c0a5-4559-9616-5d35d38d74c1/sqlite-3.25.2-60ed2481-9cc2-4156-bb9a-4c84713c8091-libsqlitejdbc.jnilib
0x0000000137545000 	/private/var/folders/nk/77tzydc5271b4jt6909jb9m80000gn/T/room-ba9b75db-6ad8-4e87-bd80-5aec79c073fb/sqlite-3.25.2-e5e3abea-85dc-40b7-92e6-db92e10d9d93-libsqlitejdbc.jnilib
0x00000001382d5000 	/private/var/folders/nk/77tzydc5271b4jt6909jb9m80000gn/T/room-8dfd1b80-521a-4fce-b31b-ecefd3470c8a/sqlite-3.25.2-7e6bedf4-da6b-40a0-a46a-2dbd2a3b7575-libsqlitejdbc.jnilib
0x0000000138e65000 	/private/var/folders/nk/77tzydc5271b4jt6909jb9m80000gn/T/room-d1a9d3fa-dbef-49c7-ae29-7107c05f37a2/sqlite-3.25.2-68782e07-a646-421c-a768-c467ecbcdaec-libsqlitejdbc.jnilib
0x00000001397f5000 	/private/var/folders/nk/77tzydc5271b4jt6909jb9m80000gn/T/room-4de6e2ac-3415-46c7-ac6c-f3b5905941df/sqlite-3.25.2-c8a80601-d5ab-4d8f-b276-c4e14a4481a7-libsqlitejdbc.jnilib
0x000000013a385000 	/private/var/folders/nk/77tzydc5271b4jt6909jb9m80000gn/T/room-33507af0-3abe-42c7-baea-7b4016a070b5/sqlite-3.25.2-4abafa00-1f18-4f09-842a-2c04055610bf-libsqlitejdbc.jnilib
0x000000013af15000 	/private/var/folders/nk/77tzydc5271b4jt6909jb9m80000gn/T/room-528732be-733a-43c6-8424-e9748f5d6c9c/sqlite-3.25.2-41d4bd1b-bf22-49be-9e47-5c9f75d44bca-libsqlitejdbc.jnilib
0x000000013bca5000 	/private/var/folders/nk/77tzydc5271b4jt6909jb9m80000gn/T/room-9d64fd89-c2f0-441b-8313-affa8a56d6ff/sqlite-3.25.2-0bccbd78-b07e-4a6c-8803-3c44b01c7c72-libsqlitejdbc.jnilib
0x000000013c835000 	/private/var/folders/nk/77tzydc5271b4jt6909jb9m80000gn/T/room-e37990c9-d7bd-4706-830d-3a68dcccc297/sqlite-3.25.2-049fe787-af0e-4bcc-b23f-ab76f4ea5e23-libsqlitejdbc.jnilib
0x000000013d3c5000 	/private/var/folders/nk/77tzydc5271b4jt6909jb9m80000gn/T/room-7c2926c3-a2ee-44b0-8425-3190b08c59b2/sqlite-3.25.2-6d7237c7-bdb7-476e-a4e7-4cdf0318150f-libsqlitejdbc.jnilib
0x000000013df55000 	/private/var/folders/nk/77tzydc5271b4jt6909jb9m80000gn/T/room-e1dfbb27-9290-4fd7-9b03-fa2b87028e02/sqlite-3.25.2-14ea74cf-d2b0-47d8-a021-166cf218c311-libsqlitejdbc.jnilib
0x000000013eae5000 	/private/var/folders/nk/77tzydc5271b4jt6909jb9m80000gn/T/room-1785f4c4-3885-4e29-a3b3-a2b79ce18b8f/sqlite-3.25.2-fd2cd7aa-7e2c-4a09-95bd-efd08b5a00b6-libsqlitejdbc.jnilib
0x000000013f675000 	/private/var/folders/nk/77tzydc5271b4jt6909jb9m80000gn/T/room-522ca381-7510-4fdf-9b66-27192ac4f9bb/sqlite-3.25.2-a32ae5a9-25d0-46f5-9af2-46813d1a2770-libsqlitejdbc.jnilib
0x0000000140205000 	/private/var/folders/nk/77tzydc5271b4jt6909jb9m80000gn/T/room-64970a88-f0b0-4044-b5ae-33286b39bab8/sqlite-3.25.2-44cda7a5-5fc8-499e-860b-ca744d13bd10-libsqlitejdbc.jnilib
0x0000000140d95000 	/private/var/folders/nk/77tzydc5271b4jt6909jb9m80000gn/T/room-da6eac63-9bf2-4e5b-ab91-d8c8316b1b3b/sqlite-3.25.2-f21f827e-8494-4402-b317-1ca63b65b2f3-libsqlitejdbc.jnilib
0x0000000141725000 	/private/var/folders/nk/77tzydc5271b4jt6909jb9m80000gn/T/room-c0109ae1-60f8-45ad-a092-49937875cdae/sqlite-3.25.2-9da57b3c-39b7-472a-bc7e-f827acbb5070-libsqlitejdbc.jnilib
0x00000001422b5000 	/private/var/folders/nk/77tzydc5271b4jt6909jb9m80000gn/T/room-48642405-870a-4e56-ba39-28a0d5845ea8/sqlite-3.25.2-9bccaf9c-af74-459a-9c38-fcfa9ad4613f-libsqlitejdbc.jnilib
0x0000000142e45000 	/private/var/folders/nk/77tzydc5271b4jt6909jb9m80000gn/T/room-f5b5b3c5-cf6a-4a73-84f5-a538b16b1b63/sqlite-3.25.2-4118707b-d073-499c-8ed3-e0c3bb171bd4-libsqlitejdbc.jnilib
0x00000001439d5000 	/private/var/folders/nk/77tzydc5271b4jt6909jb9m80000gn/T/room-fa5c38b4-3ec7-42f7-b705-d279f70bf6de/sqlite-3.25.2-e3e27cbe-f22d-40f6-817f-c04b2f548dbe-libsqlitejdbc.jnilib
0x0000000144565000 	/private/var/folders/nk/77tzydc5271b4jt6909jb9m80000gn/T/room-4a89481d-3cb2-4333-a334-bee3739a121c/sqlite-3.25.2-0a76f821-6e69-4153-98f7-074dceb123f2-libsqlitejdbc.jnilib
0x00000001450f5000 	/private/var/folders/nk/77tzydc5271b4jt6909jb9m80000gn/T/room-98b409e3-fdfe-49b9-8efb-c5ebe2ce6c9d/sqlite-3.25.2-ac2b6373-4942-45ca-a2b4-3a4474fc3c85-libsqlitejdbc.jnilib
0x0000000145c85000 	/private/var/folders/nk/77tzydc5271b4jt6909jb9m80000gn/T/room-2a0f5b96-d26e-4575-8ed9-86b5b10c7b7a/sqlite-3.25.2-4ea72781-e0ef-4540-b732-d7a7cd9f9c77-libsqlitejdbc.jnilib
0x0000000146815000 	/private/var/folders/nk/77tzydc5271b4jt6909jb9m80000gn/T/room-6575bb18-6b63-40f0-b3cd-a1d460ba7395/sqlite-3.25.2-4fe15e13-3b96-4c83-94c3-5abdae752378-libsqlitejdbc.jnilib
0x00000001473a5000 	/private/var/folders/nk/77tzydc5271b4jt6909jb9m80000gn/T/room-5e488137-50e5-4f5f-b7c8-45d82dd76b10/sqlite-3.25.2-19fc93e7-382d-4a11-b7d5-2297512f9fd3-libsqlitejdbc.jnilib
0x0000000147f35000 	/private/var/folders/nk/77tzydc5271b4jt6909jb9m80000gn/T/room-ab91c7a5-07b6-460b-b614-400073988fa1/sqlite-3.25.2-f5d7e6ae-eaa0-49b4-8207-ce7d9bc95fe6-libsqlitejdbc.jnilib
0x0000000148ac5000 	/private/var/folders/nk/77tzydc5271b4jt6909jb9m80000gn/T/room-f5103886-cd7f-46f1-bb5c-a3d328444257/sqlite-3.25.2-a6acc61c-1d94-4a58-a3d8-fce76cd7739d-libsqlitejdbc.jnilib
0x0000000149655000 	/private/var/folders/nk/77tzydc5271b4jt6909jb9m80000gn/T/room-30cf7ee0-2aac-4454-9659-675f6b2f9678/sqlite-3.25.2-f6924783-e6b1-48af-8673-48fb84f627a6-libsqlitejdbc.jnilib
0x000000011ac34000 	/Applications/Android Studio.app/Contents/jre/jdk/Contents/Home/jre/lib/libsunec.dylib
0x00007fff6cc3a000 	/usr/lib/libusrtcp.dylib
0x000000014ba75000 	/private/var/folders/nk/77tzydc5271b4jt6909jb9m80000gn/T/room-2b14a586-3293-4afc-b0c4-5ef30bcdeaba/sqlite-3.25.2-57f4e488-4cea-421d-ae3e-d33d29a7f53a-libsqlitejdbc.jnilib
0x000000014a83e000 	/private/var/folders/nk/77tzydc5271b4jt6909jb9m80000gn/T/room-138b709f-0e31-4041-8945-0ce5e512fe56/sqlite-3.25.2-ee0008b1-74cf-486d-b385-b0dd09d71afc-libsqlitejdbc.jnilib
0x000000014c805000 	/private/var/folders/nk/77tzydc5271b4jt6909jb9m80000gn/T/room-5710a1e2-2b01-4025-80fd-59a6cb6a9aae/sqlite-3.25.2-018a284b-1174-4082-b506-58ca5fed7048-libsqlitejdbc.jnilib
0x000000014d395000 	/private/var/folders/nk/77tzydc5271b4jt6909jb9m80000gn/T/room-bf00d563-b107-4fdc-9cac-49ba72a3f3b9/sqlite-3.25.2-f08b241b-66a7-40c6-a4d9-2ed39d91cdec-libsqlitejdbc.jnilib
0x000000014df25000 	/private/var/folders/nk/77tzydc5271b4jt6909jb9m80000gn/T/room-493d5421-d53b-49a4-beba-d8be0ef0b766/sqlite-3.25.2-1b6c04af-523e-4fd3-affb-10e37efb408f-libsqlitejdbc.jnilib
0x000000014eab5000 	/private/var/folders/nk/77tzydc5271b4jt6909jb9m80000gn/T/room-0d776c31-ba6a-4d7e-a110-8852fe241d14/sqlite-3.25.2-c316a227-3dba-44d3-8843-5df57d9f3544-libsqlitejdbc.jnilib
0x000000014f645000 	/private/var/folders/nk/77tzydc5271b4jt6909jb9m80000gn/T/room-e6430759-fd8e-490f-95e9-6d20afb7f92b/sqlite-3.25.2-69c33583-3cf9-452e-94a3-9de14d887dfc-libsqlitejdbc.jnilib
0x00000001501d5000 	/private/var/folders/nk/77tzydc5271b4jt6909jb9m80000gn/T/room-ed602c6e-92e7-4a07-a8e5-adf208ee5209/sqlite-3.25.2-bb5159f2-1f60-43e4-887e-ed245cf0b4e8-libsqlitejdbc.jnilib
0x0000000150d65000 	/private/var/folders/nk/77tzydc5271b4jt6909jb9m80000gn/T/room-988888a9-54ab-4137-bd36-6bea25834cb2/sqlite-3.25.2-93436232-b949-49df-a149-7dc1f689d43e-libsqlitejdbc.jnilib
0x00000001516f5000 	/private/var/folders/nk/77tzydc5271b4jt6909jb9m80000gn/T/room-5614f59c-b856-4a17-9e48-ec03b382743f/sqlite-3.25.2-3cfc50ba-5f59-45c7-b71b-a57982802125-libsqlitejdbc.jnilib
0x0000000152285000 	/private/var/folders/nk/77tzydc5271b4jt6909jb9m80000gn/T/room-83c1ad7e-1b66-450c-be69-60784df8273c/sqlite-3.25.2-ad0feb97-fca1-4f21-b275-2c7a61fdb1de-libsqlitejdbc.jnilib

VM Arguments:
jvm_args: -Xmx2048m -Dfile.encoding=UTF-8 -Duser.country=FR -Duser.language=fr -Duser.variant 
java_command: org.gradle.launcher.daemon.bootstrap.GradleDaemon 6.6-rc-3
java_class_path (initial): /Users/soso/.gradle/wrapper/dists/gradle-6.6-rc-3-all/6ukb1n1ggnj6c428kebua5eks/gradle-6.6-rc-3/lib/gradle-launcher-6.6.jar
Launcher Type: SUN_STANDARD

Environment Variables:
PATH=/usr/local/bin:/usr/bin:/bin:/usr/sbin:/sbin
SHELL=/bin/zsh

Signal Handlers:
SIGSEGV: [libjvm.dylib+0x565c43], sa_mask[0]=11111111011111110111111111111111, sa_flags=SA_ONSTACK|SA_RESTART|SA_SIGINFO
SIGBUS: [libjvm.dylib+0x565c43], sa_mask[0]=11111111011111110111111111111111, sa_flags=SA_RESTART|SA_SIGINFO
SIGFPE: [libjvm.dylib+0x45dd9d], sa_mask[0]=11111111011111110111111111111111, sa_flags=SA_RESTART|SA_SIGINFO
SIGPIPE: [libjvm.dylib+0x45dd9d], sa_mask[0]=11111111011111110111111111111111, sa_flags=SA_RESTART|SA_SIGINFO
SIGXFSZ: [libjvm.dylib+0x45dd9d], sa_mask[0]=11111111011111110111111111111111, sa_flags=SA_RESTART|SA_SIGINFO
SIGILL: [libjvm.dylib+0x45dd9d], sa_mask[0]=11111111011111110111111111111111, sa_flags=SA_RESTART|SA_SIGINFO
SIGUSR1: SIG_DFL, sa_mask[0]=00000000000000000000000000000000, sa_flags=none
SIGUSR2: [libjvm.dylib+0x45e69c], sa_mask[0]=00100000000000000000000000000000, sa_flags=SA_RESTART|SA_SIGINFO
SIGHUP: [libjvm.dylib+0x45c8c1], sa_mask[0]=11111111011111110111111111111111, sa_flags=SA_RESTART|SA_SIGINFO
SIGINT: [libjvm.dylib+0x45c8c1], sa_mask[0]=11111111011111110111111111111111, sa_flags=SA_RESTART|SA_SIGINFO
SIGTERM: [libjvm.dylib+0x45c8c1], sa_mask[0]=11111111011111110111111111111111, sa_flags=SA_RESTART|SA_SIGINFO
SIGQUIT: [libjvm.dylib+0x45c8c1], sa_mask[0]=11111111011111110111111111111111, sa_flags=SA_RESTART|SA_SIGINFO


---------------  S Y S T E M  ---------------

OS:Bsduname:Darwin 19.6.0 Darwin Kernel Version 19.6.0: Sun Jul  5 00:43:10 PDT 2020; root:xnu-6153.141.1~9/RELEASE_X86_64 x86_64
rlimit: STACK 8192k, CORE 0k, NPROC 1392, NOFILE 10240, AS infinity
load average:2.69 3.54 3.46

CPU:total 4 (initial active 4) (2 cores per cpu, 2 threads per core) family 6 model 61 stepping 4, cmov, cx8, fxsr, mmx, sse, sse2, sse3, ssse3, sse4.1, sse4.2, popcnt, avx, avx2, aes, clmul, erms, 3dnowpref, lzcnt, ht, tsc, tscinvbit, bmi1, bmi2, adx

Memory: 4k page, physical 8388608k(33908k free)

/proc/meminfo:


vm_info: OpenJDK 64-Bit Server VM (25.242-b3-6222593) for bsd-amd64 JRE (1.8.0_242-release-1644-b3-6222593), built by "android-build" with gcc 4.2.1 Compatible Android (5484270 based on r353983c) Clang 9.0.3 (https://android.googlesource.com/toolchain/clang 745b335211bb9eadfa6aa6301f84715cee4b37c5) (https://android.googlesource.com/toolchain/llvm 60cf23e54e46c807513f7a36d0a7b777920b5881)

time: Thu Sep 17 00:31:32 2020
timezone: CEST
elapsed time: 66485 seconds (0d 18h 28m 5s)

