#
# A fatal error has been detected by the Java Runtime Environment:
#
#  SIGSEGV (0xb) at pc=0x0000000102b55725, pid=8514, tid=0x0000000000004a03
#
# JRE version: OpenJDK Runtime Environment (8.0_242) (build 1.8.0_242-release-1644-b3-6222593)
# Java VM: OpenJDK 64-Bit Server VM (25.242-b3-6222593 mixed mode bsd-amd64 compressed oops)
# Problematic frame:
# V  [libjvm.dylib+0x145725]  PhaseChaitin::gather_lrg_masks(bool)+0x11b
#
# Failed to write core dump. Core dumps have been disabled. To enable core dumping, try "ulimit -c unlimited" before starting Java again
#
# If you would like to submit a bug report, please visit:
#   http://bugreport.java.com/bugreport/crash.jsp
#

---------------  T H R E A D  ---------------

Current thread (0x00007fb9f1060800):  JavaThread "C2 CompilerThread0" daemon [_thread_in_native, id=18947, stack(0x000070000c5a6000,0x000070000c6a6000)]

siginfo: si_signo: 11 (SIGSEGV), si_code: 1 (SEGV_MAPERR), si_addr: 0x0000000000000028

Registers:
RAX=0x0000000000000000, RBX=0x0000000000000148, RCX=0x00007fb9fe685230, RDX=0x000070000c6a4368
RSP=0x000070000c6a2a80, RBP=0x000070000c6a2b00, RSI=0x000000000000ffff, RDI=0x00007fb9fe6855d8
R8 =0x0000000103223360, R9 =0x00000000000000ff, R10=0x0000000000000007, R11=0x0000000000000000
R12=0x00007fb9e0c4e010, R13=0x00007fb9fe6855d8, R14=0x00007fb9fe6855d8, R15=0x0000000000007f28
RIP=0x0000000102b55725, EFLAGS=0x0000000000010202, ERR=0x0000000000000004
  TRAPNO=0x000000000000000e

Top of Stack: (sp=0x000070000c6a2a80)
0x000070000c6a2a80:   000000000000b940 00000000ffffffff
0x000070000c6a2a90:   0000000000000004 000000000000001f
0x000070000c6a2aa0:   00007fb9e0c55f70 00007fb9fe6855d8
0x000070000c6a2ab0:   0000000000000002 00007fb9fff5a9d0
0x000070000c6a2ac0:   00007fb9fe206548 000070000c6a4368
0x000070000c6a2ad0:   0000000100000001 0000000000000000
0x000070000c6a2ae0:   000070000c6a4450 000070000c6a4368
0x000070000c6a2af0:   000070000c6a2c98 000070000c6a2bd0
0x000070000c6a2b00:   000070000c6a2d30 0000000102b5509a
0x000070000c6a2b10:   00000001031f7520 000070000000000d
0x000070000c6a2b20:   000070000c6a5128 000070000c6a4368
0x000070000c6a2b30:   00007fb900000362 0000000000000009
0x000070000c6a2b40:   000070000c6a2ca0 0000000000000000
0x000070000c6a2b50:   000070000c6a2c40 0000000102d9ff2e
0x000070000c6a2b60:   000070000c6a2c80 00000001031f2aa0
0x000070000c6a2b70:   0000000000001000 0000000000000001
0x000070000c6a2b80:   00007fb9f82a3ad0 00000000000ffffe
0x000070000c6a2b90:   000070000c6a2c40 0000000102da02be
0x000070000c6a2ba0:   0000700000000004 00007fb9f56e0b90
0x000070000c6a2bb0:   000070000c6a2bd0 0000000102f3db07
0x000070000c6a2bc0:   0000000000007fd8 0000000102f3db73
0x000070000c6a2bd0:   000070000000000a 000070000c6a5128
0x000070000c6a2be0:   00007fb9f6a61010 00007fb9f56e0410
0x000070000c6a2bf0:   00007fb9f56e46f0 00007fb9f56e4ce0
0x000070000c6a2c00:   00007fb9f6c96cc0 000070000c6a4498
0x000070000c6a2c10:   000070000c6a4478 0000700000000129
0x000070000c6a2c20:   000070000c6a2c98 0000000000000006
0x000070000c6a2c30:   00007fb9e0e91710 00007fb9e0e91710
0x000070000c6a2c40:   00007fb9e0e91720 00007fb9e0e91af8
0x000070000c6a2c50:   00000000000003d8 000000010000000c
0x000070000c6a2c60:   000070000c6a5128 00007fb9e0c7c010
0x000070000c6a2c70:   00007fb9f1060800 00007fb9e0c4e010 

Instructions: (pc=0x0000000102b55725)
0x0000000102b55705:   c8 48 8b 4a 70 4c 8b 61 20 66 85 c0 74 33 48 6b
0x0000000102b55715:   cb 68 41 80 4c 0c 67 10 49 8b 4d 08 48 8b 04 c1
0x0000000102b55725:   48 63 40 28 48 8b 4a 70 48 8b 92 28 01 00 00 8b
0x0000000102b55735:   04 82 48 8b 49 20 48 6b c0 68 66 81 4c 01 66 00 

Register to memory mapping:

RAX=0x0000000000000000 is an unknown value
RBX=0x0000000000000148 is an unknown value
RCX=0x00007fb9fe685230 is an unknown value
RDX=0x000070000c6a4368 is pointing into the stack for thread: 0x00007fb9f1060800
RSP=0x000070000c6a2a80 is pointing into the stack for thread: 0x00007fb9f1060800
RBP=0x000070000c6a2b00 is pointing into the stack for thread: 0x00007fb9f1060800
RSI=0x000000000000ffff is an unknown value
RDI=0x00007fb9fe6855d8 is an unknown value
R8 =0x0000000103223360: bitsInByte+0 in /Applications/Android Studio.app/Contents/jre/jdk/Contents/Home/jre/lib/server/libjvm.dylib at 0x0000000102a10000
R9 =0x00000000000000ff is an unknown value
R10=0x0000000000000007 is an unknown value
R11=0x0000000000000000 is an unknown value
R12=0x00007fb9e0c4e010 is an unknown value
R13=0x00007fb9fe6855d8 is an unknown value
R14=0x00007fb9fe6855d8 is an unknown value
R15=0x0000000000007f28 is an unknown value


Stack: [0x000070000c5a6000,0x000070000c6a6000],  sp=0x000070000c6a2a80,  free space=1010k
Native frames: (J=compiled Java code, j=interpreted, Vv=VM code, C=native code)
V  [libjvm.dylib+0x145725]  PhaseChaitin::gather_lrg_masks(bool)+0x11b
V  [libjvm.dylib+0x14509a]  PhaseChaitin::Register_Allocate()+0x3b6
V  [libjvm.dylib+0x199230]  Compile::Code_Gen()+0x14e
V  [libjvm.dylib+0x197cb7]  Compile::Compile(ciEnv*, C2Compiler*, ciMethod*, int, bool, bool, bool)+0x8f7
V  [libjvm.dylib+0x136b98]  C2Compiler::compile_method(ciEnv*, ciMethod*, int)+0x9e
V  [libjvm.dylib+0x1a3372]  CompileBroker::invoke_compiler_on_method(CompileTask*)+0x634
V  [libjvm.dylib+0x1a2882]  CompileBroker::compiler_thread_loop()+0x268
V  [libjvm.dylib+0x527e84]  JavaThread::thread_main_inner()+0x82
V  [libjvm.dylib+0x527d49]  JavaThread::run()+0x199
V  [libjvm.dylib+0x45b9eb]  java_start(Thread*)+0xfa
C  [libsystem_pthread.dylib+0x6109]  _pthread_start+0x94
C  [libsystem_pthread.dylib+0x1b8b]  thread_start+0xf
C  0x0000000000000000


Current CompileTask:
C2:12912376 84349       4       org.gradle.internal.extensibility.DefaultConvention::<init> (58 bytes)


---------------  P R O C E S S  ---------------

Java Threads: ( => current thread )
  0x00007fb9f1b00800 JavaThread "Cache worker for execution history cache (/Users/soso/AndroidStudioProjects/RealEstateManager/.gradle/6.6-rc-3/executionHistory)" [_thread_blocked, id=83939, stack(0x0000700015756000,0x0000700015856000)]
  0x00007fb9fe41e800 JavaThread "Execution worker for ':' Thread 3" [_thread_in_native, id=26415, stack(0x0000700015653000,0x0000700015753000)]
  0x00007fb9fe43c800 JavaThread "Execution worker for ':' Thread 2" [_thread_blocked, id=57383, stack(0x0000700015550000,0x0000700015650000)]
  0x00007fb9f86f3800 JavaThread "Execution worker for ':'" [_thread_blocked, id=24323, stack(0x000070001544d000,0x000070001554d000)]
  0x00007fb9f80ec800 JavaThread "Cache worker for file content cache (/Users/soso/AndroidStudioProjects/RealEstateManager/.gradle/6.6-rc-3/fileContent)" [_thread_blocked, id=130735, stack(0x000070001534a000,0x000070001544a000)]
  0x00007fb9f844a800 JavaThread "jar transforms Thread 6050" [_thread_blocked, id=44839, stack(0x0000700015144000,0x0000700015244000)]
  0x00007fb9f84e5800 JavaThread "jar transforms Thread 6049" [_thread_blocked, id=63883, stack(0x0000700015041000,0x0000700015141000)]
  0x00007fb9f80d2000 JavaThread "jar transforms Thread 6048" [_thread_blocked, id=71171, stack(0x0000700014f3e000,0x000070001503e000)]
  0x00007fb9f8243000 JavaThread "jar transforms Thread 6047" [_thread_blocked, id=126943, stack(0x0000700014e3b000,0x0000700014f3b000)]
  0x00007fb9fa930000 JavaThread "jar transforms Thread 6046" [_thread_blocked, id=69415, stack(0x0000700014d38000,0x0000700014e38000)]
  0x00007fb9f8257000 JavaThread "jar transforms Thread 6045" [_thread_blocked, id=64611, stack(0x0000700014c35000,0x0000700014d35000)]
  0x00007fb9faa09800 JavaThread "jar transforms Thread 6044" [_thread_blocked, id=47907, stack(0x0000700014b32000,0x0000700014c32000)]
  0x00007fb9faa0f000 JavaThread "jar transforms Thread 6043" [_thread_blocked, id=123859, stack(0x0000700014a2f000,0x0000700014b2f000)]
  0x00007fb9faa6d800 JavaThread "jar transforms Thread 6042" [_thread_blocked, id=80295, stack(0x000070001492c000,0x0000700014a2c000)]
  0x00007fb9f503d000 JavaThread "jar transforms Thread 6041" [_thread_blocked, id=121943, stack(0x0000700014829000,0x0000700014929000)]
  0x00007fb9f3614000 JavaThread "jar transforms Thread 6040" [_thread_blocked, id=33959, stack(0x0000700014726000,0x0000700014826000)]
  0x00007fb9f505e000 JavaThread "jar transforms Thread 6039" [_thread_blocked, id=56111, stack(0x0000700014623000,0x0000700014723000)]
  0x00007fb9f3613800 JavaThread "jar transforms Thread 6038" [_thread_blocked, id=76547, stack(0x0000700014520000,0x0000700014620000)]
  0x00007fb9f6b56000 JavaThread "jar transforms Thread 6037" [_thread_blocked, id=24867, stack(0x000070001441d000,0x000070001451d000)]
  0x00007fb9f3612800 JavaThread "jar transforms Thread 6036" [_thread_blocked, id=83111, stack(0x000070001431a000,0x000070001441a000)]
  0x00007fb9f6e95800 JavaThread "jar transforms Thread 6035" [_thread_blocked, id=70935, stack(0x0000700014217000,0x0000700014317000)]
  0x00007fb9e14b5000 JavaThread "jar transforms Thread 6034" [_thread_blocked, id=15423, stack(0x0000700014114000,0x0000700014214000)]
  0x00007fb9f517d000 JavaThread "jar transforms Thread 6033" [_thread_blocked, id=84191, stack(0x0000700014011000,0x0000700014111000)]
  0x00007fb9e14b4000 JavaThread "jar transforms Thread 6032" [_thread_blocked, id=86315, stack(0x0000700013f0e000,0x000070001400e000)]
  0x00007fb9f522d000 JavaThread "jar transforms Thread 6031" [_thread_blocked, id=82235, stack(0x0000700013e0b000,0x0000700013f0b000)]
  0x00007fb9f1b11800 JavaThread "jar transforms Thread 6030" [_thread_blocked, id=28775, stack(0x0000700013d08000,0x0000700013e08000)]
  0x00007fb9f54b2800 JavaThread "jar transforms Thread 6029" [_thread_blocked, id=89147, stack(0x0000700013c05000,0x0000700013d05000)]
  0x00007fb9faac6800 JavaThread "jar transforms Thread 6028" [_thread_blocked, id=75639, stack(0x0000700013b02000,0x0000700013c02000)]
  0x00007fb9f6bf3800 JavaThread "jar transforms Thread 6027" [_thread_blocked, id=91987, stack(0x00007000139ff000,0x0000700013aff000)]
  0x00007fb9f1b11000 JavaThread "jar transforms Thread 6026" [_thread_blocked, id=45735, stack(0x00007000138fc000,0x00007000139fc000)]
  0x00007fb9f6c35800 JavaThread "jar transforms Thread 6025" [_thread_blocked, id=75247, stack(0x00007000137f9000,0x00007000138f9000)]
  0x00007fb9e1026800 JavaThread "jar transforms Thread 6024" [_thread_blocked, id=85915, stack(0x00007000136f6000,0x00007000137f6000)]
  0x00007fb9f82ba000 JavaThread "jar transforms Thread 6023" [_thread_blocked, id=65131, stack(0x00007000135f3000,0x00007000136f3000)]
  0x00007fb9f852c000 JavaThread "jar transforms Thread 6022" [_thread_blocked, id=74407, stack(0x00007000134f0000,0x00007000135f0000)]
  0x00007fb9e1025800 JavaThread "jar transforms Thread 6021" [_thread_blocked, id=81451, stack(0x00007000133ed000,0x00007000134ed000)]
  0x00007fb9ffa18800 JavaThread "jar transforms Thread 6020" [_thread_blocked, id=55795, stack(0x00007000132ea000,0x00007000133ea000)]
  0x00007fb9e1167000 JavaThread "jar transforms Thread 6019" [_thread_blocked, id=96043, stack(0x00007000131e7000,0x00007000132e7000)]
  0x00007fb9f85d7000 JavaThread "jar transforms Thread 6018" [_thread_blocked, id=66607, stack(0x00007000130e4000,0x00007000131e4000)]
  0x00007fb9faadf000 JavaThread "jar transforms Thread 6017" [_thread_blocked, id=77223, stack(0x0000700012fe1000,0x00007000130e1000)]
  0x00007fb9f862e000 JavaThread "jar transforms Thread 6016" [_thread_blocked, id=48347, stack(0x0000700012ede000,0x0000700012fde000)]
  0x00007fb9fae86800 JavaThread "jar transforms Thread 6015" [_thread_blocked, id=50543, stack(0x0000700012ddb000,0x0000700012edb000)]
  0x00007fb9f86e8800 JavaThread "jar transforms Thread 6014" [_thread_blocked, id=70187, stack(0x0000700012cd8000,0x0000700012dd8000)]
  0x00007fb9faf50800 JavaThread "jar transforms Thread 6013" [_thread_blocked, id=86179, stack(0x0000700012bd5000,0x0000700012cd5000)]
  0x00007fb9f8776800 JavaThread "jar transforms Thread 6012" [_thread_blocked, id=85263, stack(0x0000700012ad2000,0x0000700012bd2000)]
  0x00007fb9f870f800 JavaThread "jar transforms Thread 6011" [_thread_blocked, id=94059, stack(0x00007000129cf000,0x0000700012acf000)]
  0x00007fb9ffeb0800 JavaThread "jar transforms Thread 6010" [_thread_blocked, id=80435, stack(0x00007000128cc000,0x00007000129cc000)]
  0x00007fb9e1166800 JavaThread "jar transforms Thread 6009" [_thread_blocked, id=52331, stack(0x00007000127c9000,0x00007000128c9000)]
  0x00007fb9f6838000 JavaThread "jar transforms Thread 6008" [_thread_blocked, id=72751, stack(0x00007000126c6000,0x00007000127c6000)]
  0x00007fb9e1229800 JavaThread "jar transforms Thread 6007" [_thread_blocked, id=58787, stack(0x00007000125c3000,0x00007000126c3000)]
  0x00007fb9f87be000 JavaThread "jar transforms Thread 6006" [_thread_blocked, id=51691, stack(0x00007000124c0000,0x00007000125c0000)]
  0x00007fb9f6c78000 JavaThread "jar transforms Thread 6005" [_thread_blocked, id=57651, stack(0x00007000123bd000,0x00007000124bd000)]
  0x00007fb9f50d5000 JavaThread "jar transforms Thread 6004" [_thread_blocked, id=124219, stack(0x00007000122ba000,0x00007000123ba000)]
  0x00007fb9f9314800 JavaThread "jar transforms Thread 6003" [_thread_blocked, id=53099, stack(0x00007000121b7000,0x00007000122b7000)]
  0x00007fb9f68c6800 JavaThread "jar transforms Thread 6002" [_thread_blocked, id=60731, stack(0x00007000120b4000,0x00007000121b4000)]
  0x00007fb9e1229000 JavaThread "jar transforms Thread 6001" [_thread_blocked, id=25123, stack(0x0000700011fb1000,0x00007000120b1000)]
  0x00007fb9f86bc000 JavaThread "jar transforms Thread 6000" [_thread_blocked, id=78883, stack(0x0000700011eae000,0x0000700011fae000)]
  0x00007fb9f562e800 JavaThread "jar transforms Thread 5999" [_thread_blocked, id=58919, stack(0x0000700011dab000,0x0000700011eab000)]
  0x00007fb9e131a000 JavaThread "jar transforms Thread 5998" [_thread_blocked, id=29543, stack(0x0000700011ca8000,0x0000700011da8000)]
  0x00007fb9f1462800 JavaThread "jar transforms Thread 5997" [_thread_blocked, id=49011, stack(0x0000700011ba5000,0x0000700011ca5000)]
  0x00007fb9f6baa000 JavaThread "jar transforms Thread 5996" [_thread_blocked, id=30951, stack(0x0000700011aa2000,0x0000700011ba2000)]
  0x00007fb9e1319000 JavaThread "jar transforms Thread 5995" [_thread_blocked, id=38943, stack(0x000070001199f000,0x0000700011a9f000)]
  0x00007fb9f52de800 JavaThread "jar transforms Thread 5994" [_thread_blocked, id=123059, stack(0x000070001189c000,0x000070001199c000)]
  0x00007fb9f37ab800 JavaThread "jar transforms Thread 5993" [_thread_blocked, id=77659, stack(0x0000700011799000,0x0000700011899000)]
  0x00007fb9f54d7800 JavaThread "jar transforms Thread 5992" [_thread_blocked, id=48803, stack(0x0000700011696000,0x0000700011796000)]
  0x00007fb9f37aa800 JavaThread "jar transforms Thread 5991" [_thread_blocked, id=68911, stack(0x0000700011593000,0x0000700011693000)]
  0x00007fb9f505a800 JavaThread "jar transforms Thread 5990" [_thread_blocked, id=39467, stack(0x0000700011490000,0x0000700011590000)]
  0x00007fb9f1c72800 JavaThread "jar transforms Thread 5989" [_thread_blocked, id=61155, stack(0x000070001138d000,0x000070001148d000)]
  0x00007fb9f2104000 JavaThread "jar transforms Thread 5988" [_thread_blocked, id=28187, stack(0x000070001128a000,0x000070001138a000)]
  0x00007fb9f1c72000 JavaThread "jar transforms Thread 5987" [_thread_blocked, id=127459, stack(0x0000700011187000,0x0000700011287000)]
  0x00007fb9f68d8000 JavaThread "jar transforms Thread 5986" [_thread_blocked, id=44323, stack(0x0000700011084000,0x0000700011184000)]
  0x00007fb9f36db800 JavaThread "jar transforms Thread 5985" [_thread_blocked, id=29295, stack(0x0000700010f81000,0x0000700011081000)]
  0x00007fb9f5361800 JavaThread "jar transforms Thread 5984" [_thread_blocked, id=32599, stack(0x0000700010e7e000,0x0000700010f7e000)]
  0x00007fb9f36da800 JavaThread "jar transforms Thread 5983" [_thread_blocked, id=87411, stack(0x0000700010d7b000,0x0000700010e7b000)]
  0x00007fb9f5385000 JavaThread "jar transforms Thread 5982" [_thread_blocked, id=49411, stack(0x0000700010c78000,0x0000700010d78000)]
  0x00007fb9f3337800 JavaThread "jar transforms Thread 5981" [_thread_blocked, id=96875, stack(0x0000700010b75000,0x0000700010c75000)]
  0x00007fb9f5316800 JavaThread "jar transforms Thread 5980" [_thread_blocked, id=36839, stack(0x0000700010a72000,0x0000700010b72000)]
  0x00007fb9f107f800 JavaThread "jar transforms Thread 5979" [_thread_blocked, id=94475, stack(0x000070001096f000,0x0000700010a6f000)]
  0x00007fb9f22e6000 JavaThread "jar transforms Thread 5978" [_thread_blocked, id=84963, stack(0x000070001086c000,0x000070001096c000)]
  0x00007fb9f32e8000 JavaThread "jar transforms Thread 5977" [_thread_blocked, id=94275, stack(0x0000700010769000,0x0000700010869000)]
  0x00007fb9f6ac2800 JavaThread "jar transforms Thread 5976" [_thread_blocked, id=76327, stack(0x0000700010666000,0x0000700010766000)]
  0x00007fb9f36b0800 JavaThread "jar transforms Thread 5975" [_thread_blocked, id=61995, stack(0x0000700010563000,0x0000700010663000)]
  0x00007fb9f525e800 JavaThread "jar transforms Thread 5974" [_thread_blocked, id=51167, stack(0x0000700010460000,0x0000700010560000)]
  0x00007fb9f1fb1800 JavaThread "jar transforms Thread 5973" [_thread_blocked, id=81059, stack(0x000070001035d000,0x000070001045d000)]
  0x00007fb9f6c79800 JavaThread "jar transforms Thread 5972" [_thread_blocked, id=64999, stack(0x000070001025a000,0x000070001035a000)]
  0x00007fb9f31b2800 JavaThread "jar transforms Thread 5971" [_thread_blocked, id=28451, stack(0x0000700010157000,0x0000700010257000)]
  0x00007fb9f1cae000 JavaThread "jar transforms Thread 5970" [_thread_blocked, id=123171, stack(0x0000700010054000,0x0000700010154000)]
  0x00007fb9f6b58800 JavaThread "jar transforms Thread 5969" [_thread_blocked, id=67567, stack(0x000070000ff51000,0x0000700010051000)]
  0x00007fb9f1e6d800 JavaThread "jar transforms Thread 5968" [_thread_blocked, id=124455, stack(0x000070000fe4e000,0x000070000ff4e000)]
  0x00007fb9f50d7000 JavaThread "jar transforms Thread 5967" [_thread_blocked, id=31451, stack(0x000070000fd4b000,0x000070000fe4b000)]
  0x00007fb9f35c8000 JavaThread "jar transforms Thread 5966" [_thread_blocked, id=75375, stack(0x000070000fc48000,0x000070000fd48000)]
  0x00007fb9f55f8000 JavaThread "jar transforms Thread 5965" [_thread_blocked, id=32211, stack(0x000070000fb45000,0x000070000fc45000)]
  0x00007fb9f3783000 JavaThread "jar transforms Thread 5964" [_thread_blocked, id=95375, stack(0x000070000fa42000,0x000070000fb42000)]
  0x00007fb9f5162800 JavaThread "jar transforms Thread 5963" [_thread_blocked, id=79135, stack(0x000070000f93f000,0x000070000fa3f000)]
  0x00007fb9e110a800 JavaThread "jar transforms Thread 5962" [_thread_blocked, id=27927, stack(0x000070000f83c000,0x000070000f93c000)]
  0x00007fb9f6f30800 JavaThread "jar transforms Thread 5961" [_thread_blocked, id=125651, stack(0x000070000f739000,0x000070000f839000)]
  0x00007fb9f338d800 JavaThread "jar transforms Thread 5960" [_thread_blocked, id=84335, stack(0x000070000f636000,0x000070000f736000)]
  0x00007fb9f680f000 JavaThread "jar transforms Thread 5959" [_thread_blocked, id=58095, stack(0x000070000f533000,0x000070000f633000)]
  0x00007fb9f90b7800 JavaThread "jar transforms Thread 5958" [_thread_blocked, id=29983, stack(0x000070000f430000,0x000070000f530000)]
  0x00007fb9faf7a000 JavaThread "jar transforms Thread 5957" [_thread_blocked, id=91867, stack(0x000070000f32d000,0x000070000f42d000)]
  0x00007fb9f50c7000 JavaThread "jar transforms Thread 5956" [_thread_blocked, id=69715, stack(0x000070000f22a000,0x000070000f32a000)]
  0x00007fb9e131d000 JavaThread "jar transforms Thread 5955" [_thread_blocked, id=30503, stack(0x000070000f127000,0x000070000f227000)]
  0x00007fb9f6b6d800 JavaThread "jar transforms Thread 5954" [_thread_blocked, id=86759, stack(0x000070000f024000,0x000070000f124000)]
  0x00007fb9f343f000 JavaThread "jar transforms Thread 5953" [_thread_blocked, id=78239, stack(0x000070000ef21000,0x000070000f021000)]
  0x00007fb9f1135000 JavaThread "jar transforms Thread 5952" [_thread_blocked, id=79955, stack(0x000070000ee1e000,0x000070000ef1e000)]
  0x00007fb9fe4ea800 JavaThread "jar transforms Thread 5951" [_thread_blocked, id=33203, stack(0x000070000ed1b000,0x000070000ee1b000)]
  0x00007fb9f2377000 JavaThread "jar transforms Thread 5950" [_thread_blocked, id=35107, stack(0x000070000ec18000,0x000070000ed18000)]
  0x00007fb9fe79f800 JavaThread "jar transforms Thread 5949" [_thread_blocked, id=76139, stack(0x000070000eb15000,0x000070000ec15000)]
  0x00007fb9f2255000 JavaThread "jar transforms Thread 5948" [_thread_blocked, id=50723, stack(0x000070000ea12000,0x000070000eb12000)]
  0x00007fb9f94ec800 JavaThread "jar transforms Thread 5947" [_thread_blocked, id=69243, stack(0x000070000e90f000,0x000070000ea0f000)]
  0x00007fb9f25fe800 JavaThread "jar transforms Thread 5946" [_thread_blocked, id=78047, stack(0x000070000e80c000,0x000070000e90c000)]
  0x00007fb9f21bc800 JavaThread "jar transforms Thread 5945" [_thread_blocked, id=38763, stack(0x000070000e709000,0x000070000e809000)]
  0x00007fb9f93b6800 JavaThread "jar transforms Thread 5944" [_thread_blocked, id=59495, stack(0x000070000e606000,0x000070000e706000)]
  0x00007fb9fe622800 JavaThread "jar transforms Thread 5943" [_thread_blocked, id=78431, stack(0x000070000e503000,0x000070000e603000)]
  0x00007fb9f17ea800 JavaThread "jar transforms Thread 5942" [_thread_blocked, id=42599, stack(0x000070000e400000,0x000070000e500000)]
  0x00007fb9f6894800 JavaThread "jar transforms Thread 5941" [_thread_blocked, id=54495, stack(0x000070000e2fd000,0x000070000e3fd000)]
  0x00007fb9f1898800 JavaThread "Build operations Thread 4" [_thread_blocked, id=123931, stack(0x000070000dff4000,0x000070000e0f4000)]
  0x00007fb9fe186000 JavaThread "Build operations Thread 3" [_thread_in_native, id=93875, stack(0x000070000def1000,0x000070000dff1000)]
  0x00007fb9f18b7000 JavaThread "Build operations Thread 2" [_thread_blocked, id=44587, stack(0x000070000ddee000,0x000070000deee000)]
  0x00007fb9f502f000 JavaThread "Build operations" [_thread_in_native, id=88415, stack(0x000070000dceb000,0x000070000ddeb000)]
  0x00007fb9f1319000 JavaThread "Cache worker for Build Output Cleanup Cache (/Users/soso/AndroidStudioProjects/RealEstateManager/.gradle/buildOutputCleanup)" [_thread_blocked, id=21031, stack(0x000070000dbe8000,0x000070000dce8000)]
  0x00007fb9f1798800 JavaThread "Cache worker for cache directory md-rule (/Users/soso/.gradle/caches/6.6-rc-3/md-rule)" [_thread_blocked, id=78751, stack(0x000070000dae5000,0x000070000dbe5000)]
  0x00007fb9f6c72800 JavaThread "Cache worker for cache directory md-supplier (/Users/soso/.gradle/caches/6.6-rc-3/md-supplier)" [_thread_blocked, id=81959, stack(0x000070000d9e2000,0x000070000dae2000)]
  0x00007fb9f56ef800 JavaThread "Cache worker for checksums cache (/Users/soso/AndroidStudioProjects/RealEstateManager/.gradle/checksums)" [_thread_blocked, id=92499, stack(0x000070000d8df000,0x000070000d9df000)]
  0x00007fb9f52e6800 JavaThread "Cache worker for file hash cache (/Users/soso/AndroidStudioProjects/RealEstateManager/.gradle/6.6-rc-3/fileHashes)" [_thread_blocked, id=62883, stack(0x000070000d7dc000,0x000070000d8dc000)]
  0x00007fb9f17f0000 JavaThread "Thread-7580" [_thread_blocked, id=56747, stack(0x000070000d3d0000,0x000070000d4d0000)]
  0x00007fb9f34b1800 JavaThread "Stdin handler" [_thread_blocked, id=33567, stack(0x000070000d2cd000,0x000070000d3cd000)]
  0x00007fb9f30b2800 JavaThread "Asynchronous log dispatcher for DefaultDaemonConnection: socket connection from /127.0.0.1:59586 to /127.0.0.1:50697" [_thread_blocked, id=50027, stack(0x000070000d1ca000,0x000070000d2ca000)]
  0x00007fb9f1924800 JavaThread "Cancel handler" [_thread_blocked, id=40879, stack(0x000070000cfc4000,0x000070000d0c4000)]
  0x00007fb9f1f10000 JavaThread "Handler for socket connection from /127.0.0.1:59586 to /127.0.0.1:50697" [_thread_in_native, id=66987, stack(0x000070000cec1000,0x000070000cfc1000)]
  0x00007fb9f1221800 JavaThread "RMI TCP Connection(idle)" daemon [_thread_blocked, id=65763, stack(0x0000700015e6b000,0x0000700015f6b000)]
  0x00007fb9fb6bd800 JavaThread "RMI TCP Connection(idle)" daemon [_thread_blocked, id=46439, stack(0x0000700015a5f000,0x0000700015b5f000)]
  0x00007fb9f56f8800 JavaThread "Daemon worker Thread 42" [_thread_blocked, id=79839, stack(0x000070000d0c7000,0x000070000d1c7000)]
  0x00007fb9f2423000 JavaThread "Daemon Thread 42" [_thread_blocked, id=84483, stack(0x000070000cdbe000,0x000070000cebe000)]
  0x00007fb9f1b24800 JavaThread "MarlinRenderer Disposer" daemon [_thread_blocked, id=76819, stack(0x0000700016277000,0x0000700016377000)]
  0x00007fb9faf76800 JavaThread "Java2D Disposer" daemon [_thread_blocked, id=26195, stack(0x0000700016071000,0x0000700016171000)]
  0x00007fb9fb5f8000 JavaThread "AWT-AppKit" daemon [_thread_in_native, id=775, stack(0x00007ffeedf88000,0x00007ffeee788000)]
  0x00007fb9fb0ac000 JavaThread "Cache worker for Java compile cache (/Users/soso/.gradle/caches/6.6-rc-3/javaCompile)" [_thread_blocked, id=126979, stack(0x0000700016174000,0x0000700016274000)]
  0x00007fb9f66cf000 JavaThread "RMI Reaper" [_thread_blocked, id=89859, stack(0x0000700015d68000,0x0000700015e68000)]
  0x00007fb9f4fe5800 JavaThread "RMI TCP Accept-0" daemon [_thread_in_native, id=128003, stack(0x0000700015c65000,0x0000700015d65000)]
  0x00007fb9f4fec000 JavaThread "GC Daemon" daemon [_thread_blocked, id=128515, stack(0x0000700015b62000,0x0000700015c62000)]
  0x00007fb9f508c000 JavaThread "RMI Scheduler(0)" daemon [_thread_blocked, id=89347, stack(0x000070001595c000,0x0000700015a5c000)]
  0x00007fb9f1283000 JavaThread "Memory manager" [_thread_blocked, id=87555, stack(0x0000700015247000,0x0000700015347000)]
  0x00007fb9f819e000 JavaThread "Cache worker for file content cache (/Users/soso/.gradle/caches/6.6-rc-3/fileContent)" [_thread_blocked, id=39683, stack(0x000070000e1fa000,0x000070000e2fa000)]
  0x00007fb9f2190800 JavaThread "Cache worker for execution history cache (/Users/soso/.gradle/caches/6.6-rc-3/executionHistory)" [_thread_blocked, id=26627, stack(0x000070000e0f7000,0x000070000e1f7000)]
  0x00007fb9f2266800 JavaThread "Cache worker for journal cache (/Users/soso/.gradle/caches/journal-1)" [_thread_blocked, id=23811, stack(0x000070000d6d9000,0x000070000d7d9000)]
  0x00007fb9f3197000 JavaThread "File lock request listener" [_thread_in_native, id=23299, stack(0x000070000d5d6000,0x000070000d6d6000)]
  0x00007fb9f27ff000 JavaThread "Cache worker for file hash cache (/Users/soso/.gradle/caches/6.6-rc-3/fileHashes)" [_thread_blocked, id=22787, stack(0x000070000d4d3000,0x000070000d5d3000)]
  0x00007fb9f3102000 JavaThread "Daemon periodic checks" [_thread_blocked, id=16643, stack(0x000070000ccbb000,0x000070000cdbb000)]
  0x00007fb9f21cc000 JavaThread "Incoming local TCP Connector on port 59586" [_thread_in_native, id=14851, stack(0x000070000cbb8000,0x000070000ccb8000)]
  0x00007fb9f1ad5000 JavaThread "Daemon health stats" [_thread_blocked, id=17155, stack(0x000070000cab5000,0x000070000cbb5000)]
  0x00007fb9f200b800 JavaThread "Service Thread" daemon [_thread_blocked, id=18179, stack(0x000070000c8af000,0x000070000c9af000)]
  0x00007fb9f1819000 JavaThread "C1 CompilerThread2" daemon [_thread_blocked, id=14595, stack(0x000070000c7ac000,0x000070000c8ac000)]
  0x00007fb9f1818800 JavaThread "C2 CompilerThread1" daemon [_thread_blocked, id=14083, stack(0x000070000c6a9000,0x000070000c7a9000)]
=>0x00007fb9f1060800 JavaThread "C2 CompilerThread0" daemon [_thread_in_native, id=18947, stack(0x000070000c5a6000,0x000070000c6a6000)]
  0x00007fb9f105f800 JavaThread "Signal Dispatcher" daemon [_thread_blocked, id=19203, stack(0x000070000c4a3000,0x000070000c5a3000)]
  0x00007fb9f1034000 JavaThread "Finalizer" daemon [_thread_blocked, id=11779, stack(0x000070000c29a000,0x000070000c39a000)]
  0x00007fb9f1031000 JavaThread "Reference Handler" daemon [_thread_blocked, id=21251, stack(0x000070000c197000,0x000070000c297000)]
  0x00007fb9f200e800 JavaThread "main" [_thread_blocked, id=4099, stack(0x000070000bb85000,0x000070000bc85000)]

Other Threads:
  0x00007fb9f102e800 VMThread [stack: 0x000070000c094000,0x000070000c194000] [id=21507]
  0x00007fb9f1822000 WatcherThread [stack: 0x000070000c9b2000,0x000070000cab2000] [id=17667]

VM state:not at safepoint (normal execution)

VM Mutex/Monitor currently owned by a thread: None

heap address: 0x0000000740000000, size: 2048 MB, Compressed Oops mode: Zero based, Oop shift amount: 3
Narrow klass base: 0x0000000000000000, Narrow klass shift: 3
Compressed class space size: 1073741824 Address: 0x00000007c0000000

Heap:
 PSYoungGen      total 577536K, used 148865K [0x0000000795580000, 0x00000007bf600000, 0x00000007c0000000)
  eden space 482816K, 28% used [0x0000000795580000,0x000000079dc7a308,0x00000007b2d00000)
  from space 94720K, 11% used [0x00000007b9980000,0x00000007ba3e6308,0x00000007bf600000)
  to   space 102912K, 0% used [0x00000007b2d00000,0x00000007b2d00000,0x00000007b9180000)
 ParOldGen       total 758272K, used 299491K [0x0000000740000000, 0x000000076e480000, 0x0000000795580000)
  object space 758272K, 39% used [0x0000000740000000,0x0000000752478ec8,0x000000076e480000)
 Metaspace       used 515568K, capacity 530140K, committed 532008K, reserved 1517568K
  class space    used 60625K, capacity 63284K, committed 63528K, reserved 1048576K

Card table byte_map: [0x00000001021c0000,0x00000001025c1000] byte_map_base: 0x00000000fe7c0000

Marking Bits: (ParMarkBitMap*) 0x00000001032373f8
 Begin Bits: [0x00000001128c8000, 0x00000001148c8000)
 End Bits:   [0x00000001148c8000, 0x00000001168c8000)

Polling page: 0x0000000101508000

CodeCache: size=245760Kb used=197952Kb max_used=198042Kb free=47808Kb
 bounds [0x00000001038c8000, 0x000000010fba8000, 0x00000001128c8000]
 total_blobs=56180 nmethods=55029 adapters=1060
 compilation: enabled

Compilation events (10 events):
Event: 12911.522 Thread 0x00007fb9f1818800 nmethod 84344 0x00000001072d2a90 code [0x00000001072d2c00, 0x00000001072d2e28]
Event: 12911.594 Thread 0x00007fb9f1060800 84345       4       org.gradle.language.base.internal.plugins.CleanRule::apply (105 bytes)
Event: 12911.595 Thread 0x00007fb9f1818800 84346       4       org.gradle.internal.extensibility.ExtensibleDynamicObject::snapshotInheritable (82 bytes)
Event: 12911.600 Thread 0x00007fb9f1060800 nmethod 84345 0x0000000106eef790 code [0x0000000106eef8e0, 0x0000000106eefa18]
Event: 12911.622 Thread 0x00007fb9f1818800 nmethod 84346 0x00000001069d9a10 code [0x00000001069d9ba0, 0x00000001069da058]
Event: 12911.622 Thread 0x00007fb9f1818800 84347       4       org.gradle.internal.extensibility.ExtensibleDynamicObject$InheritedDynamicObject::hasProperty (14 bytes)
Event: 12911.634 Thread 0x00007fb9f1818800 nmethod 84347 0x000000010fb82e10 code [0x000000010fb82f80, 0x000000010fb83358]
Event: 12912.176 Thread 0x00007fb9f1818800 84348       4       java.util.BitSet::or (105 bytes)
Event: 12912.186 Thread 0x00007fb9f1818800 nmethod 84348 0x0000000107099b50 code [0x0000000107099cc0, 0x000000010709a118]
Event: 12912.295 Thread 0x00007fb9f1060800 84349       4       org.gradle.internal.extensibility.DefaultConvention::<init> (58 bytes)

GC Heap History (10 events):
Event: 12222.708 GC heap before
{Heap before GC invocations=267 (full 19):
 PSYoungGen      total 598528K, used 549397K [0x0000000795580000, 0x00000007c0000000, 0x00000007c0000000)
  eden space 511488K, 100% used [0x0000000795580000,0x00000007b4900000,0x00000007b4900000)
  from space 87040K, 43% used [0x00000007b4900000,0x00000007b6e057a8,0x00000007b9e00000)
  to   space 84992K, 0% used [0x00000007bad00000,0x00000007bad00000,0x00000007c0000000)
 ParOldGen       total 758272K, used 191881K [0x0000000740000000, 0x000000076e480000, 0x0000000795580000)
  object space 758272K, 25% used [0x0000000740000000,0x000000074bb62568,0x000000076e480000)
 Metaspace       used 492344K, capacity 506684K, committed 508840K, reserved 1497088K
  class space    used 57885K, capacity 60476K, committed 60840K, reserved 1048576K
Event: 12222.947 GC heap after
Heap after GC invocations=267 (full 19):
 PSYoungGen      total 602624K, used 16088K [0x0000000795580000, 0x00000007bf700000, 0x00000007c0000000)
  eden space 526848K, 0% used [0x0000000795580000,0x0000000795580000,0x00000007b5800000)
  from space 75776K, 21% used [0x00000007bad00000,0x00000007bbcb6218,0x00000007bf700000)
  to   space 81408K, 0% used [0x00000007b5800000,0x00000007b5800000,0x00000007ba780000)
 ParOldGen       total 758272K, used 197942K [0x0000000740000000, 0x000000076e480000, 0x0000000795580000)
  object space 758272K, 26% used [0x0000000740000000,0x000000074c14d958,0x000000076e480000)
 Metaspace       used 492344K, capacity 506684K, committed 508840K, reserved 1497088K
  class space    used 57885K, capacity 60476K, committed 60840K, reserved 1048576K
}
Event: 12234.684 GC heap before
{Heap before GC invocations=268 (full 19):
 PSYoungGen      total 602624K, used 542936K [0x0000000795580000, 0x00000007bf700000, 0x00000007c0000000)
  eden space 526848K, 100% used [0x0000000795580000,0x00000007b5800000,0x00000007b5800000)
  from space 75776K, 21% used [0x00000007bad00000,0x00000007bbcb6218,0x00000007bf700000)
  to   space 81408K, 0% used [0x00000007b5800000,0x00000007b5800000,0x00000007ba780000)
 ParOldGen       total 758272K, used 197942K [0x0000000740000000, 0x000000076e480000, 0x0000000795580000)
  object space 758272K, 26% used [0x0000000740000000,0x000000074c14d958,0x000000076e480000)
 Metaspace       used 503605K, capacity 518018K, committed 520104K, reserved 1507328K
  class space    used 59205K, capacity 61815K, committed 62120K, reserved 1048576K
Event: 12235.940 GC heap after
Heap after GC invocations=268 (full 19):
 PSYoungGen      total 608256K, used 81379K [0x0000000795580000, 0x00000007c0000000, 0x00000007c0000000)
  eden space 526848K, 0% used [0x0000000795580000,0x0000000795580000,0x00000007b5800000)
  from space 81408K, 99% used [0x00000007b5800000,0x00000007ba778f90,0x00000007ba780000)
  to   space 90624K, 0% used [0x00000007ba780000,0x00000007ba780000,0x00000007c0000000)
 ParOldGen       total 758272K, used 244251K [0x0000000740000000, 0x000000076e480000, 0x0000000795580000)
  object space 758272K, 32% used [0x0000000740000000,0x000000074ee86c78,0x000000076e480000)
 Metaspace       used 503605K, capacity 518018K, committed 520104K, reserved 1507328K
  class space    used 59205K, capacity 61815K, committed 62120K, reserved 1048576K
}
Event: 12291.420 GC heap before
{Heap before GC invocations=269 (full 19):
 PSYoungGen      total 608256K, used 608227K [0x0000000795580000, 0x00000007c0000000, 0x00000007c0000000)
  eden space 526848K, 100% used [0x0000000795580000,0x00000007b5800000,0x00000007b5800000)
  from space 81408K, 99% used [0x00000007b5800000,0x00000007ba778f90,0x00000007ba780000)
  to   space 90624K, 0% used [0x00000007ba780000,0x00000007ba780000,0x00000007c0000000)
 ParOldGen       total 758272K, used 244251K [0x0000000740000000, 0x000000076e480000, 0x0000000795580000)
  object space 758272K, 32% used [0x0000000740000000,0x000000074ee86c78,0x000000076e480000)
 Metaspace       used 503660K, capacity 518018K, committed 520104K, reserved 1507328K
  class space    used 59206K, capacity 61815K, committed 62120K, reserved 1048576K
Event: 12292.321 GC heap after
Heap after GC invocations=269 (full 19):
 PSYoungGen      total 567296K, used 51186K [0x0000000795580000, 0x00000007c0000000, 0x00000007c0000000)
  eden space 476672K, 0% used [0x0000000795580000,0x0000000795580000,0x00000007b2700000)
  from space 90624K, 56% used [0x00000007ba780000,0x00000007bd97c970,0x00000007c0000000)
  to   space 111104K, 0% used [0x00000007b2700000,0x00000007b2700000,0x00000007b9380000)
 ParOldGen       total 758272K, used 247571K [0x0000000740000000, 0x000000076e480000, 0x0000000795580000)
  object space 758272K, 32% used [0x0000000740000000,0x000000074f1c4ff0,0x000000076e480000)
 Metaspace       used 503660K, capacity 518018K, committed 520104K, reserved 1507328K
  class space    used 59206K, capacity 61815K, committed 62120K, reserved 1048576K
}
Event: 12840.423 GC heap before
{Heap before GC invocations=270 (full 19):
 PSYoungGen      total 567296K, used 527858K [0x0000000795580000, 0x00000007c0000000, 0x00000007c0000000)
  eden space 476672K, 100% used [0x0000000795580000,0x00000007b2700000,0x00000007b2700000)
  from space 90624K, 56% used [0x00000007ba780000,0x00000007bd97c970,0x00000007c0000000)
  to   space 111104K, 0% used [0x00000007b2700000,0x00000007b2700000,0x00000007b9380000)
 ParOldGen       total 758272K, used 247571K [0x0000000740000000, 0x000000076e480000, 0x0000000795580000)
  object space 758272K, 32% used [0x0000000740000000,0x000000074f1c4ff0,0x000000076e480000)
 Metaspace       used 510271K, capacity 524780K, committed 526760K, reserved 1513472K
  class space    used 59949K, capacity 62610K, committed 62888K, reserved 1048576K
Event: 12842.089 GC heap after
Heap after GC invocations=270 (full 19):
 PSYoungGen      total 587776K, used 30558K [0x0000000795580000, 0x00000007c0000000, 0x00000007c0000000)
  eden space 476672K, 0% used [0x0000000795580000,0x0000000795580000,0x00000007b2700000)
  from space 111104K, 27% used [0x00000007b2700000,0x00000007b44d7820,0x00000007b9380000)
  to   space 104960K, 0% used [0x00000007b9980000,0x00000007b9980000,0x00000007c0000000)
 ParOldGen       total 758272K, used 287129K [0x0000000740000000, 0x000000076e480000, 0x0000000795580000)
  object space 758272K, 37% used [0x0000000740000000,0x0000000751866700,0x000000076e480000)
 Metaspace       used 510271K, capacity 524780K, committed 526760K, reserved 1513472K
  class space    used 59949K, capacity 62610K, committed 62888K, reserved 1048576K
}
Event: 12869.616 GC heap before
{Heap before GC invocations=271 (full 19):
 PSYoungGen      total 587776K, used 507230K [0x0000000795580000, 0x00000007c0000000, 0x00000007c0000000)
  eden space 476672K, 100% used [0x0000000795580000,0x00000007b2700000,0x00000007b2700000)
  from space 111104K, 27% used [0x00000007b2700000,0x00000007b44d7820,0x00000007b9380000)
  to   space 104960K, 0% used [0x00000007b9980000,0x00000007b9980000,0x00000007c0000000)
 ParOldGen       total 758272K, used 287129K [0x0000000740000000, 0x000000076e480000, 0x0000000795580000)
  object space 758272K, 37% used [0x0000000740000000,0x0000000751866700,0x000000076e480000)
 Metaspace       used 515147K, capacity 529660K, committed 531368K, reserved 1517568K
  class space    used 60552K, capacity 63204K, committed 63400K, reserved 1048576K
Event: 12870.325 GC heap after
Heap after GC invocations=271 (full 19):
 PSYoungGen      total 577536K, used 10648K [0x0000000795580000, 0x00000007bf600000, 0x00000007c0000000)
  eden space 482816K, 0% used [0x0000000795580000,0x0000000795580000,0x00000007b2d00000)
  from space 94720K, 11% used [0x00000007b9980000,0x00000007ba3e6308,0x00000007bf600000)
  to   space 102912K, 0% used [0x00000007b2d00000,0x00000007b2d00000,0x00000007b9180000)
 ParOldGen       total 758272K, used 299491K [0x0000000740000000, 0x000000076e480000, 0x0000000795580000)
  object space 758272K, 39% used [0x0000000740000000,0x0000000752478ec8,0x000000076e480000)
 Metaspace       used 515147K, capacity 529660K, committed 531368K, reserved 1517568K
  class space    used 60552K, capacity 63204K, committed 63400K, reserved 1048576K
}

Deoptimization events (10 events):
Event: 12246.841 Thread 0x00007fb9f21bc800 Uncommon trap: reason=null_check action=make_not_entrant pc=0x000000010fabf9e4 method=com.sun.org.apache.xerces.internal.parsers.AbstractSAXParser.xmlDecl(Ljava/lang/String;Ljava/lang/String;Ljava/lang/String;Lcom/sun/org/apache/xerces/internal/xni/Augmen
Event: 12842.148 Thread 0x00007fb9f63ba800 Uncommon trap: reason=unstable_if action=reinterpret pc=0x000000010f9092f8 method=org.antlr.v4.runtime.atn.ATNState.addTransition(ILorg/antlr/v4/runtime/atn/Transition;)V @ 115
Event: 12845.534 Thread 0x00007fb9f63ba800 Uncommon trap: reason=array_check action=maybe_recompile pc=0x000000010faf2a78 method=org.antlr.v4.runtime.misc.Array2DHashSet.getOrAddImpl(Ljava/lang/Object;)Ljava/lang/Object; @ 36
Event: 12845.534 Thread 0x00007fb9f63ba800 Uncommon trap: reason=array_check action=maybe_recompile pc=0x000000010faf2a78 method=org.antlr.v4.runtime.misc.Array2DHashSet.getOrAddImpl(Ljava/lang/Object;)Ljava/lang/Object; @ 36
Event: 12845.534 Thread 0x00007fb9f63ba800 Uncommon trap: reason=array_check action=maybe_recompile pc=0x000000010faf2a78 method=org.antlr.v4.runtime.misc.Array2DHashSet.getOrAddImpl(Ljava/lang/Object;)Ljava/lang/Object; @ 36
Event: 12845.534 Thread 0x00007fb9f63ba800 Uncommon trap: reason=array_check action=maybe_recompile pc=0x000000010faf2a78 method=org.antlr.v4.runtime.misc.Array2DHashSet.getOrAddImpl(Ljava/lang/Object;)Ljava/lang/Object; @ 36
Event: 12845.596 Thread 0x00007fb9f63ba800 Uncommon trap: reason=array_check action=maybe_recompile pc=0x000000010fb1817c method=org.antlr.v4.runtime.misc.Array2DHashSet.getOrAddImpl(Ljava/lang/Object;)Ljava/lang/Object; @ 74
Event: 12845.596 Thread 0x00007fb9f63ba800 Uncommon trap: reason=array_check action=maybe_recompile pc=0x000000010fb14200 method=org.antlr.v4.runtime.misc.Array2DHashSet.getOrAddImpl(Ljava/lang/Object;)Ljava/lang/Object; @ 128
Event: 12845.596 Thread 0x00007fb9f63ba800 Uncommon trap: reason=array_check action=maybe_recompile pc=0x000000010fb13800 method=org.antlr.v4.runtime.misc.Array2DHashSet.getOrAddImpl(Ljava/lang/Object;)Ljava/lang/Object; @ 36
Event: 12845.717 Thread 0x00007fb9f63ba800 Uncommon trap: reason=array_check action=maybe_recompile pc=0x000000010f7ebe40 method=org.antlr.v4.runtime.misc.Array2DHashSet.getOrAddImpl(Ljava/lang/Object;)Ljava/lang/Object; @ 74

Classes redefined (0 events):
No events

Internal exceptions (10 events):
Event: 12868.329 Thread 0x00007fb9ffeb0800 Exception <a 'sun/nio/fs/UnixException'> (0x00000007b1f0ba88) thrown at [/Volumes/Android/buildbot/src/googleplex-android/openjdk/out/hotspot/src/share/vm/prims/jni.cpp, line 710]
Event: 12868.333 Thread 0x00007fb9ffeb0800 Exception <a 'sun/nio/fs/UnixException'> (0x00000007b1f149a0) thrown at [/Volumes/Android/buildbot/src/googleplex-android/openjdk/out/hotspot/src/share/vm/prims/jni.cpp, line 710]
Event: 12868.338 Thread 0x00007fb9ffeb0800 Exception <a 'sun/nio/fs/UnixException'> (0x00000007b1f1dfa8) thrown at [/Volumes/Android/buildbot/src/googleplex-android/openjdk/out/hotspot/src/share/vm/prims/jni.cpp, line 710]
Event: 12868.340 Thread 0x00007fb9ffeb0800 Exception <a 'sun/nio/fs/UnixException'> (0x00000007b1fa5f48) thrown at [/Volumes/Android/buildbot/src/googleplex-android/openjdk/out/hotspot/src/share/vm/prims/jni.cpp, line 710]
Event: 12868.342 Thread 0x00007fb9ffeb0800 Exception <a 'sun/nio/fs/UnixException'> (0x00000007b1faf7c8) thrown at [/Volumes/Android/buildbot/src/googleplex-android/openjdk/out/hotspot/src/share/vm/prims/jni.cpp, line 710]
Event: 12868.343 Thread 0x00007fb9ffeb0800 Exception <a 'sun/nio/fs/UnixException'> (0x00000007b2077770) thrown at [/Volumes/Android/buildbot/src/googleplex-android/openjdk/out/hotspot/src/share/vm/prims/jni.cpp, line 710]
Event: 12868.348 Thread 0x00007fb9ffeb0800 Exception <a 'sun/nio/fs/UnixException'> (0x00000007b207f618) thrown at [/Volumes/Android/buildbot/src/googleplex-android/openjdk/out/hotspot/src/share/vm/prims/jni.cpp, line 710]
Event: 12868.349 Thread 0x00007fb9ffeb0800 Exception <a 'sun/nio/fs/UnixException'> (0x00000007b2087518) thrown at [/Volumes/Android/buildbot/src/googleplex-android/openjdk/out/hotspot/src/share/vm/prims/jni.cpp, line 710]
Event: 12868.352 Thread 0x00007fb9ffeb0800 Exception <a 'sun/nio/fs/UnixException'> (0x00000007b2110988) thrown at [/Volumes/Android/buildbot/src/googleplex-android/openjdk/out/hotspot/src/share/vm/prims/jni.cpp, line 710]
Event: 12871.111 Thread 0x00007fb9f54b2800 Exception <a 'sun/nio/fs/UnixException'> (0x00000007985dbbc8) thrown at [/Volumes/Android/buildbot/src/googleplex-android/openjdk/out/hotspot/src/share/vm/prims/jni.cpp, line 710]

Events (10 events):
Event: 12912.212 Thread 0x00007fb9f1818800 flushing nmethod 0x0000000109534710
Event: 12912.212 Thread 0x00007fb9f1818800 flushing nmethod 0x0000000109535190
Event: 12912.260 Thread 0x00007fb9f86f3800 Thread added: 0x00007fb9f86f3800
Event: 12912.260 Thread 0x00007fb9fe43c800 Thread added: 0x00007fb9fe43c800
Event: 12912.260 Thread 0x00007fb9fe41e800 Thread added: 0x00007fb9fe41e800
Event: 12912.260 Executing VM operation: RevokeBias
Event: 12912.261 Executing VM operation: RevokeBias done
Event: 12912.264 Thread 0x00007fb9f1b00800 Thread added: 0x00007fb9f1b00800
Event: 12912.275 Executing VM operation: RevokeBias
Event: 12912.276 Executing VM operation: RevokeBias done


Dynamic libraries:
0x00007fff3465f000 	/System/Library/Frameworks/Cocoa.framework/Versions/A/Cocoa
0x00007fff41e54000 	/System/Library/Frameworks/Security.framework/Versions/A/Security
0x00007fff335c4000 	/System/Library/Frameworks/ApplicationServices.framework/Versions/A/ApplicationServices
0x00007fff6e977000 	/usr/lib/libz.1.dylib
0x00007fff6c43b000 	/usr/lib/libSystem.B.dylib
0x00007fff35501000 	/System/Library/Frameworks/CoreFoundation.framework/Versions/A/CoreFoundation
0x00007fff37bbe000 	/System/Library/Frameworks/Foundation.framework/Versions/C/Foundation
0x00007fff6e29b000 	/usr/lib/libobjc.A.dylib
0x00007fff327b4000 	/System/Library/Frameworks/AppKit.framework/Versions/C/AppKit
0x00007fff34fe3000 	/System/Library/Frameworks/CoreData.framework/Versions/A/CoreData
0x00007fff66451000 	/System/Library/PrivateFrameworks/UIFoundation.framework/Versions/A/UIFoundation
0x00007fff614e5000 	/System/Library/PrivateFrameworks/RemoteViewServices.framework/Versions/A/RemoteViewServices
0x00007fff68fab000 	/System/Library/PrivateFrameworks/XCTTargetBootstrap.framework/Versions/A/XCTTargetBootstrap
0x00007fff353ce000 	/System/Library/Frameworks/CoreDisplay.framework/Versions/A/CoreDisplay
0x00007fff3aa78000 	/System/Library/Frameworks/Metal.framework/Versions/A/Metal
0x00007fff4f4e8000 	/System/Library/PrivateFrameworks/DesktopServicesPriv.framework/Versions/A/DesktopServicesPriv
0x00007fff6d576000 	/usr/lib/liblangid.dylib
0x00007fff4e77d000 	/System/Library/PrivateFrameworks/CoreSVG.framework/Versions/A/CoreSVG
0x00007fff64641000 	/System/Library/PrivateFrameworks/SkyLight.framework/Versions/A/SkyLight
0x00007fff35982000 	/System/Library/Frameworks/CoreGraphics.framework/Versions/A/CoreGraphics
0x00007fff31188000 	/System/Library/Frameworks/Accelerate.framework/Versions/A/Accelerate
0x00007fff6e868000 	/usr/lib/libxml2.2.dylib
0x00007fff5a470000 	/System/Library/PrivateFrameworks/IconServices.framework/Versions/A/IconServices
0x00007fff3839d000 	/System/Library/Frameworks/IOSurface.framework/Versions/A/IOSurface
0x00007fff6bf65000 	/usr/lib/libDiagnosticMessagesClient.dylib
0x00007fff4f342000 	/System/Library/PrivateFrameworks/DFRFoundation.framework/Versions/A/DFRFoundation
0x00007fff6d305000 	/usr/lib/libicucore.A.dylib
0x00007fff338f6000 	/System/Library/Frameworks/AudioToolbox.framework/Versions/A/AudioToolbox
0x00007fff339d9000 	/System/Library/Frameworks/AudioUnit.framework/Versions/A/AudioUnit
0x00007fff6c63d000 	/usr/lib/libauto.dylib
0x00007fff4f3e4000 	/System/Library/PrivateFrameworks/DataDetectorsCore.framework/Versions/A/DataDetectorsCore
0x00007fff34180000 	/System/Library/Frameworks/Carbon.framework/Versions/A/Frameworks/HIToolbox.framework/Versions/A/HIToolbox
0x00007fff41050000 	/System/Library/Frameworks/QuartzCore.framework/Versions/A/QuartzCore
0x00007fff344bf000 	/System/Library/Frameworks/Carbon.framework/Versions/A/Frameworks/SpeechRecognition.framework/Versions/A/SpeechRecognition
0x00007fff4ee56000 	/System/Library/PrivateFrameworks/CoreUI.framework/Versions/A/CoreUI
0x00007fff34a4e000 	/System/Library/Frameworks/CoreAudio.framework/Versions/A/CoreAudio
0x00007fff3787d000 	/System/Library/Frameworks/DiskArbitration.framework/Versions/A/DiskArbitration
0x00007fff5c4c0000 	/System/Library/PrivateFrameworks/MultitouchSupport.framework/Versions/A/MultitouchSupport
0x00007fff6d1cc000 	/usr/lib/libenergytrace.dylib
0x00007fff382f7000 	/System/Library/Frameworks/IOKit.framework/Versions/A/IOKit
0x00007fff368e9000 	/System/Library/Frameworks/CoreServices.framework/Versions/A/CoreServices
0x00007fff5e678000 	/System/Library/PrivateFrameworks/PerformanceAnalysis.framework/Versions/A/PerformanceAnalysis
0x00007fff40083000 	/System/Library/Frameworks/OpenGL.framework/Versions/A/OpenGL
0x00007fff3466d000 	/System/Library/Frameworks/ColorSync.framework/Versions/A/ColorSync
0x00007fff36005000 	/System/Library/Frameworks/CoreImage.framework/Versions/A/CoreImage
0x00007fff3735c000 	/System/Library/Frameworks/CoreText.framework/Versions/A/CoreText
0x00007fff3842d000 	/System/Library/Frameworks/ImageIO.framework/Versions/A/ImageIO
0x00007fff6c721000 	/usr/lib/libc++.1.dylib
0x00007fff6c79d000 	/usr/lib/libcompression.dylib
0x00007fff6c2a9000 	/usr/lib/libMobileGestalt.dylib
0x00007fff661bb000 	/System/Library/PrivateFrameworks/TextureIO.framework/Versions/A/TextureIO
0x00007fff6c5a0000 	/usr/lib/libate.dylib
0x00007fff5a679000 	/System/Library/PrivateFrameworks/InternationalSupport.framework/Versions/A/InternationalSupport
0x00007fff6f238000 	/usr/lib/system/libcache.dylib
0x00007fff6f23e000 	/usr/lib/system/libcommonCrypto.dylib
0x00007fff6f24a000 	/usr/lib/system/libcompiler_rt.dylib
0x00007fff6f252000 	/usr/lib/system/libcopyfile.dylib
0x00007fff6f25c000 	/usr/lib/system/libcorecrypto.dylib
0x00007fff6f3fb000 	/usr/lib/system/libdispatch.dylib
0x00007fff6f43c000 	/usr/lib/system/libdyld.dylib
0x00007fff6f473000 	/usr/lib/system/libkeymgr.dylib
0x00007fff6f481000 	/usr/lib/system/liblaunch.dylib
0x00007fff6f482000 	/usr/lib/system/libmacho.dylib
0x00007fff6f488000 	/usr/lib/system/libquarantine.dylib
0x00007fff6f48b000 	/usr/lib/system/libremovefile.dylib
0x00007fff6f48d000 	/usr/lib/system/libsystem_asl.dylib
0x00007fff6f4a5000 	/usr/lib/system/libsystem_blocks.dylib
0x00007fff6f4a6000 	/usr/lib/system/libsystem_c.dylib
0x00007fff6f52e000 	/usr/lib/system/libsystem_configuration.dylib
0x00007fff6f532000 	/usr/lib/system/libsystem_coreservices.dylib
0x00007fff6f536000 	/usr/lib/system/libsystem_darwin.dylib
0x00007fff6f53f000 	/usr/lib/system/libsystem_dnssd.dylib
0x00007fff6f547000 	/usr/lib/system/libsystem_featureflags.dylib
0x00007fff6f549000 	/usr/lib/system/libsystem_info.dylib
0x00007fff6f5c4000 	/usr/lib/system/libsystem_m.dylib
0x00007fff6f60c000 	/usr/lib/system/libsystem_malloc.dylib
0x00007fff6f634000 	/usr/lib/system/libsystem_networkextension.dylib
0x00007fff6f642000 	/usr/lib/system/libsystem_notify.dylib
0x00007fff6f660000 	/usr/lib/system/libsystem_sandbox.dylib
0x00007fff6f665000 	/usr/lib/system/libsystem_secinit.dylib
0x00007fff6f597000 	/usr/lib/system/libsystem_kernel.dylib
0x00007fff6f64c000 	/usr/lib/system/libsystem_platform.dylib
0x00007fff6f655000 	/usr/lib/system/libsystem_pthread.dylib
0x00007fff6f668000 	/usr/lib/system/libsystem_symptoms.dylib
0x00007fff6f670000 	/usr/lib/system/libsystem_trace.dylib
0x00007fff6f688000 	/usr/lib/system/libunwind.dylib
0x00007fff6f68e000 	/usr/lib/system/libxpc.dylib
0x00007fff6c774000 	/usr/lib/libc++abi.dylib
0x00007fff6d578000 	/usr/lib/liblzma.5.dylib
0x00007fff6d1f3000 	/usr/lib/libfakelink.dylib
0x00007fff6c52d000 	/usr/lib/libarchive.2.dylib
0x00007fff42f05000 	/System/Library/Frameworks/SystemConfiguration.framework/Versions/A/SystemConfiguration
0x00007fff6be98000 	/usr/lib/libCRFSuite.dylib
0x00007fff33d70000 	/System/Library/Frameworks/CFNetwork.framework/Versions/A/CFNetwork
0x00007fff6c703000 	/usr/lib/libbsm.0.dylib
0x00007fff6f474000 	/usr/lib/system/libkxld.dylib
0x00007fff48cbf000 	/System/Library/PrivateFrameworks/AppleFSCompression.framework/Versions/A/AppleFSCompression
0x00007fff6ca8e000 	/usr/lib/libcoretls.dylib
0x00007fff6caa5000 	/usr/lib/libcoretls_cfhelpers.dylib
0x00007fff6e2e1000 	/usr/lib/libpam.2.dylib
0x00007fff6e416000 	/usr/lib/libsqlite3.dylib
0x00007fff6e855000 	/usr/lib/libxar.1.dylib
0x00007fff6c714000 	/usr/lib/libbz2.1.0.dylib
0x00007fff6d214000 	/usr/lib/libiconv.2.dylib
0x00007fff6c78a000 	/usr/lib/libcharset.1.dylib
0x00007fff6dd7e000 	/usr/lib/libnetwork.dylib
0x00007fff6e2e8000 	/usr/lib/libpcap.A.dylib
0x00007fff6c4e2000 	/usr/lib/libapple_nghttp2.dylib
0x00007fff36ca0000 	/System/Library/Frameworks/CoreServices.framework/Versions/A/Frameworks/FSEvents.framework/Versions/A/FSEvents
0x00007fff36970000 	/System/Library/Frameworks/CoreServices.framework/Versions/A/Frameworks/CarbonCore.framework/Versions/A/CarbonCore
0x00007fff36ee4000 	/System/Library/Frameworks/CoreServices.framework/Versions/A/Frameworks/Metadata.framework/Versions/A/Metadata
0x00007fff36f7d000 	/System/Library/Frameworks/CoreServices.framework/Versions/A/Frameworks/OSServices.framework/Versions/A/OSServices
0x00007fff36fab000 	/System/Library/Frameworks/CoreServices.framework/Versions/A/Frameworks/SearchKit.framework/Versions/A/SearchKit
0x00007fff368ea000 	/System/Library/Frameworks/CoreServices.framework/Versions/A/Frameworks/AE.framework/Versions/A/AE
0x00007fff36ca9000 	/System/Library/Frameworks/CoreServices.framework/Versions/A/Frameworks/LaunchServices.framework/Versions/A/LaunchServices
0x00007fff36c52000 	/System/Library/Frameworks/CoreServices.framework/Versions/A/Frameworks/DictionaryServices.framework/Versions/A/DictionaryServices
0x00007fff37013000 	/System/Library/Frameworks/CoreServices.framework/Versions/A/Frameworks/SharedFileList.framework/Versions/A/SharedFileList
0x00007fff3bea2000 	/System/Library/Frameworks/NetFS.framework/Versions/A/NetFS
0x00007fff5c9f0000 	/System/Library/PrivateFrameworks/NetAuth.framework/Versions/A/NetAuth
0x00007fff69378000 	/System/Library/PrivateFrameworks/login.framework/Versions/A/Frameworks/loginsupport.framework/Versions/A/loginsupport
0x00007fff65c86000 	/System/Library/PrivateFrameworks/TCC.framework/Versions/A/TCC
0x00007fff4d8f0000 	/System/Library/PrivateFrameworks/CoreNLP.framework/Versions/A/CoreNLP
0x00007fff5beed000 	/System/Library/PrivateFrameworks/MetadataUtilities.framework/Versions/A/MetadataUtilities
0x00007fff6d650000 	/usr/lib/libmecabra.dylib
0x00007fff6d5a8000 	/usr/lib/libmecab.dylib
0x00007fff6d204000 	/usr/lib/libgermantok.dylib
0x00007fff6c4c9000 	/usr/lib/libThaiTokenizer.dylib
0x00007fff6becf000 	/usr/lib/libChineseTokenizer.dylib
0x00007fff311a0000 	/System/Library/Frameworks/Accelerate.framework/Versions/A/Frameworks/vImage.framework/Versions/A/vImage
0x00007fff3260a000 	/System/Library/Frameworks/Accelerate.framework/Versions/A/Frameworks/vecLib.framework/Versions/A/vecLib
0x00007fff32547000 	/System/Library/Frameworks/Accelerate.framework/Versions/A/Frameworks/vecLib.framework/Versions/A/libvMisc.dylib
0x00007fff3236f000 	/System/Library/Frameworks/Accelerate.framework/Versions/A/Frameworks/vecLib.framework/Versions/A/libvDSP.dylib
0x00007fff317f7000 	/System/Library/Frameworks/Accelerate.framework/Versions/A/Frameworks/vecLib.framework/Versions/A/libBLAS.dylib
0x00007fff31f33000 	/System/Library/Frameworks/Accelerate.framework/Versions/A/Frameworks/vecLib.framework/Versions/A/libLAPACK.dylib
0x00007fff322cf000 	/System/Library/Frameworks/Accelerate.framework/Versions/A/Frameworks/vecLib.framework/Versions/A/libLinearAlgebra.dylib
0x00007fff3235c000 	/System/Library/Frameworks/Accelerate.framework/Versions/A/Frameworks/vecLib.framework/Versions/A/libSparseBLAS.dylib
0x00007fff322e5000 	/System/Library/Frameworks/Accelerate.framework/Versions/A/Frameworks/vecLib.framework/Versions/A/libQuadrature.dylib
0x00007fff31a5f000 	/System/Library/Frameworks/Accelerate.framework/Versions/A/Frameworks/vecLib.framework/Versions/A/libBNNS.dylib
0x00007fff322eb000 	/System/Library/Frameworks/Accelerate.framework/Versions/A/Frameworks/vecLib.framework/Versions/A/libSparse.dylib
0x00007fff5aa61000 	/System/Library/PrivateFrameworks/LanguageModeling.framework/Versions/A/LanguageModeling
0x00007fff4d2a0000 	/System/Library/PrivateFrameworks/CoreEmoji.framework/Versions/A/CoreEmoji
0x00007fff5ab7f000 	/System/Library/PrivateFrameworks/LinguisticData.framework/Versions/A/LinguisticData
0x00007fff5ab30000 	/System/Library/PrivateFrameworks/Lexicon.framework/Versions/A/Lexicon
0x00007fff6c78b000 	/usr/lib/libcmph.dylib
0x00007fff3ea91000 	/System/Library/Frameworks/OpenDirectory.framework/Versions/A/Frameworks/CFOpenDirectory.framework/Versions/A/CFOpenDirectory
0x00007fff3eaae000 	/System/Library/Frameworks/OpenDirectory.framework/Versions/A/OpenDirectory
0x00007fff46eef000 	/System/Library/PrivateFrameworks/APFS.framework/Versions/A/APFS
0x00007fff4219e000 	/System/Library/Frameworks/SecurityFoundation.framework/Versions/A/SecurityFoundation
0x00007fff6e851000 	/usr/lib/libutil.dylib
0x00007fff4e7d5000 	/System/Library/PrivateFrameworks/CoreServicesStore.framework/Versions/A/CoreServicesStore
0x00007fff42255000 	/System/Library/Frameworks/ServiceManagement.framework/Versions/A/ServiceManagement
0x00007fff4a48f000 	/System/Library/PrivateFrameworks/BackgroundTaskManagement.framework/Versions/A/BackgroundTaskManagement
0x00007fff6e94e000 	/usr/lib/libxslt.1.dylib
0x00007fff49332000 	/System/Library/PrivateFrameworks/AppleSystemInfo.framework/Versions/A/AppleSystemInfo
0x00007fff38648000 	/System/Library/Frameworks/ImageIO.framework/Versions/A/Resources/libJPEG.dylib
0x00007fff38906000 	/System/Library/Frameworks/ImageIO.framework/Versions/A/Resources/libTIFF.dylib
0x00007fff388e9000 	/System/Library/Frameworks/ImageIO.framework/Versions/A/Resources/libPng.dylib
0x00007fff3858a000 	/System/Library/Frameworks/ImageIO.framework/Versions/A/Resources/libGIF.dylib
0x00007fff3858e000 	/System/Library/Frameworks/ImageIO.framework/Versions/A/Resources/libJP2.dylib
0x00007fff38904000 	/System/Library/Frameworks/ImageIO.framework/Versions/A/Resources/libRadiance.dylib
0x00007fff6d1cd000 	/usr/lib/libexpat.1.dylib
0x00007fff48e1a000 	/System/Library/PrivateFrameworks/AppleJPEG.framework/Versions/A/AppleJPEG
0x00007fff51ad5000 	/System/Library/PrivateFrameworks/FontServices.framework/libFontParser.dylib
0x00007fff6837a000 	/System/Library/PrivateFrameworks/WatchdogClient.framework/Versions/A/WatchdogClient
0x00007fff5a0bc000 	/System/Library/PrivateFrameworks/IOAccelerator.framework/Versions/A/IOAccelerator
0x00007fff3ae13000 	/System/Library/Frameworks/MetalPerformanceShaders.framework/Versions/A/MetalPerformanceShaders
0x00007fff56852000 	/System/Library/PrivateFrameworks/GPUWrangler.framework/Versions/A/GPUWrangler
0x00007fff5a0d1000 	/System/Library/PrivateFrameworks/IOPresentment.framework/Versions/A/IOPresentment
0x00007fff4f355000 	/System/Library/PrivateFrameworks/DSExternalDisplay.framework/Versions/A/DSExternalDisplay
0x00007fff3f422000 	/System/Library/Frameworks/OpenGL.framework/Versions/A/Libraries/libCoreFSCache.dylib
0x00007fff3ab5f000 	/System/Library/Frameworks/MetalPerformanceShaders.framework/Frameworks/MPSCore.framework/Versions/A/MPSCore
0x00007fff3ab9d000 	/System/Library/Frameworks/MetalPerformanceShaders.framework/Frameworks/MPSImage.framework/Versions/A/MPSImage
0x00007fff3ac64000 	/System/Library/Frameworks/MetalPerformanceShaders.framework/Frameworks/MPSNeuralNetwork.framework/Versions/A/MPSNeuralNetwork
0x00007fff3ac28000 	/System/Library/Frameworks/MetalPerformanceShaders.framework/Frameworks/MPSMatrix.framework/Versions/A/MPSMatrix
0x00007fff3adc3000 	/System/Library/Frameworks/MetalPerformanceShaders.framework/Frameworks/MPSRayIntersector.framework/Versions/A/MPSRayIntersector
0x00007fff3ac4e000 	/System/Library/Frameworks/MetalPerformanceShaders.framework/Frameworks/MPSNDArray.framework/Versions/A/MPSNDArray
0x00007fff5bf3a000 	/System/Library/PrivateFrameworks/MetalTools.framework/Versions/A/MetalTools
0x00007fff480c9000 	/System/Library/PrivateFrameworks/AggregateDictionary.framework/Versions/A/AggregateDictionary
0x00007fff4cce8000 	/System/Library/PrivateFrameworks/CoreAnalytics.framework/Versions/A/CoreAnalytics
0x00007fff49251000 	/System/Library/PrivateFrameworks/AppleSauce.framework/Versions/A/AppleSauce
0x00007fff6c18b000 	/usr/lib/libIOReport.dylib
0x00007fff37514000 	/System/Library/Frameworks/CoreVideo.framework/Versions/A/CoreVideo
0x00007fff57ccb000 	/System/Library/PrivateFrameworks/GraphVisualizer.framework/Versions/A/GraphVisualizer
0x00007fff5101b000 	/System/Library/PrivateFrameworks/FaceCore.framework/Versions/A/FaceCore
0x00007fff3ea38000 	/System/Library/Frameworks/OpenCL.framework/Versions/A/OpenCL
0x00007fff6bfad000 	/usr/lib/libFosl_dynamic.dylib
0x00007fff5d410000 	/System/Library/PrivateFrameworks/OTSVG.framework/Versions/A/OTSVG
0x00007fff336c9000 	/System/Library/Frameworks/ApplicationServices.framework/Versions/A/Frameworks/ATS.framework/Versions/A/Resources/libFontRegistry.dylib
0x00007fff51ca6000 	/System/Library/PrivateFrameworks/FontServices.framework/libhvf.dylib
0x00007fff3f42d000 	/System/Library/Frameworks/OpenGL.framework/Versions/A/Libraries/libGFXShared.dylib
0x00007fff3f60b000 	/System/Library/Frameworks/OpenGL.framework/Versions/A/Libraries/libGLU.dylib
0x00007fff3f436000 	/System/Library/Frameworks/OpenGL.framework/Versions/A/Libraries/libGL.dylib
0x00007fff3f441000 	/System/Library/Frameworks/OpenGL.framework/Versions/A/Libraries/libGLImage.dylib
0x00007fff3f41f000 	/System/Library/Frameworks/OpenGL.framework/Versions/A/Libraries/libCVMSPluginSupport.dylib
0x00007fff3f428000 	/System/Library/Frameworks/OpenGL.framework/Versions/A/Libraries/libCoreVMClient.dylib
0x00007fff6dc1f000 	/usr/lib/libncurses.5.4.dylib
0x00007fff335c5000 	/System/Library/Frameworks/ApplicationServices.framework/Versions/A/Frameworks/ATS.framework/Versions/A/ATS
0x00007fff33792000 	/System/Library/Frameworks/ApplicationServices.framework/Versions/A/Frameworks/ColorSyncLegacy.framework/Versions/A/ColorSyncLegacy
0x00007fff33830000 	/System/Library/Frameworks/ApplicationServices.framework/Versions/A/Frameworks/HIServices.framework/Versions/A/HIServices
0x00007fff33888000 	/System/Library/Frameworks/ApplicationServices.framework/Versions/A/Frameworks/LangAnalysis.framework/Versions/A/LangAnalysis
0x00007fff33897000 	/System/Library/Frameworks/ApplicationServices.framework/Versions/A/Frameworks/PrintCore.framework/Versions/A/PrintCore
0x00007fff338dd000 	/System/Library/Frameworks/ApplicationServices.framework/Versions/A/Frameworks/QD.framework/Versions/A/QD
0x00007fff338e8000 	/System/Library/Frameworks/ApplicationServices.framework/Versions/A/Frameworks/SpeechSynthesis.framework/Versions/A/SpeechSynthesis
0x00007fff33762000 	/System/Library/Frameworks/ApplicationServices.framework/Versions/A/Frameworks/ATSUI.framework/Versions/A/ATSUI
0x00007fff6d063000 	/usr/lib/libcups.2.dylib
0x00007fff39eae000 	/System/Library/Frameworks/Kerberos.framework/Versions/A/Kerberos
0x00007fff37ff0000 	/System/Library/Frameworks/GSS.framework/Versions/A/GSS
0x00007fff6e3a2000 	/usr/lib/libresolv.9.dylib
0x00007fff57e78000 	/System/Library/PrivateFrameworks/Heimdal.framework/Versions/A/Heimdal
0x00007fff39ec1000 	/System/Library/Frameworks/Kerberos.framework/Versions/A/Libraries/libHeimdalProxy.dylib
0x00007fff6d20a000 	/usr/lib/libheimdal-asn1.dylib
0x00007fff4c180000 	/System/Library/PrivateFrameworks/CommonAuth.framework/Versions/A/CommonAuth
0x00007fff493cf000 	/System/Library/PrivateFrameworks/AssertionServices.framework/Versions/A/AssertionServices
0x00007fff49f72000 	/System/Library/PrivateFrameworks/AudioToolboxCore.framework/Versions/A/AudioToolboxCore
0x00007fff69028000 	/System/Library/PrivateFrameworks/caulk.framework/Versions/A/caulk
0x00007fff4a53b000 	/System/Library/PrivateFrameworks/BaseBoard.framework/Versions/A/BaseBoard
0x00007fff61673000 	/System/Library/PrivateFrameworks/RunningBoardServices.framework/Versions/A/RunningBoardServices
0x00007fff5e684000 	/System/Library/PrivateFrameworks/PersistentConnection.framework/Versions/A/PersistentConnection
0x00007fff6106c000 	/System/Library/PrivateFrameworks/ProtocolBuffer.framework/Versions/A/ProtocolBuffer
0x00007fff4c1a4000 	/System/Library/PrivateFrameworks/CommonUtilities.framework/Versions/A/CommonUtilities
0x00007fff4a6c9000 	/System/Library/PrivateFrameworks/Bom.framework/Versions/A/Bom
0x00007fff6be5e000 	/usr/lib/libAudioToolboxUtility.dylib
0x00007fff4a499000 	/System/Library/PrivateFrameworks/Backup.framework/Versions/A/Backup
0x00007fff4f276000 	/System/Library/PrivateFrameworks/CrashReporterSupport.framework/Versions/A/CrashReporterSupport
0x00007fff63105000 	/System/Library/PrivateFrameworks/Sharing.framework/Versions/A/Sharing
0x00007fff489dd000 	/System/Library/PrivateFrameworks/Apple80211.framework/Versions/A/Apple80211
0x00007fff4a1b6000 	/System/Library/PrivateFrameworks/AuthKit.framework/Versions/A/AuthKit
0x00007fff4ef83000 	/System/Library/PrivateFrameworks/CoreUtils.framework/Versions/A/CoreUtils
0x00007fff37559000 	/System/Library/Frameworks/CoreWLAN.framework/Versions/A/CoreWLAN
0x00007fff3817d000 	/System/Library/Frameworks/IOBluetooth.framework/Versions/A/IOBluetooth
0x00007fff5c23f000 	/System/Library/PrivateFrameworks/MobileKeyBag.framework/Versions/A/MobileKeyBag
0x00007fff4dd88000 	/System/Library/PrivateFrameworks/CorePhoneNumbers.framework/Versions/A/CorePhoneNumbers
0x00007fff48dcd000 	/System/Library/PrivateFrameworks/AppleIDAuthSupport.framework/Versions/A/AppleIDAuthSupport
0x00007fff3beaf000 	/System/Library/Frameworks/Network.framework/Versions/A/Network
0x00007fff5a90d000 	/System/Library/PrivateFrameworks/KeychainCircle.framework/Versions/A/KeychainCircle
0x00007fff34faa000 	/System/Library/Frameworks/CoreBluetooth.framework/Versions/A/CoreBluetooth
0x00007fff65184000 	/System/Library/PrivateFrameworks/SpeechRecognitionCore.framework/Versions/A/SpeechRecognitionCore
0x0000000102a10000 	/Applications/Android Studio.app/Contents/jre/jdk/Contents/Home/jre/lib/server/libjvm.dylib
0x00007fff6e724000 	/usr/lib/libstdc++.6.dylib
0x00000001014ac000 	/Applications/Android Studio.app/Contents/jre/jdk/Contents/Home/jre/lib/libverify.dylib
0x00000001014be000 	/Applications/Android Studio.app/Contents/jre/jdk/Contents/Home/jre/lib/libjava.dylib
0x0000000101552000 	/Applications/Android Studio.app/Contents/jre/jdk/Contents/Home/jre/lib/libzip.dylib
0x00000001015a7000 	/Applications/Android Studio.app/Contents/jre/jdk/Contents/Home/jre/lib/libnio.dylib
0x00000001015c2000 	/Applications/Android Studio.app/Contents/jre/jdk/Contents/Home/jre/lib/libnet.dylib
0x0000000119698000 	/Users/soso/.gradle/native/9f2fa17c089eee584f3420100432f77ec4c098959e4bf121a4d6054c26537dfb/osx-amd64/libnative-platform.dylib
0x00000001199e1000 	/Applications/Android Studio.app/Contents/jre/jdk/Contents/Home/jre/lib/libmanagement.dylib
0x0000000119ff9000 	/Users/soso/.gradle/native/9f2fa17c089eee584f3420100432f77ec4c098959e4bf121a4d6054c26537dfb/osx-amd64/libnative-platform-file-events.dylib
0x000000011fa01000 	/private/var/folders/nk/77tzydc5271b4jt6909jb9m80000gn/T/room-5c376b96-2d3c-4c3f-bacf-2a345e1b0bc0/sqlite-3.25.2-a5a607f9-7d0f-456d-a7b8-c79343dc0f84-libsqlitejdbc.jnilib
0x0000000120191000 	/private/var/folders/nk/77tzydc5271b4jt6909jb9m80000gn/T/room-be028bb6-8eea-414b-bebf-be8b0275e001/sqlite-3.25.2-b4785a66-4b12-4ce4-9afb-8d0f08598106-libsqlitejdbc.jnilib
0x000000011f18c000 	/Users/soso/Library/Caches/AndroidStudio4.0/tmp/jna7615345229085809015.tmp
0x00007fff39ea9000 	/System/Library/Frameworks/JavaVM.framework/Versions/A/JavaVM
0x00007fff5a724000 	/System/Library/PrivateFrameworks/JavaLaunching.framework/Versions/A/JavaLaunching
0x00000001242d0000 	/Applications/Android Studio.app/Contents/jre/jdk/Contents/Home/jre/lib/libawt.dylib
0x0000000124391000 	/Applications/Android Studio.app/Contents/jre/jdk/Contents/Home/jre/lib/libmlib_image.dylib
0x00007fff39e98000 	/System/Library/Frameworks/JavaVM.framework/Versions/A/Frameworks/JavaNativeFoundation.framework/Versions/A/JavaNativeFoundation
0x00007fff39ea1000 	/System/Library/Frameworks/JavaVM.framework/Versions/A/Frameworks/JavaRuntimeSupport.framework/Versions/A/JavaRuntimeSupport
0x00007fff3417b000 	/System/Library/Frameworks/Carbon.framework/Versions/A/Carbon
0x00007fff4ed28000 	/System/Library/PrivateFrameworks/CoreSymbolication.framework/Versions/A/CoreSymbolication
0x00007fff3417c000 	/System/Library/Frameworks/Carbon.framework/Versions/A/Frameworks/CommonPanels.framework/Versions/A/CommonPanels
0x00007fff34475000 	/System/Library/Frameworks/Carbon.framework/Versions/A/Frameworks/Help.framework/Versions/A/Help
0x00007fff34479000 	/System/Library/Frameworks/Carbon.framework/Versions/A/Frameworks/ImageCapture.framework/Versions/A/ImageCapture
0x00007fff34480000 	/System/Library/Frameworks/Carbon.framework/Versions/A/Frameworks/OpenScripting.framework/Versions/A/OpenScripting
0x00007fff3447f000 	/System/Library/Frameworks/Carbon.framework/Versions/A/Frameworks/Ink.framework/Versions/A/Ink
0x00007fff344bb000 	/System/Library/Frameworks/Carbon.framework/Versions/A/Frameworks/Print.framework/Versions/A/Print
0x00007fff344bc000 	/System/Library/Frameworks/Carbon.framework/Versions/A/Frameworks/SecurityHI.framework/Versions/A/SecurityHI
0x00007fff4f4aa000 	/System/Library/PrivateFrameworks/DebugSymbols.framework/Versions/A/DebugSymbols
0x0000000124457000 	/Applications/Android Studio.app/Contents/jre/jdk/Contents/Home/jre/lib/libawt_lwawt.dylib
0x0000000124546000 	/Applications/Android Studio.app/Contents/jre/jdk/Contents/Home/jre/lib/libosxapp.dylib
0x00007fff37a59000 	/System/Library/Frameworks/ExceptionHandling.framework/Versions/A/ExceptionHandling
0x000000012693f000 	/private/var/folders/nk/77tzydc5271b4jt6909jb9m80000gn/T/room-815e1e35-6358-4026-ba19-8a09b9c43fd1/sqlite-3.25.2-2e5cd2ce-425c-4fff-bb3b-ada12c300a3e-libsqlitejdbc.jnilib
0x0000000126ecf000 	/private/var/folders/nk/77tzydc5271b4jt6909jb9m80000gn/T/room-317540f3-87e4-43f7-b2ab-3a27a06b900a/sqlite-3.25.2-bbbcc0b2-8eec-4c71-8aa4-87f3452081c3-libsqlitejdbc.jnilib
0x0000000128580000 	/private/var/folders/nk/77tzydc5271b4jt6909jb9m80000gn/T/room-03bb01df-01fd-4ce7-9eb5-bb2e79b95346/sqlite-3.25.2-61478060-f52a-4c78-a873-6678a04e1a90-libsqlitejdbc.jnilib
0x0000000128d10000 	/private/var/folders/nk/77tzydc5271b4jt6909jb9m80000gn/T/room-de5628be-39e2-4c6b-8f5b-724955c2ff83/sqlite-3.25.2-5bb60c13-911d-4ecf-bd28-9c35378f15a5-libsqlitejdbc.jnilib
0x000000012a4a0000 	/private/var/folders/nk/77tzydc5271b4jt6909jb9m80000gn/T/room-3bf471ee-9f85-4a5d-8f85-c5ae0d55036a/sqlite-3.25.2-c4f14c64-4bd3-43de-90f2-c777234f0e9b-libsqlitejdbc.jnilib
0x000000012a630000 	/private/var/folders/nk/77tzydc5271b4jt6909jb9m80000gn/T/room-03b4a905-f8eb-41ca-af31-bfdb83516cc9/sqlite-3.25.2-9677651f-e160-4138-a0a8-ca2f408e9e52-libsqlitejdbc.jnilib
0x000000012bbc0000 	/private/var/folders/nk/77tzydc5271b4jt6909jb9m80000gn/T/room-6171d53b-3842-4745-a883-d2a92eae4b7e/sqlite-3.25.2-9697b55b-1a8e-48a8-a9fa-64710ae22ee4-libsqlitejdbc.jnilib
0x000000012c150000 	/private/var/folders/nk/77tzydc5271b4jt6909jb9m80000gn/T/room-833f0527-9190-4a8f-8ed7-2b6727e70500/sqlite-3.25.2-4ff9bfff-377f-475d-a30d-fbaf8be4ff58-libsqlitejdbc.jnilib
0x000000012d4e0000 	/private/var/folders/nk/77tzydc5271b4jt6909jb9m80000gn/T/room-fe0bd8bd-48ab-490c-9eed-259e7a0bfd98/sqlite-3.25.2-f8fb8460-71e2-4072-8a5f-6eda15d05be5-libsqlitejdbc.jnilib
0x000000012d870000 	/private/var/folders/nk/77tzydc5271b4jt6909jb9m80000gn/T/room-b64b1b16-56c3-4079-afe4-7def959bc6c9/sqlite-3.25.2-5ed2688b-7b85-4786-85ab-3490df662c49-libsqlitejdbc.jnilib
0x000000013031d000 	/private/var/folders/nk/77tzydc5271b4jt6909jb9m80000gn/T/room-312687d2-7bf0-44f5-83ca-059ea49561d8/sqlite-3.25.2-ecdff27e-13bd-421b-a29d-bdfa709b51dc-libsqlitejdbc.jnilib
0x00000001310ad000 	/private/var/folders/nk/77tzydc5271b4jt6909jb9m80000gn/T/room-4b6606d7-3023-471d-9d42-d3a3a0fbc20a/sqlite-3.25.2-a56cfb23-5d50-430a-9237-1019018fcaca-libsqlitejdbc.jnilib
0x0000000131c3d000 	/private/var/folders/nk/77tzydc5271b4jt6909jb9m80000gn/T/room-238d776e-c79c-47e0-b811-d98f84d173c5/sqlite-3.25.2-26ab6849-4b3b-4b60-a6e7-589bd7a1a036-libsqlitejdbc.jnilib
0x000000012e976000 	/private/var/folders/nk/77tzydc5271b4jt6909jb9m80000gn/T/room-b85a1c67-b7b4-4927-b508-d7a7fb264bec/sqlite-3.25.2-2d883db4-2796-4b21-926d-d4150f60a144-libsqlitejdbc.jnilib
0x000000012ef06000 	/private/var/folders/nk/77tzydc5271b4jt6909jb9m80000gn/T/room-e9a486a8-3dd4-42f1-85b1-71bc40e3dbd8/sqlite-3.25.2-b9429588-f006-44d7-9bc1-ae2715870738-libsqlitejdbc.jnilib
0x00000001333cd000 	/private/var/folders/nk/77tzydc5271b4jt6909jb9m80000gn/T/room-4041cfc0-659e-4992-a563-fd02193e753d/sqlite-3.25.2-c4523097-b0e6-4df9-b5dd-5985358bd772-libsqlitejdbc.jnilib
0x0000000133f5d000 	/private/var/folders/nk/77tzydc5271b4jt6909jb9m80000gn/T/room-7fbdc66a-0d53-49a7-b717-aad831876dcc/sqlite-3.25.2-1425bbbe-4663-4fbf-b8d0-545be2fcbdf7-libsqlitejdbc.jnilib
0x0000000134aed000 	/private/var/folders/nk/77tzydc5271b4jt6909jb9m80000gn/T/room-fd488238-dc15-4860-80d1-7a38c02e314b/sqlite-3.25.2-6ed999f7-93dd-47d5-bc02-418060aa1923-libsqlitejdbc.jnilib
0x000000013567d000 	/private/var/folders/nk/77tzydc5271b4jt6909jb9m80000gn/T/room-e2ea63a9-3db9-4ed3-8bb5-cb20fe6f515c/sqlite-3.25.2-f2249072-2557-4e68-a567-ed46ff672cb2-libsqlitejdbc.jnilib
0x000000013620d000 	/private/var/folders/nk/77tzydc5271b4jt6909jb9m80000gn/T/room-39c01e86-95a5-4d82-bce2-a68892b302fb/sqlite-3.25.2-e3c7faae-6a61-4fa3-9278-3d9cc639d0a4-libsqlitejdbc.jnilib
0x0000000136d9d000 	/private/var/folders/nk/77tzydc5271b4jt6909jb9m80000gn/T/room-e3357150-eb16-4746-a5f4-84982c10ee01/sqlite-3.25.2-cfaebf7d-b208-4b4b-b968-4f250252a2fe-libsqlitejdbc.jnilib
0x000000013772d000 	/private/var/folders/nk/77tzydc5271b4jt6909jb9m80000gn/T/room-c68a286b-32a7-4884-9cd7-ba69b5a6ba2e/sqlite-3.25.2-57ee86fd-ca46-4a0e-b190-7ad25d4389cb-libsqlitejdbc.jnilib
0x00000001384bd000 	/private/var/folders/nk/77tzydc5271b4jt6909jb9m80000gn/T/room-67a79909-18e6-4fb6-8487-14daecffd763/sqlite-3.25.2-f24e505f-ab3b-4573-9f73-32f359c74482-libsqlitejdbc.jnilib
0x000000013904d000 	/private/var/folders/nk/77tzydc5271b4jt6909jb9m80000gn/T/room-b3dc8e2d-2763-4bea-afdb-736df4296b59/sqlite-3.25.2-4548307c-64e6-4cce-b227-03e398457b9e-libsqlitejdbc.jnilib
0x0000000139bdd000 	/private/var/folders/nk/77tzydc5271b4jt6909jb9m80000gn/T/room-cb876264-efed-464c-ae09-3f2d6afbca34/sqlite-3.25.2-ea2d53c0-c038-4382-8a6f-2eee5de95d52-libsqlitejdbc.jnilib
0x000000013a56d000 	/private/var/folders/nk/77tzydc5271b4jt6909jb9m80000gn/T/room-31c50625-4b64-4bb2-a05e-f02eeeafb958/sqlite-3.25.2-c8227dd3-255f-4691-a1c3-af7a51fa538f-libsqlitejdbc.jnilib

VM Arguments:
jvm_args: -Xmx2048m -Dfile.encoding=UTF-8 -Duser.country=FR -Duser.language=fr -Duser.variant 
java_command: org.gradle.launcher.daemon.bootstrap.GradleDaemon 6.6-rc-3
java_class_path (initial): /Users/soso/.gradle/wrapper/dists/gradle-6.6-rc-3-all/6ukb1n1ggnj6c428kebua5eks/gradle-6.6-rc-3/lib/gradle-launcher-6.6.jar
Launcher Type: SUN_STANDARD

Environment Variables:
PATH=/usr/local/bin:/usr/bin:/bin:/usr/sbin:/sbin
SHELL=/bin/zsh

Signal Handlers:
SIGSEGV: [libjvm.dylib+0x565c43], sa_mask[0]=11111111011111110111111111111111, sa_flags=SA_ONSTACK|SA_RESTART|SA_SIGINFO
SIGBUS: [libjvm.dylib+0x565c43], sa_mask[0]=11111111011111110111111111111111, sa_flags=SA_RESTART|SA_SIGINFO
SIGFPE: [libjvm.dylib+0x45dd9d], sa_mask[0]=11111111011111110111111111111111, sa_flags=SA_RESTART|SA_SIGINFO
SIGPIPE: [libjvm.dylib+0x45dd9d], sa_mask[0]=11111111011111110111111111111111, sa_flags=SA_RESTART|SA_SIGINFO
SIGXFSZ: [libjvm.dylib+0x45dd9d], sa_mask[0]=11111111011111110111111111111111, sa_flags=SA_RESTART|SA_SIGINFO
SIGILL: [libjvm.dylib+0x45dd9d], sa_mask[0]=11111111011111110111111111111111, sa_flags=SA_RESTART|SA_SIGINFO
SIGUSR1: SIG_DFL, sa_mask[0]=00000000000000000000000000000000, sa_flags=none
SIGUSR2: [libjvm.dylib+0x45e69c], sa_mask[0]=00100000000000000000000000000000, sa_flags=SA_RESTART|SA_SIGINFO
SIGHUP: [libjvm.dylib+0x45c8c1], sa_mask[0]=11111111011111110111111111111111, sa_flags=SA_RESTART|SA_SIGINFO
SIGINT: [libjvm.dylib+0x45c8c1], sa_mask[0]=11111111011111110111111111111111, sa_flags=SA_RESTART|SA_SIGINFO
SIGTERM: [libjvm.dylib+0x45c8c1], sa_mask[0]=11111111011111110111111111111111, sa_flags=SA_RESTART|SA_SIGINFO
SIGQUIT: [libjvm.dylib+0x45c8c1], sa_mask[0]=11111111011111110111111111111111, sa_flags=SA_RESTART|SA_SIGINFO


---------------  S Y S T E M  ---------------

OS:Bsduname:Darwin 19.6.0 Darwin Kernel Version 19.6.0: Sun Jul  5 00:43:10 PDT 2020; root:xnu-6153.141.1~9/RELEASE_X86_64 x86_64
rlimit: STACK 8192k, CORE 0k, NPROC 1392, NOFILE 10240, AS infinity
load average:20.93 10.75 6.56

CPU:total 4 (initial active 4) (2 cores per cpu, 2 threads per core) family 6 model 61 stepping 4, cmov, cx8, fxsr, mmx, sse, sse2, sse3, ssse3, sse4.1, sse4.2, popcnt, avx, avx2, aes, clmul, erms, 3dnowpref, lzcnt, ht, tsc, tscinvbit, bmi1, bmi2, adx

Memory: 4k page, physical 8388608k(50128k free)

/proc/meminfo:


vm_info: OpenJDK 64-Bit Server VM (25.242-b3-6222593) for bsd-amd64 JRE (1.8.0_242-release-1644-b3-6222593), built by "android-build" with gcc 4.2.1 Compatible Android (5484270 based on r353983c) Clang 9.0.3 (https://android.googlesource.com/toolchain/clang 745b335211bb9eadfa6aa6301f84715cee4b37c5) (https://android.googlesource.com/toolchain/llvm 60cf23e54e46c807513f7a36d0a7b777920b5881)

time: Sun Sep 20 16:54:44 2020
timezone: CEST
elapsed time: 12912 seconds (0d 3h 35m 12s)

